#
# A fatal error has been detected by the Java Runtime Environment:
#
#  EXCEPTION_ACCESS_VIOLATION (0xc0000005) at pc=0x00007fffb42a2b60, pid=35168, tid=396
#
# JRE version: Java(TM) SE Runtime Environment (17.0.2+8) (build 17.0.2+8-LTS-86)
# Java VM: Java HotSpot(TM) 64-Bit Server VM (17.0.2+8-LTS-86, mixed mode, sharing, tiered, compressed oops, compressed class ptrs, g1 gc, windows-amd64)
# Problematic frame:
# C  [atio6axx.dll+0x192b60]
#
# No core dump will be written. Minidumps are not enabled by default on client versions of Windows
#
# If you would like to submit a bug report, please visit:
#   https://bugreport.java.com/bugreport/crash.jsp
# The crash happened outside the Java Virtual Machine in native code.
# See problematic frame for where to report the bug.
#

---------------  S U M M A R Y ------------

Command Line: -Dforge.enableGameTest=true -Dforge.enabledGameTestNamespaces=celestial_conquest -Dforge.logging.console.level=debug -Dforge.logging.markers=REGISTRIES -DignoreList=bootstraplauncher,securejarhandler,asm-commons,asm-util,asm-analysis,asm-tree,asm,JarJarFileSystems,client-extra,fmlcore,javafmllanguage,lowcodelanguage,mclanguage,forge- -Djava.net.preferIPv6Addresses=system -DlegacyClassPath.file=C:\Users\Brian O\OneDrive\Desktop\Forge\build\classpath\runClient_minecraftClasspath.txt -DmergeModules=jna-5.10.0.jar,jna-platform-5.10.0.jar -Dos.version=10.0 --module-path=C:\Users\Brian O\.gradle\caches\modules-2\files-2.1\cpw.mods\bootstraplauncher\1.1.2\c546e00443d8432cda6baa1c860346980742628\bootstraplauncher-1.1.2.jar;C:\Users\Brian O\.gradle\caches\modules-2\files-2.1\cpw.mods\securejarhandler\2.1.6\66c15fc1f522b586476e9e4cccd0cbe192554e8a\securejarhandler-2.1.6.jar;C:\Users\Brian O\.gradle\caches\modules-2\files-2.1\org.ow2.asm\asm-commons\9.3\1f2a432d1212f5c352ae607d7b61dcae20c20af5\asm-commons-9.3.jar;C:\Users\Brian O\.gradle\caches\modules-2\files-2.1\org.ow2.asm\asm-util\9.3\9595bc05510d0bd4b610188b77333fe4851a1975\asm-util-9.3.jar;C:\Users\Brian O\.gradle\caches\modules-2\files-2.1\org.ow2.asm\asm-analysis\9.3\4b071f211b37c38e0e9f5998550197c8593f6ad8\asm-analysis-9.3.jar;C:\Users\Brian O\.gradle\caches\modules-2\files-2.1\org.ow2.asm\asm-tree\9.3\78d2ecd61318b5a58cd04fb237636c0e86b77d97\asm-tree-9.3.jar;C:\Users\Brian O\.gradle\caches\modules-2\files-2.1\org.ow2.asm\asm\9.3\8e6300ef51c1d801a7ed62d07cd221aca3a90640\asm-9.3.jar;C:\Users\Brian O\.gradle\caches\modules-2\files-2.1\net.minecraftforge\JarJarFileSystems\0.3.19\2464eb7d6b9ddb9db36a82cf8a95193e5c6fe020\JarJarFileSystems-0.3.19.jar --add-modules=ALL-MODULE-PATH --add-opens=java.base/java.util.jar=cpw.mods.securejarhandler --add-opens=java.base/java.lang.invoke=cpw.mods.securejarhandler --add-exports=java.base/sun.security.util=cpw.mods.securejarhandler --add-exports=jdk.naming.dns/com.sun.jndi.dns=java.naming -XX:HeapDumpPath=MojangTricksIntelDriversForPerformance_javaw.exe_minecraft.exe.heapdump -Dos.name=Windows 10 -Dfile.encoding=windows-1252 -Duser.country=US -Duser.language=en -Duser.variant cpw.mods.bootstraplauncher.BootstrapLauncher --launchTarget forgeclientuserdev --version MOD_DEV --assetIndex 2 --assetsDir C:\Users\Brian O\.gradle\caches\forge_gradle\assets --gameDir . --fml.forgeVersion 44.1.23 --fml.mcVersion 1.19.3 --fml.forgeGroup net.minecraftforge --fml.mcpVersion 20221207.122022

Host: AMD Ryzen 7 5800H with Radeon Graphics         , 16 cores, 13G,  Windows 11 , 64 bit Build 22621 (10.0.22621.1635)
Time: Tue Jun  6 23:55:11 2023 Eastern Daylight Time elapsed time: 15.930450 seconds (0d 0h 0m 15s)

---------------  T H R E A D  ---------------

Current thread (0x000002108e9f1420):  JavaThread "Render thread" [_thread_in_native, id=396, stack(0x0000006efbc00000,0x0000006efbd00000)]

Stack: [0x0000006efbc00000,0x0000006efbd00000],  sp=0x0000006efbcfac48,  free space=1003k
Native frames: (J=compiled Java code, j=interpreted, Vv=VM code, C=native code)
C  [atio6axx.dll+0x192b60]

Java frames: (J=compiled Java code, j=interpreted, Vv=VM code)
j  org.lwjgl.system.JNI.invokePPPP(IIJJJJ)J+0 org.lwjgl@3.3.1+7
j  org.lwjgl.glfw.GLFW.nglfwCreateWindow(IIJJJ)J+14 org.lwjgl.glfw@3.3.1+7
j  org.lwjgl.glfw.GLFW.glfwCreateWindow(IILjava/lang/CharSequence;JJ)J+34 org.lwjgl.glfw@3.3.1+7
j  net.minecraftforge.client.loading.NoVizFallback.lambda$fallback$0(Ljava/util/function/IntSupplier;Ljava/util/function/IntSupplier;Ljava/util/function/Supplier;Ljava/util/function/LongSupplier;)J+28 forge@44.1.23
j  net.minecraftforge.client.loading.NoVizFallback$$Lambda$4068+0x000000080160b860.getAsLong()J+16 forge@44.1.23
j  net.minecraftforge.fml.loading.progress.EarlyProgressVisualization$Visualization$$Lambda$4069+0x000000080160ecd0.apply(Ljava/lang/Object;)Ljava/lang/Object;+4 fmlloader@1.19.3-44.1.23
J 2953 c2 java.util.Optional.map(Ljava/util/function/Function;)Ljava/util/Optional; java.base@17.0.2 (30 bytes) @ 0x000002109f7618fc [0x000002109f7618a0+0x000000000000005c]
j  net.minecraftforge.fml.loading.progress.EarlyProgressVisualization$Visualization.handOffWindow(Ljava/util/function/IntSupplier;Ljava/util/function/IntSupplier;Ljava/util/function/Supplier;Ljava/util/function/LongSupplier;)J+48 fmlloader@1.19.3-44.1.23
j  net.minecraftforge.fml.loading.progress.EarlyProgressVisualization.handOffWindow(Ljava/util/function/IntSupplier;Ljava/util/function/IntSupplier;Ljava/util/function/Supplier;Ljava/util/function/LongSupplier;)J+9 fmlloader@1.19.3-44.1.23
j  com.mojang.blaze3d.platform.Window.<init>(Lcom/mojang/blaze3d/platform/WindowEventHandler;Lcom/mojang/blaze3d/platform/ScreenManager;Lcom/mojang/blaze3d/platform/DisplayData;Ljava/lang/String;Ljava/lang/String;)V+279 minecraft@1.19.3
j  net.minecraft.client.renderer.VirtualScreen.newWindow(Lcom/mojang/blaze3d/platform/DisplayData;Ljava/lang/String;Ljava/lang/String;)Lcom/mojang/blaze3d/platform/Window;+15 minecraft@1.19.3
j  net.minecraft.client.Minecraft.<init>(Lnet/minecraft/client/main/GameConfig;)V+743 minecraft@1.19.3
j  net.minecraft.client.main.Main.run([Ljava/lang/String;Z)V+1356 minecraft@1.19.3
j  net.minecraft.client.main.Main.main([Ljava/lang/String;)V+12 minecraft@1.19.3
v  ~StubRoutines::call_stub
j  jdk.internal.reflect.NativeMethodAccessorImpl.invoke0(Ljava/lang/reflect/Method;Ljava/lang/Object;[Ljava/lang/Object;)Ljava/lang/Object;+0 java.base@17.0.2
j  jdk.internal.reflect.NativeMethodAccessorImpl.invoke(Ljava/lang/Object;[Ljava/lang/Object;)Ljava/lang/Object;+133 java.base@17.0.2
j  jdk.internal.reflect.DelegatingMethodAccessorImpl.invoke(Ljava/lang/Object;[Ljava/lang/Object;)Ljava/lang/Object;+6 java.base@17.0.2
j  java.lang.reflect.Method.invoke(Ljava/lang/Object;[Ljava/lang/Object;)Ljava/lang/Object;+59 java.base@17.0.2
j  net.minecraftforge.fml.loading.targets.ForgeClientUserdevLaunchHandler.lambda$launchService$0([Ljava/lang/String;Ljava/lang/ModuleLayer;)V+47 fmlloader@1.19.3-44.1.23
j  net.minecraftforge.fml.loading.targets.ForgeClientUserdevLaunchHandler$$Lambda$874+0x0000000800fcca08.run()V+12 fmlloader@1.19.3-44.1.23
j  cpw.mods.modlauncher.LaunchServiceHandlerDecorator.launch([Ljava/lang/String;Ljava/lang/ModuleLayer;)V+11 cpw.mods.modlauncher@10.0.8
j  cpw.mods.modlauncher.LaunchServiceHandler.launch(Ljava/lang/String;[Ljava/lang/String;Ljava/lang/ModuleLayer;Lcpw/mods/modlauncher/TransformingClassLoader;Lcpw/mods/modlauncher/LaunchPluginHandler;)V+58 cpw.mods.modlauncher@10.0.8
j  cpw.mods.modlauncher.LaunchServiceHandler.launch(Lcpw/mods/modlauncher/ArgumentHandler;Ljava/lang/ModuleLayer;Lcpw/mods/modlauncher/TransformingClassLoader;Lcpw/mods/modlauncher/LaunchPluginHandler;)V+21 cpw.mods.modlauncher@10.0.8
j  cpw.mods.modlauncher.Launcher.run([Ljava/lang/String;)V+310 cpw.mods.modlauncher@10.0.8
j  cpw.mods.modlauncher.Launcher.main([Ljava/lang/String;)V+78 cpw.mods.modlauncher@10.0.8
j  cpw.mods.modlauncher.BootstrapLaunchConsumer.accept([Ljava/lang/String;)V+1 cpw.mods.modlauncher@10.0.8
j  cpw.mods.modlauncher.BootstrapLaunchConsumer.accept(Ljava/lang/Object;)V+5 cpw.mods.modlauncher@10.0.8
j  cpw.mods.bootstraplauncher.BootstrapLauncher.main([Ljava/lang/String;)V+515 cpw.mods.bootstraplauncher@1.1.2
v  ~StubRoutines::call_stub

siginfo: EXCEPTION_ACCESS_VIOLATION (0xc0000005), reading address 0xffffffffffffffff


Register to memory mapping:

RIP=0x00007fffb42a2b60 atio6axx.dll
RAX=0x0 is NULL
RBX=0x00007fffb7ae33c0 atio6axx.dll
RCX=0x3536313262363935 is an unknown value
RDX=0x00000000000000d0 is an unknown value
RSP=0x0000006efbcfac48 is pointing into the stack for thread: 0x000002108e9f1420
RBP=0x0000006efbcfadb0 is pointing into the stack for thread: 0x000002108e9f1420
RSI=0x00007fffb79f2d40 atio6axx.dll
RDI=0x0000006efbcfb0a0 is pointing into the stack for thread: 0x000002108e9f1420
R8 =0x00000000000001a5 is an unknown value
R9 =0x3536313262363935 is an unknown value
R10=0x0 is NULL
R11=0x0000000000000200 is an unknown value
R12=0x00007fffb7ae3418 atio6axx.dll
R13=0x00007fffb7ae5c18 atio6axx.dll
R14=0x00007fffb7ae33c0 atio6axx.dll
R15=0x0 is NULL


Registers:
RAX=0x0000000000000000, RBX=0x00007fffb7ae33c0, RCX=0x3536313262363935, RDX=0x00000000000000d0
RSP=0x0000006efbcfac48, RBP=0x0000006efbcfadb0, RSI=0x00007fffb79f2d40, RDI=0x0000006efbcfb0a0
R8 =0x00000000000001a5, R9 =0x3536313262363935, R10=0x0000000000000000, R11=0x0000000000000200
R12=0x00007fffb7ae3418, R13=0x00007fffb7ae5c18, R14=0x00007fffb7ae33c0, R15=0x0000000000000000
RIP=0x00007fffb42a2b60, EFLAGS=0x0000000000010206

Top of Stack: (sp=0x0000006efbcfac48)
0x0000006efbcfac48:   00007fffb42a2e7c 00007fffb7ae6030
0x0000006efbcfac58:   00000210b4217d58 0000000000000000
0x0000006efbcfac68:   00007fffb42a3e8d 0000006efbcfb0a0
0x0000006efbcfac78:   00007fffb425f484 00007fffb7ae33c0
0x0000006efbcfac88:   00007fffb79f2d40 0000652e6176616a
0x0000006efbcfac98:   00002f174c5e950a 0000006efbcfb0a0
0x0000006efbcfaca8:   00007fffb4260457 00007fffb7ae33c8
0x0000006efbcfacb8:   00007fffb79f2d40 00007fffb79f2d40
0x0000006efbcfacc8:   0000000000000000 00007fffb7ae33c0
0x0000006efbcfacd8:   00007ff800000000 0000000000000009
0x0000006efbcface8:   00000210b751883c 00000210b75189a4
0x0000006efbcfacf8:   00007fffb7ae33c8 0000006efbcfb0a0
0x0000006efbcfad08:   0000006efbcfae55 00007f006176616a
0x0000006efbcfad18:   00007f006176616a 46676e697274535c
0x0000006efbcfad28:   5c6f666e49656c69 3062343039303430
0x0000006efbcfad38:   726556656c69465c 000000006e6f6973 

Instructions: (pc=0x00007fffb42a2b60)
0x00007fffb42a2a60:   74 09 33 c9 ff 15 e6 89 66 03 90 48 8b c3 48 83
0x00007fffb42a2a70:   c4 20 5b c3 cc cc cc cc cc cc cc cc cc cc cc cc
0x00007fffb42a2a80:   48 83 ec 28 48 8b 51 08 48 85 d2 74 09 33 c9 ff
0x00007fffb42a2a90:   15 bb 89 66 03 90 48 83 c4 28 c3 cc cc cc cc cc
0x00007fffb42a2aa0:   48 89 11 c3 cc cc cc cc cc cc cc cc cc cc cc cc
0x00007fffb42a2ab0:   48 8b c1 c3 cc cc cc cc cc cc cc cc cc cc cc cc
0x00007fffb42a2ac0:   48 3b ca 74 10 41 8b 00 39 01 74 09 48 83 c1 04
0x00007fffb42a2ad0:   48 3b ca 75 f3 48 8b c1 c3 cc cc cc cc cc cc cc
0x00007fffb42a2ae0:   48 8b c1 c3 cc cc cc cc cc cc cc cc cc cc cc cc
0x00007fffb42a2af0:   48 83 39 00 0f 94 c0 c3 cc cc cc cc cc cc cc cc
0x00007fffb42a2b00:   4c 8d 04 d5 00 00 00 00 33 d2 e9 c1 d0 dd 01 cc
0x00007fffb42a2b10:   4c 8b 41 08 48 8b 02 49 89 00 48 83 41 08 08 c3
0x00007fffb42a2b20:   48 8b c1 c3 cc cc cc cc cc cc cc cc cc cc cc cc
0x00007fffb42a2b30:   48 8b c1 c3 cc cc cc cc cc cc cc cc cc cc cc cc
0x00007fffb42a2b40:   49 8b 00 48 89 02 c3 cc cc cc cc cc cc cc cc cc
0x00007fffb42a2b50:   8b 81 40 39 00 00 c3 cc cc cc cc cc cc cc cc cc
0x00007fffb42a2b60:   8b 81 40 39 00 00 83 c0 f0 83 f8 67 0f 87 5a 01
0x00007fffb42a2b70:   00 00 48 8d 15 87 d4 e6 ff 0f b6 84 02 f0 2c 19
0x00007fffb42a2b80:   00 8b 8c 82 d0 2c 19 00 48 03 ca ff e1 48 8b 0d
0x00007fffb42a2b90:   7c 6f 7e 03 83 b9 b4 34 00 00 02 0f 87 2b 01 00
0x00007fffb42a2ba0:   00 48 8d 91 0c 29 00 00 c7 02 e1 00 00 00 e9 ce
0x00007fffb42a2bb0:   00 00 00 48 8b 0d 56 6f 7e 03 83 b9 b4 34 00 00
0x00007fffb42a2bc0:   02 0f 87 05 01 00 00 48 8d 91 0c 29 00 00 c7 02
0x00007fffb42a2bd0:   f0 00 00 00 e9 a8 00 00 00 48 8b 0d 30 6f 7e 03
0x00007fffb42a2be0:   83 b9 b4 34 00 00 02 0f 87 df 00 00 00 48 8d 91
0x00007fffb42a2bf0:   0c 29 00 00 c7 02 00 04 00 00 e9 82 00 00 00 48
0x00007fffb42a2c00:   8b 0d 0a 6f 7e 03 83 b9 b4 34 00 00 02 0f 87 b9
0x00007fffb42a2c10:   00 00 00 48 8d 91 0c 29 00 00 c7 02 00 08 00 00
0x00007fffb42a2c20:   eb 5f 48 8b 0d e7 6e 7e 03 83 b9 b4 34 00 00 02
0x00007fffb42a2c30:   0f 87 96 00 00 00 48 8d 91 0c 29 00 00 c7 02 00
0x00007fffb42a2c40:   09 00 00 eb 3c 48 8b 0d c4 6e 7e 03 83 b9 b4 34
0x00007fffb42a2c50:   00 00 02 77 77 48 8d 91 0c 29 00 00 c7 02 3c 0f 


Stack slot to memory mapping:
stack at sp + 0 slots: 0x00007fffb42a2e7c atio6axx.dll
stack at sp + 1 slots: 0x00007fffb7ae6030 atio6axx.dll
stack at sp + 2 slots: 0x00000210b4217d58 points into unknown readable memory: 0x00007fffb72ef5b0 | b0 f5 2e b7 ff 7f 00 00
stack at sp + 3 slots: 0x0 is NULL
stack at sp + 4 slots: 0x00007fffb42a3e8d atio6axx.dll
stack at sp + 5 slots: 0x0000006efbcfb0a0 is pointing into the stack for thread: 0x000002108e9f1420
stack at sp + 6 slots: 0x00007fffb425f484 atio6axx.dll
stack at sp + 7 slots: 0x00007fffb7ae33c0 atio6axx.dll


---------------  P R O C E S S  ---------------

Threads class SMR info:
_java_thread_list=0x00000210b7ad4d30, length=26, elements={
0x000002108e9f1420, 0x00000210b2db6700, 0x00000210b2db91d0, 0x00000210b2dd0ec0,
0x00000210b2dd1980, 0x00000210b2dd4350, 0x00000210b2dd4c10, 0x00000210b2dd8db0,
0x00000210b2de1770, 0x00000210b3808070, 0x00000210b38f4780, 0x00000210b38f8560,
0x00000210b39eef40, 0x00000210b3c41de0, 0x00000210b41da690, 0x00000210b39006d0,
0x00000210b7da7fe0, 0x00000210b5e96e60, 0x00000210b7d72970, 0x00000210b563fe60,
0x00000210b688a920, 0x00000210b8e3f940, 0x00000210b3acffc0, 0x00000210b7f31d30,
0x00000210b7f31820, 0x00000210b7f34fd0
}

Java Threads: ( => current thread )
=>0x000002108e9f1420 JavaThread "Render thread" [_thread_in_native, id=396, stack(0x0000006efbc00000,0x0000006efbd00000)]
  0x00000210b2db6700 JavaThread "Reference Handler" daemon [_thread_blocked, id=10972, stack(0x0000006efc300000,0x0000006efc400000)]
  0x00000210b2db91d0 JavaThread "Finalizer" daemon [_thread_blocked, id=23544, stack(0x0000006efc400000,0x0000006efc500000)]
  0x00000210b2dd0ec0 JavaThread "Signal Dispatcher" daemon [_thread_blocked, id=28392, stack(0x0000006efc500000,0x0000006efc600000)]
  0x00000210b2dd1980 JavaThread "Attach Listener" daemon [_thread_blocked, id=18576, stack(0x0000006efc600000,0x0000006efc700000)]
  0x00000210b2dd4350 JavaThread "Service Thread" daemon [_thread_blocked, id=23936, stack(0x0000006efc700000,0x0000006efc800000)]
  0x00000210b2dd4c10 JavaThread "Monitor Deflation Thread" daemon [_thread_blocked, id=37860, stack(0x0000006efc800000,0x0000006efc900000)]
  0x00000210b2dd8db0 JavaThread "C2 CompilerThread0" daemon [_thread_blocked, id=25372, stack(0x0000006efc900000,0x0000006efca00000)]
  0x00000210b2de1770 JavaThread "C1 CompilerThread0" daemon [_thread_blocked, id=22696, stack(0x0000006efca00000,0x0000006efcb00000)]
  0x00000210b3808070 JavaThread "Sweeper thread" daemon [_thread_blocked, id=52840, stack(0x0000006efcb00000,0x0000006efcc00000)]
  0x00000210b38f4780 JavaThread "Common-Cleaner" daemon [_thread_blocked, id=51164, stack(0x0000006efcc00000,0x0000006efcd00000)]
  0x00000210b38f8560 JavaThread "C1 CompilerThread1" daemon [_thread_blocked, id=48300, stack(0x0000006efcd00000,0x0000006efce00000)]
  0x00000210b39eef40 JavaThread "Notification Thread" daemon [_thread_blocked, id=27404, stack(0x0000006efcf00000,0x0000006efd000000)]
  0x00000210b3c41de0 JavaThread "C1 CompilerThread2" daemon [_thread_blocked, id=17180, stack(0x0000006efd100000,0x0000006efd200000)]
  0x00000210b41da690 JavaThread "C1 CompilerThread3" daemon [_thread_blocked, id=49996, stack(0x0000006efd200000,0x0000006efd300000)]
  0x00000210b39006d0 JavaThread "Thread-0" daemon [_thread_blocked, id=31512, stack(0x0000006efce00000,0x0000006efcf00000)]
  0x00000210b7da7fe0 JavaThread "FileSystemWatchService" daemon [_thread_in_native, id=15080, stack(0x0000006efd700000,0x0000006efd800000)]
  0x00000210b5e96e60 JavaThread "C2 CompilerThread1" daemon [_thread_blocked, id=7248, stack(0x0000006efd800000,0x0000006efd900000)]
  0x00000210b7d72970 JavaThread "C2 CompilerThread2" daemon [_thread_blocked, id=15224, stack(0x0000006efd900000,0x0000006efda00000)]
  0x00000210b563fe60 JavaThread "pool-2-thread-1" daemon [_thread_blocked, id=9272, stack(0x0000006efe800000,0x0000006efe900000)]
  0x00000210b688a920 JavaThread "JNA Cleaner" daemon [_thread_blocked, id=30524, stack(0x0000006efe900000,0x0000006efea00000)]
  0x00000210b8e3f940 JavaThread "Timer hack thread" daemon [_thread_blocked, id=21724, stack(0x0000006efe300000,0x0000006efe400000)]
  0x00000210b3acffc0 JavaThread "C2 CompilerThread3" daemon [_thread_blocked, id=38948, stack(0x0000006efe100000,0x0000006efe200000)]
  0x00000210b7f31d30 JavaThread "C2 CompilerThread4" daemon [_thread_blocked, id=42084, stack(0x0000006efe200000,0x0000006efe300000)]
  0x00000210b7f31820 JavaThread "C2 CompilerThread5" daemon [_thread_blocked, id=9708, stack(0x0000006efe700000,0x0000006efe800000)]
  0x00000210b7f34fd0 JavaThread "C2 CompilerThread6" daemon [_thread_blocked, id=28360, stack(0x0000006efed00000,0x0000006efee00000)]

Other Threads:
  0x00000210b2db0d40 VMThread "VM Thread" [stack: 0x0000006efc200000,0x0000006efc300000] [id=9544]
  0x000002108e9f2290 WatcherThread [stack: 0x0000006efd000000,0x0000006efd100000] [id=50476]
  0x000002108ea3df80 GCTaskThread "GC Thread#0" [stack: 0x0000006efbd00000,0x0000006efbe00000] [id=35316]
  0x00000210b412dca0 GCTaskThread "GC Thread#1" [stack: 0x0000006efd300000,0x0000006efd400000] [id=20376]
  0x00000210b4229e50 GCTaskThread "GC Thread#2" [stack: 0x0000006efd400000,0x0000006efd500000] [id=10436]
  0x00000210b40e90b0 GCTaskThread "GC Thread#3" [stack: 0x0000006efd500000,0x0000006efd600000] [id=20988]
  0x00000210b3c40070 GCTaskThread "GC Thread#4" [stack: 0x0000006efd600000,0x0000006efd700000] [id=9212]
  0x00000210b4503820 GCTaskThread "GC Thread#5" [stack: 0x0000006efdd00000,0x0000006efde00000] [id=33616]
  0x00000210b763a1f0 GCTaskThread "GC Thread#6" [stack: 0x0000006efda00000,0x0000006efdb00000] [id=36104]
  0x00000210b6088a30 GCTaskThread "GC Thread#7" [stack: 0x0000006efdb00000,0x0000006efdc00000] [id=32716]
  0x00000210b5f604e0 GCTaskThread "GC Thread#8" [stack: 0x0000006efdc00000,0x0000006efdd00000] [id=53156]
  0x00000210b8bada70 GCTaskThread "GC Thread#9" [stack: 0x0000006efde00000,0x0000006efdf00000] [id=45968]
  0x00000210b8d3d040 GCTaskThread "GC Thread#10" [stack: 0x0000006efdf00000,0x0000006efe000000] [id=44980]
  0x00000210b4a61880 GCTaskThread "GC Thread#11" [stack: 0x0000006efe000000,0x0000006efe100000] [id=15924]
  0x00000210b4a605b0 GCTaskThread "GC Thread#12" [stack: 0x0000006efe400000,0x0000006efe500000] [id=29136]
  0x000002108ea4ddf0 ConcurrentGCThread "G1 Main Marker" [stack: 0x0000006efbe00000,0x0000006efbf00000] [id=30328]
  0x000002108ea4fe50 ConcurrentGCThread "G1 Conc#0" [stack: 0x0000006efbf00000,0x0000006efc000000] [id=30464]
  0x00000210b4a60050 ConcurrentGCThread "G1 Conc#1" [stack: 0x0000006efe500000,0x0000006efe600000] [id=46560]
  0x00000210b4a61b30 ConcurrentGCThread "G1 Conc#2" [stack: 0x0000006efe600000,0x0000006efe700000] [id=10600]
  0x000002108ea9d830 ConcurrentGCThread "G1 Refine#0" [stack: 0x0000006efc000000,0x0000006efc100000] [id=31032]
  0x00000210b84241d0 ConcurrentGCThread "G1 Refine#1" [stack: 0x0000006efee00000,0x0000006efef00000] [id=11152]
  0x00000210b90c9620 ConcurrentGCThread "G1 Refine#2" [stack: 0x0000006efef00000,0x0000006eff000000] [id=21152]
  0x00000210bcc373a0 ConcurrentGCThread "G1 Refine#3" [stack: 0x0000006eff000000,0x0000006eff100000] [id=16468]
  0x00000210b90cabf0 ConcurrentGCThread "G1 Refine#4" [stack: 0x0000006eff100000,0x0000006eff200000] [id=47036]
  0x00000210bc406990 ConcurrentGCThread "G1 Refine#5" [stack: 0x0000006eff200000,0x0000006eff300000] [id=19732]
  0x00000210b5c8c9b0 ConcurrentGCThread "G1 Refine#6" [stack: 0x0000006eff300000,0x0000006eff400000] [id=22636]
  0x00000210b5fa71a0 ConcurrentGCThread "G1 Refine#7" [stack: 0x0000006eff400000,0x0000006eff500000] [id=8636]
  0x000002108ea9e0f0 ConcurrentGCThread "G1 Service" [stack: 0x0000006efc100000,0x0000006efc200000] [id=51160]

Threads with active compile tasks:

VM state: not at safepoint (normal execution)

VM Mutex/Monitor currently owned by a thread: None

Heap address: 0x0000000722400000, size: 3548 MB, Compressed Oops mode: Zero based, Oop shift amount: 3

CDS archive(s) mapped at: [0x0000000800000000-0x0000000800bc0000-0x0000000800bc0000), size 12320768, SharedBaseAddress: 0x0000000800000000, ArchiveRelocationMode: 0.
Compressed class space mapped at: 0x0000000800c00000-0x0000000840c00000, reserved size: 1073741824
Narrow klass base: 0x0000000800000000, Narrow klass shift: 0, Narrow klass range: 0x100000000

GC Precious Log:
 CPUs: 16 total, 16 available
 Memory: 14188M
 Large Page Support: Disabled
 NUMA Support: Disabled
 Compressed Oops: Enabled (Zero based)
 Heap Region Size: 2M
 Heap Min Capacity: 8M
 Heap Initial Capacity: 222M
 Heap Max Capacity: 3548M
 Pre-touch: Disabled
 Parallel Workers: 13
 Concurrent Workers: 3
 Concurrent Refinement Workers: 13
 Periodic GC: Disabled

Heap:
 garbage-first heap   total 399360K, used 207625K [0x0000000722400000, 0x0000000800000000)
  region size 2048K, 26 young (53248K), 5 survivors (10240K)
 Metaspace       used 66143K, committed 67328K, reserved 1114112K
  class space    used 9748K, committed 10304K, reserved 1048576K

Heap Regions: E=young(eden), S=young(survivor), O=old, HS=humongous(starts), HC=humongous(continues), CS=collection set, F=free, OA=open archive, CA=closed archive, TAMS=top-at-mark-start (previous, next)
|   0|0x0000000722400000, 0x0000000722600000, 0x0000000722600000|100%|HS|  |TAMS 0x0000000722600000, 0x0000000722400000| Complete 
|   1|0x0000000722600000, 0x0000000722800000, 0x0000000722800000|100%| O|  |TAMS 0x0000000722800000, 0x0000000722600000| Untracked 
|   2|0x0000000722800000, 0x0000000722a00000, 0x0000000722a00000|100%| O|  |TAMS 0x0000000722a00000, 0x0000000722800000| Untracked 
|   3|0x0000000722a00000, 0x0000000722c00000, 0x0000000722c00000|100%|HS|  |TAMS 0x0000000722c00000, 0x0000000722a00000| Complete 
|   4|0x0000000722c00000, 0x0000000722e00000, 0x0000000722e00000|100%| O|  |TAMS 0x0000000722e00000, 0x0000000722c00000| Untracked 
|   5|0x0000000722e00000, 0x0000000723000000, 0x0000000723000000|100%| O|  |TAMS 0x0000000723000000, 0x0000000722e00000| Untracked 
|   6|0x0000000723000000, 0x0000000723200000, 0x0000000723200000|100%|HS|  |TAMS 0x0000000723200000, 0x0000000723000000| Complete 
|   7|0x0000000723200000, 0x0000000723400000, 0x0000000723400000|100%|HS|  |TAMS 0x0000000723400000, 0x0000000723200000| Complete 
|   8|0x0000000723400000, 0x0000000723600000, 0x0000000723600000|100%| O|  |TAMS 0x0000000723600000, 0x0000000723400000| Untracked 
|   9|0x0000000723600000, 0x0000000723800000, 0x0000000723800000|100%| O|  |TAMS 0x0000000723800000, 0x0000000723600000| Untracked 
|  10|0x0000000723800000, 0x0000000723a00000, 0x0000000723a00000|100%| O|  |TAMS 0x0000000723a00000, 0x0000000723800000| Untracked 
|  11|0x0000000723a00000, 0x0000000723c00000, 0x0000000723c00000|100%| O|  |TAMS 0x0000000723c00000, 0x0000000723a00000| Untracked 
|  12|0x0000000723c00000, 0x0000000723e00000, 0x0000000723e00000|100%| O|  |TAMS 0x0000000723e00000, 0x0000000723c00000| Untracked 
|  13|0x0000000723e00000, 0x0000000724000000, 0x0000000724000000|100%| O|  |TAMS 0x0000000724000000, 0x0000000723e00000| Untracked 
|  14|0x0000000724000000, 0x0000000724200000, 0x0000000724200000|100%|HS|  |TAMS 0x0000000724200000, 0x0000000724000000| Complete 
|  15|0x0000000724200000, 0x0000000724400000, 0x0000000724400000|100%| O|  |TAMS 0x0000000724400000, 0x0000000724200000| Untracked 
|  16|0x0000000724400000, 0x0000000724600000, 0x0000000724600000|100%| O|  |TAMS 0x0000000724600000, 0x0000000724400000| Untracked 
|  17|0x0000000724600000, 0x0000000724800000, 0x0000000724800000|100%| O|  |TAMS 0x0000000724800000, 0x0000000724600000| Untracked 
|  18|0x0000000724800000, 0x0000000724a00000, 0x0000000724a00000|100%| O|  |TAMS 0x0000000724a00000, 0x0000000724800000| Untracked 
|  19|0x0000000724a00000, 0x0000000724c00000, 0x0000000724c00000|100%| O|  |TAMS 0x0000000724c00000, 0x0000000724a00000| Untracked 
|  20|0x0000000724c00000, 0x0000000724e00000, 0x0000000724e00000|100%| O|  |TAMS 0x0000000724e00000, 0x0000000724c00000| Untracked 
|  21|0x0000000724e00000, 0x0000000725000000, 0x0000000725000000|100%| O|  |TAMS 0x0000000725000000, 0x0000000724e00000| Untracked 
|  22|0x0000000725000000, 0x0000000725200000, 0x0000000725200000|100%| O|  |TAMS 0x0000000725200000, 0x0000000725000000| Untracked 
|  23|0x0000000725200000, 0x0000000725400000, 0x0000000725400000|100%| O|  |TAMS 0x0000000725400000, 0x0000000725200000| Untracked 
|  24|0x0000000725400000, 0x0000000725600000, 0x0000000725600000|100%| O|  |TAMS 0x0000000725600000, 0x0000000725400000| Untracked 
|  25|0x0000000725600000, 0x0000000725800000, 0x0000000725800000|100%| O|  |TAMS 0x0000000725800000, 0x0000000725600000| Untracked 
|  26|0x0000000725800000, 0x0000000725a00000, 0x0000000725a00000|100%| O|  |TAMS 0x0000000725a00000, 0x0000000725800000| Untracked 
|  27|0x0000000725a00000, 0x0000000725c00000, 0x0000000725c00000|100%| O|  |TAMS 0x0000000725c00000, 0x0000000725a00000| Untracked 
|  28|0x0000000725c00000, 0x0000000725e00000, 0x0000000725e00000|100%| O|  |TAMS 0x0000000725e00000, 0x0000000725c00000| Untracked 
|  29|0x0000000725e00000, 0x0000000725f3c000, 0x0000000726000000| 61%| O|  |TAMS 0x0000000725f3c000, 0x0000000725e00000| Untracked 
|  30|0x0000000726000000, 0x0000000726200000, 0x0000000726200000|100%| O|  |TAMS 0x0000000726200000, 0x0000000726000000| Untracked 
|  31|0x0000000726200000, 0x0000000726400000, 0x0000000726400000|100%| O|  |TAMS 0x0000000726400000, 0x0000000726200000| Untracked 
|  32|0x0000000726400000, 0x0000000726600000, 0x0000000726600000|100%| O|  |TAMS 0x0000000726600000, 0x0000000726400000| Untracked 
|  33|0x0000000726600000, 0x0000000726800000, 0x0000000726800000|100%| O|  |TAMS 0x0000000726800000, 0x0000000726600000| Untracked 
|  34|0x0000000726800000, 0x0000000726a00000, 0x0000000726a00000|100%| O|  |TAMS 0x0000000726a00000, 0x0000000726800000| Untracked 
|  35|0x0000000726a00000, 0x0000000726c00000, 0x0000000726c00000|100%| O|  |TAMS 0x0000000726c00000, 0x0000000726a00000| Untracked 
|  36|0x0000000726c00000, 0x0000000726e00000, 0x0000000726e00000|100%| O|  |TAMS 0x0000000726e00000, 0x0000000726c00000| Untracked 
|  37|0x0000000726e00000, 0x0000000727000000, 0x0000000727000000|100%| O|  |TAMS 0x0000000727000000, 0x0000000726e00000| Untracked 
|  38|0x0000000727000000, 0x0000000727200000, 0x0000000727200000|100%| O|  |TAMS 0x0000000727200000, 0x0000000727000000| Untracked 
|  39|0x0000000727200000, 0x0000000727400000, 0x0000000727400000|100%| O|  |TAMS 0x0000000727400000, 0x0000000727200000| Untracked 
|  40|0x0000000727400000, 0x0000000727600000, 0x0000000727600000|100%| O|  |TAMS 0x0000000727600000, 0x0000000727400000| Untracked 
|  41|0x0000000727600000, 0x0000000727800000, 0x0000000727800000|100%| O|  |TAMS 0x0000000727800000, 0x0000000727600000| Untracked 
|  42|0x0000000727800000, 0x0000000727a00000, 0x0000000727a00000|100%| O|  |TAMS 0x0000000727a00000, 0x0000000727800000| Untracked 
|  43|0x0000000727a00000, 0x0000000727c00000, 0x0000000727c00000|100%|HS|  |TAMS 0x0000000727c00000, 0x0000000727a00000| Complete 
|  44|0x0000000727c00000, 0x0000000727e00000, 0x0000000727e00000|100%|HC|  |TAMS 0x0000000727e00000, 0x0000000727c00000| Complete 
|  45|0x0000000727e00000, 0x0000000728000000, 0x0000000728000000|100%|HC|  |TAMS 0x0000000728000000, 0x0000000727e00000| Complete 
|  46|0x0000000728000000, 0x0000000728200000, 0x0000000728200000|100%|HC|  |TAMS 0x0000000728200000, 0x0000000728000000| Complete 
|  47|0x0000000728200000, 0x0000000728400000, 0x0000000728400000|100%|HC|  |TAMS 0x0000000728400000, 0x0000000728200000| Complete 
|  48|0x0000000728400000, 0x0000000728600000, 0x0000000728600000|100%|HC|  |TAMS 0x0000000728600000, 0x0000000728400000| Complete 
|  49|0x0000000728600000, 0x0000000728800000, 0x0000000728800000|100%| O|  |TAMS 0x0000000728800000, 0x0000000728600000| Untracked 
|  50|0x0000000728800000, 0x0000000728a00000, 0x0000000728a00000|100%| O|  |TAMS 0x0000000728a00000, 0x0000000728800000| Untracked 
|  51|0x0000000728a00000, 0x0000000728c00000, 0x0000000728c00000|100%| O|  |TAMS 0x0000000728c00000, 0x0000000728a00000| Untracked 
|  52|0x0000000728c00000, 0x0000000728e00000, 0x0000000728e00000|100%| O|  |TAMS 0x0000000728e00000, 0x0000000728c00000| Untracked 
|  53|0x0000000728e00000, 0x0000000729000000, 0x0000000729000000|100%| O|  |TAMS 0x0000000729000000, 0x0000000728e00000| Untracked 
|  54|0x0000000729000000, 0x0000000729200000, 0x0000000729200000|100%| O|  |TAMS 0x0000000729200000, 0x0000000729000000| Untracked 
|  55|0x0000000729200000, 0x0000000729400000, 0x0000000729400000|100%| O|  |TAMS 0x0000000729400000, 0x0000000729200000| Untracked 
|  56|0x0000000729400000, 0x0000000729600000, 0x0000000729600000|100%| O|  |TAMS 0x0000000729600000, 0x0000000729400000| Untracked 
|  57|0x0000000729600000, 0x0000000729800000, 0x0000000729800000|100%| O|  |TAMS 0x0000000729800000, 0x0000000729600000| Untracked 
|  58|0x0000000729800000, 0x0000000729a00000, 0x0000000729a00000|100%| O|  |TAMS 0x0000000729a00000, 0x0000000729800000| Untracked 
|  59|0x0000000729a00000, 0x0000000729c00000, 0x0000000729c00000|100%| O|  |TAMS 0x0000000729c00000, 0x0000000729a00000| Untracked 
|  60|0x0000000729c00000, 0x0000000729e00000, 0x0000000729e00000|100%| O|  |TAMS 0x0000000729e00000, 0x0000000729c00000| Untracked 
|  61|0x0000000729e00000, 0x000000072a000000, 0x000000072a000000|100%| O|  |TAMS 0x000000072a000000, 0x0000000729e00000| Untracked 
|  62|0x000000072a000000, 0x000000072a200000, 0x000000072a200000|100%| O|  |TAMS 0x000000072a200000, 0x000000072a000000| Untracked 
|  63|0x000000072a200000, 0x000000072a400000, 0x000000072a400000|100%| O|  |TAMS 0x000000072a400000, 0x000000072a200000| Untracked 
|  64|0x000000072a400000, 0x000000072a600000, 0x000000072a600000|100%| O|  |TAMS 0x000000072a5ba000, 0x000000072a400000| Untracked 
|  65|0x000000072a600000, 0x000000072a800000, 0x000000072a800000|100%| O|  |TAMS 0x000000072a600000, 0x000000072a600000| Untracked 
|  66|0x000000072a800000, 0x000000072aa00000, 0x000000072aa00000|100%| O|  |TAMS 0x000000072a800000, 0x000000072a800000| Untracked 
|  67|0x000000072aa00000, 0x000000072ac00000, 0x000000072ac00000|100%| O|  |TAMS 0x000000072aa00000, 0x000000072aa00000| Untracked 
|  68|0x000000072ac00000, 0x000000072ae00000, 0x000000072ae00000|100%| O|  |TAMS 0x000000072ac00000, 0x000000072ac00000| Untracked 
|  69|0x000000072ae00000, 0x000000072b000000, 0x000000072b000000|100%| O|  |TAMS 0x000000072ae00000, 0x000000072ae00000| Untracked 
|  70|0x000000072b000000, 0x000000072b200000, 0x000000072b200000|100%| O|  |TAMS 0x000000072b000000, 0x000000072b000000| Untracked 
|  71|0x000000072b200000, 0x000000072b400000, 0x000000072b400000|100%| O|  |TAMS 0x000000072b200000, 0x000000072b200000| Untracked 
|  72|0x000000072b400000, 0x000000072b600000, 0x000000072b600000|100%| O|  |TAMS 0x000000072b400000, 0x000000072b400000| Untracked 
|  73|0x000000072b600000, 0x000000072b800000, 0x000000072b800000|100%| O|  |TAMS 0x000000072b600000, 0x000000072b600000| Untracked 
|  74|0x000000072b800000, 0x000000072ba00000, 0x000000072ba00000|100%| O|  |TAMS 0x000000072b800000, 0x000000072b800000| Untracked 
|  75|0x000000072ba00000, 0x000000072bc00000, 0x000000072bc00000|100%| O|  |TAMS 0x000000072ba00000, 0x000000072ba00000| Untracked 
|  76|0x000000072bc00000, 0x000000072be00000, 0x000000072be00000|100%| O|  |TAMS 0x000000072bc00000, 0x000000072bc00000| Untracked 
|  77|0x000000072be00000, 0x000000072c000000, 0x000000072c000000|100%| O|  |TAMS 0x000000072be00000, 0x000000072be00000| Untracked 
|  78|0x000000072c000000, 0x000000072c13c200, 0x000000072c200000| 61%| O|  |TAMS 0x000000072c000000, 0x000000072c000000| Untracked 
|  79|0x000000072c200000, 0x000000072c200000, 0x000000072c400000|  0%| F|  |TAMS 0x000000072c200000, 0x000000072c200000| Untracked 
|  80|0x000000072c400000, 0x000000072c400000, 0x000000072c600000|  0%| F|  |TAMS 0x000000072c400000, 0x000000072c400000| Untracked 
|  81|0x000000072c600000, 0x000000072c600000, 0x000000072c800000|  0%| F|  |TAMS 0x000000072c600000, 0x000000072c600000| Untracked 
|  82|0x000000072c800000, 0x000000072c800000, 0x000000072ca00000|  0%| F|  |TAMS 0x000000072c800000, 0x000000072c800000| Untracked 
|  83|0x000000072ca00000, 0x000000072ca00000, 0x000000072cc00000|  0%| F|  |TAMS 0x000000072ca00000, 0x000000072ca00000| Untracked 
|  84|0x000000072cc00000, 0x000000072cc00000, 0x000000072ce00000|  0%| F|  |TAMS 0x000000072cc00000, 0x000000072cc00000| Untracked 
|  85|0x000000072ce00000, 0x000000072ce00000, 0x000000072d000000|  0%| F|  |TAMS 0x000000072ce00000, 0x000000072ce00000| Untracked 
|  86|0x000000072d000000, 0x000000072d000000, 0x000000072d200000|  0%| F|  |TAMS 0x000000072d000000, 0x000000072d000000| Untracked 
|  87|0x000000072d200000, 0x000000072d200000, 0x000000072d400000|  0%| F|  |TAMS 0x000000072d200000, 0x000000072d200000| Untracked 
|  88|0x000000072d400000, 0x000000072d400000, 0x000000072d600000|  0%| F|  |TAMS 0x000000072d400000, 0x000000072d400000| Untracked 
|  89|0x000000072d600000, 0x000000072d600000, 0x000000072d800000|  0%| F|  |TAMS 0x000000072d600000, 0x000000072d600000| Untracked 
|  90|0x000000072d800000, 0x000000072d800000, 0x000000072da00000|  0%| F|  |TAMS 0x000000072d800000, 0x000000072d800000| Untracked 
|  91|0x000000072da00000, 0x000000072da00000, 0x000000072dc00000|  0%| F|  |TAMS 0x000000072da00000, 0x000000072da00000| Untracked 
|  92|0x000000072dc00000, 0x000000072dc00000, 0x000000072de00000|  0%| F|  |TAMS 0x000000072dc00000, 0x000000072dc00000| Untracked 
|  93|0x000000072de00000, 0x000000072de00000, 0x000000072e000000|  0%| F|  |TAMS 0x000000072de00000, 0x000000072de00000| Untracked 
|  94|0x000000072e000000, 0x000000072e000000, 0x000000072e200000|  0%| F|  |TAMS 0x000000072e000000, 0x000000072e000000| Untracked 
|  95|0x000000072e200000, 0x000000072e200000, 0x000000072e400000|  0%| F|  |TAMS 0x000000072e200000, 0x000000072e200000| Untracked 
|  96|0x000000072e400000, 0x000000072e400000, 0x000000072e600000|  0%| F|  |TAMS 0x000000072e400000, 0x000000072e400000| Untracked 
|  97|0x000000072e600000, 0x000000072e600000, 0x000000072e800000|  0%| F|  |TAMS 0x000000072e600000, 0x000000072e600000| Untracked 
|  98|0x000000072e800000, 0x000000072e800000, 0x000000072ea00000|  0%| F|  |TAMS 0x000000072e800000, 0x000000072e800000| Untracked 
|  99|0x000000072ea00000, 0x000000072ea00000, 0x000000072ec00000|  0%| F|  |TAMS 0x000000072ea00000, 0x000000072ea00000| Untracked 
| 100|0x000000072ec00000, 0x000000072ec00000, 0x000000072ee00000|  0%| F|  |TAMS 0x000000072ec00000, 0x000000072ec00000| Untracked 
| 101|0x000000072ee00000, 0x000000072ee00000, 0x000000072f000000|  0%| F|  |TAMS 0x000000072ee00000, 0x000000072ee00000| Untracked 
| 102|0x000000072f000000, 0x000000072f000000, 0x000000072f200000|  0%| F|  |TAMS 0x000000072f000000, 0x000000072f000000| Untracked 
| 103|0x000000072f200000, 0x000000072f200000, 0x000000072f400000|  0%| F|  |TAMS 0x000000072f200000, 0x000000072f200000| Untracked 
| 104|0x000000072f400000, 0x000000072f400000, 0x000000072f600000|  0%| F|  |TAMS 0x000000072f400000, 0x000000072f400000| Untracked 
| 105|0x000000072f600000, 0x000000072f600000, 0x000000072f800000|  0%| F|  |TAMS 0x000000072f600000, 0x000000072f600000| Untracked 
| 106|0x000000072f800000, 0x000000072f800000, 0x000000072fa00000|  0%| F|  |TAMS 0x000000072f800000, 0x000000072f800000| Untracked 
| 107|0x000000072fa00000, 0x000000072fa00000, 0x000000072fc00000|  0%| F|  |TAMS 0x000000072fa00000, 0x000000072fa00000| Untracked 
| 108|0x000000072fc00000, 0x000000072fc00000, 0x000000072fe00000|  0%| F|  |TAMS 0x000000072fc00000, 0x000000072fc00000| Untracked 
| 109|0x000000072fe00000, 0x000000072fe00000, 0x0000000730000000|  0%| F|  |TAMS 0x000000072fe00000, 0x000000072fe00000| Untracked 
| 110|0x0000000730000000, 0x0000000730000000, 0x0000000730200000|  0%| F|  |TAMS 0x0000000730000000, 0x0000000730000000| Untracked 
| 111|0x0000000730200000, 0x0000000730200000, 0x0000000730400000|  0%| F|  |TAMS 0x0000000730200000, 0x0000000730200000| Untracked 
| 112|0x0000000730400000, 0x0000000730400000, 0x0000000730600000|  0%| F|  |TAMS 0x0000000730400000, 0x0000000730400000| Untracked 
| 113|0x0000000730600000, 0x0000000730600000, 0x0000000730800000|  0%| F|  |TAMS 0x0000000730600000, 0x0000000730600000| Untracked 
| 114|0x0000000730800000, 0x0000000730800000, 0x0000000730a00000|  0%| F|  |TAMS 0x0000000730800000, 0x0000000730800000| Untracked 
| 115|0x0000000730a00000, 0x0000000730a00000, 0x0000000730c00000|  0%| F|  |TAMS 0x0000000730a00000, 0x0000000730a00000| Untracked 
| 116|0x0000000730c00000, 0x0000000730c00000, 0x0000000730e00000|  0%| F|  |TAMS 0x0000000730c00000, 0x0000000730c00000| Untracked 
| 117|0x0000000730e00000, 0x0000000730e00000, 0x0000000731000000|  0%| F|  |TAMS 0x0000000730e00000, 0x0000000730e00000| Untracked 
| 118|0x0000000731000000, 0x0000000731000000, 0x0000000731200000|  0%| F|  |TAMS 0x0000000731000000, 0x0000000731000000| Untracked 
| 119|0x0000000731200000, 0x0000000731200000, 0x0000000731400000|  0%| F|  |TAMS 0x0000000731200000, 0x0000000731200000| Untracked 
| 120|0x0000000731400000, 0x0000000731400000, 0x0000000731600000|  0%| F|  |TAMS 0x0000000731400000, 0x0000000731400000| Untracked 
| 121|0x0000000731600000, 0x0000000731600000, 0x0000000731800000|  0%| F|  |TAMS 0x0000000731600000, 0x0000000731600000| Untracked 
| 122|0x0000000731800000, 0x0000000731800000, 0x0000000731a00000|  0%| F|  |TAMS 0x0000000731800000, 0x0000000731800000| Untracked 
| 123|0x0000000731a00000, 0x0000000731a00000, 0x0000000731c00000|  0%| F|  |TAMS 0x0000000731a00000, 0x0000000731a00000| Untracked 
| 124|0x0000000731c00000, 0x0000000731c00000, 0x0000000731e00000|  0%| F|  |TAMS 0x0000000731c00000, 0x0000000731c00000| Untracked 
| 125|0x0000000731e00000, 0x0000000731e4a4e0, 0x0000000732000000| 14%| S|CS|TAMS 0x0000000731e00000, 0x0000000731e00000| Complete 
| 126|0x0000000732000000, 0x0000000732200000, 0x0000000732200000|100%| S|CS|TAMS 0x0000000732000000, 0x0000000732000000| Complete 
| 127|0x0000000732200000, 0x0000000732400000, 0x0000000732400000|100%| S|CS|TAMS 0x0000000732200000, 0x0000000732200000| Complete 
| 128|0x0000000732400000, 0x0000000732600000, 0x0000000732600000|100%| S|CS|TAMS 0x0000000732400000, 0x0000000732400000| Complete 
| 129|0x0000000732600000, 0x0000000732800000, 0x0000000732800000|100%| S|CS|TAMS 0x0000000732600000, 0x0000000732600000| Complete 
| 130|0x0000000732800000, 0x0000000732800000, 0x0000000732a00000|  0%| F|  |TAMS 0x0000000732800000, 0x0000000732800000| Untracked 
| 131|0x0000000732a00000, 0x0000000732a00000, 0x0000000732c00000|  0%| F|  |TAMS 0x0000000732a00000, 0x0000000732a00000| Untracked 
| 132|0x0000000732c00000, 0x0000000732c00000, 0x0000000732e00000|  0%| F|  |TAMS 0x0000000732c00000, 0x0000000732c00000| Untracked 
| 133|0x0000000732e00000, 0x0000000732e00000, 0x0000000733000000|  0%| F|  |TAMS 0x0000000732e00000, 0x0000000732e00000| Untracked 
| 134|0x0000000733000000, 0x0000000733000000, 0x0000000733200000|  0%| F|  |TAMS 0x0000000733000000, 0x0000000733000000| Untracked 
| 135|0x0000000733200000, 0x0000000733200000, 0x0000000733400000|  0%| F|  |TAMS 0x0000000733200000, 0x0000000733200000| Untracked 
| 136|0x0000000733400000, 0x0000000733400000, 0x0000000733600000|  0%| F|  |TAMS 0x0000000733400000, 0x0000000733400000| Untracked 
| 137|0x0000000733600000, 0x0000000733600000, 0x0000000733800000|  0%| F|  |TAMS 0x0000000733600000, 0x0000000733600000| Untracked 
| 138|0x0000000733800000, 0x0000000733800000, 0x0000000733a00000|  0%| F|  |TAMS 0x0000000733800000, 0x0000000733800000| Untracked 
| 139|0x0000000733a00000, 0x0000000733a00000, 0x0000000733c00000|  0%| F|  |TAMS 0x0000000733a00000, 0x0000000733a00000| Untracked 
| 140|0x0000000733c00000, 0x0000000733c00000, 0x0000000733e00000|  0%| F|  |TAMS 0x0000000733c00000, 0x0000000733c00000| Untracked 
| 141|0x0000000733e00000, 0x0000000733e00000, 0x0000000734000000|  0%| F|  |TAMS 0x0000000733e00000, 0x0000000733e00000| Untracked 
| 142|0x0000000734000000, 0x0000000734000000, 0x0000000734200000|  0%| F|  |TAMS 0x0000000734000000, 0x0000000734000000| Untracked 
| 143|0x0000000734200000, 0x0000000734200000, 0x0000000734400000|  0%| F|  |TAMS 0x0000000734200000, 0x0000000734200000| Untracked 
| 144|0x0000000734400000, 0x0000000734400000, 0x0000000734600000|  0%| F|  |TAMS 0x0000000734400000, 0x0000000734400000| Untracked 
| 145|0x0000000734600000, 0x0000000734600000, 0x0000000734800000|  0%| F|  |TAMS 0x0000000734600000, 0x0000000734600000| Untracked 
| 146|0x0000000734800000, 0x0000000734800000, 0x0000000734a00000|  0%| F|  |TAMS 0x0000000734800000, 0x0000000734800000| Untracked 
| 147|0x0000000734a00000, 0x0000000734a00000, 0x0000000734c00000|  0%| F|  |TAMS 0x0000000734a00000, 0x0000000734a00000| Untracked 
| 148|0x0000000734c00000, 0x0000000734c00000, 0x0000000734e00000|  0%| F|  |TAMS 0x0000000734c00000, 0x0000000734c00000| Untracked 
| 149|0x0000000734e00000, 0x0000000734e00000, 0x0000000735000000|  0%| F|  |TAMS 0x0000000734e00000, 0x0000000734e00000| Untracked 
| 150|0x0000000735000000, 0x0000000735000000, 0x0000000735200000|  0%| F|  |TAMS 0x0000000735000000, 0x0000000735000000| Untracked 
| 151|0x0000000735200000, 0x0000000735200000, 0x0000000735400000|  0%| F|  |TAMS 0x0000000735200000, 0x0000000735200000| Untracked 
| 152|0x0000000735400000, 0x0000000735400000, 0x0000000735600000|  0%| F|  |TAMS 0x0000000735400000, 0x0000000735400000| Untracked 
| 153|0x0000000735600000, 0x0000000735600000, 0x0000000735800000|  0%| F|  |TAMS 0x0000000735600000, 0x0000000735600000| Untracked 
| 154|0x0000000735800000, 0x0000000735800000, 0x0000000735a00000|  0%| F|  |TAMS 0x0000000735800000, 0x0000000735800000| Untracked 
| 155|0x0000000735a00000, 0x0000000735a00000, 0x0000000735c00000|  0%| F|  |TAMS 0x0000000735a00000, 0x0000000735a00000| Untracked 
| 156|0x0000000735c00000, 0x0000000735c00000, 0x0000000735e00000|  0%| F|  |TAMS 0x0000000735c00000, 0x0000000735c00000| Untracked 
| 157|0x0000000735e00000, 0x0000000735e00000, 0x0000000736000000|  0%| F|  |TAMS 0x0000000735e00000, 0x0000000735e00000| Untracked 
| 158|0x0000000736000000, 0x0000000736000000, 0x0000000736200000|  0%| F|  |TAMS 0x0000000736000000, 0x0000000736000000| Untracked 
| 159|0x0000000736200000, 0x0000000736200000, 0x0000000736400000|  0%| F|  |TAMS 0x0000000736200000, 0x0000000736200000| Untracked 
| 160|0x0000000736400000, 0x0000000736400000, 0x0000000736600000|  0%| F|  |TAMS 0x0000000736400000, 0x0000000736400000| Untracked 
| 161|0x0000000736600000, 0x0000000736600000, 0x0000000736800000|  0%| F|  |TAMS 0x0000000736600000, 0x0000000736600000| Untracked 
| 162|0x0000000736800000, 0x0000000736800000, 0x0000000736a00000|  0%| F|  |TAMS 0x0000000736800000, 0x0000000736800000| Untracked 
| 163|0x0000000736a00000, 0x0000000736a00000, 0x0000000736c00000|  0%| F|  |TAMS 0x0000000736a00000, 0x0000000736a00000| Untracked 
| 164|0x0000000736c00000, 0x0000000736c00000, 0x0000000736e00000|  0%| F|  |TAMS 0x0000000736c00000, 0x0000000736c00000| Untracked 
| 165|0x0000000736e00000, 0x0000000736e00000, 0x0000000737000000|  0%| F|  |TAMS 0x0000000736e00000, 0x0000000736e00000| Untracked 
| 166|0x0000000737000000, 0x0000000737000000, 0x0000000737200000|  0%| F|  |TAMS 0x0000000737000000, 0x0000000737000000| Untracked 
| 167|0x0000000737200000, 0x0000000737200000, 0x0000000737400000|  0%| F|  |TAMS 0x0000000737200000, 0x0000000737200000| Untracked 
| 168|0x0000000737400000, 0x0000000737400000, 0x0000000737600000|  0%| F|  |TAMS 0x0000000737400000, 0x0000000737400000| Untracked 
| 169|0x0000000737600000, 0x0000000737600000, 0x0000000737800000|  0%| F|  |TAMS 0x0000000737600000, 0x0000000737600000| Untracked 
| 170|0x0000000737800000, 0x0000000737800000, 0x0000000737a00000|  0%| F|  |TAMS 0x0000000737800000, 0x0000000737800000| Untracked 
| 171|0x0000000737a00000, 0x0000000737a00000, 0x0000000737c00000|  0%| F|  |TAMS 0x0000000737a00000, 0x0000000737a00000| Untracked 
| 172|0x0000000737c00000, 0x0000000737c00000, 0x0000000737e00000|  0%| F|  |TAMS 0x0000000737c00000, 0x0000000737c00000| Untracked 
| 173|0x0000000737e00000, 0x0000000737e00000, 0x0000000738000000|  0%| F|  |TAMS 0x0000000737e00000, 0x0000000737e00000| Untracked 
| 174|0x0000000738000000, 0x0000000738125128, 0x0000000738200000| 57%| E|  |TAMS 0x0000000738000000, 0x0000000738000000| Complete 
| 175|0x0000000738200000, 0x0000000738400000, 0x0000000738400000|100%| E|CS|TAMS 0x0000000738200000, 0x0000000738200000| Complete 
| 176|0x0000000738400000, 0x0000000738600000, 0x0000000738600000|100%| E|CS|TAMS 0x0000000738400000, 0x0000000738400000| Complete 
| 177|0x0000000738600000, 0x0000000738800000, 0x0000000738800000|100%| E|  |TAMS 0x0000000738600000, 0x0000000738600000| Complete 
| 178|0x0000000738800000, 0x0000000738a00000, 0x0000000738a00000|100%| E|CS|TAMS 0x0000000738800000, 0x0000000738800000| Complete 
| 179|0x0000000738a00000, 0x0000000738c00000, 0x0000000738c00000|100%| E|CS|TAMS 0x0000000738a00000, 0x0000000738a00000| Complete 
| 180|0x0000000738c00000, 0x0000000738e00000, 0x0000000738e00000|100%| E|CS|TAMS 0x0000000738c00000, 0x0000000738c00000| Complete 
| 181|0x0000000738e00000, 0x0000000739000000, 0x0000000739000000|100%| E|CS|TAMS 0x0000000738e00000, 0x0000000738e00000| Complete 
| 182|0x0000000739000000, 0x0000000739200000, 0x0000000739200000|100%| E|CS|TAMS 0x0000000739000000, 0x0000000739000000| Complete 
| 183|0x0000000739200000, 0x0000000739400000, 0x0000000739400000|100%| E|CS|TAMS 0x0000000739200000, 0x0000000739200000| Complete 
| 184|0x0000000739400000, 0x0000000739600000, 0x0000000739600000|100%| E|CS|TAMS 0x0000000739400000, 0x0000000739400000| Complete 
| 185|0x0000000739600000, 0x0000000739800000, 0x0000000739800000|100%| E|CS|TAMS 0x0000000739600000, 0x0000000739600000| Complete 
| 186|0x0000000739800000, 0x0000000739a00000, 0x0000000739a00000|100%| E|CS|TAMS 0x0000000739800000, 0x0000000739800000| Complete 
| 187|0x0000000739a00000, 0x0000000739c00000, 0x0000000739c00000|100%| E|CS|TAMS 0x0000000739a00000, 0x0000000739a00000| Complete 
| 188|0x0000000739c00000, 0x0000000739e00000, 0x0000000739e00000|100%| E|CS|TAMS 0x0000000739c00000, 0x0000000739c00000| Complete 
| 189|0x0000000739e00000, 0x000000073a000000, 0x000000073a000000|100%| E|CS|TAMS 0x0000000739e00000, 0x0000000739e00000| Complete 
| 190|0x000000073a000000, 0x000000073a200000, 0x000000073a200000|100%| E|CS|TAMS 0x000000073a000000, 0x000000073a000000| Complete 
| 191|0x000000073a200000, 0x000000073a400000, 0x000000073a400000|100%| E|CS|TAMS 0x000000073a200000, 0x000000073a200000| Complete 
| 192|0x000000073a400000, 0x000000073a600000, 0x000000073a600000|100%| E|CS|TAMS 0x000000073a400000, 0x000000073a400000| Complete 
| 193|0x000000073a600000, 0x000000073a800000, 0x000000073a800000|100%| E|CS|TAMS 0x000000073a600000, 0x000000073a600000| Complete 
| 194|0x000000073a800000, 0x000000073aa00000, 0x000000073aa00000|100%| E|CS|TAMS 0x000000073a800000, 0x000000073a800000| Complete 

Card table byte_map: [0x00000210a80a0000,0x00000210a8790000] _byte_map_base: 0x00000210a478e000

Marking Bits (Prev, Next): (CMBitMap*) 0x000002108ea3e5d0, (CMBitMap*) 0x000002108ea3e590
 Prev Bits: [0x00000210ac5f0000, 0x00000210afd60000)
 Next Bits: [0x00000210a8e80000, 0x00000210ac5f0000)

Polling page: 0x000002108eaa0000

Metaspace:

Usage:
  Non-class:     55.07 MB used.
      Class:      9.52 MB used.
       Both:     64.59 MB used.

Virtual space:
  Non-class space:       64.00 MB reserved,      55.69 MB ( 87%) committed,  8 nodes.
      Class space:        1.00 GB reserved,      10.06 MB ( <1%) committed,  1 nodes.
             Both:        1.06 GB reserved,      65.75 MB (  6%) committed. 

Chunk freelists:
   Non-Class:  3.50 MB
       Class:  1.93 MB
        Both:  5.43 MB

MaxMetaspaceSize: unlimited
CompressedClassSpaceSize: 1.00 GB
Initial GC threshold: 21.00 MB
Current GC threshold: 89.31 MB
CDS: on
MetaspaceReclaimPolicy: balanced
 - commit_granule_bytes: 65536.
 - commit_granule_words: 8192.
 - virtual_space_node_default_size: 1048576.
 - enlarge_chunks_in_place: 1.
 - new_chunks_are_fully_committed: 0.
 - uncommit_free_chunks: 1.
 - use_allocation_guard: 0.
 - handle_deallocations: 1.


Internal statistics:

num_allocs_failed_limit: 6.
num_arena_births: 1738.
num_arena_deaths: 0.
num_vsnodes_births: 9.
num_vsnodes_deaths: 0.
num_space_committed: 1049.
num_space_uncommitted: 0.
num_chunks_returned_to_freelist: 6.
num_chunks_taken_from_freelist: 4443.
num_chunk_merges: 6.
num_chunk_splits: 2898.
num_chunks_enlarged: 1946.
num_purges: 0.
num_inconsistent_stats: 0.

CodeHeap 'non-profiled nmethods': size=119168Kb used=7749Kb max_used=7749Kb free=111418Kb
 bounds [0x000002109f5a0000, 0x000002109fd40000, 0x00000210a6a00000]
CodeHeap 'profiled nmethods': size=119104Kb used=13078Kb max_used=14454Kb free=106025Kb
 bounds [0x0000021098150000, 0x0000021098f70000, 0x000002109f5a0000]
CodeHeap 'non-nmethods': size=7488Kb used=3668Kb max_used=3714Kb free=3819Kb
 bounds [0x0000021097a00000, 0x0000021097db0000, 0x0000021098150000]
 total_blobs=9293 nmethods=7782 adapters=1420
 compilation: enabled
              stopped_count=0, restarted_count=0
 full_count=0

Compilation events (20 events):
Event: 15.570 Thread 0x00000210b41da690 10067       3       sun.misc.Unsafe::putInt (11 bytes)
Event: 15.570 Thread 0x00000210b41da690 nmethod 10067 0x0000021098d62a10 code [0x0000021098d62ba0, 0x0000021098d62cb8]
Event: 15.570 Thread 0x00000210b2de1770 10069       3       org.lwjgl.system.MemoryUtil::encodeASCIIUnsafe (53 bytes)
Event: 15.570 Thread 0x00000210b3c41de0 10070       3       java.nio.ByteBuffer::order (48 bytes)
Event: 15.570 Thread 0x00000210b38f8560 10071       1       org.lwjgl.system.Pointer$Default::address (5 bytes)
Event: 15.570 Thread 0x00000210b38f8560 nmethod 10071 0x000002109fa6b990 code [0x000002109fa6bb20, 0x000002109fa6bbf8]
Event: 15.571 Thread 0x00000210b3c41de0 nmethod 10070 0x0000021098affb90 code [0x0000021098affd40, 0x0000021098afff78]
Event: 15.571 Thread 0x00000210b38f8560 10072       3       jdk.internal.loader.NativeLibraries$NativeLibraryImpl::find (6 bytes)
Event: 15.571 Thread 0x00000210b2de1770 nmethod 10069 0x0000021098d84c90 code [0x0000021098d84e60, 0x0000021098d85278]
Event: 15.571 Thread 0x00000210b38f8560 nmethod 10072 0x0000021098e5c810 code [0x0000021098e5c9a0, 0x0000021098e5cac8]
Event: 15.582 Thread 0x00000210b41da690 10074       3       java.util.concurrent.ConcurrentHashMap::isEmpty (15 bytes)
Event: 15.582 Thread 0x00000210b41da690 nmethod 10074 0x0000021098bce690 code [0x0000021098bce840, 0x0000021098bce9e8]
Event: 15.739 Thread 0x00000210b7d72970 10076       4       org.apache.logging.log4j.core.filter.MarkerFilter::filter (6 bytes)
Event: 15.740 Thread 0x00000210b7d72970 nmethod 10076 0x000002109fa6ac10 code [0x000002109fa6ada0, 0x000002109fa6ae88]
Event: 15.751 Thread 0x00000210b41da690 10079       3       java.util.EnumMap::isValidKey (36 bytes)
Event: 15.751 Thread 0x00000210b41da690 nmethod 10079 0x0000021098a05310 code [0x0000021098a054c0, 0x0000021098a05748]
Event: 15.752 Thread 0x00000210b38f8560 10081       3       java.lang.invoke.TypeConvertingMethodAdapter::convertType (299 bytes)
Event: 15.757 Thread 0x00000210b38f8560 nmethod 10081 0x0000021098df5e10 code [0x0000021098df6420, 0x0000021098df99e8]
Event: 15.815 Thread 0x00000210b7f31d30 nmethod 10042 0x000002109fd11f10 code [0x000002109fd12760, 0x000002109fd19db8]
Event: 15.836 Thread 0x00000210b5e96e60 nmethod 10043 0x000002109fd1dc90 code [0x000002109fd1e4c0, 0x000002109fd25b58]

GC Heap History (20 events):
Event: 8.076 GC heap before
{Heap before GC invocations=12 (full 0):
 garbage-first heap   total 245760K, used 207570K [0x0000000722400000, 0x0000000800000000)
  region size 2048K, 62 young (126976K), 2 survivors (4096K)
 Metaspace       used 31008K, committed 31872K, reserved 1081344K
  class space    used 3823K, committed 4224K, reserved 1048576K
}
Event: 8.081 GC heap after
{Heap after GC invocations=13 (full 0):
 garbage-first heap   total 245760K, used 88498K [0x0000000722400000, 0x0000000800000000)
  region size 2048K, 3 young (6144K), 3 survivors (6144K)
 Metaspace       used 31008K, committed 31872K, reserved 1081344K
  class space    used 3823K, committed 4224K, reserved 1048576K
}
Event: 8.604 GC heap before
{Heap before GC invocations=13 (full 0):
 garbage-first heap   total 245760K, used 199090K [0x0000000722400000, 0x0000000800000000)
  region size 2048K, 57 young (116736K), 3 survivors (6144K)
 Metaspace       used 32450K, committed 33344K, reserved 1081344K
  class space    used 4040K, committed 4416K, reserved 1048576K
}
Event: 8.610 GC heap after
{Heap after GC invocations=14 (full 0):
 garbage-first heap   total 245760K, used 91060K [0x0000000722400000, 0x0000000800000000)
  region size 2048K, 4 young (8192K), 4 survivors (8192K)
 Metaspace       used 32450K, committed 33344K, reserved 1081344K
  class space    used 4040K, committed 4416K, reserved 1048576K
}
Event: 9.129 GC heap before
{Heap before GC invocations=14 (full 0):
 garbage-first heap   total 245760K, used 201652K [0x0000000722400000, 0x0000000800000000)
  region size 2048K, 58 young (118784K), 4 survivors (8192K)
 Metaspace       used 33255K, committed 34112K, reserved 1081344K
  class space    used 4148K, committed 4544K, reserved 1048576K
}
Event: 9.137 GC heap after
{Heap after GC invocations=15 (full 0):
 garbage-first heap   total 245760K, used 93693K [0x0000000722400000, 0x0000000800000000)
  region size 2048K, 5 young (10240K), 5 survivors (10240K)
 Metaspace       used 33255K, committed 34112K, reserved 1081344K
  class space    used 4148K, committed 4544K, reserved 1048576K
}
Event: 9.447 GC heap before
{Heap before GC invocations=15 (full 0):
 garbage-first heap   total 245760K, used 169469K [0x0000000722400000, 0x0000000800000000)
  region size 2048K, 44 young (90112K), 5 survivors (10240K)
 Metaspace       used 35170K, committed 36096K, reserved 1081344K
  class space    used 4316K, committed 4736K, reserved 1048576K
}
Event: 9.455 GC heap after
{Heap after GC invocations=16 (full 0):
 garbage-first heap   total 294912K, used 94890K [0x0000000722400000, 0x0000000800000000)
  region size 2048K, 5 young (10240K), 5 survivors (10240K)
 Metaspace       used 35170K, committed 36096K, reserved 1081344K
  class space    used 4316K, committed 4736K, reserved 1048576K
}
Event: 10.891 GC heap before
{Heap before GC invocations=17 (full 0):
 garbage-first heap   total 294912K, used 246442K [0x0000000722400000, 0x0000000800000000)
  region size 2048K, 79 young (161792K), 5 survivors (10240K)
 Metaspace       used 41895K, committed 42816K, reserved 1089536K
  class space    used 5436K, committed 5824K, reserved 1048576K
}
Event: 10.911 GC heap after
{Heap after GC invocations=18 (full 0):
 garbage-first heap   total 294912K, used 104322K [0x0000000722400000, 0x0000000800000000)
  region size 2048K, 10 young (20480K), 10 survivors (20480K)
 Metaspace       used 41895K, committed 42816K, reserved 1089536K
  class space    used 5436K, committed 5824K, reserved 1048576K
}
Event: 11.532 GC heap before
{Heap before GC invocations=18 (full 0):
 garbage-first heap   total 294912K, used 239490K [0x0000000722400000, 0x0000000800000000)
  region size 2048K, 76 young (155648K), 10 survivors (20480K)
 Metaspace       used 43087K, committed 43968K, reserved 1089536K
  class space    used 5633K, committed 6016K, reserved 1048576K
}
Event: 11.560 GC heap after
{Heap after GC invocations=19 (full 0):
 garbage-first heap   total 294912K, used 118851K [0x0000000722400000, 0x0000000800000000)
  region size 2048K, 10 young (20480K), 10 survivors (20480K)
 Metaspace       used 43087K, committed 43968K, reserved 1089536K
  class space    used 5633K, committed 6016K, reserved 1048576K
}
Event: 11.891 GC heap before
{Heap before GC invocations=19 (full 0):
 garbage-first heap   total 294912K, used 237635K [0x0000000722400000, 0x0000000800000000)
  region size 2048K, 68 young (139264K), 10 survivors (20480K)
 Metaspace       used 43468K, committed 44480K, reserved 1089536K
  class space    used 5680K, committed 6144K, reserved 1048576K
}
Event: 11.917 GC heap after
{Heap after GC invocations=20 (full 0):
 garbage-first heap   total 294912K, used 133435K [0x0000000722400000, 0x0000000800000000)
  region size 2048K, 7 young (14336K), 7 survivors (14336K)
 Metaspace       used 43468K, committed 44480K, reserved 1089536K
  class space    used 5680K, committed 6144K, reserved 1048576K
}
Event: 12.556 GC heap before
{Heap before GC invocations=20 (full 0):
 garbage-first heap   total 294912K, used 237883K [0x0000000722400000, 0x0000000800000000)
  region size 2048K, 58 young (118784K), 7 survivors (14336K)
 Metaspace       used 47586K, committed 48640K, reserved 1097728K
  class space    used 6300K, committed 6784K, reserved 1048576K
}
Event: 12.576 GC heap after
{Heap after GC invocations=21 (full 0):
 garbage-first heap   total 294912K, used 143151K [0x0000000722400000, 0x0000000800000000)
  region size 2048K, 6 young (12288K), 6 survivors (12288K)
 Metaspace       used 47586K, committed 48640K, reserved 1097728K
  class space    used 6300K, committed 6784K, reserved 1048576K
}
Event: 13.450 GC heap before
{Heap before GC invocations=21 (full 0):
 garbage-first heap   total 294912K, used 237359K [0x0000000722400000, 0x0000000800000000)
  region size 2048K, 52 young (106496K), 6 survivors (12288K)
 Metaspace       used 53360K, committed 54400K, reserved 1097728K
  class space    used 7652K, committed 8128K, reserved 1048576K
}
Event: 13.470 GC heap after
{Heap after GC invocations=22 (full 0):
 garbage-first heap   total 399360K, used 159374K [0x0000000722400000, 0x0000000800000000)
  region size 2048K, 7 young (14336K), 7 survivors (14336K)
 Metaspace       used 53360K, committed 54400K, reserved 1097728K
  class space    used 7652K, committed 8128K, reserved 1048576K
}
Event: 15.154 GC heap before
{Heap before GC invocations=23 (full 0):
 garbage-first heap   total 399360K, used 292494K [0x0000000722400000, 0x0000000800000000)
  region size 2048K, 72 young (147456K), 7 survivors (14336K)
 Metaspace       used 63961K, committed 65152K, reserved 1105920K
  class space    used 9412K, committed 9920K, reserved 1048576K
}
Event: 15.171 GC heap after
{Heap after GC invocations=24 (full 0):
 garbage-first heap   total 399360K, used 168713K [0x0000000722400000, 0x0000000800000000)
  region size 2048K, 5 young (10240K), 5 survivors (10240K)
 Metaspace       used 63961K, committed 65152K, reserved 1105920K
  class space    used 9412K, committed 9920K, reserved 1048576K
}

Deoptimization events (20 events):
Event: 15.378 Thread 0x000002108e9f1420 Uncommon trap: trap_request=0xffffffc6 fr.pc=0x000002109f81faa0 relative=0x00000000000001c0
Event: 15.378 Thread 0x000002108e9f1420 Uncommon trap: reason=bimorphic_or_optimized_type_check action=maybe_recompile pc=0x000002109f81faa0 method=java.nio.file.Files.isDirectory(Ljava/nio/file/Path;[Ljava/nio/file/LinkOption;)Z @ 34 c2
Event: 15.378 Thread 0x000002108e9f1420 DEOPT PACKING pc=0x000002109f81faa0 sp=0x0000006efbcfe200
Event: 15.378 Thread 0x000002108e9f1420 DEOPT UNPACKING pc=0x0000021097a523a3 sp=0x0000006efbcfe198 mode 2
Event: 15.512 Thread 0x000002108e9f1420 Uncommon trap: trap_request=0xffffff45 fr.pc=0x000002109f983880 relative=0x00000000000000e0
Event: 15.512 Thread 0x000002108e9f1420 Uncommon trap: reason=unstable_if action=reinterpret pc=0x000002109f983880 method=java.util.EnumMap.isValidKey(Ljava/lang/Object;)Z @ 16 c2
Event: 15.512 Thread 0x000002108e9f1420 DEOPT PACKING pc=0x000002109f983880 sp=0x0000006efbcfe1f0
Event: 15.512 Thread 0x000002108e9f1420 DEOPT UNPACKING pc=0x0000021097a523a3 sp=0x0000006efbcfe128 mode 2
Event: 15.512 Thread 0x000002108e9f1420 Uncommon trap: trap_request=0xffffff45 fr.pc=0x000002109f651a80 relative=0x0000000000000080
Event: 15.512 Thread 0x000002108e9f1420 Uncommon trap: reason=unstable_if action=reinterpret pc=0x000002109f651a80 method=java.util.EnumMap.isValidKey(Ljava/lang/Object;)Z @ 16 c2
Event: 15.512 Thread 0x000002108e9f1420 DEOPT PACKING pc=0x000002109f651a80 sp=0x0000006efbcfe1a0
Event: 15.512 Thread 0x000002108e9f1420 DEOPT UNPACKING pc=0x0000021097a523a3 sp=0x0000006efbcfe130 mode 2
Event: 15.512 Thread 0x000002108e9f1420 Uncommon trap: trap_request=0xffffff45 fr.pc=0x000002109fc8bb04 relative=0x00000000000002e4
Event: 15.512 Thread 0x000002108e9f1420 Uncommon trap: reason=unstable_if action=reinterpret pc=0x000002109fc8bb04 method=java.lang.invoke.AbstractValidatingLambdaMetafactory.isAdaptableTo(Ljava/lang/Class;Ljava/lang/Class;Z)Z @ 81 c2
Event: 15.512 Thread 0x000002108e9f1420 DEOPT PACKING pc=0x000002109fc8bb04 sp=0x0000006efbcfd220
Event: 15.512 Thread 0x000002108e9f1420 DEOPT UNPACKING pc=0x0000021097a523a3 sp=0x0000006efbcfd1b0 mode 2
Event: 15.512 Thread 0x000002108e9f1420 Uncommon trap: trap_request=0xffffff45 fr.pc=0x000002109fd04dec relative=0x000000000000038c
Event: 15.512 Thread 0x000002108e9f1420 Uncommon trap: reason=unstable_if action=reinterpret pc=0x000002109fd04dec method=java.lang.invoke.TypeConvertingMethodAdapter.convertType(Ljava/lang/Class;Ljava/lang/Class;Ljava/lang/Class;)V @ 186 c2
Event: 15.512 Thread 0x000002108e9f1420 DEOPT PACKING pc=0x000002109fd04dec sp=0x0000006efbcfd030
Event: 15.512 Thread 0x000002108e9f1420 DEOPT UNPACKING pc=0x0000021097a523a3 sp=0x0000006efbcfcf90 mode 2

Classes unloaded (0 events):
No events

Classes redefined (0 events):
No events

Internal exceptions (20 events):
Event: 14.975 Thread 0x000002108e9f1420 Exception <a 'sun/nio/fs/WindowsException'{0x000000073330e098}> (0x000000073330e098) 
thrown [t:\workspace\open\src\hotspot\share\prims\jni.cpp, line 516]
Event: 14.975 Thread 0x000002108e9f1420 Exception <a 'sun/nio/fs/WindowsException'{0x000000073330e450}> (0x000000073330e450) 
thrown [t:\workspace\open\src\hotspot\share\prims\jni.cpp, line 516]
Event: 14.996 Thread 0x000002108e9f1420 Exception <a 'java/lang/NoSuchMethodError'{0x000000073303d430}: 'void java.lang.invoke.DirectMethodHandle$Holder.invokeInterface(java.lang.Object, java.lang.Object, int)'> (0x000000073303d430) 
thrown [t:\workspace\open\src\hotspot\share\interpreter\linkResolver.cpp, line 766]
Event: 14.997 Thread 0x000002108e9f1420 Exception <a 'java/lang/NoSuchMethodError'{0x00000007330579c0}: 'void java.lang.invoke.DirectMethodHandle$Holder.invokeStatic(java.lang.Object, java.lang.Object, int)'> (0x00000007330579c0) 
thrown [t:\workspace\open\src\hotspot\share\interpreter\linkResolver.cpp, line 766]
Event: 14.997 Thread 0x000002108e9f1420 Exception <a 'java/lang/NoSuchMethodError'{0x000000073305b040}: 'void java.lang.invoke.DirectMethodHandle$Holder.invokeStaticInit(java.lang.Object, java.lang.Object, int)'> (0x000000073305b040) 
thrown [t:\workspace\open\src\hotspot\share\interpreter\linkResolver.cpp, line 766]
Event: 15.243 Thread 0x000002108e9f1420 Exception <a 'java/lang/NoSuchMethodError'{0x0000000739f82330}: 'long java.lang.invoke.DirectMethodHandle$Holder.invokeSpecial(java.lang.Object, java.lang.Object)'> (0x0000000739f82330) 
thrown [t:\workspace\open\src\hotspot\share\interpreter\linkResolver.cpp, line 766]
Event: 15.250 Thread 0x000002108e9f1420 Exception <a 'sun/nio/fs/WindowsException'{0x0000000739c237e0}> (0x0000000739c237e0) 
thrown [t:\workspace\open\src\hotspot\share\prims\jni.cpp, line 516]
Event: 15.250 Thread 0x000002108e9f1420 Exception <a 'sun/nio/fs/WindowsException'{0x0000000739c250b0}> (0x0000000739c250b0) 
thrown [t:\workspace\open\src\hotspot\share\prims\jni.cpp, line 516]
Event: 15.459 Thread 0x000002108e9f1420 Exception <a 'java/lang/NoSuchMethodError'{0x0000000738a1ce20}: 'int java.lang.invoke.DirectMethodHandle$Holder.invokeStatic(java.lang.Object)'> (0x0000000738a1ce20) 
thrown [t:\workspace\open\src\hotspot\share\interpreter\linkResolver.cpp, line 766]
Event: 15.508 Thread 0x000002108e9f1420 Exception <a 'java/lang/NoSuchMethodError'{0x00000007389f3e28}: 'java.lang.Object java.lang.invoke.Invokers$Holder.linkToTargetMethod(java.lang.Object, int, java.lang.Object, java.lang.Object)'> (0x00000007389f3e28) 
thrown [t:\workspace\open\src\hotspot\share\interpreter\linkResolver.cpp, line 766]
Event: 15.519 Thread 0x000002108e9f1420 Exception <a 'java/lang/NoSuchMethodError'{0x00000007386ab3b0}: 'int java.lang.invoke.DirectMethodHandle$Holder.invokeStaticInit(java.lang.Object)'> (0x00000007386ab3b0) 
thrown [t:\workspace\open\src\hotspot\share\interpreter\linkResolver.cpp, line 766]
Event: 15.520 Thread 0x000002108e9f1420 Exception <a 'java/lang/NoSuchMethodError'{0x00000007386b2798}: 'int java.lang.invoke.Invokers$Holder.invokeExact_MT(java.lang.Object, java.lang.Object)'> (0x00000007386b2798) 
thrown [t:\workspace\open\src\hotspot\share\interpreter\linkResolver.cpp, line 766]
Event: 15.528 Thread 0x000002108e9f1420 Exception <a 'sun/nio/fs/WindowsException'{0x0000000738778330}> (0x0000000738778330) 
thrown [t:\workspace\open\src\hotspot\share\prims\jni.cpp, line 516]
Event: 15.528 Thread 0x000002108e9f1420 Exception <a 'sun/nio/fs/WindowsException'{0x00000007387786b8}> (0x00000007387786b8) 
thrown [t:\workspace\open\src\hotspot\share\prims\jni.cpp, line 516]
Event: 15.540 Thread 0x000002108e9f1420 Exception <a 'java/lang/NoSuchMethodError'{0x0000000738465e40}: 'java.lang.Object java.lang.invoke.DirectMethodHandle$Holder.invokeInterface(java.lang.Object, java.lang.Object, double)'> (0x0000000738465e40) 
thrown [t:\workspace\open\src\hotspot\share\interpreter\linkResolver.cpp, line 766]
Event: 15.540 Thread 0x000002108e9f1420 Exception <a 'java/lang/NoSuchMethodError'{0x000000073846c688}: 'double java.lang.invoke.DirectMethodHandle$Holder.invokeInterface(java.lang.Object, java.lang.Object, java.lang.Object)'> (0x000000073846c688) 
thrown [t:\workspace\open\src\hotspot\share\interpreter\linkResolver.cpp, line 766]
Event: 15.735 Thread 0x000002108e9f1420 Exception <a 'java/lang/NoSuchMethodError'{0x00000007383455c8}: 'long java.lang.invoke.DirectMethodHandle$Holder.invokeInterface(java.lang.Object, java.lang.Object)'> (0x00000007383455c8) 
thrown [t:\workspace\open\src\hotspot\share\interpreter\linkResolver.cpp, line 766]
Event: 15.739 Thread 0x000002108e9f1420 Exception <a 'java/lang/NoSuchMethodError'{0x00000007383af290}: 'java.lang.Object java.lang.invoke.DirectMethodHandle$Holder.newInvokeSpecial(java.lang.Object, long)'> (0x00000007383af290) 
thrown [t:\workspace\open\src\hotspot\share\interpreter\linkResolver.cpp, line 766]
Event: 15.752 Thread 0x000002108e9f1420 Exception <a 'java/lang/NoSuchMethodError'{0x0000000738069f38}: 'void java.lang.invoke.DirectMethodHandle$Holder.invokeSpecial(java.lang.Object, java.lang.Object, int, long)'> (0x0000000738069f38) 
thrown [t:\workspace\open\src\hotspot\share\interpreter\linkResolver.cpp, line 766]
Event: 15.753 Thread 0x000002108e9f1420 Exception <a 'java/lang/NoSuchMethodError'{0x000000073806feb0}: 'void java.lang.invoke.DirectMethodHandle$Holder.invokeStatic(java.lang.Object, int, long)'> (0x000000073806feb0) 
thrown [t:\workspace\open\src\hotspot\share\interpreter\linkResolver.cpp, line 766]

VM Operations (20 events):
Event: 13.450 Executing VM operation: G1CollectForAllocation
Event: 13.470 Executing VM operation: G1CollectForAllocation done
Event: 13.591 Executing VM operation: G1Concurrent
Event: 13.596 Executing VM operation: G1Concurrent done
Event: 13.644 Executing VM operation: G1Concurrent
Event: 13.644 Executing VM operation: G1Concurrent done
Event: 13.941 Executing VM operation: HandshakeAllThreads
Event: 13.941 Executing VM operation: HandshakeAllThreads done
Event: 13.980 Executing VM operation: HandshakeAllThreads
Event: 13.980 Executing VM operation: HandshakeAllThreads done
Event: 14.010 Executing VM operation: HandshakeAllThreads
Event: 14.010 Executing VM operation: HandshakeAllThreads done
Event: 14.452 Executing VM operation: HandshakeAllThreads
Event: 14.452 Executing VM operation: HandshakeAllThreads done
Event: 14.644 Executing VM operation: HandshakeAllThreads
Event: 14.644 Executing VM operation: HandshakeAllThreads done
Event: 14.644 Executing VM operation: Cleanup
Event: 14.644 Executing VM operation: Cleanup done
Event: 15.154 Executing VM operation: G1CollectForAllocation
Event: 15.171 Executing VM operation: G1CollectForAllocation done

Events (20 events):
Event: 14.958 loading class java/nio/DirectDoubleBufferU
Event: 14.958 loading class java/nio/DirectDoubleBufferU done
Event: 14.976 loading class java/nio/InvalidMarkException
Event: 14.977 loading class java/nio/InvalidMarkException done
Event: 14.977 loading class java/nio/BufferUnderflowException
Event: 14.977 loading class java/nio/BufferUnderflowException done
Event: 15.133 Thread 0x00000210b3acffc0 Thread exited: 0x00000210b3acffc0
Event: 15.133 Thread 0x00000210b5f8bc70 Thread exited: 0x00000210b5f8bc70
Event: 15.252 loading class java/util/function/IntSupplier
Event: 15.252 loading class java/util/function/IntSupplier done
Event: 15.285 Thread 0x00000210b3acffc0 Thread added: 0x00000210b3acffc0
Event: 15.290 Thread 0x00000210b7f31d30 Thread added: 0x00000210b7f31d30
Event: 15.290 Thread 0x00000210b7f31820 Thread added: 0x00000210b7f31820
Event: 15.291 Thread 0x00000210b7f34fd0 Thread added: 0x00000210b7f34fd0
Event: 15.328 Thread 0x00000210b7f34ac0 Thread added: 0x00000210b7f34ac0
Event: 15.519 loading class java/lang/invoke/DirectMethodHandle$StaticAccessor
Event: 15.520 loading class java/lang/invoke/DirectMethodHandle$StaticAccessor done
Event: 15.537 loading class java/util/function/DoubleFunction
Event: 15.537 loading class java/util/function/DoubleFunction done
Event: 15.739 Thread 0x00000210b7f34ac0 Thread exited: 0x00000210b7f34ac0


Dynamic libraries:
0x00007ff6ec9f0000 - 0x00007ff6eca00000 	C:\Program Files\Java\jdk-17.0.2\bin\java.exe
0x00007ff86df30000 - 0x00007ff86e144000 	C:\WINDOWS\SYSTEM32\ntdll.dll
0x00007ff86d2b0000 - 0x00007ff86d372000 	C:\WINDOWS\System32\KERNEL32.DLL
0x00007ff86b470000 - 0x00007ff86b813000 	C:\WINDOWS\System32\KERNELBASE.dll
0x00007ff86ba70000 - 0x00007ff86bb81000 	C:\WINDOWS\System32\ucrtbase.dll
0x00007ff859710000 - 0x00007ff859728000 	C:\Program Files\Java\jdk-17.0.2\bin\jli.dll
0x00007ff858a70000 - 0x00007ff858a8a000 	C:\Program Files\Java\jdk-17.0.2\bin\VCRUNTIME140.dll
0x00007ff86cc20000 - 0x00007ff86ccce000 	C:\WINDOWS\System32\ADVAPI32.dll
0x00007ff86dae0000 - 0x00007ff86db87000 	C:\WINDOWS\System32\msvcrt.dll
0x00007ff86de40000 - 0x00007ff86dee4000 	C:\WINDOWS\System32\sechost.dll
0x00007ff86d990000 - 0x00007ff86daa7000 	C:\WINDOWS\System32\RPCRT4.dll
0x00007ff86bd30000 - 0x00007ff86bedb000 	C:\WINDOWS\System32\USER32.dll
0x00007ff851eb0000 - 0x00007ff85213e000 	C:\WINDOWS\WinSxS\amd64_microsoft.windows.common-controls_6595b64144ccf1df_6.0.22621.1635_none_270f70857386168e\COMCTL32.dll
0x00007ff86bd00000 - 0x00007ff86bd26000 	C:\WINDOWS\System32\win32u.dll
0x00007ff86ce90000 - 0x00007ff86ceb9000 	C:\WINDOWS\System32\GDI32.dll
0x00007ff86b350000 - 0x00007ff86b468000 	C:\WINDOWS\System32\gdi32full.dll
0x00007ff86b820000 - 0x00007ff86b8ba000 	C:\WINDOWS\System32\msvcp_win.dll
0x00007ff864fe0000 - 0x00007ff864fea000 	C:\WINDOWS\SYSTEM32\VERSION.dll
0x00007ff86d380000 - 0x00007ff86d3b1000 	C:\WINDOWS\System32\IMM32.DLL
0x00007ff85c280000 - 0x00007ff85c28c000 	C:\Program Files\Java\jdk-17.0.2\bin\vcruntime140_1.dll
0x00007ff857ca0000 - 0x00007ff857d2d000 	C:\Program Files\Java\jdk-17.0.2\bin\msvcp140.dll
0x00007ffff6a90000 - 0x00007ffff7651000 	C:\Program Files\Java\jdk-17.0.2\bin\server\jvm.dll
0x00007ff86d570000 - 0x00007ff86d578000 	C:\WINDOWS\System32\PSAPI.DLL
0x00007ff8657a0000 - 0x00007ff8657a9000 	C:\WINDOWS\SYSTEM32\WSOCK32.dll
0x00007ff865680000 - 0x00007ff8656b4000 	C:\WINDOWS\SYSTEM32\WINMM.dll
0x00007ff86d580000 - 0x00007ff86d5f1000 	C:\WINDOWS\System32\WS2_32.dll
0x00007ff86a3a0000 - 0x00007ff86a3b8000 	C:\WINDOWS\SYSTEM32\kernel.appcore.dll
0x00007ff859860000 - 0x00007ff85986a000 	C:\Program Files\Java\jdk-17.0.2\bin\jimage.dll
0x00007ff868e50000 - 0x00007ff86907e000 	C:\WINDOWS\SYSTEM32\DBGHELP.DLL
0x00007ff86d600000 - 0x00007ff86d989000 	C:\WINDOWS\System32\combase.dll
0x00007ff86cec0000 - 0x00007ff86cf97000 	C:\WINDOWS\System32\OLEAUT32.dll
0x00007ff8626c0000 - 0x00007ff8626f2000 	C:\WINDOWS\SYSTEM32\dbgcore.DLL
0x00007ff86b930000 - 0x00007ff86b9ab000 	C:\WINDOWS\System32\bcryptPrimitives.dll
0x00007ff858730000 - 0x00007ff858755000 	C:\Program Files\Java\jdk-17.0.2\bin\java.dll
0x00007ff857bc0000 - 0x00007ff857c96000 	C:\Program Files\Java\jdk-17.0.2\bin\jsvml.dll
0x00007ff86bfa0000 - 0x00007ff86c79a000 	C:\WINDOWS\System32\SHELL32.dll
0x00007ff869350000 - 0x00007ff869c1e000 	C:\WINDOWS\SYSTEM32\windows.storage.dll
0x00007ff869210000 - 0x00007ff86934e000 	C:\WINDOWS\SYSTEM32\wintypes.dll
0x00007ff86d3c0000 - 0x00007ff86d4b1000 	C:\WINDOWS\System32\SHCORE.dll
0x00007ff86dde0000 - 0x00007ff86de3e000 	C:\WINDOWS\System32\shlwapi.dll
0x00007ff86b280000 - 0x00007ff86b2a1000 	C:\WINDOWS\SYSTEM32\profapi.dll
0x00007ff858930000 - 0x00007ff858949000 	C:\Program Files\Java\jdk-17.0.2\bin\net.dll
0x00007ff8652e0000 - 0x00007ff865417000 	C:\WINDOWS\SYSTEM32\WINHTTP.dll
0x00007ff86a810000 - 0x00007ff86a879000 	C:\WINDOWS\system32\mswsock.dll
0x00007ff8586d0000 - 0x00007ff8586e6000 	C:\Program Files\Java\jdk-17.0.2\bin\nio.dll
0x00007ff857ba0000 - 0x00007ff857bb8000 	C:\Program Files\Java\jdk-17.0.2\bin\zip.dll
0x00007ff857b90000 - 0x00007ff857ba0000 	C:\Program Files\Java\jdk-17.0.2\bin\verify.dll
0x00007ff857b80000 - 0x00007ff857b89000 	C:\Program Files\Java\jdk-17.0.2\bin\management.dll
0x00007ff857b70000 - 0x00007ff857b7b000 	C:\Program Files\Java\jdk-17.0.2\bin\management_ext.dll
0x00007ff8409a0000 - 0x00007ff8409b7000 	C:\WINDOWS\system32\napinsp.dll
0x00007ff840910000 - 0x00007ff84092b000 	C:\WINDOWS\system32\pnrpnsp.dll
0x00007ff869f40000 - 0x00007ff86a033000 	C:\WINDOWS\SYSTEM32\DNSAPI.dll
0x00007ff869ec0000 - 0x00007ff869eed000 	C:\WINDOWS\SYSTEM32\IPHLPAPI.DLL
0x00007ff86cfa0000 - 0x00007ff86cfa9000 	C:\WINDOWS\System32\NSI.dll
0x00007ff8408f0000 - 0x00007ff840901000 	C:\WINDOWS\System32\winrnr.dll
0x00007ff84bb10000 - 0x00007ff84bb25000 	C:\WINDOWS\system32\wshbth.dll
0x00007ff8408c0000 - 0x00007ff8408e1000 	C:\WINDOWS\system32\nlansp_c.dll
0x00007ff863920000 - 0x00007ff86392a000 	C:\Windows\System32\rasadhlp.dll
0x00007ff8642c0000 - 0x00007ff864344000 	C:\WINDOWS\System32\fwpuclnt.dll
0x00007ff86aa70000 - 0x00007ff86aa8b000 	C:\WINDOWS\SYSTEM32\CRYPTSP.dll
0x00007ff86a310000 - 0x00007ff86a345000 	C:\WINDOWS\system32\rsaenh.dll
0x00007ff86a910000 - 0x00007ff86a938000 	C:\WINDOWS\SYSTEM32\USERENV.dll
0x00007ff86ac30000 - 0x00007ff86ac58000 	C:\WINDOWS\SYSTEM32\bcrypt.dll
0x00007ff86aa90000 - 0x00007ff86aa9c000 	C:\WINDOWS\SYSTEM32\CRYPTBASE.dll
0x00007ff8652c0000 - 0x00007ff8652d9000 	C:\WINDOWS\SYSTEM32\dhcpcsvc6.DLL
0x00007ff8652a0000 - 0x00007ff8652bf000 	C:\WINDOWS\SYSTEM32\dhcpcsvc.DLL
0x00007ff857af0000 - 0x00007ff857b30000 	C:\Users\Brian O\AppData\Local\Temp\jna-1809390229\jna5434207068199949704.dll
0x00007ff86d110000 - 0x00007ff86d2ac000 	C:\WINDOWS\System32\Ole32.dll
0x00007ff86d4c0000 - 0x00007ff86d570000 	C:\WINDOWS\System32\clbcatq.dll
0x00007ff84c500000 - 0x00007ff84c51d000 	C:\WINDOWS\SYSTEM32\amsi.dll
0x00007ff8587a0000 - 0x00007ff85881b000 	C:\ProgramData\Microsoft\Windows Defender\Platform\4.18.23050.3-0\MpOav.dll
0x00007ff856a90000 - 0x00007ff856ae0000 	C:\WINDOWS\SYSTEM32\Pdh.dll
0x00007ff8454f0000 - 0x00007ff845500000 	C:\WINDOWS\System32\perfos.dll
0x00007ff8669c0000 - 0x00007ff8669d0000 	C:\WINDOWS\SYSTEM32\pfclient.dll
0x00007ff857820000 - 0x00007ff857895000 	C:\Users\Brian O\AppData\Local\Temp\lwjglBrian O\3.3.1-build-7\lwjgl.dll
0x00007ff829f80000 - 0x00007ff82a1d9000 	C:\Users\BRIANO~1\AppData\Local\Temp\lwjglBrian O\3.3.1-build-7\jemalloc.dll
0x00007ff856af0000 - 0x00007ff856b51000 	C:\Users\BRIANO~1\AppData\Local\Temp\lwjglBrian O\3.3.1-build-7\glfw.dll
0x00007ff857910000 - 0x00007ff857956000 	C:\WINDOWS\SYSTEM32\dinput8.dll
0x00007ff860cb0000 - 0x00007ff860cc1000 	C:\WINDOWS\SYSTEM32\xinput1_4.dll
0x00007ff86af50000 - 0x00007ff86af9e000 	C:\WINDOWS\SYSTEM32\cfgmgr32.dll
0x00007ff86af20000 - 0x00007ff86af4c000 	C:\WINDOWS\SYSTEM32\DEVOBJ.dll
0x00007ff856160000 - 0x00007ff856361000 	C:\WINDOWS\SYSTEM32\inputhost.dll
0x00007ff867ee0000 - 0x00007ff868013000 	C:\WINDOWS\SYSTEM32\CoreMessaging.dll
0x00007ff868930000 - 0x00007ff86895b000 	C:\WINDOWS\SYSTEM32\dwmapi.dll
0x00007ff868450000 - 0x00007ff8684fb000 	C:\WINDOWS\system32\uxtheme.dll
0x00007ff82a860000 - 0x00007ff82a999000 	C:\ProgramData\A-Volute\A-Volute.Nahimic\Modules\Scheduled\x64\AudioDevProps2.dll
0x00007ff86ccd0000 - 0x00007ff86cdee000 	C:\WINDOWS\System32\MSCTF.dll
0x00007fffe1080000 - 0x00007fffe1180000 	C:\WINDOWS\SYSTEM32\opengl32.dll
0x00007fffd8f80000 - 0x00007fffd8fad000 	C:\WINDOWS\SYSTEM32\GLU32.dll
0x00007ff868530000 - 0x00007ff868566000 	C:\WINDOWS\SYSTEM32\dxcore.dll
0x00007ff8609a0000 - 0x00007ff8609e8000 	C:\WINDOWS\SYSTEM32\directxdatabasehelper.dll
0x00007fffd1690000 - 0x00007fffd16bd000 	C:\WINDOWS\System32\DriverStore\FileRepository\u0383722.inf_amd64_5cbaacf42cbd3812\B383240\atig6pxx.dll
0x00007fffb4110000 - 0x00007fffb7d45000 	C:\WINDOWS\System32\DriverStore\FileRepository\u0383722.inf_amd64_5cbaacf42cbd3812\B383240\atio6axx.dll
0x00007ff86c7a0000 - 0x00007ff86cc14000 	C:\WINDOWS\System32\SETUPAPI.dll
0x00007ff86b8c0000 - 0x00007ff86b92b000 	C:\WINDOWS\System32\WINTRUST.dll
0x00007ff86bb90000 - 0x00007ff86bcf7000 	C:\WINDOWS\System32\CRYPT32.dll
0x00007ff86aad0000 - 0x00007ff86aae2000 	C:\WINDOWS\SYSTEM32\MSASN1.dll

dbghelp: loaded successfully - version: 4.0.5 - missing functions: none
symbol engine: initialized successfully - sym options: 0x614 - pdb path: .;C:\Program Files\Java\jdk-17.0.2\bin;C:\WINDOWS\SYSTEM32;C:\WINDOWS\WinSxS\amd64_microsoft.windows.common-controls_6595b64144ccf1df_6.0.22621.1635_none_270f70857386168e;C:\Program Files\Java\jdk-17.0.2\bin\server;C:\Users\Brian O\AppData\Local\Temp\jna-1809390229;C:\ProgramData\Microsoft\Windows Defender\Platform\4.18.23050.3-0;C:\Users\Brian O\AppData\Local\Temp\lwjglBrian O\3.3.1-build-7;C:\Users\BRIANO~1\AppData\Local\Temp\lwjglBrian O\3.3.1-build-7;C:\ProgramData\A-Volute\A-Volute.Nahimic\Modules\Scheduled\x64;C:\WINDOWS\System32\DriverStore\FileRepository\u0383722.inf_amd64_5cbaacf42cbd3812\B383240

VM Arguments:
jvm_args: -Dforge.enableGameTest=true -Dforge.enabledGameTestNamespaces=celestial_conquest -Dforge.logging.console.level=debug -Dforge.logging.markers=REGISTRIES -DignoreList=bootstraplauncher,securejarhandler,asm-commons,asm-util,asm-analysis,asm-tree,asm,JarJarFileSystems,client-extra,fmlcore,javafmllanguage,lowcodelanguage,mclanguage,forge- -Djava.net.preferIPv6Addresses=system -DlegacyClassPath.file=C:\Users\Brian O\OneDrive\Desktop\Forge\build\classpath\runClient_minecraftClasspath.txt -DmergeModules=jna-5.10.0.jar,jna-platform-5.10.0.jar -Dos.version=10.0 --module-path=C:\Users\Brian O\.gradle\caches\modules-2\files-2.1\cpw.mods\bootstraplauncher\1.1.2\c546e00443d8432cda6baa1c860346980742628\bootstraplauncher-1.1.2.jar;C:\Users\Brian O\.gradle\caches\modules-2\files-2.1\cpw.mods\securejarhandler\2.1.6\66c15fc1f522b586476e9e4cccd0cbe192554e8a\securejarhandler-2.1.6.jar;C:\Users\Brian O\.gradle\caches\modules-2\files-2.1\org.ow2.asm\asm-commons\9.3\1f2a432d1212f5c352ae607d7b61dcae20c20af5\asm-commons-9.3.jar;C:\Users\Brian O\.gradle\caches\modules-2\files-2.1\org.ow2.asm\asm-util\9.3\9595bc05510d0bd4b610188b77333fe4851a1975\asm-util-9.3.jar;C:\Users\Brian O\.gradle\caches\modules-2\files-2.1\org.ow2.asm\asm-analysis\9.3\4b071f211b37c38e0e9f5998550197c8593f6ad8\asm-analysis-9.3.jar;C:\Users\Brian O\.gradle\caches\modules-2\files-2.1\org.ow2.asm\asm-tree\9.3\78d2ecd61318b5a58cd04fb237636c0e86b77d97\asm-tree-9.3.jar;C:\Users\Brian O\.gradle\caches\modules-2\files-2.1\org.ow2.asm\asm\9.3\8e6300ef51c1d801a7ed62d07cd221aca3a90640\asm-9.3.jar;C:\Users\Brian O\.gradle\caches\modules-2\files-2.1\net.minecraftforge\JarJarFileSystems\0.3.19\2464eb7d6b9ddb9db36a82cf8a95193e5c6fe020\JarJarFileSystems-0.3.19.jar --add-modules=ALL-MODULE-PATH --add-opens=java.base/java.util.jar=cpw.mods.securejarhandler --add-opens=java.base/java.lang.invoke=cpw.mods.securejarhandler --add-exports=java.base/sun.security.util=cpw.mods.securejarhandler --add-exports=jdk.naming.dns/com.sun.jndi.dns=java.naming -XX:HeapDumpPath=MojangTricksIntelDriversForPerformance_javaw.exe_minecraft.exe.heapdump -Dos.name=Windows 10 -Dfile.encoding=windows-1252 -Duser.country=US -Duser.language=en -Duser.variant 
java_command: cpw.mods.bootstraplauncher.BootstrapLauncher --launchTarget forgeclientuserdev --version MOD_DEV --assetIndex 2 --assetsDir C:\Users\Brian O\.gradle\caches\forge_gradle\assets --gameDir . --fml.forgeVersion 44.1.23 --fml.mcVersion 1.19.3 --fml.forgeGroup net.minecraftforge --fml.mcpVersion 20221207.122022
java_class_path (initial): C:\Users\Brian O\OneDrive\Desktop\Forge\build\classes\java\main;C:\Users\Brian O\OneDrive\Desktop\Forge\build\resources\main;C:\Users\Brian O\.gradle\caches\forge_gradle\minecraft_user_repo\net\minecraftforge\forge\1.19.3-44.1.23_mapped_official_1.19.3\forge-1.19.3-44.1.23_mapped_official_1.19.3-recomp.jar;C:\Users\Brian O\.gradle\caches\forge_gradle\minecraft_repo\versions\1.19.3\client-extra.jar;C:\Users\Brian O\.gradle\caches\modules-2\files-2.1\net.minecraftforge\javafmllanguage\1.19.3-44.1.23\ac585cc0fe2420f32049f8b7e858f07db3ec3577\javafmllanguage-1.19.3-44.1.23.jar;C:\Users\Brian O\.gradle\caches\modules-2\files-2.1\net.minecraftforge\lowcodelanguage\1.19.3-44.1.23\f89f4203fa34e87de5079632b95784b8154398f7\lowcodelanguage-1.19.3-44.1.23.jar;C:\Users\Brian O\.gradle\caches\modules-2\files-2.1\net.minecraftforge\mclanguage\1.19.3-44.1.23\1ead2474e45d40ec5e0e75ef4b0df599a805d643\mclanguage-1.19.3-44.1.23.jar;C:\Users\Brian O\.gradle\caches\modules-2\files-2.1\net.minecraftforge\fmlcore\1.19.3-44.1.23\b92192d083cf0057121f487d00940be7111fbcbb\fmlcore-1.19.3-44.1.23.jar;C:\Users\Brian O\.gradle\caches\modules-2\files-2.1\net.minecraftforge\fmlloader\1.19.3-44.1.23\1b70943fdc7159418f2f801513f33ad740785cb\fmlloader-1.19.3-44.1.23.jar;C:\Users\Brian O\.gradle\caches\modules-2\files-2.1\net.minecraftforge\JarJarSelector\0.3.19\376cc9c8ea60720cf027c01fc033de915699801c\JarJarSelector-0.3.19.jar;C:\Users\Brian O\.gradle\caches\modules-2\files-2.1\net.minecraftforge\JarJarMetadata\0.3.19\83feaa9b770e6ac0e96ee4fc23fa89325c5fe2\JarJarMetadata-0.3.19.jar;C:\Users\Brian O\.gradle\caches\modules-2\files-2.1\com.google.guava\guava\31.1-jre\60458f877d055d0c9114d9e1a2efb737b4bc282c\guava-31.1-jre.jar;C:\Users\Brian O\.gradle\caches\modules-2\files-2.1\com.google.code.findbugs\jsr305\3.0.2\25ea2e8b0c338a877313bd4672d3fe056ea78f0d\jsr305-3.0.2.jar;C:\Users\Brian O\.gradle\caches\modules-2\files-2.1\ca.weblite\java-objc-bridge\1.1\1227f9e0666314f9de41477e3
Launcher Type: SUN_STANDARD

[Global flags]
     intx CICompilerCount                          = 12                                        {product} {ergonomic}
     uint ConcGCThreads                            = 3                                         {product} {ergonomic}
     uint G1ConcRefinementThreads                  = 13                                        {product} {ergonomic}
   size_t G1HeapRegionSize                         = 2097152                                   {product} {ergonomic}
    uintx GCDrainStackTargetSize                   = 64                                        {product} {ergonomic}
    ccstr HeapDumpPath                             = MojangTricksIntelDriversForPerformance_javaw.exe_minecraft.exe.heapdump         {manageable} {command line}
   size_t InitialHeapSize                          = 232783872                                 {product} {ergonomic}
   size_t MarkStackSize                            = 4194304                                   {product} {ergonomic}
   size_t MaxHeapSize                              = 3720347648                                {product} {ergonomic}
   size_t MaxNewSize                               = 2231369728                                {product} {ergonomic}
   size_t MinHeapDeltaBytes                        = 2097152                                   {product} {ergonomic}
   size_t MinHeapSize                              = 8388608                                   {product} {ergonomic}
    uintx NonNMethodCodeHeapSize                   = 7602480                                {pd product} {ergonomic}
    uintx NonProfiledCodeHeapSize                  = 122027880                              {pd product} {ergonomic}
    uintx ProfiledCodeHeapSize                     = 122027880                              {pd product} {ergonomic}
    uintx ReservedCodeCacheSize                    = 251658240                              {pd product} {ergonomic}
     bool SegmentedCodeCache                       = true                                      {product} {ergonomic}
   size_t SoftMaxHeapSize                          = 3720347648                             {manageable} {ergonomic}
     bool UseCompressedClassPointers               = true                           {product lp64_product} {ergonomic}
     bool UseCompressedOops                        = true                           {product lp64_product} {ergonomic}
     bool UseG1GC                                  = true                                      {product} {ergonomic}
     bool UseLargePagesIndividualAllocation        = false                                  {pd product} {ergonomic}

Logging:
Log output configuration:
 #0: stdout all=warning uptime,level,tags
 #1: stderr all=off uptime,level,tags

Environment Variables:
PATH=C:\Program Files\Common Files\Oracle\Java\javapath;C:\Windows\system32;C:\Windows;C:\Windows\System32\Wbem;C:\Windows\System32\WindowsPowerShell\v1.0\;C:\Windows\System32\OpenSSH\;C:\Program Files (x86)\NVIDIA Corporation\PhysX\Common;C:\Program Files\MATLAB\R2022b\bin;C:\Program Files\MATLAB\R2021b\bin;C:\WINDOWS\system32;C:\WINDOWS;C:\WINDOWS\System32\Wbem;C:\WINDOWS\System32\WindowsPowerShell\v1.0\;C:\WINDOWS\System32\OpenSSH\;C:\Program Files\NVIDIA Corporation\NVIDIA NvDLISR;C:\Program Files\nodejs\;C:\Program Files\Git\cmd;C:\Program Files\Meld\;C:\msys64\mingw64\bin;;C:\WINDOWS\system32;C:\WINDOWS;C:\WINDOWS\System32\Wbem;C:\WINDOWS\System32\WindowsPowerShell\v1.0\;C:\WINDOWS\System32\OpenSSH\;C:\Program Files\dotnet\;C:\Program Files\Siemens\NX1980\CAPITALINTEGRATION\capitalnxremote\;C:\Users\Brian O\AppData\Local\Programs\Python\Python39-32\Scripts\;C:\Users\Brian O\AppData\Local\Programs\Python\Python39-32\;C:\Users\Brian O\AppData\Local\Programs\Python\Python311\Scripts\;C:\Users\Brian O\AppData\Local\Programs\Python\Python311\;C:\Users\Brian O\AppData\Local\Microsoft\WindowsApps;C:\Users\Brian O\AppData\Local\GitHubDesktop\bin;C:\Users\Brian O\AppData\Local\Programs\PROS\cli;C:\Users\Brian O\AppData\Local\Programs\PROS\toolchain\usr\bin;C:\Users\Brian O\AppData\Local\Programs\PROS\cquery;C:\Users\Brian O\AppData\Local\Programs\Microsoft VS Code\bin;C:\Users\Brian O\AppData\Roaming\npm;C:\Users\Brian O\AppData\Local\Programs\Python\Python39\Scripts;
USERNAME=Brian O
OS=Windows_NT
PROCESSOR_IDENTIFIER=AMD64 Family 25 Model 80 Stepping 0, AuthenticAMD



---------------  S Y S T E M  ---------------

OS:
 Windows 11 , 64 bit Build 22621 (10.0.22621.1635)
OS uptime: 24 days 8:52 hours

CPU: total 16 (initial active 16) (16 cores per cpu, 2 threads per core) family 25 model 80 stepping 0 microcode 0x0, cx8, cmov, fxsr, ht, mmx, 3dnowpref, sse, sse2, sse3, ssse3, sse4a, sse4.1, sse4.2, popcnt, lzcnt, tsc, tscinvbit, avx, avx2, aes, erms, clmul, bmi1, bmi2, adx, sha, fma, vzeroupper, clflush, clflushopt

Memory: 4k page, system-wide physical 14188M (2011M free)
TotalPageFile size 29565M (AvailPageFile size 3818M)
current process WorkingSet (physical memory assigned to process): 620M, peak: 646M
current process commit charge ("private bytes"): 712M, peak: 743M

vm_info: Java HotSpot(TM) 64-Bit Server VM (17.0.2+8-LTS-86) for windows-amd64 JRE (17.0.2+8-LTS-86), built on Dec  7 2021 21:51:03 by "mach5one" with MS VC++ 16.8 / 16.9 (VS2019)

END.
