#
# A fatal error has been detected by the Java Runtime Environment:
#
#  EXCEPTION_ACCESS_VIOLATION (0xc0000005) at pc=0x00007fffb42a2b60, pid=9136, tid=2232
#
# JRE version: Java(TM) SE Runtime Environment (17.0.2+8) (build 17.0.2+8-LTS-86)
# Java VM: Java HotSpot(TM) 64-Bit Server VM (17.0.2+8-LTS-86, mixed mode, sharing, tiered, compressed oops, compressed class ptrs, g1 gc, windows-amd64)
# Problematic frame:
# C  [atio6axx.dll+0x192b60]
#
# No core dump will be written. Minidumps are not enabled by default on client versions of Windows
#
# If you would like to submit a bug report, please visit:
#   https://bugreport.java.com/bugreport/crash.jsp
# The crash happened outside the Java Virtual Machine in native code.
# See problematic frame for where to report the bug.
#

---------------  S U M M A R Y ------------

Command Line: -Dforge.enableGameTest=true -Dforge.enabledGameTestNamespaces=celestial_conquest -Dforge.logging.console.level=debug -Dforge.logging.markers=REGISTRIES -DignoreList=bootstraplauncher,securejarhandler,asm-commons,asm-util,asm-analysis,asm-tree,asm,JarJarFileSystems,client-extra,fmlcore,javafmllanguage,lowcodelanguage,mclanguage,forge- -Djava.net.preferIPv6Addresses=system -DlegacyClassPath.file=C:\Users\Brian O\OneDrive\Desktop\Forge\build\classpath\runClient_minecraftClasspath.txt -DmergeModules=jna-5.10.0.jar,jna-platform-5.10.0.jar -Dos.version=10.0 --module-path=C:\Users\Brian O\.gradle\caches\modules-2\files-2.1\cpw.mods\bootstraplauncher\1.1.2\c546e00443d8432cda6baa1c860346980742628\bootstraplauncher-1.1.2.jar;C:\Users\Brian O\.gradle\caches\modules-2\files-2.1\cpw.mods\securejarhandler\2.1.6\66c15fc1f522b586476e9e4cccd0cbe192554e8a\securejarhandler-2.1.6.jar;C:\Users\Brian O\.gradle\caches\modules-2\files-2.1\org.ow2.asm\asm-commons\9.3\1f2a432d1212f5c352ae607d7b61dcae20c20af5\asm-commons-9.3.jar;C:\Users\Brian O\.gradle\caches\modules-2\files-2.1\org.ow2.asm\asm-util\9.3\9595bc05510d0bd4b610188b77333fe4851a1975\asm-util-9.3.jar;C:\Users\Brian O\.gradle\caches\modules-2\files-2.1\org.ow2.asm\asm-analysis\9.3\4b071f211b37c38e0e9f5998550197c8593f6ad8\asm-analysis-9.3.jar;C:\Users\Brian O\.gradle\caches\modules-2\files-2.1\org.ow2.asm\asm-tree\9.3\78d2ecd61318b5a58cd04fb237636c0e86b77d97\asm-tree-9.3.jar;C:\Users\Brian O\.gradle\caches\modules-2\files-2.1\org.ow2.asm\asm\9.3\8e6300ef51c1d801a7ed62d07cd221aca3a90640\asm-9.3.jar;C:\Users\Brian O\.gradle\caches\modules-2\files-2.1\net.minecraftforge\JarJarFileSystems\0.3.19\2464eb7d6b9ddb9db36a82cf8a95193e5c6fe020\JarJarFileSystems-0.3.19.jar --add-modules=ALL-MODULE-PATH --add-opens=java.base/java.util.jar=cpw.mods.securejarhandler --add-opens=java.base/java.lang.invoke=cpw.mods.securejarhandler --add-exports=java.base/sun.security.util=cpw.mods.securejarhandler --add-exports=jdk.naming.dns/com.sun.jndi.dns=java.naming -XX:HeapDumpPath=MojangTricksIntelDriversForPerformance_javaw.exe_minecraft.exe.heapdump -Dos.name=Windows 10 -Dfile.encoding=windows-1252 -Duser.country=US -Duser.language=en -Duser.variant cpw.mods.bootstraplauncher.BootstrapLauncher --launchTarget forgeclientuserdev --version MOD_DEV --assetIndex 2 --assetsDir C:\Users\Brian O\.gradle\caches\forge_gradle\assets --gameDir . --fml.forgeVersion 44.1.23 --fml.mcVersion 1.19.3 --fml.forgeGroup net.minecraftforge --fml.mcpVersion 20221207.122022

Host: AMD Ryzen 7 5800H with Radeon Graphics         , 16 cores, 13G,  Windows 11 , 64 bit Build 22621 (10.0.22621.1635)
Time: Tue Jun  6 23:44:34 2023 Eastern Daylight Time elapsed time: 16.342320 seconds (0d 0h 0m 16s)

---------------  T H R E A D  ---------------

Current thread (0x000001e201ff0e70):  JavaThread "Render thread" [_thread_in_native, id=2232, stack(0x0000000db9500000,0x0000000db9600000)]

Stack: [0x0000000db9500000,0x0000000db9600000],  sp=0x0000000db95fa6b8,  free space=1001k
Native frames: (J=compiled Java code, j=interpreted, Vv=VM code, C=native code)
C  [atio6axx.dll+0x192b60]

Java frames: (J=compiled Java code, j=interpreted, Vv=VM code)
j  org.lwjgl.system.JNI.invokePPPP(IIJJJJ)J+0 org.lwjgl@3.3.1+7
j  org.lwjgl.glfw.GLFW.nglfwCreateWindow(IIJJJ)J+14 org.lwjgl.glfw@3.3.1+7
j  org.lwjgl.glfw.GLFW.glfwCreateWindow(IILjava/lang/CharSequence;JJ)J+34 org.lwjgl.glfw@3.3.1+7
j  net.minecraftforge.client.loading.NoVizFallback.lambda$fallback$0(Ljava/util/function/IntSupplier;Ljava/util/function/IntSupplier;Ljava/util/function/Supplier;Ljava/util/function/LongSupplier;)J+28 forge@44.1.23
j  net.minecraftforge.client.loading.NoVizFallback$$Lambda$4068+0x00000008016155c0.getAsLong()J+16 forge@44.1.23
j  net.minecraftforge.fml.loading.progress.EarlyProgressVisualization$Visualization$$Lambda$4069+0x0000000801612460.apply(Ljava/lang/Object;)Ljava/lang/Object;+4 fmlloader@1.19.3-44.1.23
J 2956 c2 java.util.Optional.map(Ljava/util/function/Function;)Ljava/util/Optional; java.base@17.0.2 (30 bytes) @ 0x000001e21157bb7c [0x000001e21157bb20+0x000000000000005c]
j  net.minecraftforge.fml.loading.progress.EarlyProgressVisualization$Visualization.handOffWindow(Ljava/util/function/IntSupplier;Ljava/util/function/IntSupplier;Ljava/util/function/Supplier;Ljava/util/function/LongSupplier;)J+48 fmlloader@1.19.3-44.1.23
j  net.minecraftforge.fml.loading.progress.EarlyProgressVisualization.handOffWindow(Ljava/util/function/IntSupplier;Ljava/util/function/IntSupplier;Ljava/util/function/Supplier;Ljava/util/function/LongSupplier;)J+9 fmlloader@1.19.3-44.1.23
j  com.mojang.blaze3d.platform.Window.<init>(Lcom/mojang/blaze3d/platform/WindowEventHandler;Lcom/mojang/blaze3d/platform/ScreenManager;Lcom/mojang/blaze3d/platform/DisplayData;Ljava/lang/String;Ljava/lang/String;)V+279 minecraft@1.19.3
j  net.minecraft.client.renderer.VirtualScreen.newWindow(Lcom/mojang/blaze3d/platform/DisplayData;Ljava/lang/String;Ljava/lang/String;)Lcom/mojang/blaze3d/platform/Window;+15 minecraft@1.19.3
j  net.minecraft.client.Minecraft.<init>(Lnet/minecraft/client/main/GameConfig;)V+743 minecraft@1.19.3
j  net.minecraft.client.main.Main.run([Ljava/lang/String;Z)V+1356 minecraft@1.19.3
j  net.minecraft.client.main.Main.main([Ljava/lang/String;)V+12 minecraft@1.19.3
v  ~StubRoutines::call_stub
j  jdk.internal.reflect.NativeMethodAccessorImpl.invoke0(Ljava/lang/reflect/Method;Ljava/lang/Object;[Ljava/lang/Object;)Ljava/lang/Object;+0 java.base@17.0.2
j  jdk.internal.reflect.NativeMethodAccessorImpl.invoke(Ljava/lang/Object;[Ljava/lang/Object;)Ljava/lang/Object;+133 java.base@17.0.2
j  jdk.internal.reflect.DelegatingMethodAccessorImpl.invoke(Ljava/lang/Object;[Ljava/lang/Object;)Ljava/lang/Object;+6 java.base@17.0.2
j  java.lang.reflect.Method.invoke(Ljava/lang/Object;[Ljava/lang/Object;)Ljava/lang/Object;+59 java.base@17.0.2
j  net.minecraftforge.fml.loading.targets.ForgeClientUserdevLaunchHandler.lambda$launchService$0([Ljava/lang/String;Ljava/lang/ModuleLayer;)V+47 fmlloader@1.19.3-44.1.23
j  net.minecraftforge.fml.loading.targets.ForgeClientUserdevLaunchHandler$$Lambda$874+0x0000000800fcca08.run()V+12 fmlloader@1.19.3-44.1.23
j  cpw.mods.modlauncher.LaunchServiceHandlerDecorator.launch([Ljava/lang/String;Ljava/lang/ModuleLayer;)V+11 cpw.mods.modlauncher@10.0.8
j  cpw.mods.modlauncher.LaunchServiceHandler.launch(Ljava/lang/String;[Ljava/lang/String;Ljava/lang/ModuleLayer;Lcpw/mods/modlauncher/TransformingClassLoader;Lcpw/mods/modlauncher/LaunchPluginHandler;)V+58 cpw.mods.modlauncher@10.0.8
j  cpw.mods.modlauncher.LaunchServiceHandler.launch(Lcpw/mods/modlauncher/ArgumentHandler;Ljava/lang/ModuleLayer;Lcpw/mods/modlauncher/TransformingClassLoader;Lcpw/mods/modlauncher/LaunchPluginHandler;)V+21 cpw.mods.modlauncher@10.0.8
j  cpw.mods.modlauncher.Launcher.run([Ljava/lang/String;)V+310 cpw.mods.modlauncher@10.0.8
j  cpw.mods.modlauncher.Launcher.main([Ljava/lang/String;)V+78 cpw.mods.modlauncher@10.0.8
j  cpw.mods.modlauncher.BootstrapLaunchConsumer.accept([Ljava/lang/String;)V+1 cpw.mods.modlauncher@10.0.8
j  cpw.mods.modlauncher.BootstrapLaunchConsumer.accept(Ljava/lang/Object;)V+5 cpw.mods.modlauncher@10.0.8
j  cpw.mods.bootstraplauncher.BootstrapLauncher.main([Ljava/lang/String;)V+515 cpw.mods.bootstraplauncher@1.1.2
v  ~StubRoutines::call_stub

siginfo: EXCEPTION_ACCESS_VIOLATION (0xc0000005), reading address 0xffffffffffffffff


Register to memory mapping:

RIP=0x00007fffb42a2b60 atio6axx.dll
RAX=0x0 is NULL
RBX=0x00007fffb7ae33c0 atio6axx.dll
RCX=0x3536313262363935 is an unknown value
RDX=0x00000000000000d0 is an unknown value
RSP=0x0000000db95fa6b8 is pointing into the stack for thread: 0x000001e201ff0e70
RBP=0x0000000db95fa820 is pointing into the stack for thread: 0x000001e201ff0e70
RSI=0x00007fffb79f2d40 atio6axx.dll
RDI=0x0000000db95fab10 is pointing into the stack for thread: 0x000001e201ff0e70
R8 =0x00000000000001a5 is an unknown value
R9 =0x3536313262363935 is an unknown value
R10=0x0 is NULL
R11=0x0000000000000200 is an unknown value
R12=0x00007fffb7ae3418 atio6axx.dll
R13=0x00007fffb7ae5c18 atio6axx.dll
R14=0x00007fffb7ae33c0 atio6axx.dll
R15=0x0 is NULL


Registers:
RAX=0x0000000000000000, RBX=0x00007fffb7ae33c0, RCX=0x3536313262363935, RDX=0x00000000000000d0
RSP=0x0000000db95fa6b8, RBP=0x0000000db95fa820, RSI=0x00007fffb79f2d40, RDI=0x0000000db95fab10
R8 =0x00000000000001a5, R9 =0x3536313262363935, R10=0x0000000000000000, R11=0x0000000000000200
R12=0x00007fffb7ae3418, R13=0x00007fffb7ae5c18, R14=0x00007fffb7ae33c0, R15=0x0000000000000000
RIP=0x00007fffb42a2b60, EFLAGS=0x0000000000010206

Top of Stack: (sp=0x0000000db95fa6b8)
0x0000000db95fa6b8:   00007fffb42a2e7c 00007fffb7ae6030
0x0000000db95fa6c8:   000001e2270d8018 0000000000000000
0x0000000db95fa6d8:   00007fffb42a3e8d 0000000db95fab10
0x0000000db95fa6e8:   00007fffb425f484 00007fffb7ae33c0
0x0000000db95fa6f8:   00007fffb79f2d40 0000652e6176616a
0x0000000db95fa708:   00007b461a8e01d3 0000000db95fab10
0x0000000db95fa718:   00007fffb4260457 00007fffb7ae33c8
0x0000000db95fa728:   00007fffb79f2d40 00007fffb79f2d40
0x0000000db95fa738:   0000000000000000 00007fffb7ae33c0
0x0000000db95fa748:   00007ff800000000 0000000000000009
0x0000000db95fa758:   000001e2296990bc 000001e229699224
0x0000000db95fa768:   00007fffb7ae33c8 0000000db95fab10
0x0000000db95fa778:   0000000db95fa8c5 00007f006176616a
0x0000000db95fa788:   00007f006176616a 46676e697274535c
0x0000000db95fa798:   5c6f666e49656c69 3062343039303430
0x0000000db95fa7a8:   726556656c69465c 000000006e6f6973 

Instructions: (pc=0x00007fffb42a2b60)
0x00007fffb42a2a60:   74 09 33 c9 ff 15 e6 89 66 03 90 48 8b c3 48 83
0x00007fffb42a2a70:   c4 20 5b c3 cc cc cc cc cc cc cc cc cc cc cc cc
0x00007fffb42a2a80:   48 83 ec 28 48 8b 51 08 48 85 d2 74 09 33 c9 ff
0x00007fffb42a2a90:   15 bb 89 66 03 90 48 83 c4 28 c3 cc cc cc cc cc
0x00007fffb42a2aa0:   48 89 11 c3 cc cc cc cc cc cc cc cc cc cc cc cc
0x00007fffb42a2ab0:   48 8b c1 c3 cc cc cc cc cc cc cc cc cc cc cc cc
0x00007fffb42a2ac0:   48 3b ca 74 10 41 8b 00 39 01 74 09 48 83 c1 04
0x00007fffb42a2ad0:   48 3b ca 75 f3 48 8b c1 c3 cc cc cc cc cc cc cc
0x00007fffb42a2ae0:   48 8b c1 c3 cc cc cc cc cc cc cc cc cc cc cc cc
0x00007fffb42a2af0:   48 83 39 00 0f 94 c0 c3 cc cc cc cc cc cc cc cc
0x00007fffb42a2b00:   4c 8d 04 d5 00 00 00 00 33 d2 e9 c1 d0 dd 01 cc
0x00007fffb42a2b10:   4c 8b 41 08 48 8b 02 49 89 00 48 83 41 08 08 c3
0x00007fffb42a2b20:   48 8b c1 c3 cc cc cc cc cc cc cc cc cc cc cc cc
0x00007fffb42a2b30:   48 8b c1 c3 cc cc cc cc cc cc cc cc cc cc cc cc
0x00007fffb42a2b40:   49 8b 00 48 89 02 c3 cc cc cc cc cc cc cc cc cc
0x00007fffb42a2b50:   8b 81 40 39 00 00 c3 cc cc cc cc cc cc cc cc cc
0x00007fffb42a2b60:   8b 81 40 39 00 00 83 c0 f0 83 f8 67 0f 87 5a 01
0x00007fffb42a2b70:   00 00 48 8d 15 87 d4 e6 ff 0f b6 84 02 f0 2c 19
0x00007fffb42a2b80:   00 8b 8c 82 d0 2c 19 00 48 03 ca ff e1 48 8b 0d
0x00007fffb42a2b90:   7c 6f 7e 03 83 b9 b4 34 00 00 02 0f 87 2b 01 00
0x00007fffb42a2ba0:   00 48 8d 91 0c 29 00 00 c7 02 e1 00 00 00 e9 ce
0x00007fffb42a2bb0:   00 00 00 48 8b 0d 56 6f 7e 03 83 b9 b4 34 00 00
0x00007fffb42a2bc0:   02 0f 87 05 01 00 00 48 8d 91 0c 29 00 00 c7 02
0x00007fffb42a2bd0:   f0 00 00 00 e9 a8 00 00 00 48 8b 0d 30 6f 7e 03
0x00007fffb42a2be0:   83 b9 b4 34 00 00 02 0f 87 df 00 00 00 48 8d 91
0x00007fffb42a2bf0:   0c 29 00 00 c7 02 00 04 00 00 e9 82 00 00 00 48
0x00007fffb42a2c00:   8b 0d 0a 6f 7e 03 83 b9 b4 34 00 00 02 0f 87 b9
0x00007fffb42a2c10:   00 00 00 48 8d 91 0c 29 00 00 c7 02 00 08 00 00
0x00007fffb42a2c20:   eb 5f 48 8b 0d e7 6e 7e 03 83 b9 b4 34 00 00 02
0x00007fffb42a2c30:   0f 87 96 00 00 00 48 8d 91 0c 29 00 00 c7 02 00
0x00007fffb42a2c40:   09 00 00 eb 3c 48 8b 0d c4 6e 7e 03 83 b9 b4 34
0x00007fffb42a2c50:   00 00 02 77 77 48 8d 91 0c 29 00 00 c7 02 3c 0f 


Stack slot to memory mapping:
stack at sp + 0 slots: 0x00007fffb42a2e7c atio6axx.dll
stack at sp + 1 slots: 0x00007fffb7ae6030 atio6axx.dll
stack at sp + 2 slots: 0x000001e2270d8018 points into unknown readable memory: 0x00007fffb72ef5b0 | b0 f5 2e b7 ff 7f 00 00
stack at sp + 3 slots: 0x0 is NULL
stack at sp + 4 slots: 0x00007fffb42a3e8d atio6axx.dll
stack at sp + 5 slots: 0x0000000db95fab10 is pointing into the stack for thread: 0x000001e201ff0e70
stack at sp + 6 slots: 0x00007fffb425f484 atio6axx.dll
stack at sp + 7 slots: 0x00007fffb7ae33c0 atio6axx.dll


---------------  P R O C E S S  ---------------

Threads class SMR info:
_java_thread_list=0x000001e228d8c840, length=25, elements={
0x000001e201ff0e70, 0x000001e2244c7c20, 0x000001e2244c84e0, 0x000001e2244dd050,
0x000001e2244dd910, 0x000001e2244de1d0, 0x000001e2244e2ab0, 0x000001e2244e5760,
0x000001e2244f1620, 0x000001e225008070, 0x000001e2244fe9a0, 0x000001e225142df0,
0x000001e22515e680, 0x000001e22528d100, 0x000001e2258e9640, 0x000001e2258e9f50,
0x000001e22830e900, 0x000001e228e803a0, 0x000001e226c98020, 0x000001e229101020,
0x000001e225488e20, 0x000001e22548b6a0, 0x000001e22a4aee60, 0x000001e2270481e0,
0x000001e22704a040
}

Java Threads: ( => current thread )
=>0x000001e201ff0e70 JavaThread "Render thread" [_thread_in_native, id=2232, stack(0x0000000db9500000,0x0000000db9600000)]
  0x000001e2244c7c20 JavaThread "Reference Handler" daemon [_thread_blocked, id=30016, stack(0x0000000db9c00000,0x0000000db9d00000)]
  0x000001e2244c84e0 JavaThread "Finalizer" daemon [_thread_blocked, id=52644, stack(0x0000000db9d00000,0x0000000db9e00000)]
  0x000001e2244dd050 JavaThread "Signal Dispatcher" daemon [_thread_blocked, id=15588, stack(0x0000000db9e00000,0x0000000db9f00000)]
  0x000001e2244dd910 JavaThread "Attach Listener" daemon [_thread_blocked, id=16656, stack(0x0000000db9f00000,0x0000000dba000000)]
  0x000001e2244de1d0 JavaThread "Service Thread" daemon [_thread_blocked, id=47908, stack(0x0000000dba000000,0x0000000dba100000)]
  0x000001e2244e2ab0 JavaThread "Monitor Deflation Thread" daemon [_thread_blocked, id=464, stack(0x0000000dba100000,0x0000000dba200000)]
  0x000001e2244e5760 JavaThread "C2 CompilerThread0" daemon [_thread_blocked, id=3396, stack(0x0000000dba200000,0x0000000dba300000)]
  0x000001e2244f1620 JavaThread "C1 CompilerThread0" daemon [_thread_blocked, id=12732, stack(0x0000000dba300000,0x0000000dba400000)]
  0x000001e225008070 JavaThread "Sweeper thread" daemon [_thread_blocked, id=41492, stack(0x0000000dba400000,0x0000000dba500000)]
  0x000001e2244fe9a0 JavaThread "C1 CompilerThread1" daemon [_thread_blocked, id=49840, stack(0x0000000dba500000,0x0000000dba600000)]
  0x000001e225142df0 JavaThread "Common-Cleaner" daemon [_thread_blocked, id=47616, stack(0x0000000dba600000,0x0000000dba700000)]
  0x000001e22515e680 JavaThread "C2 CompilerThread1" daemon [_thread_blocked, id=31372, stack(0x0000000dba700000,0x0000000dba800000)]
  0x000001e22528d100 JavaThread "Notification Thread" daemon [_thread_blocked, id=5568, stack(0x0000000dba800000,0x0000000dba900000)]
  0x000001e2258e9640 JavaThread "C1 CompilerThread2" daemon [_thread_blocked, id=2792, stack(0x0000000dbaa00000,0x0000000dbab00000)]
  0x000001e2258e9f50 JavaThread "C1 CompilerThread3" daemon [_thread_blocked, id=36240, stack(0x0000000dbab00000,0x0000000dbac00000)]
  0x000001e22830e900 JavaThread "Thread-0" daemon [_thread_blocked, id=11664, stack(0x0000000dbba00000,0x0000000dbbb00000)]
  0x000001e228e803a0 JavaThread "FileSystemWatchService" daemon [_thread_in_native, id=18184, stack(0x0000000dbbb00000,0x0000000dbbc00000)]
  0x000001e226c98020 JavaThread "pool-2-thread-1" daemon [_thread_blocked, id=20916, stack(0x0000000dbc100000,0x0000000dbc200000)]
  0x000001e229101020 JavaThread "JNA Cleaner" daemon [_thread_blocked, id=15956, stack(0x0000000dbc600000,0x0000000dbc700000)]
  0x000001e225488e20 JavaThread "C2 CompilerThread2" daemon [_thread_blocked, id=28820, stack(0x0000000dbac00000,0x0000000dbad00000)]
  0x000001e22548b6a0 JavaThread "C2 CompilerThread3" daemon [_thread_blocked, id=45980, stack(0x0000000dbb100000,0x0000000dbb200000)]
  0x000001e22a4aee60 JavaThread "Timer hack thread" daemon [_thread_blocked, id=10200, stack(0x0000000dbb200000,0x0000000dbb300000)]
  0x000001e2270481e0 JavaThread "C2 CompilerThread4" daemon [_thread_blocked, id=42028, stack(0x0000000dbbc00000,0x0000000dbbd00000)]
  0x000001e22704a040 JavaThread "C2 CompilerThread5" daemon [_thread_blocked, id=46436, stack(0x0000000dbca00000,0x0000000dbcb00000)]

Other Threads:
  0x000001e2244c5380 VMThread "VM Thread" [stack: 0x0000000db9b00000,0x0000000db9c00000] [id=27784]
  0x000001e201ff3830 WatcherThread [stack: 0x0000000dba900000,0x0000000dbaa00000] [id=48860]
  0x000001e20203f0b0 GCTaskThread "GC Thread#0" [stack: 0x0000000db9600000,0x0000000db9700000] [id=42220]
  0x000001e225838390 GCTaskThread "GC Thread#1" [stack: 0x0000000dbad00000,0x0000000dbae00000] [id=32504]
  0x000001e2259dad10 GCTaskThread "GC Thread#2" [stack: 0x0000000dbae00000,0x0000000dbaf00000] [id=29096]
  0x000001e2259bc3d0 GCTaskThread "GC Thread#3" [stack: 0x0000000dbaf00000,0x0000000dbb000000] [id=35052]
  0x000001e2259be690 GCTaskThread "GC Thread#4" [stack: 0x0000000dbb000000,0x0000000dbb100000] [id=7972]
  0x000001e229b7ca80 GCTaskThread "GC Thread#5" [stack: 0x0000000dbb600000,0x0000000dbb700000] [id=4048]
  0x000001e227244fc0 GCTaskThread "GC Thread#6" [stack: 0x0000000dbb300000,0x0000000dbb400000] [id=35940]
  0x000001e229d7cd80 GCTaskThread "GC Thread#7" [stack: 0x0000000dbb400000,0x0000000dbb500000] [id=37796]
  0x000001e22a8e3150 GCTaskThread "GC Thread#8" [stack: 0x0000000dbb500000,0x0000000dbb600000] [id=20740]
  0x000001e228fae4f0 GCTaskThread "GC Thread#9" [stack: 0x0000000dbb700000,0x0000000dbb800000] [id=2760]
  0x000001e2299aeef0 GCTaskThread "GC Thread#10" [stack: 0x0000000dbb800000,0x0000000dbb900000] [id=20408]
  0x000001e22a466390 GCTaskThread "GC Thread#11" [stack: 0x0000000dbb900000,0x0000000dbba00000] [id=18268]
  0x000001e22a4668f0 GCTaskThread "GC Thread#12" [stack: 0x0000000dbbd00000,0x0000000dbbe00000] [id=6656]
  0x000001e20204eb60 ConcurrentGCThread "G1 Main Marker" [stack: 0x0000000db9700000,0x0000000db9800000] [id=43968]
  0x000001e20204fab0 ConcurrentGCThread "G1 Conc#0" [stack: 0x0000000db9800000,0x0000000db9900000] [id=34956]
  0x000001e22a466640 ConcurrentGCThread "G1 Conc#1" [stack: 0x0000000dbbf00000,0x0000000dbc000000] [id=43884]
  0x000001e22a467660 ConcurrentGCThread "G1 Conc#2" [stack: 0x0000000dbc000000,0x0000000dbc100000] [id=1736]
  0x000001e20209e6b0 ConcurrentGCThread "G1 Refine#0" [stack: 0x0000000db9900000,0x0000000db9a00000] [id=40164]
  0x000001e229a497b0 ConcurrentGCThread "G1 Refine#1" [stack: 0x0000000dbbe00000,0x0000000dbbf00000] [id=28496]
  0x000001e229a480b0 ConcurrentGCThread "G1 Refine#2" [stack: 0x0000000dbc200000,0x0000000dbc300000] [id=21580]
  0x000001e229a48390 ConcurrentGCThread "G1 Refine#3" [stack: 0x0000000dbc300000,0x0000000dbc400000] [id=41376]
  0x000001e229a48f10 ConcurrentGCThread "G1 Refine#4" [stack: 0x0000000dbc400000,0x0000000dbc500000] [id=21240]
  0x000001e229a494d0 ConcurrentGCThread "G1 Refine#5" [stack: 0x0000000dbc500000,0x0000000dbc600000] [id=30764]
  0x000001e22437e130 ConcurrentGCThread "G1 Service" [stack: 0x0000000db9a00000,0x0000000db9b00000] [id=29660]

Threads with active compile tasks:

VM state: not at safepoint (normal execution)

VM Mutex/Monitor currently owned by a thread: None

Heap address: 0x0000000722400000, size: 3548 MB, Compressed Oops mode: Zero based, Oop shift amount: 3

CDS archive(s) mapped at: [0x0000000800000000-0x0000000800bc0000-0x0000000800bc0000), size 12320768, SharedBaseAddress: 0x0000000800000000, ArchiveRelocationMode: 0.
Compressed class space mapped at: 0x0000000800c00000-0x0000000840c00000, reserved size: 1073741824
Narrow klass base: 0x0000000800000000, Narrow klass shift: 0, Narrow klass range: 0x100000000

GC Precious Log:
 CPUs: 16 total, 16 available
 Memory: 14188M
 Large Page Support: Disabled
 NUMA Support: Disabled
 Compressed Oops: Enabled (Zero based)
 Heap Region Size: 2M
 Heap Min Capacity: 8M
 Heap Initial Capacity: 222M
 Heap Max Capacity: 3548M
 Pre-touch: Disabled
 Parallel Workers: 13
 Concurrent Workers: 3
 Concurrent Refinement Workers: 13
 Periodic GC: Disabled

Heap:
 garbage-first heap   total 417792K, used 253961K [0x0000000722400000, 0x0000000800000000)
  region size 2048K, 46 young (94208K), 2 survivors (4096K)
 Metaspace       used 66138K, committed 67264K, reserved 1105920K
  class space    used 9750K, committed 10304K, reserved 1048576K

Heap Regions: E=young(eden), S=young(survivor), O=old, HS=humongous(starts), HC=humongous(continues), CS=collection set, F=free, OA=open archive, CA=closed archive, TAMS=top-at-mark-start (previous, next)
|   0|0x0000000722400000, 0x0000000722600000, 0x0000000722600000|100%|HS|  |TAMS 0x0000000722600000, 0x0000000722400000| Complete 
|   1|0x0000000722600000, 0x0000000722800000, 0x0000000722800000|100%| O|  |TAMS 0x0000000722800000, 0x0000000722600000| Untracked 
|   2|0x0000000722800000, 0x0000000722a00000, 0x0000000722a00000|100%| O|  |TAMS 0x0000000722a00000, 0x0000000722800000| Untracked 
|   3|0x0000000722a00000, 0x0000000722c00000, 0x0000000722c00000|100%|HS|  |TAMS 0x0000000722c00000, 0x0000000722a00000| Complete 
|   4|0x0000000722c00000, 0x0000000722e00000, 0x0000000722e00000|100%| O|  |TAMS 0x0000000722e00000, 0x0000000722c00000| Untracked 
|   5|0x0000000722e00000, 0x0000000723000000, 0x0000000723000000|100%| O|  |TAMS 0x0000000723000000, 0x0000000722e00000| Untracked 
|   6|0x0000000723000000, 0x0000000723200000, 0x0000000723200000|100%|HS|  |TAMS 0x0000000723200000, 0x0000000723000000| Complete 
|   7|0x0000000723200000, 0x0000000723400000, 0x0000000723400000|100%|HS|  |TAMS 0x0000000723400000, 0x0000000723200000| Complete 
|   8|0x0000000723400000, 0x0000000723600000, 0x0000000723600000|100%| O|  |TAMS 0x0000000723600000, 0x0000000723400000| Untracked 
|   9|0x0000000723600000, 0x0000000723800000, 0x0000000723800000|100%| O|  |TAMS 0x0000000723800000, 0x0000000723600000| Untracked 
|  10|0x0000000723800000, 0x0000000723a00000, 0x0000000723a00000|100%| O|  |TAMS 0x0000000723a00000, 0x0000000723800000| Untracked 
|  11|0x0000000723a00000, 0x0000000723c00000, 0x0000000723c00000|100%| O|  |TAMS 0x0000000723c00000, 0x0000000723a00000| Untracked 
|  12|0x0000000723c00000, 0x0000000723e00000, 0x0000000723e00000|100%| O|  |TAMS 0x0000000723e00000, 0x0000000723c00000| Untracked 
|  13|0x0000000723e00000, 0x0000000724000000, 0x0000000724000000|100%| O|  |TAMS 0x0000000724000000, 0x0000000723e00000| Untracked 
|  14|0x0000000724000000, 0x0000000724200000, 0x0000000724200000|100%|HS|  |TAMS 0x0000000724200000, 0x0000000724000000| Complete 
|  15|0x0000000724200000, 0x0000000724400000, 0x0000000724400000|100%| O|  |TAMS 0x0000000724400000, 0x0000000724200000| Untracked 
|  16|0x0000000724400000, 0x0000000724600000, 0x0000000724600000|100%| O|  |TAMS 0x0000000724600000, 0x0000000724400000| Untracked 
|  17|0x0000000724600000, 0x0000000724800000, 0x0000000724800000|100%| O|  |TAMS 0x0000000724800000, 0x0000000724600000| Untracked 
|  18|0x0000000724800000, 0x0000000724a00000, 0x0000000724a00000|100%| O|  |TAMS 0x0000000724a00000, 0x0000000724800000| Untracked 
|  19|0x0000000724a00000, 0x0000000724c00000, 0x0000000724c00000|100%| O|  |TAMS 0x0000000724c00000, 0x0000000724a00000| Untracked 
|  20|0x0000000724c00000, 0x0000000724e00000, 0x0000000724e00000|100%| O|  |TAMS 0x0000000724e00000, 0x0000000724c00000| Untracked 
|  21|0x0000000724e00000, 0x0000000725000000, 0x0000000725000000|100%| O|  |TAMS 0x0000000725000000, 0x0000000724e00000| Untracked 
|  22|0x0000000725000000, 0x0000000725200000, 0x0000000725200000|100%| O|  |TAMS 0x0000000725200000, 0x0000000725000000| Untracked 
|  23|0x0000000725200000, 0x0000000725400000, 0x0000000725400000|100%| O|  |TAMS 0x0000000725400000, 0x0000000725200000| Untracked 
|  24|0x0000000725400000, 0x0000000725600000, 0x0000000725600000|100%| O|  |TAMS 0x0000000725600000, 0x0000000725400000| Untracked 
|  25|0x0000000725600000, 0x0000000725800000, 0x0000000725800000|100%| O|  |TAMS 0x0000000725800000, 0x0000000725600000| Untracked 
|  26|0x0000000725800000, 0x0000000725a00000, 0x0000000725a00000|100%| O|  |TAMS 0x0000000725a00000, 0x0000000725800000| Untracked 
|  27|0x0000000725a00000, 0x0000000725c00000, 0x0000000725c00000|100%| O|  |TAMS 0x0000000725c00000, 0x0000000725a00000| Untracked 
|  28|0x0000000725c00000, 0x0000000725e00000, 0x0000000725e00000|100%| O|  |TAMS 0x0000000725e00000, 0x0000000725c00000| Untracked 
|  29|0x0000000725e00000, 0x0000000725fe8400, 0x0000000726000000| 95%| O|  |TAMS 0x0000000725fe8400, 0x0000000725e00000| Untracked 
|  30|0x0000000726000000, 0x0000000726200000, 0x0000000726200000|100%| O|  |TAMS 0x0000000726200000, 0x0000000726000000| Untracked 
|  31|0x0000000726200000, 0x0000000726400000, 0x0000000726400000|100%| O|  |TAMS 0x0000000726400000, 0x0000000726200000| Untracked 
|  32|0x0000000726400000, 0x0000000726600000, 0x0000000726600000|100%| O|  |TAMS 0x0000000726600000, 0x0000000726400000| Untracked 
|  33|0x0000000726600000, 0x0000000726800000, 0x0000000726800000|100%|HS|  |TAMS 0x0000000726800000, 0x0000000726600000| Complete 
|  34|0x0000000726800000, 0x0000000726a00000, 0x0000000726a00000|100%|HC|  |TAMS 0x0000000726a00000, 0x0000000726800000| Complete 
|  35|0x0000000726a00000, 0x0000000726c00000, 0x0000000726c00000|100%|HC|  |TAMS 0x0000000726c00000, 0x0000000726a00000| Complete 
|  36|0x0000000726c00000, 0x0000000726e00000, 0x0000000726e00000|100%|HC|  |TAMS 0x0000000726e00000, 0x0000000726c00000| Complete 
|  37|0x0000000726e00000, 0x0000000727000000, 0x0000000727000000|100%|HC|  |TAMS 0x0000000727000000, 0x0000000726e00000| Complete 
|  38|0x0000000727000000, 0x0000000727200000, 0x0000000727200000|100%|HC|  |TAMS 0x0000000727200000, 0x0000000727000000| Complete 
|  39|0x0000000727200000, 0x0000000727400000, 0x0000000727400000|100%| O|  |TAMS 0x0000000727400000, 0x0000000727200000| Untracked 
|  40|0x0000000727400000, 0x0000000727600000, 0x0000000727600000|100%| O|  |TAMS 0x0000000727600000, 0x0000000727400000| Untracked 
|  41|0x0000000727600000, 0x0000000727800000, 0x0000000727800000|100%| O|  |TAMS 0x0000000727800000, 0x0000000727600000| Untracked 
|  42|0x0000000727800000, 0x0000000727a00000, 0x0000000727a00000|100%| O|  |TAMS 0x0000000727a00000, 0x0000000727800000| Untracked 
|  43|0x0000000727a00000, 0x0000000727aaba00, 0x0000000727c00000| 33%| O|  |TAMS 0x0000000727aaba00, 0x0000000727a00000| Complete 
|  44|0x0000000727c00000, 0x0000000727e00000, 0x0000000727e00000|100%| O|  |TAMS 0x0000000727e00000, 0x0000000727c00000| Untracked 
|  45|0x0000000727e00000, 0x0000000728000000, 0x0000000728000000|100%| O|  |TAMS 0x0000000728000000, 0x0000000727e00000| Untracked 
|  46|0x0000000728000000, 0x0000000728200000, 0x0000000728200000|100%| O|  |TAMS 0x0000000728200000, 0x0000000728000000| Untracked 
|  47|0x0000000728200000, 0x0000000728400000, 0x0000000728400000|100%| O|  |TAMS 0x0000000728400000, 0x0000000728200000| Untracked 
|  48|0x0000000728400000, 0x0000000728600000, 0x0000000728600000|100%| O|  |TAMS 0x0000000728600000, 0x0000000728400000| Untracked 
|  49|0x0000000728600000, 0x0000000728800000, 0x0000000728800000|100%| O|  |TAMS 0x0000000728800000, 0x0000000728600000| Untracked 
|  50|0x0000000728800000, 0x0000000728a00000, 0x0000000728a00000|100%| O|  |TAMS 0x0000000728a00000, 0x0000000728800000| Untracked 
|  51|0x0000000728a00000, 0x0000000728c00000, 0x0000000728c00000|100%| O|  |TAMS 0x0000000728c00000, 0x0000000728a00000| Untracked 
|  52|0x0000000728c00000, 0x0000000728e00000, 0x0000000728e00000|100%| O|  |TAMS 0x0000000728e00000, 0x0000000728c00000| Untracked 
|  53|0x0000000728e00000, 0x0000000729000000, 0x0000000729000000|100%| O|  |TAMS 0x0000000729000000, 0x0000000728e00000| Untracked 
|  54|0x0000000729000000, 0x0000000729200000, 0x0000000729200000|100%| O|  |TAMS 0x0000000729200000, 0x0000000729000000| Untracked 
|  55|0x0000000729200000, 0x0000000729400000, 0x0000000729400000|100%| O|  |TAMS 0x0000000729400000, 0x0000000729200000| Untracked 
|  56|0x0000000729400000, 0x0000000729600000, 0x0000000729600000|100%| O|  |TAMS 0x0000000729600000, 0x0000000729400000| Untracked 
|  57|0x0000000729600000, 0x0000000729800000, 0x0000000729800000|100%| O|  |TAMS 0x0000000729800000, 0x0000000729600000| Untracked 
|  58|0x0000000729800000, 0x0000000729a00000, 0x0000000729a00000|100%| O|  |TAMS 0x0000000729a00000, 0x0000000729800000| Untracked 
|  59|0x0000000729a00000, 0x0000000729c00000, 0x0000000729c00000|100%| O|  |TAMS 0x0000000729c00000, 0x0000000729a00000| Untracked 
|  60|0x0000000729c00000, 0x0000000729e00000, 0x0000000729e00000|100%| O|  |TAMS 0x0000000729e00000, 0x0000000729c00000| Untracked 
|  61|0x0000000729e00000, 0x000000072a000000, 0x000000072a000000|100%| O|  |TAMS 0x000000072a000000, 0x0000000729e00000| Untracked 
|  62|0x000000072a000000, 0x000000072a200000, 0x000000072a200000|100%| O|  |TAMS 0x000000072a200000, 0x000000072a000000| Untracked 
|  63|0x000000072a200000, 0x000000072a400000, 0x000000072a400000|100%| O|  |TAMS 0x000000072a400000, 0x000000072a200000| Untracked 
|  64|0x000000072a400000, 0x000000072a600000, 0x000000072a600000|100%| O|  |TAMS 0x000000072a600000, 0x000000072a400000| Untracked 
|  65|0x000000072a600000, 0x000000072a800000, 0x000000072a800000|100%| O|  |TAMS 0x000000072a800000, 0x000000072a600000| Untracked 
|  66|0x000000072a800000, 0x000000072aa00000, 0x000000072aa00000|100%| O|  |TAMS 0x000000072aa00000, 0x000000072a800000| Untracked 
|  67|0x000000072aa00000, 0x000000072ac00000, 0x000000072ac00000|100%| O|  |TAMS 0x000000072ac00000, 0x000000072aa00000| Untracked 
|  68|0x000000072ac00000, 0x000000072ae00000, 0x000000072ae00000|100%| O|  |TAMS 0x000000072ae00000, 0x000000072ac00000| Untracked 
|  69|0x000000072ae00000, 0x000000072b000000, 0x000000072b000000|100%| O|  |TAMS 0x000000072b000000, 0x000000072ae00000| Untracked 
|  70|0x000000072b000000, 0x000000072b200000, 0x000000072b200000|100%| O|  |TAMS 0x000000072b200000, 0x000000072b000000| Untracked 
|  71|0x000000072b200000, 0x000000072b400000, 0x000000072b400000|100%| O|  |TAMS 0x000000072b400000, 0x000000072b200000| Untracked 
|  72|0x000000072b400000, 0x000000072b600000, 0x000000072b600000|100%| O|  |TAMS 0x000000072b600000, 0x000000072b400000| Untracked 
|  73|0x000000072b600000, 0x000000072b800000, 0x000000072b800000|100%| O|  |TAMS 0x000000072b800000, 0x000000072b600000| Untracked 
|  74|0x000000072b800000, 0x000000072ba00000, 0x000000072ba00000|100%| O|  |TAMS 0x000000072b86e000, 0x000000072b800000| Untracked 
|  75|0x000000072ba00000, 0x000000072bc00000, 0x000000072bc00000|100%| O|  |TAMS 0x000000072ba00000, 0x000000072ba00000| Untracked 
|  76|0x000000072bc00000, 0x000000072be00000, 0x000000072be00000|100%| O|  |TAMS 0x000000072bc00000, 0x000000072bc00000| Untracked 
|  77|0x000000072be00000, 0x000000072c000000, 0x000000072c000000|100%| O|  |TAMS 0x000000072be00000, 0x000000072be00000| Untracked 
|  78|0x000000072c000000, 0x000000072c200000, 0x000000072c200000|100%| O|  |TAMS 0x000000072c000000, 0x000000072c000000| Untracked 
|  79|0x000000072c200000, 0x000000072c400000, 0x000000072c400000|100%| O|  |TAMS 0x000000072c200000, 0x000000072c200000| Untracked 
|  80|0x000000072c400000, 0x000000072c474200, 0x000000072c600000| 22%| O|  |TAMS 0x000000072c400000, 0x000000072c400000| Untracked 
|  81|0x000000072c600000, 0x000000072c600000, 0x000000072c800000|  0%| F|  |TAMS 0x000000072c600000, 0x000000072c600000| Untracked 
|  82|0x000000072c800000, 0x000000072c800000, 0x000000072ca00000|  0%| F|  |TAMS 0x000000072c800000, 0x000000072c800000| Untracked 
|  83|0x000000072ca00000, 0x000000072ca00000, 0x000000072cc00000|  0%| F|  |TAMS 0x000000072ca00000, 0x000000072ca00000| Untracked 
|  84|0x000000072cc00000, 0x000000072cc00000, 0x000000072ce00000|  0%| F|  |TAMS 0x000000072cc00000, 0x000000072cc00000| Untracked 
|  85|0x000000072ce00000, 0x000000072ce00000, 0x000000072d000000|  0%| F|  |TAMS 0x000000072ce00000, 0x000000072ce00000| Untracked 
|  86|0x000000072d000000, 0x000000072d000000, 0x000000072d200000|  0%| F|  |TAMS 0x000000072d000000, 0x000000072d000000| Untracked 
|  87|0x000000072d200000, 0x000000072d200000, 0x000000072d400000|  0%| F|  |TAMS 0x000000072d200000, 0x000000072d200000| Untracked 
|  88|0x000000072d400000, 0x000000072d400000, 0x000000072d600000|  0%| F|  |TAMS 0x000000072d400000, 0x000000072d400000| Untracked 
|  89|0x000000072d600000, 0x000000072d600000, 0x000000072d800000|  0%| F|  |TAMS 0x000000072d600000, 0x000000072d600000| Untracked 
|  90|0x000000072d800000, 0x000000072d800000, 0x000000072da00000|  0%| F|  |TAMS 0x000000072d800000, 0x000000072d800000| Untracked 
|  91|0x000000072da00000, 0x000000072da00000, 0x000000072dc00000|  0%| F|  |TAMS 0x000000072da00000, 0x000000072da00000| Untracked 
|  92|0x000000072dc00000, 0x000000072dc00000, 0x000000072de00000|  0%| F|  |TAMS 0x000000072dc00000, 0x000000072dc00000| Untracked 
|  93|0x000000072de00000, 0x000000072de00000, 0x000000072e000000|  0%| F|  |TAMS 0x000000072de00000, 0x000000072de00000| Untracked 
|  94|0x000000072e000000, 0x000000072e000000, 0x000000072e200000|  0%| F|  |TAMS 0x000000072e000000, 0x000000072e000000| Untracked 
|  95|0x000000072e200000, 0x000000072e200000, 0x000000072e400000|  0%| F|  |TAMS 0x000000072e200000, 0x000000072e200000| Untracked 
|  96|0x000000072e400000, 0x000000072e400000, 0x000000072e600000|  0%| F|  |TAMS 0x000000072e400000, 0x000000072e400000| Untracked 
|  97|0x000000072e600000, 0x000000072e600000, 0x000000072e800000|  0%| F|  |TAMS 0x000000072e600000, 0x000000072e600000| Untracked 
|  98|0x000000072e800000, 0x000000072e800000, 0x000000072ea00000|  0%| F|  |TAMS 0x000000072e800000, 0x000000072e800000| Untracked 
|  99|0x000000072ea00000, 0x000000072ea00000, 0x000000072ec00000|  0%| F|  |TAMS 0x000000072ea00000, 0x000000072ea00000| Untracked 
| 100|0x000000072ec00000, 0x000000072ec00000, 0x000000072ee00000|  0%| F|  |TAMS 0x000000072ec00000, 0x000000072ec00000| Untracked 
| 101|0x000000072ee00000, 0x000000072ee00000, 0x000000072f000000|  0%| F|  |TAMS 0x000000072ee00000, 0x000000072ee00000| Untracked 
| 102|0x000000072f000000, 0x000000072f000000, 0x000000072f200000|  0%| F|  |TAMS 0x000000072f000000, 0x000000072f000000| Untracked 
| 103|0x000000072f200000, 0x000000072f200000, 0x000000072f400000|  0%| F|  |TAMS 0x000000072f200000, 0x000000072f200000| Untracked 
| 104|0x000000072f400000, 0x000000072f400000, 0x000000072f600000|  0%| F|  |TAMS 0x000000072f400000, 0x000000072f400000| Untracked 
| 105|0x000000072f600000, 0x000000072f600000, 0x000000072f800000|  0%| F|  |TAMS 0x000000072f600000, 0x000000072f600000| Untracked 
| 106|0x000000072f800000, 0x000000072f800000, 0x000000072fa00000|  0%| F|  |TAMS 0x000000072f800000, 0x000000072f800000| Untracked 
| 107|0x000000072fa00000, 0x000000072fa00000, 0x000000072fc00000|  0%| F|  |TAMS 0x000000072fa00000, 0x000000072fa00000| Untracked 
| 108|0x000000072fc00000, 0x000000072fc00000, 0x000000072fe00000|  0%| F|  |TAMS 0x000000072fc00000, 0x000000072fc00000| Untracked 
| 109|0x000000072fe00000, 0x000000072fe00000, 0x0000000730000000|  0%| F|  |TAMS 0x000000072fe00000, 0x000000072fe00000| Untracked 
| 110|0x0000000730000000, 0x0000000730000000, 0x0000000730200000|  0%| F|  |TAMS 0x0000000730000000, 0x0000000730000000| Untracked 
| 111|0x0000000730200000, 0x0000000730200000, 0x0000000730400000|  0%| F|  |TAMS 0x0000000730200000, 0x0000000730200000| Untracked 
| 112|0x0000000730400000, 0x0000000730400000, 0x0000000730600000|  0%| F|  |TAMS 0x0000000730400000, 0x0000000730400000| Untracked 
| 113|0x0000000730600000, 0x0000000730600000, 0x0000000730800000|  0%| F|  |TAMS 0x0000000730600000, 0x0000000730600000| Untracked 
| 114|0x0000000730800000, 0x0000000730800000, 0x0000000730a00000|  0%| F|  |TAMS 0x0000000730800000, 0x0000000730800000| Untracked 
| 115|0x0000000730a00000, 0x0000000730a00000, 0x0000000730c00000|  0%| F|  |TAMS 0x0000000730a00000, 0x0000000730a00000| Untracked 
| 116|0x0000000730c00000, 0x0000000730c00000, 0x0000000730e00000|  0%| F|  |TAMS 0x0000000730c00000, 0x0000000730c00000| Untracked 
| 117|0x0000000730e00000, 0x0000000730e00000, 0x0000000731000000|  0%| F|  |TAMS 0x0000000730e00000, 0x0000000730e00000| Untracked 
| 118|0x0000000731000000, 0x0000000731000000, 0x0000000731200000|  0%| F|  |TAMS 0x0000000731000000, 0x0000000731000000| Untracked 
| 119|0x0000000731200000, 0x0000000731200000, 0x0000000731400000|  0%| F|  |TAMS 0x0000000731200000, 0x0000000731200000| Untracked 
| 120|0x0000000731400000, 0x0000000731400000, 0x0000000731600000|  0%| F|  |TAMS 0x0000000731400000, 0x0000000731400000| Untracked 
| 121|0x0000000731600000, 0x0000000731600000, 0x0000000731800000|  0%| F|  |TAMS 0x0000000731600000, 0x0000000731600000| Untracked 
| 122|0x0000000731800000, 0x0000000731800000, 0x0000000731a00000|  0%| F|  |TAMS 0x0000000731800000, 0x0000000731800000| Untracked 
| 123|0x0000000731a00000, 0x0000000731a00000, 0x0000000731c00000|  0%| F|  |TAMS 0x0000000731a00000, 0x0000000731a00000| Untracked 
| 124|0x0000000731c00000, 0x0000000731c00000, 0x0000000731e00000|  0%| F|  |TAMS 0x0000000731c00000, 0x0000000731c00000| Untracked 
| 125|0x0000000731e00000, 0x0000000731e00000, 0x0000000732000000|  0%| F|  |TAMS 0x0000000731e00000, 0x0000000731e00000| Untracked 
| 126|0x0000000732000000, 0x0000000732000000, 0x0000000732200000|  0%| F|  |TAMS 0x0000000732000000, 0x0000000732000000| Untracked 
| 127|0x0000000732200000, 0x0000000732200000, 0x0000000732400000|  0%| F|  |TAMS 0x0000000732200000, 0x0000000732200000| Untracked 
| 128|0x0000000732400000, 0x0000000732400000, 0x0000000732600000|  0%| F|  |TAMS 0x0000000732400000, 0x0000000732400000| Untracked 
| 129|0x0000000732600000, 0x0000000732600000, 0x0000000732800000|  0%| F|  |TAMS 0x0000000732600000, 0x0000000732600000| Untracked 
| 130|0x0000000732800000, 0x0000000732800000, 0x0000000732a00000|  0%| F|  |TAMS 0x0000000732800000, 0x0000000732800000| Untracked 
| 131|0x0000000732a00000, 0x0000000732a00000, 0x0000000732c00000|  0%| F|  |TAMS 0x0000000732a00000, 0x0000000732a00000| Untracked 
| 132|0x0000000732c00000, 0x0000000732c00000, 0x0000000732e00000|  0%| F|  |TAMS 0x0000000732c00000, 0x0000000732c00000| Untracked 
| 133|0x0000000732e00000, 0x0000000732e00000, 0x0000000733000000|  0%| F|  |TAMS 0x0000000732e00000, 0x0000000732e00000| Untracked 
| 134|0x0000000733000000, 0x0000000733000000, 0x0000000733200000|  0%| F|  |TAMS 0x0000000733000000, 0x0000000733000000| Untracked 
| 135|0x0000000733200000, 0x0000000733200000, 0x0000000733400000|  0%| F|  |TAMS 0x0000000733200000, 0x0000000733200000| Untracked 
| 136|0x0000000733400000, 0x0000000733400000, 0x0000000733600000|  0%| F|  |TAMS 0x0000000733400000, 0x0000000733400000| Untracked 
| 137|0x0000000733600000, 0x0000000733600000, 0x0000000733800000|  0%| F|  |TAMS 0x0000000733600000, 0x0000000733600000| Untracked 
| 138|0x0000000733800000, 0x0000000733800000, 0x0000000733a00000|  0%| F|  |TAMS 0x0000000733800000, 0x0000000733800000| Untracked 
| 139|0x0000000733a00000, 0x0000000733a00000, 0x0000000733c00000|  0%| F|  |TAMS 0x0000000733a00000, 0x0000000733a00000| Untracked 
| 140|0x0000000733c00000, 0x0000000733c00000, 0x0000000733e00000|  0%| F|  |TAMS 0x0000000733c00000, 0x0000000733c00000| Untracked 
| 141|0x0000000733e00000, 0x0000000733e00000, 0x0000000734000000|  0%| F|  |TAMS 0x0000000733e00000, 0x0000000733e00000| Untracked 
| 142|0x0000000734000000, 0x0000000734000000, 0x0000000734200000|  0%| F|  |TAMS 0x0000000734000000, 0x0000000734000000| Untracked 
| 143|0x0000000734200000, 0x0000000734200000, 0x0000000734400000|  0%| F|  |TAMS 0x0000000734200000, 0x0000000734200000| Untracked 
| 144|0x0000000734400000, 0x0000000734400000, 0x0000000734600000|  0%| F|  |TAMS 0x0000000734400000, 0x0000000734400000| Untracked 
| 145|0x0000000734600000, 0x0000000734600000, 0x0000000734800000|  0%| F|  |TAMS 0x0000000734600000, 0x0000000734600000| Untracked 
| 146|0x0000000734800000, 0x00000007348fa470, 0x0000000734a00000| 48%| S|CS|TAMS 0x0000000734800000, 0x0000000734800000| Complete 
| 147|0x0000000734a00000, 0x0000000734c00000, 0x0000000734c00000|100%| S|CS|TAMS 0x0000000734a00000, 0x0000000734a00000| Complete 
| 148|0x0000000734c00000, 0x0000000734c00000, 0x0000000734e00000|  0%| F|  |TAMS 0x0000000734c00000, 0x0000000734c00000| Untracked 
| 149|0x0000000734e00000, 0x0000000734e00000, 0x0000000735000000|  0%| F|  |TAMS 0x0000000734e00000, 0x0000000734e00000| Untracked 
| 150|0x0000000735000000, 0x0000000735000000, 0x0000000735200000|  0%| F|  |TAMS 0x0000000735000000, 0x0000000735000000| Untracked 
| 151|0x0000000735200000, 0x0000000735200000, 0x0000000735400000|  0%| F|  |TAMS 0x0000000735200000, 0x0000000735200000| Untracked 
| 152|0x0000000735400000, 0x0000000735400000, 0x0000000735600000|  0%| F|  |TAMS 0x0000000735400000, 0x0000000735400000| Untracked 
| 153|0x0000000735600000, 0x0000000735600000, 0x0000000735800000|  0%| F|  |TAMS 0x0000000735600000, 0x0000000735600000| Untracked 
| 154|0x0000000735800000, 0x0000000735800000, 0x0000000735a00000|  0%| F|  |TAMS 0x0000000735800000, 0x0000000735800000| Untracked 
| 155|0x0000000735a00000, 0x0000000735a00000, 0x0000000735c00000|  0%| F|  |TAMS 0x0000000735a00000, 0x0000000735a00000| Untracked 
| 156|0x0000000735c00000, 0x0000000735c00000, 0x0000000735e00000|  0%| F|  |TAMS 0x0000000735c00000, 0x0000000735c00000| Untracked 
| 157|0x0000000735e00000, 0x0000000735e00000, 0x0000000736000000|  0%| F|  |TAMS 0x0000000735e00000, 0x0000000735e00000| Untracked 
| 158|0x0000000736000000, 0x0000000736000000, 0x0000000736200000|  0%| F|  |TAMS 0x0000000736000000, 0x0000000736000000| Untracked 
| 159|0x0000000736200000, 0x0000000736200000, 0x0000000736400000|  0%| F|  |TAMS 0x0000000736200000, 0x0000000736200000| Untracked 
| 160|0x0000000736400000, 0x0000000736405148, 0x0000000736600000|  0%| E|  |TAMS 0x0000000736400000, 0x0000000736400000| Complete 
| 161|0x0000000736600000, 0x0000000736800000, 0x0000000736800000|100%| E|CS|TAMS 0x0000000736600000, 0x0000000736600000| Complete 
| 162|0x0000000736800000, 0x0000000736a00000, 0x0000000736a00000|100%| E|CS|TAMS 0x0000000736800000, 0x0000000736800000| Complete 
| 163|0x0000000736a00000, 0x0000000736c00000, 0x0000000736c00000|100%| E|CS|TAMS 0x0000000736a00000, 0x0000000736a00000| Complete 
| 164|0x0000000736c00000, 0x0000000736e00000, 0x0000000736e00000|100%| E|CS|TAMS 0x0000000736c00000, 0x0000000736c00000| Complete 
| 165|0x0000000736e00000, 0x0000000737000000, 0x0000000737000000|100%| E|CS|TAMS 0x0000000736e00000, 0x0000000736e00000| Complete 
| 166|0x0000000737000000, 0x0000000737200000, 0x0000000737200000|100%| E|CS|TAMS 0x0000000737000000, 0x0000000737000000| Complete 
| 167|0x0000000737200000, 0x0000000737400000, 0x0000000737400000|100%| E|CS|TAMS 0x0000000737200000, 0x0000000737200000| Complete 
| 168|0x0000000737400000, 0x0000000737600000, 0x0000000737600000|100%| E|CS|TAMS 0x0000000737400000, 0x0000000737400000| Complete 
| 169|0x0000000737600000, 0x0000000737800000, 0x0000000737800000|100%| E|CS|TAMS 0x0000000737600000, 0x0000000737600000| Complete 
| 170|0x0000000737800000, 0x0000000737a00000, 0x0000000737a00000|100%| E|CS|TAMS 0x0000000737800000, 0x0000000737800000| Complete 
| 171|0x0000000737a00000, 0x0000000737c00000, 0x0000000737c00000|100%| E|CS|TAMS 0x0000000737a00000, 0x0000000737a00000| Complete 
| 172|0x0000000737c00000, 0x0000000737e00000, 0x0000000737e00000|100%| E|CS|TAMS 0x0000000737c00000, 0x0000000737c00000| Complete 
| 173|0x0000000737e00000, 0x0000000738000000, 0x0000000738000000|100%| E|CS|TAMS 0x0000000737e00000, 0x0000000737e00000| Complete 
| 174|0x0000000738000000, 0x0000000738200000, 0x0000000738200000|100%| E|CS|TAMS 0x0000000738000000, 0x0000000738000000| Complete 
| 175|0x0000000738200000, 0x0000000738400000, 0x0000000738400000|100%| E|CS|TAMS 0x0000000738200000, 0x0000000738200000| Complete 
| 176|0x0000000738400000, 0x0000000738600000, 0x0000000738600000|100%| E|CS|TAMS 0x0000000738400000, 0x0000000738400000| Complete 
| 177|0x0000000738600000, 0x0000000738800000, 0x0000000738800000|100%| E|CS|TAMS 0x0000000738600000, 0x0000000738600000| Complete 
| 178|0x0000000738800000, 0x0000000738a00000, 0x0000000738a00000|100%| E|CS|TAMS 0x0000000738800000, 0x0000000738800000| Complete 
| 179|0x0000000738a00000, 0x0000000738c00000, 0x0000000738c00000|100%| E|CS|TAMS 0x0000000738a00000, 0x0000000738a00000| Complete 
| 180|0x0000000738c00000, 0x0000000738e00000, 0x0000000738e00000|100%| E|CS|TAMS 0x0000000738c00000, 0x0000000738c00000| Complete 
| 181|0x0000000738e00000, 0x0000000739000000, 0x0000000739000000|100%| E|CS|TAMS 0x0000000738e00000, 0x0000000738e00000| Complete 
| 182|0x0000000739000000, 0x0000000739200000, 0x0000000739200000|100%| E|CS|TAMS 0x0000000739000000, 0x0000000739000000| Complete 
| 183|0x0000000739200000, 0x0000000739400000, 0x0000000739400000|100%| E|CS|TAMS 0x0000000739200000, 0x0000000739200000| Complete 
| 184|0x0000000739400000, 0x0000000739600000, 0x0000000739600000|100%| E|CS|TAMS 0x0000000739400000, 0x0000000739400000| Complete 
| 185|0x0000000739600000, 0x0000000739800000, 0x0000000739800000|100%| E|CS|TAMS 0x0000000739600000, 0x0000000739600000| Complete 
| 186|0x0000000739800000, 0x0000000739a00000, 0x0000000739a00000|100%| E|CS|TAMS 0x0000000739800000, 0x0000000739800000| Complete 
| 187|0x0000000739a00000, 0x0000000739c00000, 0x0000000739c00000|100%| E|CS|TAMS 0x0000000739a00000, 0x0000000739a00000| Complete 
| 188|0x0000000739c00000, 0x0000000739e00000, 0x0000000739e00000|100%| E|CS|TAMS 0x0000000739c00000, 0x0000000739c00000| Complete 
| 189|0x0000000739e00000, 0x000000073a000000, 0x000000073a000000|100%| E|CS|TAMS 0x0000000739e00000, 0x0000000739e00000| Complete 
| 190|0x000000073a000000, 0x000000073a200000, 0x000000073a200000|100%| E|CS|TAMS 0x000000073a000000, 0x000000073a000000| Complete 
| 191|0x000000073a200000, 0x000000073a400000, 0x000000073a400000|100%| E|CS|TAMS 0x000000073a200000, 0x000000073a200000| Complete 
| 192|0x000000073a400000, 0x000000073a600000, 0x000000073a600000|100%| E|CS|TAMS 0x000000073a400000, 0x000000073a400000| Complete 
| 193|0x000000073a600000, 0x000000073a800000, 0x000000073a800000|100%| E|CS|TAMS 0x000000073a600000, 0x000000073a600000| Complete 
| 194|0x000000073a800000, 0x000000073aa00000, 0x000000073aa00000|100%| E|CS|TAMS 0x000000073a800000, 0x000000073a800000| Complete 
| 215|0x000000073d200000, 0x000000073d400000, 0x000000073d400000|100%| E|CS|TAMS 0x000000073d200000, 0x000000073d200000| Complete 
| 216|0x000000073d400000, 0x000000073d600000, 0x000000073d600000|100%| E|CS|TAMS 0x000000073d400000, 0x000000073d400000| Complete 
| 217|0x000000073d600000, 0x000000073d800000, 0x000000073d800000|100%| E|CS|TAMS 0x000000073d600000, 0x000000073d600000| Complete 
| 218|0x000000073d800000, 0x000000073da00000, 0x000000073da00000|100%| E|CS|TAMS 0x000000073d800000, 0x000000073d800000| Complete 
| 219|0x000000073da00000, 0x000000073dc00000, 0x000000073dc00000|100%| E|CS|TAMS 0x000000073da00000, 0x000000073da00000| Complete 
| 220|0x000000073dc00000, 0x000000073de00000, 0x000000073de00000|100%| E|CS|TAMS 0x000000073dc00000, 0x000000073dc00000| Complete 
| 245|0x0000000740e00000, 0x0000000741000000, 0x0000000741000000|100%| E|CS|TAMS 0x0000000740e00000, 0x0000000740e00000| Complete 
| 246|0x0000000741000000, 0x0000000741200000, 0x0000000741200000|100%| E|CS|TAMS 0x0000000741000000, 0x0000000741000000| Complete 
| 247|0x0000000741200000, 0x0000000741400000, 0x0000000741400000|100%| E|CS|TAMS 0x0000000741200000, 0x0000000741200000| Complete 

Card table byte_map: [0x000001e2197a0000,0x000001e219e90000] _byte_map_base: 0x000001e215e8e000

Marking Bits (Prev, Next): (CMBitMap*) 0x000001e20203f4a0, (CMBitMap*) 0x000001e20203f460
 Prev Bits: [0x000001e21dcf0000, 0x000001e221460000)
 Next Bits: [0x000001e21a580000, 0x000001e21dcf0000)

Polling page: 0x000001e2017a0000

Metaspace:

Usage:
  Non-class:     55.07 MB used.
      Class:      9.52 MB used.
       Both:     64.59 MB used.

Virtual space:
  Non-class space:       56.00 MB reserved,      55.62 MB (>99%) committed,  7 nodes.
      Class space:        1.00 GB reserved,      10.06 MB ( <1%) committed,  1 nodes.
             Both:        1.05 GB reserved,      65.69 MB (  6%) committed. 

Chunk freelists:
   Non-Class:  2.00 KB
       Class:  1.91 MB
        Both:  1.91 MB

MaxMetaspaceSize: unlimited
CompressedClassSpaceSize: 1.00 GB
Initial GC threshold: 21.00 MB
Current GC threshold: 99.94 MB
CDS: on
MetaspaceReclaimPolicy: balanced
 - commit_granule_bytes: 65536.
 - commit_granule_words: 8192.
 - virtual_space_node_default_size: 1048576.
 - enlarge_chunks_in_place: 1.
 - new_chunks_are_fully_committed: 0.
 - uncommit_free_chunks: 1.
 - use_allocation_guard: 0.
 - handle_deallocations: 1.


Internal statistics:

num_allocs_failed_limit: 15.
num_arena_births: 1738.
num_arena_deaths: 0.
num_vsnodes_births: 8.
num_vsnodes_deaths: 0.
num_space_committed: 1048.
num_space_uncommitted: 0.
num_chunks_returned_to_freelist: 15.
num_chunks_taken_from_freelist: 4421.
num_chunk_merges: 12.
num_chunk_splits: 2895.
num_chunks_enlarged: 1966.
num_purges: 0.
num_inconsistent_stats: 0.

CodeHeap 'non-profiled nmethods': size=119168Kb used=7184Kb max_used=7184Kb free=111984Kb
 bounds [0x000001e2113c0000, 0x000001e211ad0000, 0x000001e218820000]
CodeHeap 'profiled nmethods': size=119104Kb used=13288Kb max_used=14475Kb free=105815Kb
 bounds [0x000001e209f70000, 0x000001e20ada0000, 0x000001e2113c0000]
CodeHeap 'non-nmethods': size=7488Kb used=3667Kb max_used=3713Kb free=3820Kb
 bounds [0x000001e209820000, 0x000001e209bd0000, 0x000001e209f70000]
 total_blobs=9352 nmethods=7841 adapters=1420
 compilation: enabled
              stopped_count=0, restarted_count=0
 full_count=0

Compilation events (20 events):
Event: 15.927 Thread 0x000001e2258e9f50 10123       3       sun.misc.Unsafe::putInt (11 bytes)
Event: 15.928 Thread 0x000001e2258e9f50 nmethod 10123 0x000001e20aa20810 code [0x000001e20aa209a0, 0x000001e20aa20ab8]
Event: 15.928 Thread 0x000001e2258e9640 10125       3       org.lwjgl.system.MemoryUtil::encodeASCIIUnsafe (53 bytes)
Event: 15.928 Thread 0x000001e2258e9f50 10126       3       java.nio.ByteBuffer::order (48 bytes)
Event: 15.928 Thread 0x000001e2244fe9a0 10127       1       org.lwjgl.system.Pointer$Default::address (5 bytes)
Event: 15.928 Thread 0x000001e2244fe9a0 nmethod 10127 0x000001e2117f5b10 code [0x000001e2117f5ca0, 0x000001e2117f5d78]
Event: 15.928 Thread 0x000001e2258e9f50 nmethod 10126 0x000001e20a015410 code [0x000001e20a0155c0, 0x000001e20a0157f8]
Event: 15.928 Thread 0x000001e2244f1620 10128       3       jdk.internal.loader.NativeLibraries$NativeLibraryImpl::find (6 bytes)
Event: 15.928 Thread 0x000001e2258e9640 nmethod 10125 0x000001e20a91bd90 code [0x000001e20a91bf60, 0x000001e20a91c378]
Event: 15.929 Thread 0x000001e2244f1620 nmethod 10128 0x000001e20a0c5310 code [0x000001e20a0c54a0, 0x000001e20a0c55c8]
Event: 15.981 Thread 0x000001e2244f1620 10130       3       java.util.concurrent.ConcurrentHashMap::isEmpty (15 bytes)
Event: 15.981 Thread 0x000001e2244f1620 nmethod 10130 0x000001e20a0c4f10 code [0x000001e20a0c50c0, 0x000001e20a0c5268]
Event: 16.179 Thread 0x000001e2270481e0 10132       4       org.apache.logging.log4j.core.filter.MarkerFilter::filter (6 bytes)
Event: 16.198 Thread 0x000001e2244fe9a0 10135       3       java.util.EnumMap::isValidKey (36 bytes)
Event: 16.198 Thread 0x000001e2244fe9a0 nmethod 10135 0x000001e20a0c4a10 code [0x000001e20a0c4bc0, 0x000001e20a0c4e48]
Event: 16.201 Thread 0x000001e2270481e0 nmethod 10132 0x000001e211aaac10 code [0x000001e211aaadc0, 0x000001e211aab738]
Event: 16.202 Thread 0x000001e2244f1620 10138       3       java.lang.invoke.TypeConvertingMethodAdapter::convertType (299 bytes)
Event: 16.205 Thread 0x000001e2244f1620 nmethod 10138 0x000001e20aacf790 code [0x000001e20aacfda0, 0x000001e20aad3368]
Event: 16.244 Thread 0x000001e22704a040 nmethod 10100 0x000001e211aac090 code [0x000001e211aac8c0, 0x000001e211ab4508]
Event: 16.296 Thread 0x000001e22548b6a0 nmethod 10099 0x000001e211ab8510 code [0x000001e211ab8d20, 0x000001e211ac00e0]

GC Heap History (20 events):
Event: 8.038 GC heap before
{Heap before GC invocations=12 (full 0):
 garbage-first heap   total 245760K, used 189702K [0x0000000722400000, 0x0000000800000000)
  region size 2048K, 59 young (120832K), 2 survivors (4096K)
 Metaspace       used 29186K, committed 30016K, reserved 1081344K
  class space    used 3587K, committed 3968K, reserved 1048576K
}
Event: 8.042 GC heap after
{Heap after GC invocations=13 (full 0):
 garbage-first heap   total 245760K, used 76167K [0x0000000722400000, 0x0000000800000000)
  region size 2048K, 2 young (4096K), 2 survivors (4096K)
 Metaspace       used 29186K, committed 30016K, reserved 1081344K
  class space    used 3587K, committed 3968K, reserved 1048576K
}
Event: 8.501 GC heap before
{Heap before GC invocations=13 (full 0):
 garbage-first heap   total 245760K, used 209287K [0x0000000722400000, 0x0000000800000000)
  region size 2048K, 61 young (124928K), 2 survivors (4096K)
 Metaspace       used 31912K, committed 32768K, reserved 1081344K
  class space    used 3961K, committed 4352K, reserved 1048576K
}
Event: 8.507 GC heap after
{Heap after GC invocations=14 (full 0):
 garbage-first heap   total 245760K, used 90649K [0x0000000722400000, 0x0000000800000000)
  region size 2048K, 3 young (6144K), 3 survivors (6144K)
 Metaspace       used 31912K, committed 32768K, reserved 1081344K
  class space    used 3961K, committed 4352K, reserved 1048576K
}
Event: 9.051 GC heap before
{Heap before GC invocations=14 (full 0):
 garbage-first heap   total 245760K, used 201241K [0x0000000722400000, 0x0000000800000000)
  region size 2048K, 57 young (116736K), 3 survivors (6144K)
 Metaspace       used 32596K, committed 33472K, reserved 1081344K
  class space    used 4064K, committed 4480K, reserved 1048576K
}
Event: 9.058 GC heap after
{Heap after GC invocations=15 (full 0):
 garbage-first heap   total 245760K, used 93338K [0x0000000722400000, 0x0000000800000000)
  region size 2048K, 5 young (10240K), 5 survivors (10240K)
 Metaspace       used 32596K, committed 33472K, reserved 1081344K
  class space    used 4064K, committed 4480K, reserved 1048576K
}
Event: 9.486 GC heap before
{Heap before GC invocations=15 (full 0):
 garbage-first heap   total 245760K, used 201882K [0x0000000722400000, 0x0000000800000000)
  region size 2048K, 58 young (118784K), 5 survivors (10240K)
 Metaspace       used 34307K, committed 35200K, reserved 1081344K
  class space    used 4228K, committed 4608K, reserved 1048576K
}
Event: 9.495 GC heap after
{Heap after GC invocations=16 (full 0):
 garbage-first heap   total 507904K, used 95362K [0x0000000722400000, 0x0000000800000000)
  region size 2048K, 6 young (12288K), 6 survivors (12288K)
 Metaspace       used 34307K, committed 35200K, reserved 1081344K
  class space    used 4228K, committed 4608K, reserved 1048576K
}
Event: 9.674 GC heap before
{Heap before GC invocations=16 (full 0):
 garbage-first heap   total 507904K, used 148610K [0x0000000722400000, 0x0000000800000000)
  region size 2048K, 33 young (67584K), 6 survivors (12288K)
 Metaspace       used 35267K, committed 36160K, reserved 1081344K
  class space    used 4324K, committed 4736K, reserved 1048576K
}
Event: 9.681 GC heap after
{Heap after GC invocations=17 (full 0):
 garbage-first heap   total 507904K, used 96276K [0x0000000722400000, 0x0000000800000000)
  region size 2048K, 6 young (12288K), 6 survivors (12288K)
 Metaspace       used 35267K, committed 36160K, reserved 1081344K
  class space    used 4324K, committed 4736K, reserved 1048576K
}
Event: 11.178 GC heap before
{Heap before GC invocations=18 (full 0):
 garbage-first heap   total 348160K, used 290836K [0x0000000722400000, 0x0000000800000000)
  region size 2048K, 102 young (208896K), 6 survivors (12288K)
 Metaspace       used 42380K, committed 43328K, reserved 1089536K
  class space    used 5515K, committed 5952K, reserved 1048576K
}
Event: 11.196 GC heap after
{Heap after GC invocations=19 (full 0):
 garbage-first heap   total 348160K, used 110468K [0x0000000722400000, 0x0000000800000000)
  region size 2048K, 13 young (26624K), 13 survivors (26624K)
 Metaspace       used 42380K, committed 43328K, reserved 1089536K
  class space    used 5515K, committed 5952K, reserved 1048576K
}
Event: 11.815 GC heap before
{Heap before GC invocations=19 (full 0):
 garbage-first heap   total 348160K, used 284548K [0x0000000722400000, 0x0000000800000000)
  region size 2048K, 98 young (200704K), 13 survivors (26624K)
 Metaspace       used 43236K, committed 44224K, reserved 1089536K
  class space    used 5652K, committed 6080K, reserved 1048576K
}
Event: 11.848 GC heap after
{Heap after GC invocations=20 (full 0):
 garbage-first heap   total 348160K, used 129869K [0x0000000722400000, 0x0000000800000000)
  region size 2048K, 10 young (20480K), 10 survivors (20480K)
 Metaspace       used 43236K, committed 44224K, reserved 1089536K
  class space    used 5652K, committed 6080K, reserved 1048576K
}
Event: 12.736 GC heap before
{Heap before GC invocations=20 (full 0):
 garbage-first heap   total 348160K, used 279373K [0x0000000722400000, 0x0000000800000000)
  region size 2048K, 83 young (169984K), 10 survivors (20480K)
 Metaspace       used 47623K, committed 48640K, reserved 1097728K
  class space    used 6304K, committed 6784K, reserved 1048576K
}
Event: 12.760 GC heap after
{Heap after GC invocations=21 (full 0):
 garbage-first heap   total 348160K, used 150557K [0x0000000722400000, 0x0000000800000000)
  region size 2048K, 11 young (22528K), 11 survivors (22528K)
 Metaspace       used 47623K, committed 48640K, reserved 1097728K
  class space    used 6304K, committed 6784K, reserved 1048576K
}
Event: 14.161 GC heap before
{Heap before GC invocations=21 (full 0):
 garbage-first heap   total 348160K, used 275485K [0x0000000722400000, 0x0000000800000000)
  region size 2048K, 72 young (147456K), 11 survivors (22528K)
 Metaspace       used 56143K, committed 57216K, reserved 1097728K
  class space    used 8139K, committed 8640K, reserved 1048576K
}
Event: 14.189 GC heap after
{Heap after GC invocations=22 (full 0):
 garbage-first heap   total 348160K, used 162823K [0x0000000722400000, 0x0000000800000000)
  region size 2048K, 6 young (12288K), 6 survivors (12288K)
 Metaspace       used 56143K, committed 57216K, reserved 1097728K
  class space    used 8139K, committed 8640K, reserved 1048576K
}
Event: 14.767 GC heap before
{Heap before GC invocations=22 (full 0):
 garbage-first heap   total 348160K, used 205831K [0x0000000722400000, 0x0000000800000000)
  region size 2048K, 28 young (57344K), 6 survivors (12288K)
 Metaspace       used 59486K, committed 60608K, reserved 1105920K
  class space    used 8839K, committed 9344K, reserved 1048576K
}
Event: 14.779 GC heap after
{Heap after GC invocations=23 (full 0):
 garbage-first heap   total 417792K, used 165897K [0x0000000722400000, 0x0000000800000000)
  region size 2048K, 2 young (4096K), 2 survivors (4096K)
 Metaspace       used 59486K, committed 60608K, reserved 1105920K
  class space    used 8839K, committed 9344K, reserved 1048576K
}

Deoptimization events (20 events):
Event: 15.726 Thread 0x000001e201ff0e70 Uncommon trap: trap_request=0xffffffc6 fr.pc=0x000001e211648fa0 relative=0x00000000000001c0
Event: 15.726 Thread 0x000001e201ff0e70 Uncommon trap: reason=bimorphic_or_optimized_type_check action=maybe_recompile pc=0x000001e211648fa0 method=java.nio.file.Files.isDirectory(Ljava/nio/file/Path;[Ljava/nio/file/LinkOption;)Z @ 34 c2
Event: 15.726 Thread 0x000001e201ff0e70 DEOPT PACKING pc=0x000001e211648fa0 sp=0x0000000db95fdc70
Event: 15.726 Thread 0x000001e201ff0e70 DEOPT UNPACKING pc=0x000001e2098723a3 sp=0x0000000db95fdc08 mode 2
Event: 15.861 Thread 0x000001e201ff0e70 Uncommon trap: trap_request=0xffffff45 fr.pc=0x000001e2116b7e00 relative=0x00000000000000e0
Event: 15.861 Thread 0x000001e201ff0e70 Uncommon trap: reason=unstable_if action=reinterpret pc=0x000001e2116b7e00 method=java.util.EnumMap.isValidKey(Ljava/lang/Object;)Z @ 16 c2
Event: 15.861 Thread 0x000001e201ff0e70 DEOPT PACKING pc=0x000001e2116b7e00 sp=0x0000000db95fdc60
Event: 15.861 Thread 0x000001e201ff0e70 DEOPT UNPACKING pc=0x000001e2098723a3 sp=0x0000000db95fdb98 mode 2
Event: 15.861 Thread 0x000001e201ff0e70 Uncommon trap: trap_request=0xffffff45 fr.pc=0x000001e211520180 relative=0x0000000000000080
Event: 15.861 Thread 0x000001e201ff0e70 Uncommon trap: reason=unstable_if action=reinterpret pc=0x000001e211520180 method=java.util.EnumMap.isValidKey(Ljava/lang/Object;)Z @ 16 c2
Event: 15.861 Thread 0x000001e201ff0e70 DEOPT PACKING pc=0x000001e211520180 sp=0x0000000db95fdc10
Event: 15.861 Thread 0x000001e201ff0e70 DEOPT UNPACKING pc=0x000001e2098723a3 sp=0x0000000db95fdba0 mode 2
Event: 15.861 Thread 0x000001e201ff0e70 Uncommon trap: trap_request=0xffffff45 fr.pc=0x000001e211a37f04 relative=0x00000000000002e4
Event: 15.861 Thread 0x000001e201ff0e70 Uncommon trap: reason=unstable_if action=reinterpret pc=0x000001e211a37f04 method=java.lang.invoke.AbstractValidatingLambdaMetafactory.isAdaptableTo(Ljava/lang/Class;Ljava/lang/Class;Z)Z @ 81 c2
Event: 15.861 Thread 0x000001e201ff0e70 DEOPT PACKING pc=0x000001e211a37f04 sp=0x0000000db95fcc90
Event: 15.861 Thread 0x000001e201ff0e70 DEOPT UNPACKING pc=0x000001e2098723a3 sp=0x0000000db95fcc20 mode 2
Event: 15.861 Thread 0x000001e201ff0e70 Uncommon trap: trap_request=0xffffff45 fr.pc=0x000001e2116dcf6c relative=0x000000000000038c
Event: 15.861 Thread 0x000001e201ff0e70 Uncommon trap: reason=unstable_if action=reinterpret pc=0x000001e2116dcf6c method=java.lang.invoke.TypeConvertingMethodAdapter.convertType(Ljava/lang/Class;Ljava/lang/Class;Ljava/lang/Class;)V @ 186 c2
Event: 15.861 Thread 0x000001e201ff0e70 DEOPT PACKING pc=0x000001e2116dcf6c sp=0x0000000db95fcaa0
Event: 15.861 Thread 0x000001e201ff0e70 DEOPT UNPACKING pc=0x000001e2098723a3 sp=0x0000000db95fca00 mode 2

Classes unloaded (0 events):
No events

Classes redefined (0 events):
No events

Internal exceptions (20 events):
Event: 15.218 Thread 0x000001e201ff0e70 Exception <a 'sun/nio/fs/WindowsException'{0x0000000739bf5ec0}> (0x0000000739bf5ec0) 
thrown [t:\workspace\open\src\hotspot\share\prims\jni.cpp, line 516]
Event: 15.218 Thread 0x000001e201ff0e70 Exception <a 'sun/nio/fs/WindowsException'{0x0000000739bf6278}> (0x0000000739bf6278) 
thrown [t:\workspace\open\src\hotspot\share\prims\jni.cpp, line 516]
Event: 15.245 Thread 0x000001e201ff0e70 Exception <a 'java/lang/NoSuchMethodError'{0x0000000739926de0}: 'void java.lang.invoke.DirectMethodHandle$Holder.invokeInterface(java.lang.Object, java.lang.Object, int)'> (0x0000000739926de0) 
thrown [t:\workspace\open\src\hotspot\share\interpreter\linkResolver.cpp, line 766]
Event: 15.246 Thread 0x000001e201ff0e70 Exception <a 'java/lang/NoSuchMethodError'{0x0000000739941360}: 'void java.lang.invoke.DirectMethodHandle$Holder.invokeStatic(java.lang.Object, java.lang.Object, int)'> (0x0000000739941360) 
thrown [t:\workspace\open\src\hotspot\share\interpreter\linkResolver.cpp, line 766]
Event: 15.246 Thread 0x000001e201ff0e70 Exception <a 'java/lang/NoSuchMethodError'{0x00000007399449e0}: 'void java.lang.invoke.DirectMethodHandle$Holder.invokeStaticInit(java.lang.Object, java.lang.Object, int)'> (0x00000007399449e0) 
thrown [t:\workspace\open\src\hotspot\share\interpreter\linkResolver.cpp, line 766]
Event: 15.596 Thread 0x000001e201ff0e70 Exception <a 'java/lang/NoSuchMethodError'{0x0000000738269390}: 'long java.lang.invoke.DirectMethodHandle$Holder.invokeSpecial(java.lang.Object, java.lang.Object)'> (0x0000000738269390) 
thrown [t:\workspace\open\src\hotspot\share\interpreter\linkResolver.cpp, line 766]
Event: 15.604 Thread 0x000001e201ff0e70 Exception <a 'sun/nio/fs/WindowsException'{0x0000000738309778}> (0x0000000738309778) 
thrown [t:\workspace\open\src\hotspot\share\prims\jni.cpp, line 516]
Event: 15.604 Thread 0x000001e201ff0e70 Exception <a 'sun/nio/fs/WindowsException'{0x000000073830b048}> (0x000000073830b048) 
thrown [t:\workspace\open\src\hotspot\share\prims\jni.cpp, line 516]
Event: 15.804 Thread 0x000001e201ff0e70 Exception <a 'java/lang/NoSuchMethodError'{0x00000007370f36a8}: 'int java.lang.invoke.DirectMethodHandle$Holder.invokeStatic(java.lang.Object)'> (0x00000007370f36a8) 
thrown [t:\workspace\open\src\hotspot\share\interpreter\linkResolver.cpp, line 766]
Event: 15.856 Thread 0x000001e201ff0e70 Exception <a 'java/lang/NoSuchMethodError'{0x0000000736cc9898}: 'java.lang.Object java.lang.invoke.Invokers$Holder.linkToTargetMethod(java.lang.Object, int, java.lang.Object, java.lang.Object)'> (0x0000000736cc9898) 
thrown [t:\workspace\open\src\hotspot\share\interpreter\linkResolver.cpp, line 766]
Event: 15.868 Thread 0x000001e201ff0e70 Exception <a 'java/lang/NoSuchMethodError'{0x0000000736d80c20}: 'int java.lang.invoke.DirectMethodHandle$Holder.invokeStaticInit(java.lang.Object)'> (0x0000000736d80c20) 
thrown [t:\workspace\open\src\hotspot\share\interpreter\linkResolver.cpp, line 766]
Event: 15.869 Thread 0x000001e201ff0e70 Exception <a 'java/lang/NoSuchMethodError'{0x0000000736d88008}: 'int java.lang.invoke.Invokers$Holder.invokeExact_MT(java.lang.Object, java.lang.Object)'> (0x0000000736d88008) 
thrown [t:\workspace\open\src\hotspot\share\interpreter\linkResolver.cpp, line 766]
Event: 15.879 Thread 0x000001e201ff0e70 Exception <a 'sun/nio/fs/WindowsException'{0x0000000736aa5c90}> (0x0000000736aa5c90) 
thrown [t:\workspace\open\src\hotspot\share\prims\jni.cpp, line 516]
Event: 15.879 Thread 0x000001e201ff0e70 Exception <a 'sun/nio/fs/WindowsException'{0x0000000736aa6018}> (0x0000000736aa6018) 
thrown [t:\workspace\open\src\hotspot\share\prims\jni.cpp, line 516]
Event: 15.890 Thread 0x000001e201ff0e70 Exception <a 'java/lang/NoSuchMethodError'{0x0000000736b39688}: 'java.lang.Object java.lang.invoke.DirectMethodHandle$Holder.invokeInterface(java.lang.Object, java.lang.Object, double)'> (0x0000000736b39688) 
thrown [t:\workspace\open\src\hotspot\share\interpreter\linkResolver.cpp, line 766]
Event: 15.890 Thread 0x000001e201ff0e70 Exception <a 'java/lang/NoSuchMethodError'{0x0000000736b3fed0}: 'double java.lang.invoke.DirectMethodHandle$Holder.invokeInterface(java.lang.Object, java.lang.Object, java.lang.Object)'> (0x0000000736b3fed0) 
thrown [t:\workspace\open\src\hotspot\share\interpreter\linkResolver.cpp, line 766]
Event: 16.175 Thread 0x000001e201ff0e70 Exception <a 'java/lang/NoSuchMethodError'{0x0000000736619610}: 'long java.lang.invoke.DirectMethodHandle$Holder.invokeInterface(java.lang.Object, java.lang.Object)'> (0x0000000736619610) 
thrown [t:\workspace\open\src\hotspot\share\interpreter\linkResolver.cpp, line 766]
Event: 16.181 Thread 0x000001e201ff0e70 Exception <a 'java/lang/NoSuchMethodError'{0x000000073669b578}: 'java.lang.Object java.lang.invoke.DirectMethodHandle$Holder.newInvokeSpecial(java.lang.Object, long)'> (0x000000073669b578) 
thrown [t:\workspace\open\src\hotspot\share\interpreter\linkResolver.cpp, line 766]
Event: 16.199 Thread 0x000001e201ff0e70 Exception <a 'java/lang/NoSuchMethodError'{0x0000000736755f48}: 'void java.lang.invoke.DirectMethodHandle$Holder.invokeSpecial(java.lang.Object, java.lang.Object, int, long)'> (0x0000000736755f48) 
thrown [t:\workspace\open\src\hotspot\share\interpreter\linkResolver.cpp, line 766]
Event: 16.200 Thread 0x000001e201ff0e70 Exception <a 'java/lang/NoSuchMethodError'{0x000000073675bec0}: 'void java.lang.invoke.DirectMethodHandle$Holder.invokeStatic(java.lang.Object, int, long)'> (0x000000073675bec0) 
thrown [t:\workspace\open\src\hotspot\share\interpreter\linkResolver.cpp, line 766]

VM Operations (20 events):
Event: 14.009 Executing VM operation: HandshakeAllThreads
Event: 14.010 Executing VM operation: HandshakeAllThreads done
Event: 14.160 Executing VM operation: G1CollectForAllocation
Event: 14.189 Executing VM operation: G1CollectForAllocation done
Event: 14.710 Executing VM operation: HandshakeAllThreads
Event: 14.711 Executing VM operation: HandshakeAllThreads done
Event: 14.766 Executing VM operation: CollectForMetadataAllocation
Event: 14.779 Executing VM operation: CollectForMetadataAllocation done
Event: 14.839 Executing VM operation: CollectForMetadataAllocation
Event: 14.839 Executing VM operation: CollectForMetadataAllocation done
Event: 14.884 Executing VM operation: CollectForMetadataAllocation
Event: 14.884 Executing VM operation: CollectForMetadataAllocation done
Event: 14.900 Executing VM operation: G1Concurrent
Event: 14.904 Executing VM operation: G1Concurrent done
Event: 14.926 Executing VM operation: HandshakeAllThreads
Event: 14.926 Executing VM operation: HandshakeAllThreads done
Event: 14.957 Executing VM operation: G1Concurrent
Event: 14.957 Executing VM operation: G1Concurrent done
Event: 15.967 Executing VM operation: Cleanup
Event: 15.979 Executing VM operation: Cleanup done

Events (20 events):
Event: 15.202 loading class java/nio/DirectCharBufferU done
Event: 15.202 loading class java/nio/DirectFloatBufferU
Event: 15.202 loading class java/nio/DirectFloatBufferU done
Event: 15.202 loading class java/nio/DirectDoubleBufferU
Event: 15.202 loading class java/nio/DirectDoubleBufferU done
Event: 15.220 loading class java/nio/InvalidMarkException
Event: 15.220 loading class java/nio/InvalidMarkException done
Event: 15.220 loading class java/nio/BufferUnderflowException
Event: 15.220 loading class java/nio/BufferUnderflowException done
Event: 15.433 Thread 0x000001e225489840 Thread exited: 0x000001e225489840
Event: 15.607 loading class java/util/function/IntSupplier
Event: 15.608 loading class java/util/function/IntSupplier done
Event: 15.651 Thread 0x000001e2270481e0 Thread added: 0x000001e2270481e0
Event: 15.651 Thread 0x000001e22704a040 Thread added: 0x000001e22704a040
Event: 15.679 Thread 0x000001e22704c8c0 Thread added: 0x000001e22704c8c0
Event: 15.868 loading class java/lang/invoke/DirectMethodHandle$StaticAccessor
Event: 15.868 loading class java/lang/invoke/DirectMethodHandle$StaticAccessor done
Event: 15.887 loading class java/util/function/DoubleFunction
Event: 15.887 loading class java/util/function/DoubleFunction done
Event: 15.981 Thread 0x000001e22704c8c0 Thread exited: 0x000001e22704c8c0


Dynamic libraries:
0x00007ff6ec9f0000 - 0x00007ff6eca00000 	C:\Program Files\Java\jdk-17.0.2\bin\java.exe
0x00007ff86df30000 - 0x00007ff86e144000 	C:\WINDOWS\SYSTEM32\ntdll.dll
0x00007ff86d2b0000 - 0x00007ff86d372000 	C:\WINDOWS\System32\KERNEL32.DLL
0x00007ff86b470000 - 0x00007ff86b813000 	C:\WINDOWS\System32\KERNELBASE.dll
0x00007ff86ba70000 - 0x00007ff86bb81000 	C:\WINDOWS\System32\ucrtbase.dll
0x00007ff858a70000 - 0x00007ff858a8a000 	C:\Program Files\Java\jdk-17.0.2\bin\VCRUNTIME140.dll
0x00007ff859710000 - 0x00007ff859728000 	C:\Program Files\Java\jdk-17.0.2\bin\jli.dll
0x00007ff86cc20000 - 0x00007ff86ccce000 	C:\WINDOWS\System32\ADVAPI32.dll
0x00007ff86dae0000 - 0x00007ff86db87000 	C:\WINDOWS\System32\msvcrt.dll
0x00007ff86de40000 - 0x00007ff86dee4000 	C:\WINDOWS\System32\sechost.dll
0x00007ff86d990000 - 0x00007ff86daa7000 	C:\WINDOWS\System32\RPCRT4.dll
0x00007ff86bd30000 - 0x00007ff86bedb000 	C:\WINDOWS\System32\USER32.dll
0x00007ff86bd00000 - 0x00007ff86bd26000 	C:\WINDOWS\System32\win32u.dll
0x00007ff851eb0000 - 0x00007ff85213e000 	C:\WINDOWS\WinSxS\amd64_microsoft.windows.common-controls_6595b64144ccf1df_6.0.22621.1635_none_270f70857386168e\COMCTL32.dll
0x00007ff86ce90000 - 0x00007ff86ceb9000 	C:\WINDOWS\System32\GDI32.dll
0x00007ff86b350000 - 0x00007ff86b468000 	C:\WINDOWS\System32\gdi32full.dll
0x00007ff86b820000 - 0x00007ff86b8ba000 	C:\WINDOWS\System32\msvcp_win.dll
0x00007ff864fe0000 - 0x00007ff864fea000 	C:\WINDOWS\SYSTEM32\VERSION.dll
0x00007ff86d380000 - 0x00007ff86d3b1000 	C:\WINDOWS\System32\IMM32.DLL
0x00007ff85c280000 - 0x00007ff85c28c000 	C:\Program Files\Java\jdk-17.0.2\bin\vcruntime140_1.dll
0x00007ff857ca0000 - 0x00007ff857d2d000 	C:\Program Files\Java\jdk-17.0.2\bin\msvcp140.dll
0x00007ffff6a90000 - 0x00007ffff7651000 	C:\Program Files\Java\jdk-17.0.2\bin\server\jvm.dll
0x00007ff86d570000 - 0x00007ff86d578000 	C:\WINDOWS\System32\PSAPI.DLL
0x00007ff8657a0000 - 0x00007ff8657a9000 	C:\WINDOWS\SYSTEM32\WSOCK32.dll
0x00007ff865680000 - 0x00007ff8656b4000 	C:\WINDOWS\SYSTEM32\WINMM.dll
0x00007ff86d580000 - 0x00007ff86d5f1000 	C:\WINDOWS\System32\WS2_32.dll
0x00007ff86a3a0000 - 0x00007ff86a3b8000 	C:\WINDOWS\SYSTEM32\kernel.appcore.dll
0x00007ff859860000 - 0x00007ff85986a000 	C:\Program Files\Java\jdk-17.0.2\bin\jimage.dll
0x00007ff868e50000 - 0x00007ff86907e000 	C:\WINDOWS\SYSTEM32\DBGHELP.DLL
0x00007ff86d600000 - 0x00007ff86d989000 	C:\WINDOWS\System32\combase.dll
0x00007ff86cec0000 - 0x00007ff86cf97000 	C:\WINDOWS\System32\OLEAUT32.dll
0x00007ff8626c0000 - 0x00007ff8626f2000 	C:\WINDOWS\SYSTEM32\dbgcore.DLL
0x00007ff86b930000 - 0x00007ff86b9ab000 	C:\WINDOWS\System32\bcryptPrimitives.dll
0x00007ff858730000 - 0x00007ff858755000 	C:\Program Files\Java\jdk-17.0.2\bin\java.dll
0x00007ff857bc0000 - 0x00007ff857c96000 	C:\Program Files\Java\jdk-17.0.2\bin\jsvml.dll
0x00007ff86bfa0000 - 0x00007ff86c79a000 	C:\WINDOWS\System32\SHELL32.dll
0x00007ff869350000 - 0x00007ff869c1e000 	C:\WINDOWS\SYSTEM32\windows.storage.dll
0x00007ff869210000 - 0x00007ff86934e000 	C:\WINDOWS\SYSTEM32\wintypes.dll
0x00007ff86d3c0000 - 0x00007ff86d4b1000 	C:\WINDOWS\System32\SHCORE.dll
0x00007ff86dde0000 - 0x00007ff86de3e000 	C:\WINDOWS\System32\shlwapi.dll
0x00007ff86b280000 - 0x00007ff86b2a1000 	C:\WINDOWS\SYSTEM32\profapi.dll
0x00007ff858930000 - 0x00007ff858949000 	C:\Program Files\Java\jdk-17.0.2\bin\net.dll
0x00007ff8652e0000 - 0x00007ff865417000 	C:\WINDOWS\SYSTEM32\WINHTTP.dll
0x00007ff86a810000 - 0x00007ff86a879000 	C:\WINDOWS\system32\mswsock.dll
0x00007ff8586d0000 - 0x00007ff8586e6000 	C:\Program Files\Java\jdk-17.0.2\bin\nio.dll
0x00007ff857ba0000 - 0x00007ff857bb8000 	C:\Program Files\Java\jdk-17.0.2\bin\zip.dll
0x00007ff857b90000 - 0x00007ff857ba0000 	C:\Program Files\Java\jdk-17.0.2\bin\verify.dll
0x00007ff857b80000 - 0x00007ff857b89000 	C:\Program Files\Java\jdk-17.0.2\bin\management.dll
0x00007ff857b70000 - 0x00007ff857b7b000 	C:\Program Files\Java\jdk-17.0.2\bin\management_ext.dll
0x00007ff8409a0000 - 0x00007ff8409b7000 	C:\WINDOWS\system32\napinsp.dll
0x00007ff840910000 - 0x00007ff84092b000 	C:\WINDOWS\system32\pnrpnsp.dll
0x00007ff869f40000 - 0x00007ff86a033000 	C:\WINDOWS\SYSTEM32\DNSAPI.dll
0x00007ff869ec0000 - 0x00007ff869eed000 	C:\WINDOWS\SYSTEM32\IPHLPAPI.DLL
0x00007ff86cfa0000 - 0x00007ff86cfa9000 	C:\WINDOWS\System32\NSI.dll
0x00007ff8408f0000 - 0x00007ff840901000 	C:\WINDOWS\System32\winrnr.dll
0x00007ff84bb10000 - 0x00007ff84bb25000 	C:\WINDOWS\system32\wshbth.dll
0x00007ff8408c0000 - 0x00007ff8408e1000 	C:\WINDOWS\system32\nlansp_c.dll
0x00007ff863920000 - 0x00007ff86392a000 	C:\Windows\System32\rasadhlp.dll
0x00007ff8642c0000 - 0x00007ff864344000 	C:\WINDOWS\System32\fwpuclnt.dll
0x00007ff86aa70000 - 0x00007ff86aa8b000 	C:\WINDOWS\SYSTEM32\CRYPTSP.dll
0x00007ff86a310000 - 0x00007ff86a345000 	C:\WINDOWS\system32\rsaenh.dll
0x00007ff86a910000 - 0x00007ff86a938000 	C:\WINDOWS\SYSTEM32\USERENV.dll
0x00007ff86ac30000 - 0x00007ff86ac58000 	C:\WINDOWS\SYSTEM32\bcrypt.dll
0x00007ff86aa90000 - 0x00007ff86aa9c000 	C:\WINDOWS\SYSTEM32\CRYPTBASE.dll
0x00007ff8652c0000 - 0x00007ff8652d9000 	C:\WINDOWS\SYSTEM32\dhcpcsvc6.DLL
0x00007ff8652a0000 - 0x00007ff8652bf000 	C:\WINDOWS\SYSTEM32\dhcpcsvc.DLL
0x00007ff857af0000 - 0x00007ff857b30000 	C:\Users\Brian O\AppData\Local\Temp\jna-1809390229\jna1520098648213451960.dll
0x00007ff86d110000 - 0x00007ff86d2ac000 	C:\WINDOWS\System32\Ole32.dll
0x00007ff86d4c0000 - 0x00007ff86d570000 	C:\WINDOWS\System32\clbcatq.dll
0x00007ff84c500000 - 0x00007ff84c51d000 	C:\WINDOWS\SYSTEM32\amsi.dll
0x00007ff8587a0000 - 0x00007ff85881b000 	C:\ProgramData\Microsoft\Windows Defender\Platform\4.18.23050.3-0\MpOav.dll
0x00007ff856a90000 - 0x00007ff856ae0000 	C:\WINDOWS\SYSTEM32\Pdh.dll
0x00007ff8454f0000 - 0x00007ff845500000 	C:\WINDOWS\System32\perfos.dll
0x00007ff8669c0000 - 0x00007ff8669d0000 	C:\WINDOWS\SYSTEM32\pfclient.dll
0x00007ff857820000 - 0x00007ff857895000 	C:\Users\Brian O\AppData\Local\Temp\lwjglBrian O\3.3.1-build-7\lwjgl.dll
0x00007ff8217f0000 - 0x00007ff821a49000 	C:\Users\BRIANO~1\AppData\Local\Temp\lwjglBrian O\3.3.1-build-7\jemalloc.dll
0x00007ff856af0000 - 0x00007ff856b51000 	C:\Users\BRIANO~1\AppData\Local\Temp\lwjglBrian O\3.3.1-build-7\glfw.dll
0x00007ff857910000 - 0x00007ff857956000 	C:\WINDOWS\SYSTEM32\dinput8.dll
0x00007ff860cb0000 - 0x00007ff860cc1000 	C:\WINDOWS\SYSTEM32\xinput1_4.dll
0x00007ff86af50000 - 0x00007ff86af9e000 	C:\WINDOWS\SYSTEM32\cfgmgr32.dll
0x00007ff86af20000 - 0x00007ff86af4c000 	C:\WINDOWS\SYSTEM32\DEVOBJ.dll
0x00007ff868930000 - 0x00007ff86895b000 	C:\WINDOWS\SYSTEM32\dwmapi.dll
0x00007ff856160000 - 0x00007ff856361000 	C:\WINDOWS\SYSTEM32\inputhost.dll
0x00007ff867ee0000 - 0x00007ff868013000 	C:\WINDOWS\SYSTEM32\CoreMessaging.dll
0x00007ff868450000 - 0x00007ff8684fb000 	C:\WINDOWS\system32\uxtheme.dll
0x00007ff82a860000 - 0x00007ff82a999000 	C:\ProgramData\A-Volute\A-Volute.Nahimic\Modules\Scheduled\x64\AudioDevProps2.dll
0x00007ff86ccd0000 - 0x00007ff86cdee000 	C:\WINDOWS\System32\MSCTF.dll
0x00007fffe1080000 - 0x00007fffe1180000 	C:\WINDOWS\SYSTEM32\opengl32.dll
0x00007fffd8f80000 - 0x00007fffd8fad000 	C:\WINDOWS\SYSTEM32\GLU32.dll
0x00007ff868530000 - 0x00007ff868566000 	C:\WINDOWS\SYSTEM32\dxcore.dll
0x00007ff8609a0000 - 0x00007ff8609e8000 	C:\WINDOWS\SYSTEM32\directxdatabasehelper.dll
0x00007fffd1690000 - 0x00007fffd16bd000 	C:\WINDOWS\System32\DriverStore\FileRepository\u0383722.inf_amd64_5cbaacf42cbd3812\B383240\atig6pxx.dll
0x00007fffb4110000 - 0x00007fffb7d45000 	C:\WINDOWS\System32\DriverStore\FileRepository\u0383722.inf_amd64_5cbaacf42cbd3812\B383240\atio6axx.dll
0x00007ff86c7a0000 - 0x00007ff86cc14000 	C:\WINDOWS\System32\SETUPAPI.dll
0x00007ff86b8c0000 - 0x00007ff86b92b000 	C:\WINDOWS\System32\WINTRUST.dll
0x00007ff86bb90000 - 0x00007ff86bcf7000 	C:\WINDOWS\System32\CRYPT32.dll
0x00007ff86aad0000 - 0x00007ff86aae2000 	C:\WINDOWS\SYSTEM32\MSASN1.dll

dbghelp: loaded successfully - version: 4.0.5 - missing functions: none
symbol engine: initialized successfully - sym options: 0x614 - pdb path: .;C:\Program Files\Java\jdk-17.0.2\bin;C:\WINDOWS\SYSTEM32;C:\WINDOWS\WinSxS\amd64_microsoft.windows.common-controls_6595b64144ccf1df_6.0.22621.1635_none_270f70857386168e;C:\Program Files\Java\jdk-17.0.2\bin\server;C:\Users\Brian O\AppData\Local\Temp\jna-1809390229;C:\ProgramData\Microsoft\Windows Defender\Platform\4.18.23050.3-0;C:\Users\Brian O\AppData\Local\Temp\lwjglBrian O\3.3.1-build-7;C:\Users\BRIANO~1\AppData\Local\Temp\lwjglBrian O\3.3.1-build-7;C:\ProgramData\A-Volute\A-Volute.Nahimic\Modules\Scheduled\x64;C:\WINDOWS\System32\DriverStore\FileRepository\u0383722.inf_amd64_5cbaacf42cbd3812\B383240

VM Arguments:
jvm_args: -Dforge.enableGameTest=true -Dforge.enabledGameTestNamespaces=celestial_conquest -Dforge.logging.console.level=debug -Dforge.logging.markers=REGISTRIES -DignoreList=bootstraplauncher,securejarhandler,asm-commons,asm-util,asm-analysis,asm-tree,asm,JarJarFileSystems,client-extra,fmlcore,javafmllanguage,lowcodelanguage,mclanguage,forge- -Djava.net.preferIPv6Addresses=system -DlegacyClassPath.file=C:\Users\Brian O\OneDrive\Desktop\Forge\build\classpath\runClient_minecraftClasspath.txt -DmergeModules=jna-5.10.0.jar,jna-platform-5.10.0.jar -Dos.version=10.0 --module-path=C:\Users\Brian O\.gradle\caches\modules-2\files-2.1\cpw.mods\bootstraplauncher\1.1.2\c546e00443d8432cda6baa1c860346980742628\bootstraplauncher-1.1.2.jar;C:\Users\Brian O\.gradle\caches\modules-2\files-2.1\cpw.mods\securejarhandler\2.1.6\66c15fc1f522b586476e9e4cccd0cbe192554e8a\securejarhandler-2.1.6.jar;C:\Users\Brian O\.gradle\caches\modules-2\files-2.1\org.ow2.asm\asm-commons\9.3\1f2a432d1212f5c352ae607d7b61dcae20c20af5\asm-commons-9.3.jar;C:\Users\Brian O\.gradle\caches\modules-2\files-2.1\org.ow2.asm\asm-util\9.3\9595bc05510d0bd4b610188b77333fe4851a1975\asm-util-9.3.jar;C:\Users\Brian O\.gradle\caches\modules-2\files-2.1\org.ow2.asm\asm-analysis\9.3\4b071f211b37c38e0e9f5998550197c8593f6ad8\asm-analysis-9.3.jar;C:\Users\Brian O\.gradle\caches\modules-2\files-2.1\org.ow2.asm\asm-tree\9.3\78d2ecd61318b5a58cd04fb237636c0e86b77d97\asm-tree-9.3.jar;C:\Users\Brian O\.gradle\caches\modules-2\files-2.1\org.ow2.asm\asm\9.3\8e6300ef51c1d801a7ed62d07cd221aca3a90640\asm-9.3.jar;C:\Users\Brian O\.gradle\caches\modules-2\files-2.1\net.minecraftforge\JarJarFileSystems\0.3.19\2464eb7d6b9ddb9db36a82cf8a95193e5c6fe020\JarJarFileSystems-0.3.19.jar --add-modules=ALL-MODULE-PATH --add-opens=java.base/java.util.jar=cpw.mods.securejarhandler --add-opens=java.base/java.lang.invoke=cpw.mods.securejarhandler --add-exports=java.base/sun.security.util=cpw.mods.securejarhandler --add-exports=jdk.naming.dns/com.sun.jndi.dns=java.naming -XX:HeapDumpPath=MojangTricksIntelDriversForPerformance_javaw.exe_minecraft.exe.heapdump -Dos.name=Windows 10 -Dfile.encoding=windows-1252 -Duser.country=US -Duser.language=en -Duser.variant 
java_command: cpw.mods.bootstraplauncher.BootstrapLauncher --launchTarget forgeclientuserdev --version MOD_DEV --assetIndex 2 --assetsDir C:\Users\Brian O\.gradle\caches\forge_gradle\assets --gameDir . --fml.forgeVersion 44.1.23 --fml.mcVersion 1.19.3 --fml.forgeGroup net.minecraftforge --fml.mcpVersion 20221207.122022
java_class_path (initial): C:\Users\Brian O\OneDrive\Desktop\Forge\build\classes\java\main;C:\Users\Brian O\OneDrive\Desktop\Forge\build\resources\main;C:\Users\Brian O\.gradle\caches\forge_gradle\minecraft_user_repo\net\minecraftforge\forge\1.19.3-44.1.23_mapped_official_1.19.3\forge-1.19.3-44.1.23_mapped_official_1.19.3-recomp.jar;C:\Users\Brian O\.gradle\caches\forge_gradle\minecraft_repo\versions\1.19.3\client-extra.jar;C:\Users\Brian O\.gradle\caches\modules-2\files-2.1\net.minecraftforge\javafmllanguage\1.19.3-44.1.23\ac585cc0fe2420f32049f8b7e858f07db3ec3577\javafmllanguage-1.19.3-44.1.23.jar;C:\Users\Brian O\.gradle\caches\modules-2\files-2.1\net.minecraftforge\lowcodelanguage\1.19.3-44.1.23\f89f4203fa34e87de5079632b95784b8154398f7\lowcodelanguage-1.19.3-44.1.23.jar;C:\Users\Brian O\.gradle\caches\modules-2\files-2.1\net.minecraftforge\mclanguage\1.19.3-44.1.23\1ead2474e45d40ec5e0e75ef4b0df599a805d643\mclanguage-1.19.3-44.1.23.jar;C:\Users\Brian O\.gradle\caches\modules-2\files-2.1\net.minecraftforge\fmlcore\1.19.3-44.1.23\b92192d083cf0057121f487d00940be7111fbcbb\fmlcore-1.19.3-44.1.23.jar;C:\Users\Brian O\.gradle\caches\modules-2\files-2.1\net.minecraftforge\fmlloader\1.19.3-44.1.23\1b70943fdc7159418f2f801513f33ad740785cb\fmlloader-1.19.3-44.1.23.jar;C:\Users\Brian O\.gradle\caches\modules-2\files-2.1\net.minecraftforge\JarJarSelector\0.3.19\376cc9c8ea60720cf027c01fc033de915699801c\JarJarSelector-0.3.19.jar;C:\Users\Brian O\.gradle\caches\modules-2\files-2.1\net.minecraftforge\JarJarMetadata\0.3.19\83feaa9b770e6ac0e96ee4fc23fa89325c5fe2\JarJarMetadata-0.3.19.jar;C:\Users\Brian O\.gradle\caches\modules-2\files-2.1\com.google.guava\guava\31.1-jre\60458f877d055d0c9114d9e1a2efb737b4bc282c\guava-31.1-jre.jar;C:\Users\Brian O\.gradle\caches\modules-2\files-2.1\com.google.code.findbugs\jsr305\3.0.2\25ea2e8b0c338a877313bd4672d3fe056ea78f0d\jsr305-3.0.2.jar;C:\Users\Brian O\.gradle\caches\modules-2\files-2.1\ca.weblite\java-objc-bridge\1.1\1227f9e0666314f9de41477e3
Launcher Type: SUN_STANDARD

[Global flags]
     intx CICompilerCount                          = 12                                        {product} {ergonomic}
     uint ConcGCThreads                            = 3                                         {product} {ergonomic}
     uint G1ConcRefinementThreads                  = 13                                        {product} {ergonomic}
   size_t G1HeapRegionSize                         = 2097152                                   {product} {ergonomic}
    uintx GCDrainStackTargetSize                   = 64                                        {product} {ergonomic}
    ccstr HeapDumpPath                             = MojangTricksIntelDriversForPerformance_javaw.exe_minecraft.exe.heapdump         {manageable} {command line}
   size_t InitialHeapSize                          = 232783872                                 {product} {ergonomic}
   size_t MarkStackSize                            = 4194304                                   {product} {ergonomic}
   size_t MaxHeapSize                              = 3720347648                                {product} {ergonomic}
   size_t MaxNewSize                               = 2231369728                                {product} {ergonomic}
   size_t MinHeapDeltaBytes                        = 2097152                                   {product} {ergonomic}
   size_t MinHeapSize                              = 8388608                                   {product} {ergonomic}
    uintx NonNMethodCodeHeapSize                   = 7602480                                {pd product} {ergonomic}
    uintx NonProfiledCodeHeapSize                  = 122027880                              {pd product} {ergonomic}
    uintx ProfiledCodeHeapSize                     = 122027880                              {pd product} {ergonomic}
    uintx ReservedCodeCacheSize                    = 251658240                              {pd product} {ergonomic}
     bool SegmentedCodeCache                       = true                                      {product} {ergonomic}
   size_t SoftMaxHeapSize                          = 3720347648                             {manageable} {ergonomic}
     bool UseCompressedClassPointers               = true                           {product lp64_product} {ergonomic}
     bool UseCompressedOops                        = true                           {product lp64_product} {ergonomic}
     bool UseG1GC                                  = true                                      {product} {ergonomic}
     bool UseLargePagesIndividualAllocation        = false                                  {pd product} {ergonomic}

Logging:
Log output configuration:
 #0: stdout all=warning uptime,level,tags
 #1: stderr all=off uptime,level,tags

Environment Variables:
PATH=C:\Program Files\Common Files\Oracle\Java\javapath;C:\Windows\system32;C:\Windows;C:\Windows\System32\Wbem;C:\Windows\System32\WindowsPowerShell\v1.0\;C:\Windows\System32\OpenSSH\;C:\Program Files (x86)\NVIDIA Corporation\PhysX\Common;C:\Program Files\MATLAB\R2022b\bin;C:\Program Files\MATLAB\R2021b\bin;C:\WINDOWS\system32;C:\WINDOWS;C:\WINDOWS\System32\Wbem;C:\WINDOWS\System32\WindowsPowerShell\v1.0\;C:\WINDOWS\System32\OpenSSH\;C:\Program Files\NVIDIA Corporation\NVIDIA NvDLISR;C:\Program Files\nodejs\;C:\Program Files\Git\cmd;C:\Program Files\Meld\;C:\msys64\mingw64\bin;;C:\WINDOWS\system32;C:\WINDOWS;C:\WINDOWS\System32\Wbem;C:\WINDOWS\System32\WindowsPowerShell\v1.0\;C:\WINDOWS\System32\OpenSSH\;C:\Program Files\dotnet\;C:\Program Files\Siemens\NX1980\CAPITALINTEGRATION\capitalnxremote\;C:\Users\Brian O\AppData\Local\Programs\Python\Python39-32\Scripts\;C:\Users\Brian O\AppData\Local\Programs\Python\Python39-32\;C:\Users\Brian O\AppData\Local\Programs\Python\Python311\Scripts\;C:\Users\Brian O\AppData\Local\Programs\Python\Python311\;C:\Users\Brian O\AppData\Local\Microsoft\WindowsApps;C:\Users\Brian O\AppData\Local\GitHubDesktop\bin;C:\Users\Brian O\AppData\Local\Programs\PROS\cli;C:\Users\Brian O\AppData\Local\Programs\PROS\toolchain\usr\bin;C:\Users\Brian O\AppData\Local\Programs\PROS\cquery;C:\Users\Brian O\AppData\Local\Programs\Microsoft VS Code\bin;C:\Users\Brian O\AppData\Roaming\npm;C:\Users\Brian O\AppData\Local\Programs\Python\Python39\Scripts;
USERNAME=Brian O
OS=Windows_NT
PROCESSOR_IDENTIFIER=AMD64 Family 25 Model 80 Stepping 0, AuthenticAMD



---------------  S Y S T E M  ---------------

OS:
 Windows 11 , 64 bit Build 22621 (10.0.22621.1635)
OS uptime: 24 days 8:41 hours

CPU: total 16 (initial active 16) (16 cores per cpu, 2 threads per core) family 25 model 80 stepping 0 microcode 0x0, cx8, cmov, fxsr, ht, mmx, 3dnowpref, sse, sse2, sse3, ssse3, sse4a, sse4.1, sse4.2, popcnt, lzcnt, tsc, tscinvbit, avx, avx2, aes, erms, clmul, bmi1, bmi2, adx, sha, fma, vzeroupper, clflush, clflushopt

Memory: 4k page, system-wide physical 14188M (1407M free)
TotalPageFile size 28529M (AvailPageFile size 3742M)
current process WorkingSet (physical memory assigned to process): 646M, peak: 649M
current process commit charge ("private bytes"): 732M, peak: 765M

vm_info: Java HotSpot(TM) 64-Bit Server VM (17.0.2+8-LTS-86) for windows-amd64 JRE (17.0.2+8-LTS-86), built on Dec  7 2021 21:51:03 by "mach5one" with MS VC++ 16.8 / 16.9 (VS2019)

END.
