#
# A fatal error has been detected by the Java Runtime Environment:
#
#  EXCEPTION_ACCESS_VIOLATION (0xc0000005) at pc=0x00007fffb42a2b60, pid=21676, tid=13984
#
# JRE version: Java(TM) SE Runtime Environment (17.0.2+8) (build 17.0.2+8-LTS-86)
# Java VM: Java HotSpot(TM) 64-Bit Server VM (17.0.2+8-LTS-86, mixed mode, sharing, tiered, compressed oops, compressed class ptrs, g1 gc, windows-amd64)
# Problematic frame:
# C  [atio6axx.dll+0x192b60]
#
# No core dump will be written. Minidumps are not enabled by default on client versions of Windows
#
# If you would like to submit a bug report, please visit:
#   https://bugreport.java.com/bugreport/crash.jsp
# The crash happened outside the Java Virtual Machine in native code.
# See problematic frame for where to report the bug.
#

---------------  S U M M A R Y ------------

Command Line: -Dforge.enableGameTest=true -Dforge.enabledGameTestNamespaces=celestial_conquest -Dforge.logging.console.level=debug -Dforge.logging.markers=REGISTRIES -DignoreList=bootstraplauncher,securejarhandler,asm-commons,asm-util,asm-analysis,asm-tree,asm,JarJarFileSystems,client-extra,fmlcore,javafmllanguage,lowcodelanguage,mclanguage,forge- -Djava.net.preferIPv6Addresses=system -DlegacyClassPath.file=C:\Users\Brian O\OneDrive\Desktop\Forge\build\classpath\runClient_minecraftClasspath.txt -DmergeModules=jna-5.10.0.jar,jna-platform-5.10.0.jar -Dos.version=10.0 --module-path=C:\Users\Brian O\.gradle\caches\modules-2\files-2.1\cpw.mods\bootstraplauncher\1.1.2\c546e00443d8432cda6baa1c860346980742628\bootstraplauncher-1.1.2.jar;C:\Users\Brian O\.gradle\caches\modules-2\files-2.1\cpw.mods\securejarhandler\2.1.6\66c15fc1f522b586476e9e4cccd0cbe192554e8a\securejarhandler-2.1.6.jar;C:\Users\Brian O\.gradle\caches\modules-2\files-2.1\org.ow2.asm\asm-commons\9.3\1f2a432d1212f5c352ae607d7b61dcae20c20af5\asm-commons-9.3.jar;C:\Users\Brian O\.gradle\caches\modules-2\files-2.1\org.ow2.asm\asm-util\9.3\9595bc05510d0bd4b610188b77333fe4851a1975\asm-util-9.3.jar;C:\Users\Brian O\.gradle\caches\modules-2\files-2.1\org.ow2.asm\asm-analysis\9.3\4b071f211b37c38e0e9f5998550197c8593f6ad8\asm-analysis-9.3.jar;C:\Users\Brian O\.gradle\caches\modules-2\files-2.1\org.ow2.asm\asm-tree\9.3\78d2ecd61318b5a58cd04fb237636c0e86b77d97\asm-tree-9.3.jar;C:\Users\Brian O\.gradle\caches\modules-2\files-2.1\org.ow2.asm\asm\9.3\8e6300ef51c1d801a7ed62d07cd221aca3a90640\asm-9.3.jar;C:\Users\Brian O\.gradle\caches\modules-2\files-2.1\net.minecraftforge\JarJarFileSystems\0.3.19\2464eb7d6b9ddb9db36a82cf8a95193e5c6fe020\JarJarFileSystems-0.3.19.jar --add-modules=ALL-MODULE-PATH --add-opens=java.base/java.util.jar=cpw.mods.securejarhandler --add-opens=java.base/java.lang.invoke=cpw.mods.securejarhandler --add-exports=java.base/sun.security.util=cpw.mods.securejarhandler --add-exports=jdk.naming.dns/com.sun.jndi.dns=java.naming -XX:HeapDumpPath=MojangTricksIntelDriversForPerformance_javaw.exe_minecraft.exe.heapdump -Dos.name=Windows 10 -Dfile.encoding=windows-1252 -Duser.country=US -Duser.language=en -Duser.variant cpw.mods.bootstraplauncher.BootstrapLauncher --launchTarget forgeclientuserdev --version MOD_DEV --assetIndex 2 --assetsDir C:\Users\Brian O\.gradle\caches\forge_gradle\assets --gameDir . --fml.forgeVersion 44.1.23 --fml.mcVersion 1.19.3 --fml.forgeGroup net.minecraftforge --fml.mcpVersion 20221207.122022

Host: AMD Ryzen 7 5800H with Radeon Graphics         , 16 cores, 13G,  Windows 11 , 64 bit Build 22621 (10.0.22621.1635)
Time: Wed Jun  7 00:01:54 2023 Eastern Daylight Time elapsed time: 18.964214 seconds (0d 0h 0m 18s)

---------------  T H R E A D  ---------------

Current thread (0x00000293ddd13960):  JavaThread "Render thread" [_thread_in_native, id=13984, stack(0x0000009c12600000,0x0000009c12700000)]

Stack: [0x0000009c12600000,0x0000009c12700000],  sp=0x0000009c126fac28,  free space=1003k
Native frames: (J=compiled Java code, j=interpreted, Vv=VM code, C=native code)
C  [atio6axx.dll+0x192b60]

Java frames: (J=compiled Java code, j=interpreted, Vv=VM code)
j  org.lwjgl.system.JNI.invokePPPP(IIJJJJ)J+0 org.lwjgl@3.3.1+7
j  org.lwjgl.glfw.GLFW.nglfwCreateWindow(IIJJJ)J+14 org.lwjgl.glfw@3.3.1+7
j  org.lwjgl.glfw.GLFW.glfwCreateWindow(IILjava/lang/CharSequence;JJ)J+34 org.lwjgl.glfw@3.3.1+7
j  net.minecraftforge.client.loading.NoVizFallback.lambda$fallback$0(Ljava/util/function/IntSupplier;Ljava/util/function/IntSupplier;Ljava/util/function/Supplier;Ljava/util/function/LongSupplier;)J+28 forge@44.1.23
j  net.minecraftforge.client.loading.NoVizFallback$$Lambda$4068+0x0000000801614000.getAsLong()J+16 forge@44.1.23
j  net.minecraftforge.fml.loading.progress.EarlyProgressVisualization$Visualization$$Lambda$4069+0x000000080160f2d8.apply(Ljava/lang/Object;)Ljava/lang/Object;+4 fmlloader@1.19.3-44.1.23
J 2949 c2 java.util.Optional.map(Ljava/util/function/Function;)Ljava/util/Optional; java.base@17.0.2 (30 bytes) @ 0x00000293ed2b05fc [0x00000293ed2b05a0+0x000000000000005c]
j  net.minecraftforge.fml.loading.progress.EarlyProgressVisualization$Visualization.handOffWindow(Ljava/util/function/IntSupplier;Ljava/util/function/IntSupplier;Ljava/util/function/Supplier;Ljava/util/function/LongSupplier;)J+48 fmlloader@1.19.3-44.1.23
j  net.minecraftforge.fml.loading.progress.EarlyProgressVisualization.handOffWindow(Ljava/util/function/IntSupplier;Ljava/util/function/IntSupplier;Ljava/util/function/Supplier;Ljava/util/function/LongSupplier;)J+9 fmlloader@1.19.3-44.1.23
j  com.mojang.blaze3d.platform.Window.<init>(Lcom/mojang/blaze3d/platform/WindowEventHandler;Lcom/mojang/blaze3d/platform/ScreenManager;Lcom/mojang/blaze3d/platform/DisplayData;Ljava/lang/String;Ljava/lang/String;)V+279 minecraft@1.19.3
j  net.minecraft.client.renderer.VirtualScreen.newWindow(Lcom/mojang/blaze3d/platform/DisplayData;Ljava/lang/String;Ljava/lang/String;)Lcom/mojang/blaze3d/platform/Window;+15 minecraft@1.19.3
j  net.minecraft.client.Minecraft.<init>(Lnet/minecraft/client/main/GameConfig;)V+743 minecraft@1.19.3
j  net.minecraft.client.main.Main.run([Ljava/lang/String;Z)V+1356 minecraft@1.19.3
j  net.minecraft.client.main.Main.main([Ljava/lang/String;)V+12 minecraft@1.19.3
v  ~StubRoutines::call_stub
j  jdk.internal.reflect.NativeMethodAccessorImpl.invoke0(Ljava/lang/reflect/Method;Ljava/lang/Object;[Ljava/lang/Object;)Ljava/lang/Object;+0 java.base@17.0.2
j  jdk.internal.reflect.NativeMethodAccessorImpl.invoke(Ljava/lang/Object;[Ljava/lang/Object;)Ljava/lang/Object;+133 java.base@17.0.2
j  jdk.internal.reflect.DelegatingMethodAccessorImpl.invoke(Ljava/lang/Object;[Ljava/lang/Object;)Ljava/lang/Object;+6 java.base@17.0.2
j  java.lang.reflect.Method.invoke(Ljava/lang/Object;[Ljava/lang/Object;)Ljava/lang/Object;+59 java.base@17.0.2
j  net.minecraftforge.fml.loading.targets.ForgeClientUserdevLaunchHandler.lambda$launchService$0([Ljava/lang/String;Ljava/lang/ModuleLayer;)V+47 fmlloader@1.19.3-44.1.23
j  net.minecraftforge.fml.loading.targets.ForgeClientUserdevLaunchHandler$$Lambda$874+0x0000000800fcac10.run()V+12 fmlloader@1.19.3-44.1.23
j  cpw.mods.modlauncher.LaunchServiceHandlerDecorator.launch([Ljava/lang/String;Ljava/lang/ModuleLayer;)V+11 cpw.mods.modlauncher@10.0.8
j  cpw.mods.modlauncher.LaunchServiceHandler.launch(Ljava/lang/String;[Ljava/lang/String;Ljava/lang/ModuleLayer;Lcpw/mods/modlauncher/TransformingClassLoader;Lcpw/mods/modlauncher/LaunchPluginHandler;)V+58 cpw.mods.modlauncher@10.0.8
j  cpw.mods.modlauncher.LaunchServiceHandler.launch(Lcpw/mods/modlauncher/ArgumentHandler;Ljava/lang/ModuleLayer;Lcpw/mods/modlauncher/TransformingClassLoader;Lcpw/mods/modlauncher/LaunchPluginHandler;)V+21 cpw.mods.modlauncher@10.0.8
j  cpw.mods.modlauncher.Launcher.run([Ljava/lang/String;)V+310 cpw.mods.modlauncher@10.0.8
j  cpw.mods.modlauncher.Launcher.main([Ljava/lang/String;)V+78 cpw.mods.modlauncher@10.0.8
j  cpw.mods.modlauncher.BootstrapLaunchConsumer.accept([Ljava/lang/String;)V+1 cpw.mods.modlauncher@10.0.8
j  cpw.mods.modlauncher.BootstrapLaunchConsumer.accept(Ljava/lang/Object;)V+5 cpw.mods.modlauncher@10.0.8
j  cpw.mods.bootstraplauncher.BootstrapLauncher.main([Ljava/lang/String;)V+515 cpw.mods.bootstraplauncher@1.1.2
v  ~StubRoutines::call_stub

siginfo: EXCEPTION_ACCESS_VIOLATION (0xc0000005), reading address 0xffffffffffffffff


Register to memory mapping:

RIP=0x00007fffb42a2b60 atio6axx.dll
RAX=0x0 is NULL
RBX=0x00007fffb7ae33c0 atio6axx.dll
RCX=0x3536313262363935 is an unknown value
RDX=0x00000000000000d0 is an unknown value
RSP=0x0000009c126fac28 is pointing into the stack for thread: 0x00000293ddd13960
RBP=0x0000009c126fad90 is pointing into the stack for thread: 0x00000293ddd13960
RSI=0x00007fffb79f2d40 atio6axx.dll
RDI=0x0000009c126fb080 is pointing into the stack for thread: 0x00000293ddd13960
R8 =0x00000000000001a5 is an unknown value
R9 =0x3536313262363935 is an unknown value
R10=0x0 is NULL
R11=0x0000000000000200 is an unknown value
R12=0x00007fffb7ae3418 atio6axx.dll
R13=0x00007fffb7ae5c18 atio6axx.dll
R14=0x00007fffb7ae33c0 atio6axx.dll
R15=0x0 is NULL


Registers:
RAX=0x0000000000000000, RBX=0x00007fffb7ae33c0, RCX=0x3536313262363935, RDX=0x00000000000000d0
RSP=0x0000009c126fac28, RBP=0x0000009c126fad90, RSI=0x00007fffb79f2d40, RDI=0x0000009c126fb080
R8 =0x00000000000001a5, R9 =0x3536313262363935, R10=0x0000000000000000, R11=0x0000000000000200
R12=0x00007fffb7ae3418, R13=0x00007fffb7ae5c18, R14=0x00007fffb7ae33c0, R15=0x0000000000000000
RIP=0x00007fffb42a2b60, EFLAGS=0x0000000000010206

Top of Stack: (sp=0x0000009c126fac28)
0x0000009c126fac28:   00007fffb42a2e7c 00007fffb7ae6030
0x0000009c126fac38:   00000293823dfb68 0000000000000000
0x0000009c126fac48:   00007fffb42a3e8d 0000009c126fb080
0x0000009c126fac58:   00007fffb425f484 00007fffb7ae33c0
0x0000009c126fac68:   00007fffb79f2d40 0000652e6176616a
0x0000009c126fac78:   00009b195290823c 0000009c126fb080
0x0000009c126fac88:   00007fffb4260457 00007fffb7ae33c8
0x0000009c126fac98:   00007fffb79f2d40 00007fffb79f2d40
0x0000009c126faca8:   0000000000000000 00007fffb7ae33c0
0x0000009c126facb8:   00007ff800000000 0000000000000009
0x0000009c126facc8:   00000293870b186c 00000293870b19d4
0x0000009c126facd8:   00007fffb7ae33c8 0000009c126fb080
0x0000009c126face8:   0000009c126fae35 00007f006176616a
0x0000009c126facf8:   00007f006176616a 46676e697274535c
0x0000009c126fad08:   5c6f666e49656c69 3062343039303430
0x0000009c126fad18:   726556656c69465c 000000006e6f6973 

Instructions: (pc=0x00007fffb42a2b60)
0x00007fffb42a2a60:   74 09 33 c9 ff 15 e6 89 66 03 90 48 8b c3 48 83
0x00007fffb42a2a70:   c4 20 5b c3 cc cc cc cc cc cc cc cc cc cc cc cc
0x00007fffb42a2a80:   48 83 ec 28 48 8b 51 08 48 85 d2 74 09 33 c9 ff
0x00007fffb42a2a90:   15 bb 89 66 03 90 48 83 c4 28 c3 cc cc cc cc cc
0x00007fffb42a2aa0:   48 89 11 c3 cc cc cc cc cc cc cc cc cc cc cc cc
0x00007fffb42a2ab0:   48 8b c1 c3 cc cc cc cc cc cc cc cc cc cc cc cc
0x00007fffb42a2ac0:   48 3b ca 74 10 41 8b 00 39 01 74 09 48 83 c1 04
0x00007fffb42a2ad0:   48 3b ca 75 f3 48 8b c1 c3 cc cc cc cc cc cc cc
0x00007fffb42a2ae0:   48 8b c1 c3 cc cc cc cc cc cc cc cc cc cc cc cc
0x00007fffb42a2af0:   48 83 39 00 0f 94 c0 c3 cc cc cc cc cc cc cc cc
0x00007fffb42a2b00:   4c 8d 04 d5 00 00 00 00 33 d2 e9 c1 d0 dd 01 cc
0x00007fffb42a2b10:   4c 8b 41 08 48 8b 02 49 89 00 48 83 41 08 08 c3
0x00007fffb42a2b20:   48 8b c1 c3 cc cc cc cc cc cc cc cc cc cc cc cc
0x00007fffb42a2b30:   48 8b c1 c3 cc cc cc cc cc cc cc cc cc cc cc cc
0x00007fffb42a2b40:   49 8b 00 48 89 02 c3 cc cc cc cc cc cc cc cc cc
0x00007fffb42a2b50:   8b 81 40 39 00 00 c3 cc cc cc cc cc cc cc cc cc
0x00007fffb42a2b60:   8b 81 40 39 00 00 83 c0 f0 83 f8 67 0f 87 5a 01
0x00007fffb42a2b70:   00 00 48 8d 15 87 d4 e6 ff 0f b6 84 02 f0 2c 19
0x00007fffb42a2b80:   00 8b 8c 82 d0 2c 19 00 48 03 ca ff e1 48 8b 0d
0x00007fffb42a2b90:   7c 6f 7e 03 83 b9 b4 34 00 00 02 0f 87 2b 01 00
0x00007fffb42a2ba0:   00 48 8d 91 0c 29 00 00 c7 02 e1 00 00 00 e9 ce
0x00007fffb42a2bb0:   00 00 00 48 8b 0d 56 6f 7e 03 83 b9 b4 34 00 00
0x00007fffb42a2bc0:   02 0f 87 05 01 00 00 48 8d 91 0c 29 00 00 c7 02
0x00007fffb42a2bd0:   f0 00 00 00 e9 a8 00 00 00 48 8b 0d 30 6f 7e 03
0x00007fffb42a2be0:   83 b9 b4 34 00 00 02 0f 87 df 00 00 00 48 8d 91
0x00007fffb42a2bf0:   0c 29 00 00 c7 02 00 04 00 00 e9 82 00 00 00 48
0x00007fffb42a2c00:   8b 0d 0a 6f 7e 03 83 b9 b4 34 00 00 02 0f 87 b9
0x00007fffb42a2c10:   00 00 00 48 8d 91 0c 29 00 00 c7 02 00 08 00 00
0x00007fffb42a2c20:   eb 5f 48 8b 0d e7 6e 7e 03 83 b9 b4 34 00 00 02
0x00007fffb42a2c30:   0f 87 96 00 00 00 48 8d 91 0c 29 00 00 c7 02 00
0x00007fffb42a2c40:   09 00 00 eb 3c 48 8b 0d c4 6e 7e 03 83 b9 b4 34
0x00007fffb42a2c50:   00 00 02 77 77 48 8d 91 0c 29 00 00 c7 02 3c 0f 


Stack slot to memory mapping:
stack at sp + 0 slots: 0x00007fffb42a2e7c atio6axx.dll
stack at sp + 1 slots: 0x00007fffb7ae6030 atio6axx.dll
stack at sp + 2 slots: 0x00000293823dfb68 points into unknown readable memory: 0x00007fffb72ef5b0 | b0 f5 2e b7 ff 7f 00 00
stack at sp + 3 slots: 0x0 is NULL
stack at sp + 4 slots: 0x00007fffb42a3e8d atio6axx.dll
stack at sp + 5 slots: 0x0000009c126fb080 is pointing into the stack for thread: 0x00000293ddd13960
stack at sp + 6 slots: 0x00007fffb425f484 atio6axx.dll
stack at sp + 7 slots: 0x00007fffb7ae33c0 atio6axx.dll


---------------  P R O C E S S  ---------------

Threads class SMR info:
_java_thread_list=0x000002938c0a4e30, length=24, elements={
0x00000293ddd13960, 0x00000293801c50f0, 0x00000293801c5bb0, 0x00000293801dd300,
0x00000293801ddbc0, 0x00000293801e0590, 0x00000293801e2e60, 0x00000293801e7b20,
0x00000293801eb9d0, 0x0000029380c10060, 0x00000293801ecef0, 0x0000029380d0d0b0,
0x0000029380d20e90, 0x0000029380e21be0, 0x0000029381687310, 0x00000293815d1bf0,
0x000002938384d510, 0x0000029385b7c450, 0x0000029385b7d790, 0x0000029385b7b5e0,
0x0000029385b7c920, 0x000002938b169910, 0x000002938b169e20, 0x0000029382f6fc60
}

Java Threads: ( => current thread )
=>0x00000293ddd13960 JavaThread "Render thread" [_thread_in_native, id=13984, stack(0x0000009c12600000,0x0000009c12700000)]
  0x00000293801c50f0 JavaThread "Reference Handler" daemon [_thread_blocked, id=50116, stack(0x0000009c12d00000,0x0000009c12e00000)]
  0x00000293801c5bb0 JavaThread "Finalizer" daemon [_thread_blocked, id=43428, stack(0x0000009c12e00000,0x0000009c12f00000)]
  0x00000293801dd300 JavaThread "Signal Dispatcher" daemon [_thread_blocked, id=7348, stack(0x0000009c12f00000,0x0000009c13000000)]
  0x00000293801ddbc0 JavaThread "Attach Listener" daemon [_thread_blocked, id=10180, stack(0x0000009c13000000,0x0000009c13100000)]
  0x00000293801e0590 JavaThread "Service Thread" daemon [_thread_blocked, id=25128, stack(0x0000009c13100000,0x0000009c13200000)]
  0x00000293801e2e60 JavaThread "Monitor Deflation Thread" daemon [_thread_blocked, id=2572, stack(0x0000009c13200000,0x0000009c13300000)]
  0x00000293801e7b20 JavaThread "C2 CompilerThread0" daemon [_thread_blocked, id=22764, stack(0x0000009c13300000,0x0000009c13400000)]
  0x00000293801eb9d0 JavaThread "C1 CompilerThread0" daemon [_thread_blocked, id=14784, stack(0x0000009c13400000,0x0000009c13500000)]
  0x0000029380c10060 JavaThread "Sweeper thread" daemon [_thread_blocked, id=48284, stack(0x0000009c13500000,0x0000009c13600000)]
  0x00000293801ecef0 JavaThread "C1 CompilerThread1" daemon [_thread_blocked, id=24384, stack(0x0000009c13600000,0x0000009c13700000)]
  0x0000029380d0d0b0 JavaThread "Common-Cleaner" daemon [_thread_blocked, id=17432, stack(0x0000009c13700000,0x0000009c13800000)]
  0x0000029380d20e90 JavaThread "C2 CompilerThread1" daemon [_thread_blocked, id=9452, stack(0x0000009c13800000,0x0000009c13900000)]
  0x0000029380e21be0 JavaThread "Notification Thread" daemon [_thread_blocked, id=13936, stack(0x0000009c13900000,0x0000009c13a00000)]
  0x0000029381687310 JavaThread "C1 CompilerThread2" daemon [_thread_blocked, id=23336, stack(0x0000009c13b00000,0x0000009c13c00000)]
  0x00000293815d1bf0 JavaThread "C1 CompilerThread3" daemon [_thread_blocked, id=11020, stack(0x0000009c13c00000,0x0000009c13d00000)]
  0x000002938384d510 JavaThread "C2 CompilerThread2" daemon [_thread_blocked, id=46000, stack(0x0000009c14100000,0x0000009c14200000)]
  0x0000029385b7c450 JavaThread "Thread-0" daemon [_thread_blocked, id=14788, stack(0x0000009c14c00000,0x0000009c14d00000)]
  0x0000029385b7d790 JavaThread "FileSystemWatchService" daemon [_thread_in_native, id=1436, stack(0x0000009c14d00000,0x0000009c14e00000)]
  0x0000029385b7b5e0 JavaThread "pool-2-thread-1" daemon [_thread_blocked, id=35800, stack(0x0000009c15100000,0x0000009c15200000)]
  0x0000029385b7c920 JavaThread "JNA Cleaner" daemon [_thread_blocked, id=9772, stack(0x0000009c15400000,0x0000009c15500000)]
  0x000002938b169910 JavaThread "C2 CompilerThread3" daemon [_thread_blocked, id=10004, stack(0x0000009c14200000,0x0000009c14300000)]
  0x000002938b169e20 JavaThread "C2 CompilerThread4" daemon [_thread_blocked, id=21300, stack(0x0000009c14300000,0x0000009c14400000)]
  0x0000029382f6fc60 JavaThread "Timer hack thread" daemon [_thread_blocked, id=21592, stack(0x0000009c15300000,0x0000009c15400000)]

Other Threads:
  0x00000293801c1ba0 VMThread "VM Thread" [stack: 0x0000009c12c00000,0x0000009c12d00000] [id=51496]
  0x00000293ddd14510 WatcherThread [stack: 0x0000009c13a00000,0x0000009c13b00000] [id=4688]
  0x00000293ddd5eb40 GCTaskThread "GC Thread#0" [stack: 0x0000009c12700000,0x0000009c12800000] [id=45264]
  0x0000029380f46180 GCTaskThread "GC Thread#1" [stack: 0x0000009c13d00000,0x0000009c13e00000] [id=27248]
  0x0000029380f46430 GCTaskThread "GC Thread#2" [stack: 0x0000009c13e00000,0x0000009c13f00000] [id=22660]
  0x00000293815fae40 GCTaskThread "GC Thread#3" [stack: 0x0000009c13f00000,0x0000009c14000000] [id=7596]
  0x00000293815fb0f0 GCTaskThread "GC Thread#4" [stack: 0x0000009c14000000,0x0000009c14100000] [id=9496]
  0x00000293824684a0 GCTaskThread "GC Thread#5" [stack: 0x0000009c14700000,0x0000009c14800000] [id=18916]
  0x0000029383704fa0 GCTaskThread "GC Thread#6" [stack: 0x0000009c14500000,0x0000009c14600000] [id=21360]
  0x0000029383705500 GCTaskThread "GC Thread#7" [stack: 0x0000009c14600000,0x0000009c14700000] [id=25108]
  0x0000029383706270 GCTaskThread "GC Thread#8" [stack: 0x0000009c14800000,0x0000009c14900000] [id=8720]
  0x0000029383706520 GCTaskThread "GC Thread#9" [stack: 0x0000009c14900000,0x0000009c14a00000] [id=4556]
  0x00000293837057b0 GCTaskThread "GC Thread#10" [stack: 0x0000009c14a00000,0x0000009c14b00000] [id=14772]
  0x00000293837067d0 GCTaskThread "GC Thread#11" [stack: 0x0000009c14b00000,0x0000009c14c00000] [id=45268]
  0x0000029384d0f3e0 GCTaskThread "GC Thread#12" [stack: 0x0000009c14e00000,0x0000009c14f00000] [id=9856]
  0x00000293ddd6f700 ConcurrentGCThread "G1 Main Marker" [stack: 0x0000009c12800000,0x0000009c12900000] [id=29612]
  0x00000293ddd70750 ConcurrentGCThread "G1 Conc#0" [stack: 0x0000009c12900000,0x0000009c12a00000] [id=6788]
  0x0000029384d0ee80 ConcurrentGCThread "G1 Conc#1" [stack: 0x0000009c14f00000,0x0000009c15000000] [id=6712]
  0x0000029384d0fbf0 ConcurrentGCThread "G1 Conc#2" [stack: 0x0000009c15000000,0x0000009c15100000] [id=33124]
  0x00000293dddbe530 ConcurrentGCThread "G1 Refine#0" [stack: 0x0000009c12a00000,0x0000009c12b00000] [id=29500]
  0x0000029386d4c1d0 ConcurrentGCThread "G1 Refine#1" [stack: 0x0000009c15900000,0x0000009c15a00000] [id=27860]
  0x0000029386d4b090 ConcurrentGCThread "G1 Refine#2" [stack: 0x0000009c15a00000,0x0000009c15b00000] [id=41212]
  0x0000029386d4bc10 ConcurrentGCThread "G1 Refine#3" [stack: 0x0000009c15200000,0x0000009c15300000] [id=31976]
  0x0000029386d4b930 ConcurrentGCThread "G1 Refine#4" [stack: 0x0000009c14400000,0x0000009c14500000] [id=52396]
  0x000002938007e130 ConcurrentGCThread "G1 Service" [stack: 0x0000009c12b00000,0x0000009c12c00000] [id=20632]

Threads with active compile tasks:

VM state: not at safepoint (normal execution)

VM Mutex/Monitor currently owned by a thread: None

Heap address: 0x0000000722400000, size: 3548 MB, Compressed Oops mode: Zero based, Oop shift amount: 3

CDS archive(s) mapped at: [0x0000000800000000-0x0000000800bc0000-0x0000000800bc0000), size 12320768, SharedBaseAddress: 0x0000000800000000, ArchiveRelocationMode: 0.
Compressed class space mapped at: 0x0000000800c00000-0x0000000840c00000, reserved size: 1073741824
Narrow klass base: 0x0000000800000000, Narrow klass shift: 0, Narrow klass range: 0x100000000

GC Precious Log:
 CPUs: 16 total, 16 available
 Memory: 14188M
 Large Page Support: Disabled
 NUMA Support: Disabled
 Compressed Oops: Enabled (Zero based)
 Heap Region Size: 2M
 Heap Min Capacity: 8M
 Heap Initial Capacity: 222M
 Heap Max Capacity: 3548M
 Pre-touch: Disabled
 Parallel Workers: 13
 Concurrent Workers: 3
 Concurrent Refinement Workers: 13
 Periodic GC: Disabled

Heap:
 garbage-first heap   total 307200K, used 218433K [0x0000000722400000, 0x0000000800000000)
  region size 2048K, 28 young (57344K), 1 survivors (2048K)
 Metaspace       used 66132K, committed 67328K, reserved 1114112K
  class space    used 9751K, committed 10304K, reserved 1048576K

Heap Regions: E=young(eden), S=young(survivor), O=old, HS=humongous(starts), HC=humongous(continues), CS=collection set, F=free, OA=open archive, CA=closed archive, TAMS=top-at-mark-start (previous, next)
|   0|0x0000000722400000, 0x0000000722600000, 0x0000000722600000|100%|HS|  |TAMS 0x0000000722600000, 0x0000000722400000| Complete 
|   1|0x0000000722600000, 0x0000000722800000, 0x0000000722800000|100%| O|  |TAMS 0x0000000722800000, 0x0000000722600000| Untracked 
|   2|0x0000000722800000, 0x0000000722a00000, 0x0000000722a00000|100%| O|  |TAMS 0x0000000722a00000, 0x0000000722800000| Untracked 
|   3|0x0000000722a00000, 0x0000000722c00000, 0x0000000722c00000|100%|HS|  |TAMS 0x0000000722c00000, 0x0000000722a00000| Complete 
|   4|0x0000000722c00000, 0x0000000722e00000, 0x0000000722e00000|100%| O|  |TAMS 0x0000000722e00000, 0x0000000722c00000| Untracked 
|   5|0x0000000722e00000, 0x0000000723000000, 0x0000000723000000|100%| O|  |TAMS 0x0000000723000000, 0x0000000722e00000| Untracked 
|   6|0x0000000723000000, 0x0000000723200000, 0x0000000723200000|100%|HS|  |TAMS 0x0000000723200000, 0x0000000723000000| Complete 
|   7|0x0000000723200000, 0x0000000723400000, 0x0000000723400000|100%|HS|  |TAMS 0x0000000723400000, 0x0000000723200000| Complete 
|   8|0x0000000723400000, 0x0000000723600000, 0x0000000723600000|100%| O|  |TAMS 0x0000000723600000, 0x0000000723400000| Untracked 
|   9|0x0000000723600000, 0x0000000723800000, 0x0000000723800000|100%| O|  |TAMS 0x0000000723800000, 0x0000000723600000| Untracked 
|  10|0x0000000723800000, 0x0000000723a00000, 0x0000000723a00000|100%| O|  |TAMS 0x0000000723a00000, 0x0000000723800000| Untracked 
|  11|0x0000000723a00000, 0x0000000723c00000, 0x0000000723c00000|100%| O|  |TAMS 0x0000000723c00000, 0x0000000723a00000| Untracked 
|  12|0x0000000723c00000, 0x0000000723e00000, 0x0000000723e00000|100%| O|  |TAMS 0x0000000723e00000, 0x0000000723c00000| Untracked 
|  13|0x0000000723e00000, 0x0000000724000000, 0x0000000724000000|100%| O|  |TAMS 0x0000000724000000, 0x0000000723e00000| Untracked 
|  14|0x0000000724000000, 0x0000000724200000, 0x0000000724200000|100%|HS|  |TAMS 0x0000000724200000, 0x0000000724000000| Complete 
|  15|0x0000000724200000, 0x0000000724400000, 0x0000000724400000|100%| O|  |TAMS 0x0000000724400000, 0x0000000724200000| Untracked 
|  16|0x0000000724400000, 0x0000000724600000, 0x0000000724600000|100%| O|  |TAMS 0x0000000724600000, 0x0000000724400000| Untracked 
|  17|0x0000000724600000, 0x0000000724800000, 0x0000000724800000|100%| O|  |TAMS 0x0000000724800000, 0x0000000724600000| Untracked 
|  18|0x0000000724800000, 0x0000000724a00000, 0x0000000724a00000|100%| O|  |TAMS 0x0000000724a00000, 0x0000000724800000| Untracked 
|  19|0x0000000724a00000, 0x0000000724c00000, 0x0000000724c00000|100%| O|  |TAMS 0x0000000724c00000, 0x0000000724a00000| Untracked 
|  20|0x0000000724c00000, 0x0000000724e00000, 0x0000000724e00000|100%| O|  |TAMS 0x0000000724e00000, 0x0000000724c00000| Untracked 
|  21|0x0000000724e00000, 0x0000000725000000, 0x0000000725000000|100%| O|  |TAMS 0x0000000725000000, 0x0000000724e00000| Untracked 
|  22|0x0000000725000000, 0x0000000725200000, 0x0000000725200000|100%| O|  |TAMS 0x0000000725200000, 0x0000000725000000| Untracked 
|  23|0x0000000725200000, 0x0000000725400000, 0x0000000725400000|100%| O|  |TAMS 0x0000000725400000, 0x0000000725200000| Untracked 
|  24|0x0000000725400000, 0x0000000725600000, 0x0000000725600000|100%| O|  |TAMS 0x0000000725600000, 0x0000000725400000| Untracked 
|  25|0x0000000725600000, 0x0000000725800000, 0x0000000725800000|100%| O|  |TAMS 0x0000000725800000, 0x0000000725600000| Untracked 
|  26|0x0000000725800000, 0x0000000725a00000, 0x0000000725a00000|100%| O|  |TAMS 0x0000000725a00000, 0x0000000725800000| Untracked 
|  27|0x0000000725a00000, 0x0000000725c00000, 0x0000000725c00000|100%| O|  |TAMS 0x0000000725c00000, 0x0000000725a00000| Untracked 
|  28|0x0000000725c00000, 0x0000000725e00000, 0x0000000725e00000|100%| O|  |TAMS 0x0000000725e00000, 0x0000000725c00000| Untracked 
|  29|0x0000000725e00000, 0x0000000725f0f400, 0x0000000726000000| 52%| O|  |TAMS 0x0000000725f0f400, 0x0000000725e00000| Untracked 
|  30|0x0000000726000000, 0x0000000726200000, 0x0000000726200000|100%| O|  |TAMS 0x0000000726200000, 0x0000000726000000| Untracked 
|  31|0x0000000726200000, 0x0000000726400000, 0x0000000726400000|100%| O|  |TAMS 0x0000000726400000, 0x0000000726200000| Untracked 
|  32|0x0000000726400000, 0x0000000726600000, 0x0000000726600000|100%| O|  |TAMS 0x0000000726600000, 0x0000000726400000| Untracked 
|  33|0x0000000726600000, 0x0000000726800000, 0x0000000726800000|100%| O|  |TAMS 0x0000000726800000, 0x0000000726600000| Untracked 
|  34|0x0000000726800000, 0x0000000726a00000, 0x0000000726a00000|100%| O|  |TAMS 0x0000000726a00000, 0x0000000726800000| Untracked 
|  35|0x0000000726a00000, 0x0000000726c00000, 0x0000000726c00000|100%| O|  |TAMS 0x0000000726c00000, 0x0000000726a00000| Untracked 
|  36|0x0000000726c00000, 0x0000000726e00000, 0x0000000726e00000|100%|HS|  |TAMS 0x0000000726e00000, 0x0000000726c00000| Complete 
|  37|0x0000000726e00000, 0x0000000727000000, 0x0000000727000000|100%|HC|  |TAMS 0x0000000727000000, 0x0000000726e00000| Complete 
|  38|0x0000000727000000, 0x0000000727200000, 0x0000000727200000|100%|HC|  |TAMS 0x0000000727200000, 0x0000000727000000| Complete 
|  39|0x0000000727200000, 0x0000000727400000, 0x0000000727400000|100%|HC|  |TAMS 0x0000000727400000, 0x0000000727200000| Complete 
|  40|0x0000000727400000, 0x0000000727600000, 0x0000000727600000|100%|HC|  |TAMS 0x0000000727600000, 0x0000000727400000| Complete 
|  41|0x0000000727600000, 0x0000000727800000, 0x0000000727800000|100%|HC|  |TAMS 0x0000000727800000, 0x0000000727600000| Complete 
|  42|0x0000000727800000, 0x0000000727a00000, 0x0000000727a00000|100%| O|  |TAMS 0x0000000727a00000, 0x0000000727800000| Untracked 
|  43|0x0000000727a00000, 0x0000000727c00000, 0x0000000727c00000|100%| O|  |TAMS 0x0000000727c00000, 0x0000000727a00000| Untracked 
|  44|0x0000000727c00000, 0x0000000727e00000, 0x0000000727e00000|100%| O|  |TAMS 0x0000000727e00000, 0x0000000727c00000| Untracked 
|  45|0x0000000727e00000, 0x0000000728000000, 0x0000000728000000|100%| O|  |TAMS 0x0000000728000000, 0x0000000727e00000| Untracked 
|  46|0x0000000728000000, 0x0000000728200000, 0x0000000728200000|100%| O|  |TAMS 0x0000000728200000, 0x0000000728000000| Untracked 
|  47|0x0000000728200000, 0x0000000728400000, 0x0000000728400000|100%| O|  |TAMS 0x0000000728400000, 0x0000000728200000| Untracked 
|  48|0x0000000728400000, 0x0000000728600000, 0x0000000728600000|100%| O|  |TAMS 0x0000000728600000, 0x0000000728400000| Untracked 
|  49|0x0000000728600000, 0x0000000728800000, 0x0000000728800000|100%| O|  |TAMS 0x0000000728800000, 0x0000000728600000| Untracked 
|  50|0x0000000728800000, 0x0000000728a00000, 0x0000000728a00000|100%| O|  |TAMS 0x0000000728a00000, 0x0000000728800000| Untracked 
|  51|0x0000000728a00000, 0x0000000728c00000, 0x0000000728c00000|100%| O|  |TAMS 0x0000000728c00000, 0x0000000728a00000| Untracked 
|  52|0x0000000728c00000, 0x0000000728e00000, 0x0000000728e00000|100%| O|  |TAMS 0x0000000728e00000, 0x0000000728c00000| Untracked 
|  53|0x0000000728e00000, 0x0000000729000000, 0x0000000729000000|100%| O|  |TAMS 0x0000000729000000, 0x0000000728e00000| Untracked 
|  54|0x0000000729000000, 0x0000000729200000, 0x0000000729200000|100%| O|  |TAMS 0x0000000729200000, 0x0000000729000000| Untracked 
|  55|0x0000000729200000, 0x0000000729400000, 0x0000000729400000|100%| O|  |TAMS 0x0000000729400000, 0x0000000729200000| Untracked 
|  56|0x0000000729400000, 0x0000000729600000, 0x0000000729600000|100%| O|  |TAMS 0x0000000729600000, 0x0000000729400000| Untracked 
|  57|0x0000000729600000, 0x0000000729800000, 0x0000000729800000|100%| O|  |TAMS 0x0000000729800000, 0x0000000729600000| Untracked 
|  58|0x0000000729800000, 0x0000000729a00000, 0x0000000729a00000|100%| O|  |TAMS 0x0000000729a00000, 0x0000000729800000| Untracked 
|  59|0x0000000729a00000, 0x0000000729c00000, 0x0000000729c00000|100%| O|  |TAMS 0x0000000729c00000, 0x0000000729a00000| Untracked 
|  60|0x0000000729c00000, 0x0000000729e00000, 0x0000000729e00000|100%| O|  |TAMS 0x0000000729e00000, 0x0000000729c00000| Untracked 
|  61|0x0000000729e00000, 0x0000000729e00000, 0x000000072a000000|  0%| F|  |TAMS 0x0000000729e00000, 0x0000000729e00000| Untracked 
|  62|0x000000072a000000, 0x000000072a200000, 0x000000072a200000|100%| O|  |TAMS 0x000000072a200000, 0x000000072a000000| Untracked 
|  63|0x000000072a200000, 0x000000072a400000, 0x000000072a400000|100%| O|  |TAMS 0x000000072a400000, 0x000000072a200000| Untracked 
|  64|0x000000072a400000, 0x000000072a600000, 0x000000072a600000|100%| O|  |TAMS 0x000000072a600000, 0x000000072a400000| Untracked 
|  65|0x000000072a600000, 0x000000072a800000, 0x000000072a800000|100%| O|  |TAMS 0x000000072a800000, 0x000000072a600000| Untracked 
|  66|0x000000072a800000, 0x000000072aa00000, 0x000000072aa00000|100%| O|  |TAMS 0x000000072aa00000, 0x000000072a800000| Untracked 
|  67|0x000000072aa00000, 0x000000072ac00000, 0x000000072ac00000|100%| O|  |TAMS 0x000000072ac00000, 0x000000072aa00000| Untracked 
|  68|0x000000072ac00000, 0x000000072ae00000, 0x000000072ae00000|100%| O|  |TAMS 0x000000072ae00000, 0x000000072ac00000| Untracked 
|  69|0x000000072ae00000, 0x000000072b000000, 0x000000072b000000|100%| O|  |TAMS 0x000000072b000000, 0x000000072ae00000| Untracked 
|  70|0x000000072b000000, 0x000000072b200000, 0x000000072b200000|100%| O|  |TAMS 0x000000072b000000, 0x000000072b000000| Untracked 
|  71|0x000000072b200000, 0x000000072b400000, 0x000000072b400000|100%| O|  |TAMS 0x000000072b200000, 0x000000072b200000| Untracked 
|  72|0x000000072b400000, 0x000000072b600000, 0x000000072b600000|100%| O|  |TAMS 0x000000072b400000, 0x000000072b400000| Untracked 
|  73|0x000000072b600000, 0x000000072b800000, 0x000000072b800000|100%| O|  |TAMS 0x000000072b600000, 0x000000072b600000| Untracked 
|  74|0x000000072b800000, 0x000000072ba00000, 0x000000072ba00000|100%| O|  |TAMS 0x000000072b800000, 0x000000072b800000| Untracked 
|  75|0x000000072ba00000, 0x000000072bc00000, 0x000000072bc00000|100%| O|  |TAMS 0x000000072ba00000, 0x000000072ba00000| Untracked 
|  76|0x000000072bc00000, 0x000000072be00000, 0x000000072be00000|100%| O|  |TAMS 0x000000072bc00000, 0x000000072bc00000| Untracked 
|  77|0x000000072be00000, 0x000000072c000000, 0x000000072c000000|100%| O|  |TAMS 0x000000072be00000, 0x000000072be00000| Untracked 
|  78|0x000000072c000000, 0x000000072c200000, 0x000000072c200000|100%| O|  |TAMS 0x000000072c000000, 0x000000072c000000| Untracked 
|  79|0x000000072c200000, 0x000000072c400000, 0x000000072c400000|100%| O|  |TAMS 0x000000072c200000, 0x000000072c200000| Untracked 
|  80|0x000000072c400000, 0x000000072c600000, 0x000000072c600000|100%| O|  |TAMS 0x000000072c400000, 0x000000072c400000| Untracked 
|  81|0x000000072c600000, 0x000000072c800000, 0x000000072c800000|100%| O|  |TAMS 0x000000072c600000, 0x000000072c600000| Untracked 
|  82|0x000000072c800000, 0x000000072c8fd000, 0x000000072ca00000| 49%| O|  |TAMS 0x000000072c800000, 0x000000072c800000| Untracked 
|  83|0x000000072ca00000, 0x000000072ca00000, 0x000000072cc00000|  0%| F|  |TAMS 0x000000072ca00000, 0x000000072ca00000| Untracked 
|  84|0x000000072cc00000, 0x000000072cc00000, 0x000000072ce00000|  0%| F|  |TAMS 0x000000072cc00000, 0x000000072cc00000| Untracked 
|  85|0x000000072ce00000, 0x000000072ce00000, 0x000000072d000000|  0%| F|  |TAMS 0x000000072ce00000, 0x000000072ce00000| Untracked 
|  86|0x000000072d000000, 0x000000072d000000, 0x000000072d200000|  0%| F|  |TAMS 0x000000072d000000, 0x000000072d000000| Untracked 
|  87|0x000000072d200000, 0x000000072d200000, 0x000000072d400000|  0%| F|  |TAMS 0x000000072d200000, 0x000000072d200000| Untracked 
|  88|0x000000072d400000, 0x000000072d400000, 0x000000072d600000|  0%| F|  |TAMS 0x000000072d400000, 0x000000072d400000| Untracked 
|  89|0x000000072d600000, 0x000000072d600000, 0x000000072d800000|  0%| F|  |TAMS 0x000000072d600000, 0x000000072d600000| Untracked 
|  90|0x000000072d800000, 0x000000072d800000, 0x000000072da00000|  0%| F|  |TAMS 0x000000072d800000, 0x000000072d800000| Untracked 
|  91|0x000000072da00000, 0x000000072da00000, 0x000000072dc00000|  0%| F|  |TAMS 0x000000072da00000, 0x000000072da00000| Untracked 
|  92|0x000000072dc00000, 0x000000072dc00000, 0x000000072de00000|  0%| F|  |TAMS 0x000000072dc00000, 0x000000072dc00000| Untracked 
|  93|0x000000072de00000, 0x000000072de00000, 0x000000072e000000|  0%| F|  |TAMS 0x000000072de00000, 0x000000072de00000| Untracked 
|  94|0x000000072e000000, 0x000000072e000000, 0x000000072e200000|  0%| F|  |TAMS 0x000000072e000000, 0x000000072e000000| Untracked 
|  95|0x000000072e200000, 0x000000072e200000, 0x000000072e400000|  0%| F|  |TAMS 0x000000072e200000, 0x000000072e200000| Untracked 
|  96|0x000000072e400000, 0x000000072e400000, 0x000000072e600000|  0%| F|  |TAMS 0x000000072e400000, 0x000000072e400000| Untracked 
|  97|0x000000072e600000, 0x000000072e600000, 0x000000072e800000|  0%| F|  |TAMS 0x000000072e600000, 0x000000072e600000| Untracked 
|  98|0x000000072e800000, 0x000000072e800000, 0x000000072ea00000|  0%| F|  |TAMS 0x000000072e800000, 0x000000072e800000| Untracked 
|  99|0x000000072ea00000, 0x000000072ea00000, 0x000000072ec00000|  0%| F|  |TAMS 0x000000072ea00000, 0x000000072ea00000| Untracked 
| 100|0x000000072ec00000, 0x000000072ec00000, 0x000000072ee00000|  0%| F|  |TAMS 0x000000072ec00000, 0x000000072ec00000| Untracked 
| 101|0x000000072ee00000, 0x000000072ee00000, 0x000000072f000000|  0%| F|  |TAMS 0x000000072ee00000, 0x000000072ee00000| Untracked 
| 102|0x000000072f000000, 0x000000072f000000, 0x000000072f200000|  0%| F|  |TAMS 0x000000072f000000, 0x000000072f000000| Untracked 
| 103|0x000000072f200000, 0x000000072f200000, 0x000000072f400000|  0%| F|  |TAMS 0x000000072f200000, 0x000000072f200000| Untracked 
| 104|0x000000072f400000, 0x000000072f400000, 0x000000072f600000|  0%| F|  |TAMS 0x000000072f400000, 0x000000072f400000| Untracked 
| 105|0x000000072f600000, 0x000000072f600000, 0x000000072f800000|  0%| F|  |TAMS 0x000000072f600000, 0x000000072f600000| Untracked 
| 106|0x000000072f800000, 0x000000072f800000, 0x000000072fa00000|  0%| F|  |TAMS 0x000000072f800000, 0x000000072f800000| Untracked 
| 107|0x000000072fa00000, 0x000000072fa00000, 0x000000072fc00000|  0%| F|  |TAMS 0x000000072fa00000, 0x000000072fa00000| Untracked 
| 108|0x000000072fc00000, 0x000000072fc00000, 0x000000072fe00000|  0%| F|  |TAMS 0x000000072fc00000, 0x000000072fc00000| Untracked 
| 109|0x000000072fe00000, 0x000000072fe00000, 0x0000000730000000|  0%| F|  |TAMS 0x000000072fe00000, 0x000000072fe00000| Untracked 
| 110|0x0000000730000000, 0x0000000730000000, 0x0000000730200000|  0%| F|  |TAMS 0x0000000730000000, 0x0000000730000000| Untracked 
| 111|0x0000000730200000, 0x0000000730200000, 0x0000000730400000|  0%| F|  |TAMS 0x0000000730200000, 0x0000000730200000| Untracked 
| 112|0x0000000730400000, 0x0000000730400000, 0x0000000730600000|  0%| F|  |TAMS 0x0000000730400000, 0x0000000730400000| Untracked 
| 113|0x0000000730600000, 0x0000000730600000, 0x0000000730800000|  0%| F|  |TAMS 0x0000000730600000, 0x0000000730600000| Untracked 
| 114|0x0000000730800000, 0x0000000730800000, 0x0000000730a00000|  0%| F|  |TAMS 0x0000000730800000, 0x0000000730800000| Untracked 
| 115|0x0000000730a00000, 0x0000000730a00000, 0x0000000730c00000|  0%| F|  |TAMS 0x0000000730a00000, 0x0000000730a00000| Untracked 
| 116|0x0000000730c00000, 0x0000000730c00000, 0x0000000730e00000|  0%| F|  |TAMS 0x0000000730c00000, 0x0000000730c00000| Untracked 
| 117|0x0000000730e00000, 0x0000000730e00000, 0x0000000731000000|  0%| F|  |TAMS 0x0000000730e00000, 0x0000000730e00000| Untracked 
| 118|0x0000000731000000, 0x0000000731000000, 0x0000000731200000|  0%| F|  |TAMS 0x0000000731000000, 0x0000000731000000| Untracked 
| 119|0x0000000731200000, 0x0000000731200000, 0x0000000731400000|  0%| F|  |TAMS 0x0000000731200000, 0x0000000731200000| Untracked 
| 120|0x0000000731400000, 0x0000000731400000, 0x0000000731600000|  0%| F|  |TAMS 0x0000000731400000, 0x0000000731400000| Untracked 
| 121|0x0000000731600000, 0x0000000731600000, 0x0000000731800000|  0%| F|  |TAMS 0x0000000731600000, 0x0000000731600000| Untracked 
| 122|0x0000000731800000, 0x00000007318e3a80, 0x0000000731a00000| 44%| E|  |TAMS 0x0000000731800000, 0x0000000731800000| Complete 
| 123|0x0000000731a00000, 0x0000000731c00000, 0x0000000731c00000|100%| E|CS|TAMS 0x0000000731a00000, 0x0000000731a00000| Complete 
| 124|0x0000000731c00000, 0x0000000731e00000, 0x0000000731e00000|100%| E|CS|TAMS 0x0000000731c00000, 0x0000000731c00000| Complete 
| 125|0x0000000731e00000, 0x0000000732000000, 0x0000000732000000|100%| E|  |TAMS 0x0000000731e00000, 0x0000000731e00000| Complete 
| 126|0x0000000732000000, 0x0000000732200000, 0x0000000732200000|100%| E|CS|TAMS 0x0000000732000000, 0x0000000732000000| Complete 
| 127|0x0000000732200000, 0x0000000732400000, 0x0000000732400000|100%| E|CS|TAMS 0x0000000732200000, 0x0000000732200000| Complete 
| 128|0x0000000732400000, 0x0000000732600000, 0x0000000732600000|100%| E|CS|TAMS 0x0000000732400000, 0x0000000732400000| Complete 
| 129|0x0000000732600000, 0x0000000732800000, 0x0000000732800000|100%| E|CS|TAMS 0x0000000732600000, 0x0000000732600000| Complete 
| 130|0x0000000732800000, 0x0000000732a00000, 0x0000000732a00000|100%| E|CS|TAMS 0x0000000732800000, 0x0000000732800000| Complete 
| 131|0x0000000732a00000, 0x0000000732c00000, 0x0000000732c00000|100%| E|CS|TAMS 0x0000000732a00000, 0x0000000732a00000| Complete 
| 132|0x0000000732c00000, 0x0000000732e00000, 0x0000000732e00000|100%| E|CS|TAMS 0x0000000732c00000, 0x0000000732c00000| Complete 
| 133|0x0000000732e00000, 0x0000000733000000, 0x0000000733000000|100%| E|CS|TAMS 0x0000000732e00000, 0x0000000732e00000| Complete 
| 134|0x0000000733000000, 0x0000000733200000, 0x0000000733200000|100%| E|CS|TAMS 0x0000000733000000, 0x0000000733000000| Complete 
| 135|0x0000000733200000, 0x0000000733400000, 0x0000000733400000|100%| E|CS|TAMS 0x0000000733200000, 0x0000000733200000| Complete 
| 136|0x0000000733400000, 0x0000000733600000, 0x0000000733600000|100%| E|CS|TAMS 0x0000000733400000, 0x0000000733400000| Complete 
| 137|0x0000000733600000, 0x0000000733800000, 0x0000000733800000|100%| E|CS|TAMS 0x0000000733600000, 0x0000000733600000| Complete 
| 138|0x0000000733800000, 0x0000000733a00000, 0x0000000733a00000|100%| E|CS|TAMS 0x0000000733800000, 0x0000000733800000| Complete 
| 139|0x0000000733a00000, 0x0000000733c00000, 0x0000000733c00000|100%| E|CS|TAMS 0x0000000733a00000, 0x0000000733a00000| Complete 
| 140|0x0000000733c00000, 0x0000000733e00000, 0x0000000733e00000|100%| E|CS|TAMS 0x0000000733c00000, 0x0000000733c00000| Complete 
| 141|0x0000000733e00000, 0x0000000734000000, 0x0000000734000000|100%| E|CS|TAMS 0x0000000733e00000, 0x0000000733e00000| Complete 
| 142|0x0000000734000000, 0x0000000734200000, 0x0000000734200000|100%| E|CS|TAMS 0x0000000734000000, 0x0000000734000000| Complete 
| 143|0x0000000734200000, 0x0000000734400000, 0x0000000734400000|100%| E|CS|TAMS 0x0000000734200000, 0x0000000734200000| Complete 
| 144|0x0000000734400000, 0x0000000734600000, 0x0000000734600000|100%| E|CS|TAMS 0x0000000734400000, 0x0000000734400000| Complete 
| 145|0x0000000734600000, 0x0000000734800000, 0x0000000734800000|100%| E|CS|TAMS 0x0000000734600000, 0x0000000734600000| Complete 
| 146|0x0000000734800000, 0x0000000734944028, 0x0000000734a00000| 63%| S|CS|TAMS 0x0000000734800000, 0x0000000734800000| Complete 
| 147|0x0000000734a00000, 0x0000000734c00000, 0x0000000734c00000|100%| E|CS|TAMS 0x0000000734a00000, 0x0000000734a00000| Complete 
| 148|0x0000000734c00000, 0x0000000734e00000, 0x0000000734e00000|100%| E|CS|TAMS 0x0000000734c00000, 0x0000000734c00000| Complete 
| 149|0x0000000734e00000, 0x0000000735000000, 0x0000000735000000|100%| E|CS|TAMS 0x0000000734e00000, 0x0000000734e00000| Complete 

Card table byte_map: [0x00000293f54b0000,0x00000293f5ba0000] _byte_map_base: 0x00000293f1b9e000

Marking Bits (Prev, Next): (CMBitMap*) 0x00000293ddd5f030, (CMBitMap*) 0x00000293ddd5eff0
 Prev Bits: [0x00000293f9a00000, 0x00000293fd170000)
 Next Bits: [0x00000293f6290000, 0x00000293f9a00000)

Polling page: 0x00000293dbc90000

Metaspace:

Usage:
  Non-class:     55.06 MB used.
      Class:      9.52 MB used.
       Both:     64.58 MB used.

Virtual space:
  Non-class space:       64.00 MB reserved,      55.69 MB ( 87%) committed,  8 nodes.
      Class space:        1.00 GB reserved,      10.06 MB ( <1%) committed,  1 nodes.
             Both:        1.06 GB reserved,      65.75 MB (  6%) committed. 

Chunk freelists:
   Non-Class:  3.98 MB
       Class:  1.92 MB
        Both:  5.90 MB

MaxMetaspaceSize: unlimited
CompressedClassSpaceSize: 1.00 GB
Initial GC threshold: 21.00 MB
Current GC threshold: 93.44 MB
CDS: on
MetaspaceReclaimPolicy: balanced
 - commit_granule_bytes: 65536.
 - commit_granule_words: 8192.
 - virtual_space_node_default_size: 1048576.
 - enlarge_chunks_in_place: 1.
 - new_chunks_are_fully_committed: 0.
 - uncommit_free_chunks: 1.
 - use_allocation_guard: 0.
 - handle_deallocations: 1.


Internal statistics:

num_allocs_failed_limit: 6.
num_arena_births: 1738.
num_arena_deaths: 0.
num_vsnodes_births: 9.
num_vsnodes_deaths: 0.
num_space_committed: 1049.
num_space_uncommitted: 0.
num_chunks_returned_to_freelist: 6.
num_chunks_taken_from_freelist: 4422.
num_chunk_merges: 6.
num_chunk_splits: 2893.
num_chunks_enlarged: 1960.
num_purges: 0.
num_inconsistent_stats: 0.

CodeHeap 'non-profiled nmethods': size=119168Kb used=7627Kb max_used=7627Kb free=111540Kb
 bounds [0x00000293ed0e0000, 0x00000293ed860000, 0x00000293f4540000]
CodeHeap 'profiled nmethods': size=119104Kb used=13391Kb max_used=14676Kb free=105712Kb
 bounds [0x00000293e5c90000, 0x00000293e6af0000, 0x00000293ed0e0000]
CodeHeap 'non-nmethods': size=7488Kb used=3667Kb max_used=3727Kb free=3820Kb
 bounds [0x00000293e5540000, 0x00000293e58f0000, 0x00000293e5c90000]
 total_blobs=9338 nmethods=7827 adapters=1420
 compilation: enabled
              stopped_count=0, restarted_count=0
 full_count=0

Compilation events (20 events):
Event: 18.579 Thread 0x00000293801eb9d0 10067       3       org.lwjgl.system.MemoryUtil::encodeASCIIUnsafe (53 bytes)
Event: 18.579 Thread 0x00000293815d1bf0 10068       3       java.nio.ByteBuffer::order (48 bytes)
Event: 18.579 Thread 0x0000029381687310 10069       1       org.lwjgl.system.Pointer$Default::address (5 bytes)
Event: 18.580 Thread 0x0000029381687310 nmethod 10069 0x00000293ed817390 code [0x00000293ed817520, 0x00000293ed8175f8]
Event: 18.580 Thread 0x00000293815d1bf0 nmethod 10068 0x00000293e630f210 code [0x00000293e630f3c0, 0x00000293e630f5f8]
Event: 18.580 Thread 0x0000029381687310 10070       3       jdk.internal.loader.NativeLibraries$NativeLibraryImpl::find (6 bytes)
Event: 18.580 Thread 0x00000293801eb9d0 nmethod 10067 0x00000293e5de0510 code [0x00000293e5de06e0, 0x00000293e5de0af8]
Event: 18.580 Thread 0x0000029381687310 nmethod 10070 0x00000293e68fe190 code [0x00000293e68fe320, 0x00000293e68fe448]
Event: 18.589 Thread 0x0000029380d20e90 nmethod 9835 0x00000293ed817a90 code [0x00000293ed8180e0, 0x00000293ed820080]
Event: 18.598 Thread 0x00000293801eb9d0 10072       3       java.util.concurrent.ConcurrentHashMap::isEmpty (15 bytes)
Event: 18.598 Thread 0x00000293801eb9d0 nmethod 10072 0x00000293e6074010 code [0x00000293e60741c0, 0x00000293e6074368]
Event: 18.636 Thread 0x000002938b16bc80 nmethod 10064 0x00000293ed824190 code [0x00000293ed824360, 0x00000293ed825728]
Event: 18.676 Thread 0x000002938b16d0c0 nmethod 10062 0x00000293ed825f10 code [0x00000293ed826200, 0x00000293ed827cf0]
Event: 18.678 Thread 0x000002938384d510 nmethod 10061 0x00000293ed829490 code [0x00000293ed8297e0, 0x00000293ed82bac0]
Event: 18.781 Thread 0x0000029380d20e90 10074       4       org.apache.logging.log4j.core.filter.MarkerFilter::filter (6 bytes)
Event: 18.794 Thread 0x000002938b169e20 nmethod 9863 0x00000293ed82df90 code [0x00000293ed82e3e0, 0x00000293ed835848]
Event: 18.801 Thread 0x00000293801eb9d0 10077       3       java.util.EnumMap::isValidKey (36 bytes)
Event: 18.801 Thread 0x00000293801eb9d0 nmethod 10077 0x00000293e68a6c90 code [0x00000293e68a6e40, 0x00000293e68a70c8]
Event: 18.810 Thread 0x0000029380d20e90 nmethod 10074 0x00000293ed838e10 code [0x00000293ed838fc0, 0x00000293ed839958]
Event: 18.910 Thread 0x000002938b1675a0 nmethod 10038 0x00000293ed83a010 code [0x00000293ed83a860, 0x00000293ed841ff8]

GC Heap History (20 events):
Event: 10.681 GC heap before
{Heap before GC invocations=15 (full 0):
 garbage-first heap   total 256000K, used 212613K [0x0000000722400000, 0x0000000800000000)
  region size 2048K, 63 young (129024K), 5 survivors (10240K)
 Metaspace       used 35390K, committed 36288K, reserved 1081344K
  class space    used 4341K, committed 4736K, reserved 1048576K
}
Event: 10.689 GC heap after
{Heap after GC invocations=16 (full 0):
 garbage-first heap   total 256000K, used 95447K [0x0000000722400000, 0x0000000800000000)
  region size 2048K, 5 young (10240K), 5 survivors (10240K)
 Metaspace       used 35390K, committed 36288K, reserved 1081344K
  class space    used 4341K, committed 4736K, reserved 1048576K
}
Event: 10.703 GC heap before
{Heap before GC invocations=16 (full 0):
 garbage-first heap   total 256000K, used 99543K [0x0000000722400000, 0x0000000800000000)
  region size 2048K, 8 young (16384K), 5 survivors (10240K)
 Metaspace       used 35417K, committed 36288K, reserved 1081344K
  class space    used 4348K, committed 4736K, reserved 1048576K
}
Event: 10.710 GC heap after
{Heap after GC invocations=17 (full 0):
 garbage-first heap   total 256000K, used 96067K [0x0000000722400000, 0x0000000800000000)
  region size 2048K, 4 young (8192K), 4 survivors (8192K)
 Metaspace       used 35417K, committed 36288K, reserved 1081344K
  class space    used 4348K, committed 4736K, reserved 1048576K
}
Event: 12.171 GC heap before
{Heap before GC invocations=18 (full 0):
 garbage-first heap   total 256000K, used 214851K [0x0000000722400000, 0x0000000800000000)
  region size 2048K, 63 young (129024K), 4 survivors (8192K)
 Metaspace       used 41309K, committed 42304K, reserved 1089536K
  class space    used 5346K, committed 5760K, reserved 1048576K
}
Event: 12.188 GC heap after
{Heap after GC invocations=19 (full 0):
 garbage-first heap   total 256000K, used 102453K [0x0000000722400000, 0x0000000800000000)
  region size 2048K, 8 young (16384K), 8 survivors (16384K)
 Metaspace       used 41309K, committed 42304K, reserved 1089536K
  class space    used 5346K, committed 5760K, reserved 1048576K
}
Event: 12.921 GC heap before
{Heap before GC invocations=19 (full 0):
 garbage-first heap   total 256000K, used 208949K [0x0000000722400000, 0x0000000800000000)
  region size 2048K, 60 young (122880K), 8 survivors (16384K)
 Metaspace       used 42744K, committed 43648K, reserved 1089536K
  class space    used 5571K, committed 5952K, reserved 1048576K
}
Event: 12.952 GC heap after
{Heap after GC invocations=20 (full 0):
 garbage-first heap   total 256000K, used 112291K [0x0000000722400000, 0x0000000800000000)
  region size 2048K, 8 young (16384K), 8 survivors (16384K)
 Metaspace       used 42744K, committed 43648K, reserved 1089536K
  class space    used 5571K, committed 5952K, reserved 1048576K
}
Event: 13.375 GC heap before
{Heap before GC invocations=20 (full 0):
 garbage-first heap   total 256000K, used 208547K [0x0000000722400000, 0x0000000800000000)
  region size 2048K, 55 young (112640K), 8 survivors (16384K)
 Metaspace       used 43084K, committed 43968K, reserved 1089536K
  class space    used 5631K, committed 6016K, reserved 1048576K
}
Event: 13.403 GC heap after
{Heap after GC invocations=21 (full 0):
 garbage-first heap   total 307200K, used 124779K [0x0000000722400000, 0x0000000800000000)
  region size 2048K, 6 young (12288K), 6 survivors (12288K)
 Metaspace       used 43084K, committed 43968K, reserved 1089536K
  class space    used 5631K, committed 6016K, reserved 1048576K
}
Event: 13.886 GC heap before
{Heap before GC invocations=21 (full 0):
 garbage-first heap   total 307200K, used 245611K [0x0000000722400000, 0x0000000800000000)
  region size 2048K, 65 young (133120K), 6 survivors (12288K)
 Metaspace       used 43697K, committed 44736K, reserved 1089536K
  class space    used 5710K, committed 6208K, reserved 1048576K
}
Event: 13.906 GC heap after
{Heap after GC invocations=22 (full 0):
 garbage-first heap   total 307200K, used 139228K [0x0000000722400000, 0x0000000800000000)
  region size 2048K, 7 young (14336K), 7 survivors (14336K)
 Metaspace       used 43697K, committed 44736K, reserved 1089536K
  class space    used 5710K, committed 6208K, reserved 1048576K
}
Event: 15.187 GC heap before
{Heap before GC invocations=22 (full 0):
 garbage-first heap   total 307200K, used 247772K [0x0000000722400000, 0x0000000800000000)
  region size 2048K, 60 young (122880K), 7 survivors (14336K)
 Metaspace       used 49386K, committed 50368K, reserved 1097728K
  class space    used 6642K, committed 7104K, reserved 1048576K
}
Event: 15.212 GC heap after
{Heap after GC invocations=23 (full 0):
 garbage-first heap   total 307200K, used 158781K [0x0000000722400000, 0x0000000800000000)
  region size 2048K, 8 young (16384K), 8 survivors (16384K)
 Metaspace       used 49386K, committed 50368K, reserved 1097728K
  class space    used 6642K, committed 7104K, reserved 1048576K
}
Event: 16.428 GC heap before
{Heap before GC invocations=23 (full 0):
 garbage-first heap   total 307200K, used 240701K [0x0000000722400000, 0x0000000800000000)
  region size 2048K, 48 young (98304K), 8 survivors (16384K)
 Metaspace       used 55708K, committed 56832K, reserved 1097728K
  class space    used 8066K, committed 8576K, reserved 1048576K
}
Event: 16.442 GC heap after
{Heap after GC invocations=24 (full 0):
 garbage-first heap   total 307200K, used 164976K [0x0000000722400000, 0x0000000800000000)
  region size 2048K, 3 young (6144K), 3 survivors (6144K)
 Metaspace       used 55708K, committed 56832K, reserved 1097728K
  class space    used 8066K, committed 8576K, reserved 1048576K
}
Event: 17.605 GC heap before
{Heap before GC invocations=25 (full 0):
 garbage-first heap   total 307200K, used 244848K [0x0000000722400000, 0x0000000800000000)
  region size 2048K, 42 young (86016K), 3 survivors (6144K)
 Metaspace       used 61401K, committed 62528K, reserved 1105920K
  class space    used 9283K, committed 9792K, reserved 1048576K
}
Event: 17.614 GC heap after
{Heap after GC invocations=26 (full 0):
 garbage-first heap   total 307200K, used 167845K [0x0000000722400000, 0x0000000800000000)
  region size 2048K, 4 young (8192K), 4 survivors (8192K)
 Metaspace       used 61401K, committed 62528K, reserved 1105920K
  class space    used 9283K, committed 9792K, reserved 1048576K
}
Event: 17.699 GC heap before
{Heap before GC invocations=26 (full 0):
 garbage-first heap   total 307200K, used 173989K [0x0000000722400000, 0x0000000800000000)
  region size 2048K, 7 young (14336K), 4 survivors (8192K)
 Metaspace       used 61949K, committed 63104K, reserved 1105920K
  class space    used 9332K, committed 9856K, reserved 1048576K
}
Event: 17.706 GC heap after
{Heap after GC invocations=27 (full 0):
 garbage-first heap   total 307200K, used 167233K [0x0000000722400000, 0x0000000800000000)
  region size 2048K, 1 young (2048K), 1 survivors (2048K)
 Metaspace       used 61949K, committed 63104K, reserved 1105920K
  class space    used 9332K, committed 9856K, reserved 1048576K
}

Deoptimization events (20 events):
Event: 18.323 Thread 0x00000293ddd13960 Uncommon trap: trap_request=0xffffffc6 fr.pc=0x00000293ed101b20 relative=0x00000000000001c0
Event: 18.323 Thread 0x00000293ddd13960 Uncommon trap: reason=bimorphic_or_optimized_type_check action=maybe_recompile pc=0x00000293ed101b20 method=java.nio.file.Files.isDirectory(Ljava/nio/file/Path;[Ljava/nio/file/LinkOption;)Z @ 34 c2
Event: 18.323 Thread 0x00000293ddd13960 DEOPT PACKING pc=0x00000293ed101b20 sp=0x0000009c126fe1e0
Event: 18.323 Thread 0x00000293ddd13960 DEOPT UNPACKING pc=0x00000293e55923a3 sp=0x0000009c126fe178 mode 2
Event: 18.507 Thread 0x00000293ddd13960 Uncommon trap: trap_request=0xffffff45 fr.pc=0x00000293ed169b00 relative=0x00000000000000e0
Event: 18.507 Thread 0x00000293ddd13960 Uncommon trap: reason=unstable_if action=reinterpret pc=0x00000293ed169b00 method=java.util.EnumMap.isValidKey(Ljava/lang/Object;)Z @ 16 c2
Event: 18.507 Thread 0x00000293ddd13960 DEOPT PACKING pc=0x00000293ed169b00 sp=0x0000009c126fe1d0
Event: 18.507 Thread 0x00000293ddd13960 DEOPT UNPACKING pc=0x00000293e55923a3 sp=0x0000009c126fe108 mode 2
Event: 18.508 Thread 0x00000293ddd13960 Uncommon trap: trap_request=0xffffff45 fr.pc=0x00000293ed1f7700 relative=0x0000000000000080
Event: 18.508 Thread 0x00000293ddd13960 Uncommon trap: reason=unstable_if action=reinterpret pc=0x00000293ed1f7700 method=java.util.EnumMap.isValidKey(Ljava/lang/Object;)Z @ 16 c2
Event: 18.508 Thread 0x00000293ddd13960 DEOPT PACKING pc=0x00000293ed1f7700 sp=0x0000009c126fe180
Event: 18.508 Thread 0x00000293ddd13960 DEOPT UNPACKING pc=0x00000293e55923a3 sp=0x0000009c126fe110 mode 2
Event: 18.508 Thread 0x00000293ddd13960 Uncommon trap: trap_request=0xffffff45 fr.pc=0x00000293ed79eb04 relative=0x00000000000002e4
Event: 18.508 Thread 0x00000293ddd13960 Uncommon trap: reason=unstable_if action=reinterpret pc=0x00000293ed79eb04 method=java.lang.invoke.AbstractValidatingLambdaMetafactory.isAdaptableTo(Ljava/lang/Class;Ljava/lang/Class;Z)Z @ 81 c2
Event: 18.508 Thread 0x00000293ddd13960 DEOPT PACKING pc=0x00000293ed79eb04 sp=0x0000009c126fd200
Event: 18.508 Thread 0x00000293ddd13960 DEOPT UNPACKING pc=0x00000293e55923a3 sp=0x0000009c126fd190 mode 2
Event: 18.508 Thread 0x00000293ddd13960 Uncommon trap: trap_request=0xffffff45 fr.pc=0x00000293ed754dc8 relative=0x0000000000001008
Event: 18.508 Thread 0x00000293ddd13960 Uncommon trap: reason=unstable_if action=reinterpret pc=0x00000293ed754dc8 method=java.lang.invoke.TypeConvertingMethodAdapter.convertType(Ljava/lang/Class;Ljava/lang/Class;Ljava/lang/Class;)V @ 186 c2
Event: 18.508 Thread 0x00000293ddd13960 DEOPT PACKING pc=0x00000293ed754dc8 sp=0x0000009c126fcfd0
Event: 18.508 Thread 0x00000293ddd13960 DEOPT UNPACKING pc=0x00000293e55923a3 sp=0x0000009c126fcf70 mode 2

Classes unloaded (0 events):
No events

Classes redefined (0 events):
No events

Internal exceptions (20 events):
Event: 17.717 Thread 0x00000293ddd13960 Exception <a 'sun/nio/fs/WindowsException'{0x0000000734edad00}> (0x0000000734edad00) 
thrown [t:\workspace\open\src\hotspot\share\prims\jni.cpp, line 516]
Event: 17.744 Thread 0x00000293ddd13960 Exception <a 'java/lang/NoSuchMethodError'{0x0000000734c50b10}: 'void java.lang.invoke.DirectMethodHandle$Holder.invokeInterface(java.lang.Object, java.lang.Object, int)'> (0x0000000734c50b10) 
thrown [t:\workspace\open\src\hotspot\share\interpreter\linkResolver.cpp, line 766]
Event: 17.746 Thread 0x00000293ddd13960 Exception <a 'java/lang/NoSuchMethodError'{0x0000000734c6b0c8}: 'void java.lang.invoke.DirectMethodHandle$Holder.invokeStatic(java.lang.Object, java.lang.Object, int)'> (0x0000000734c6b0c8) 
thrown [t:\workspace\open\src\hotspot\share\interpreter\linkResolver.cpp, line 766]
Event: 17.746 Thread 0x00000293ddd13960 Exception <a 'java/lang/NoSuchMethodError'{0x0000000734c6e748}: 'void java.lang.invoke.DirectMethodHandle$Holder.invokeStaticInit(java.lang.Object, java.lang.Object, int)'> (0x0000000734c6e748) 
thrown [t:\workspace\open\src\hotspot\share\interpreter\linkResolver.cpp, line 766]
Event: 18.106 Thread 0x00000293ddd13960 Exception <a 'java/lang/NoSuchMethodError'{0x0000000733798630}: 'long java.lang.invoke.DirectMethodHandle$Holder.invokeSpecial(java.lang.Object, java.lang.Object)'> (0x0000000733798630) 
thrown [t:\workspace\open\src\hotspot\share\interpreter\linkResolver.cpp, line 766]
Event: 18.120 Thread 0x00000293ddd13960 Exception <a 'sun/nio/fs/WindowsException'{0x000000073343b798}> (0x000000073343b798) 
thrown [t:\workspace\open\src\hotspot\share\prims\jni.cpp, line 516]
Event: 18.120 Thread 0x00000293ddd13960 Exception <a 'sun/nio/fs/WindowsException'{0x000000073343d068}> (0x000000073343d068) 
thrown [t:\workspace\open\src\hotspot\share\prims\jni.cpp, line 516]
Event: 18.434 Thread 0x00000293ddd13960 Exception <a 'java/lang/NoSuchMethodError'{0x000000073222efc0}: 'int java.lang.invoke.DirectMethodHandle$Holder.invokeStatic(java.lang.Object)'> (0x000000073222efc0) 
thrown [t:\workspace\open\src\hotspot\share\interpreter\linkResolver.cpp, line 766]
Event: 18.502 Thread 0x00000293ddd13960 Exception <a 'java/lang/NoSuchMethodError'{0x0000000731e07668}: 'java.lang.Object java.lang.invoke.Invokers$Holder.linkToTargetMethod(java.lang.Object, int, java.lang.Object, java.lang.Object)'> (0x0000000731e07668) 
thrown [t:\workspace\open\src\hotspot\share\interpreter\linkResolver.cpp, line 766]
Event: 18.508 Thread 0x00000293ddd13960 Implicit null exception at 0x00000293ed75412e to 0x00000293ed754daf
Event: 18.517 Thread 0x00000293ddd13960 Exception <a 'java/lang/NoSuchMethodError'{0x0000000731ebce10}: 'int java.lang.invoke.DirectMethodHandle$Holder.invokeStaticInit(java.lang.Object)'> (0x0000000731ebce10) 
thrown [t:\workspace\open\src\hotspot\share\interpreter\linkResolver.cpp, line 766]
Event: 18.518 Thread 0x00000293ddd13960 Exception <a 'java/lang/NoSuchMethodError'{0x0000000731ec41f8}: 'int java.lang.invoke.Invokers$Holder.invokeExact_MT(java.lang.Object, java.lang.Object)'> (0x0000000731ec41f8) 
thrown [t:\workspace\open\src\hotspot\share\interpreter\linkResolver.cpp, line 766]
Event: 18.528 Thread 0x00000293ddd13960 Exception <a 'sun/nio/fs/WindowsException'{0x0000000731f88750}> (0x0000000731f88750) 
thrown [t:\workspace\open\src\hotspot\share\prims\jni.cpp, line 516]
Event: 18.529 Thread 0x00000293ddd13960 Exception <a 'sun/nio/fs/WindowsException'{0x0000000731f88ad8}> (0x0000000731f88ad8) 
thrown [t:\workspace\open\src\hotspot\share\prims\jni.cpp, line 516]
Event: 18.543 Thread 0x00000293ddd13960 Exception <a 'java/lang/NoSuchMethodError'{0x0000000731c76230}: 'java.lang.Object java.lang.invoke.DirectMethodHandle$Holder.invokeInterface(java.lang.Object, java.lang.Object, double)'> (0x0000000731c76230) 
thrown [t:\workspace\open\src\hotspot\share\interpreter\linkResolver.cpp, line 766]
Event: 18.544 Thread 0x00000293ddd13960 Exception <a 'java/lang/NoSuchMethodError'{0x0000000731c7ca78}: 'double java.lang.invoke.DirectMethodHandle$Holder.invokeInterface(java.lang.Object, java.lang.Object, java.lang.Object)'> (0x0000000731c7ca78) 
thrown [t:\workspace\open\src\hotspot\share\interpreter\linkResolver.cpp, line 766]
Event: 18.776 Thread 0x00000293ddd13960 Exception <a 'java/lang/NoSuchMethodError'{0x0000000731b51e40}: 'long java.lang.invoke.DirectMethodHandle$Holder.invokeInterface(java.lang.Object, java.lang.Object)'> (0x0000000731b51e40) 
thrown [t:\workspace\open\src\hotspot\share\interpreter\linkResolver.cpp, line 766]
Event: 18.782 Thread 0x00000293ddd13960 Exception <a 'java/lang/NoSuchMethodError'{0x0000000731bbeef8}: 'java.lang.Object java.lang.invoke.DirectMethodHandle$Holder.newInvokeSpecial(java.lang.Object, long)'> (0x0000000731bbeef8) 
thrown [t:\workspace\open\src\hotspot\share\interpreter\linkResolver.cpp, line 766]
Event: 18.802 Thread 0x00000293ddd13960 Exception <a 'java/lang/NoSuchMethodError'{0x00000007318759d8}: 'void java.lang.invoke.DirectMethodHandle$Holder.invokeSpecial(java.lang.Object, java.lang.Object, int, long)'> (0x00000007318759d8) 
thrown [t:\workspace\open\src\hotspot\share\interpreter\linkResolver.cpp, line 766]
Event: 18.803 Thread 0x00000293ddd13960 Exception <a 'java/lang/NoSuchMethodError'{0x000000073187b950}: 'void java.lang.invoke.DirectMethodHandle$Holder.invokeStatic(java.lang.Object, int, long)'> (0x000000073187b950) 
thrown [t:\workspace\open\src\hotspot\share\interpreter\linkResolver.cpp, line 766]

VM Operations (20 events):
Event: 16.335 Executing VM operation: HandshakeAllThreads
Event: 16.335 Executing VM operation: HandshakeAllThreads done
Event: 16.335 Executing VM operation: Cleanup
Event: 16.336 Executing VM operation: Cleanup done
Event: 16.378 Executing VM operation: HandshakeAllThreads
Event: 16.378 Executing VM operation: HandshakeAllThreads done
Event: 16.427 Executing VM operation: G1CollectForAllocation
Event: 16.442 Executing VM operation: G1CollectForAllocation done
Event: 16.575 Executing VM operation: G1Concurrent
Event: 16.579 Executing VM operation: G1Concurrent done
Event: 16.654 Executing VM operation: G1Concurrent
Event: 16.654 Executing VM operation: G1Concurrent done
Event: 17.120 Executing VM operation: HandshakeAllThreads
Event: 17.120 Executing VM operation: HandshakeAllThreads done
Event: 17.350 Executing VM operation: HandshakeAllThreads
Event: 17.350 Executing VM operation: HandshakeAllThreads done
Event: 17.604 Executing VM operation: G1CollectForAllocation
Event: 17.614 Executing VM operation: G1CollectForAllocation done
Event: 17.699 Executing VM operation: G1CollectForAllocation
Event: 17.706 Executing VM operation: G1CollectForAllocation done

Events (20 events):
Event: 17.689 loading class java/nio/DirectCharBufferU done
Event: 17.690 loading class java/nio/DirectFloatBufferU
Event: 17.690 loading class java/nio/DirectFloatBufferU done
Event: 17.690 loading class java/nio/DirectDoubleBufferU
Event: 17.690 loading class java/nio/DirectDoubleBufferU done
Event: 17.719 loading class java/nio/InvalidMarkException
Event: 17.719 loading class java/nio/InvalidMarkException done
Event: 17.719 loading class java/nio/BufferUnderflowException
Event: 17.719 loading class java/nio/BufferUnderflowException done
Event: 18.124 loading class java/util/function/IntSupplier
Event: 18.124 loading class java/util/function/IntSupplier done
Event: 18.174 Thread 0x000002938b1675a0 Thread added: 0x000002938b1675a0
Event: 18.180 Thread 0x000002938b16bc80 Thread added: 0x000002938b16bc80
Event: 18.180 Thread 0x000002938b16d0c0 Thread added: 0x000002938b16d0c0
Event: 18.517 loading class java/lang/invoke/DirectMethodHandle$StaticAccessor
Event: 18.518 loading class java/lang/invoke/DirectMethodHandle$StaticAccessor done
Event: 18.539 loading class java/util/function/DoubleFunction
Event: 18.539 loading class java/util/function/DoubleFunction done
Event: 18.781 Thread 0x000002938b16d0c0 Thread exited: 0x000002938b16d0c0
Event: 18.801 Thread 0x000002938b16bc80 Thread exited: 0x000002938b16bc80


Dynamic libraries:
0x00007ff6ec9f0000 - 0x00007ff6eca00000 	C:\Program Files\Java\jdk-17.0.2\bin\java.exe
0x00007ff86df30000 - 0x00007ff86e144000 	C:\WINDOWS\SYSTEM32\ntdll.dll
0x00007ff86d2b0000 - 0x00007ff86d372000 	C:\WINDOWS\System32\KERNEL32.DLL
0x00007ff86b470000 - 0x00007ff86b813000 	C:\WINDOWS\System32\KERNELBASE.dll
0x00007ff86ba70000 - 0x00007ff86bb81000 	C:\WINDOWS\System32\ucrtbase.dll
0x00007ff857af0000 - 0x00007ff857b0a000 	C:\Program Files\Java\jdk-17.0.2\bin\VCRUNTIME140.dll
0x00007ff8586d0000 - 0x00007ff8586e8000 	C:\Program Files\Java\jdk-17.0.2\bin\jli.dll
0x00007ff86cc20000 - 0x00007ff86ccce000 	C:\WINDOWS\System32\ADVAPI32.dll
0x00007ff86dae0000 - 0x00007ff86db87000 	C:\WINDOWS\System32\msvcrt.dll
0x00007ff86de40000 - 0x00007ff86dee4000 	C:\WINDOWS\System32\sechost.dll
0x00007ff86d990000 - 0x00007ff86daa7000 	C:\WINDOWS\System32\RPCRT4.dll
0x00007ff86bd30000 - 0x00007ff86bedb000 	C:\WINDOWS\System32\USER32.dll
0x00007ff86bd00000 - 0x00007ff86bd26000 	C:\WINDOWS\System32\win32u.dll
0x00007ff851eb0000 - 0x00007ff85213e000 	C:\WINDOWS\WinSxS\amd64_microsoft.windows.common-controls_6595b64144ccf1df_6.0.22621.1635_none_270f70857386168e\COMCTL32.dll
0x00007ff86ce90000 - 0x00007ff86ceb9000 	C:\WINDOWS\System32\GDI32.dll
0x00007ff86b350000 - 0x00007ff86b468000 	C:\WINDOWS\System32\gdi32full.dll
0x00007ff86b820000 - 0x00007ff86b8ba000 	C:\WINDOWS\System32\msvcp_win.dll
0x00007ff864fe0000 - 0x00007ff864fea000 	C:\WINDOWS\SYSTEM32\VERSION.dll
0x00007ff86d380000 - 0x00007ff86d3b1000 	C:\WINDOWS\System32\IMM32.DLL
0x00007ff858700000 - 0x00007ff85870c000 	C:\Program Files\Java\jdk-17.0.2\bin\vcruntime140_1.dll
0x00007ff8523b0000 - 0x00007ff85243d000 	C:\Program Files\Java\jdk-17.0.2\bin\msvcp140.dll
0x00007ffff6a90000 - 0x00007ffff7651000 	C:\Program Files\Java\jdk-17.0.2\bin\server\jvm.dll
0x00007ff86d570000 - 0x00007ff86d578000 	C:\WINDOWS\System32\PSAPI.DLL
0x00007ff865680000 - 0x00007ff8656b4000 	C:\WINDOWS\SYSTEM32\WINMM.dll
0x00007ff8657a0000 - 0x00007ff8657a9000 	C:\WINDOWS\SYSTEM32\WSOCK32.dll
0x00007ff86d580000 - 0x00007ff86d5f1000 	C:\WINDOWS\System32\WS2_32.dll
0x00007ff86a3a0000 - 0x00007ff86a3b8000 	C:\WINDOWS\SYSTEM32\kernel.appcore.dll
0x00007ff857900000 - 0x00007ff85790a000 	C:\Program Files\Java\jdk-17.0.2\bin\jimage.dll
0x00007ff868e50000 - 0x00007ff86907e000 	C:\WINDOWS\SYSTEM32\DBGHELP.DLL
0x00007ff86d600000 - 0x00007ff86d989000 	C:\WINDOWS\System32\combase.dll
0x00007ff86cec0000 - 0x00007ff86cf97000 	C:\WINDOWS\System32\OLEAUT32.dll
0x00007ff8626c0000 - 0x00007ff8626f2000 	C:\WINDOWS\SYSTEM32\dbgcore.DLL
0x00007ff86b930000 - 0x00007ff86b9ab000 	C:\WINDOWS\System32\bcryptPrimitives.dll
0x00007ff856b30000 - 0x00007ff856b55000 	C:\Program Files\Java\jdk-17.0.2\bin\java.dll
0x00007ff8474e0000 - 0x00007ff8475b6000 	C:\Program Files\Java\jdk-17.0.2\bin\jsvml.dll
0x00007ff86bfa0000 - 0x00007ff86c79a000 	C:\WINDOWS\System32\SHELL32.dll
0x00007ff869350000 - 0x00007ff869c1e000 	C:\WINDOWS\SYSTEM32\windows.storage.dll
0x00007ff869210000 - 0x00007ff86934e000 	C:\WINDOWS\SYSTEM32\wintypes.dll
0x00007ff86d3c0000 - 0x00007ff86d4b1000 	C:\WINDOWS\System32\SHCORE.dll
0x00007ff86dde0000 - 0x00007ff86de3e000 	C:\WINDOWS\System32\shlwapi.dll
0x00007ff86b280000 - 0x00007ff86b2a1000 	C:\WINDOWS\SYSTEM32\profapi.dll
0x00007ff8573e0000 - 0x00007ff8573f9000 	C:\Program Files\Java\jdk-17.0.2\bin\net.dll
0x00007ff8652e0000 - 0x00007ff865417000 	C:\WINDOWS\SYSTEM32\WINHTTP.dll
0x00007ff86a810000 - 0x00007ff86a879000 	C:\WINDOWS\system32\mswsock.dll
0x00007ff857190000 - 0x00007ff8571a6000 	C:\Program Files\Java\jdk-17.0.2\bin\nio.dll
0x00007ff8570d0000 - 0x00007ff8570e8000 	C:\Program Files\Java\jdk-17.0.2\bin\zip.dll
0x00007ff857790000 - 0x00007ff8577a0000 	C:\Program Files\Java\jdk-17.0.2\bin\verify.dll
0x00007ff856f20000 - 0x00007ff856f29000 	C:\Program Files\Java\jdk-17.0.2\bin\management.dll
0x00007ff856eb0000 - 0x00007ff856ebb000 	C:\Program Files\Java\jdk-17.0.2\bin\management_ext.dll
0x00007ff8409a0000 - 0x00007ff8409b7000 	C:\WINDOWS\system32\napinsp.dll
0x00007ff840910000 - 0x00007ff84092b000 	C:\WINDOWS\system32\pnrpnsp.dll
0x00007ff869f40000 - 0x00007ff86a033000 	C:\WINDOWS\SYSTEM32\DNSAPI.dll
0x00007ff869ec0000 - 0x00007ff869eed000 	C:\WINDOWS\SYSTEM32\IPHLPAPI.DLL
0x00007ff86cfa0000 - 0x00007ff86cfa9000 	C:\WINDOWS\System32\NSI.dll
0x00007ff8408f0000 - 0x00007ff840901000 	C:\WINDOWS\System32\winrnr.dll
0x00007ff84bb10000 - 0x00007ff84bb25000 	C:\WINDOWS\system32\wshbth.dll
0x00007ff8408c0000 - 0x00007ff8408e1000 	C:\WINDOWS\system32\nlansp_c.dll
0x00007ff863920000 - 0x00007ff86392a000 	C:\Windows\System32\rasadhlp.dll
0x00007ff8642c0000 - 0x00007ff864344000 	C:\WINDOWS\System32\fwpuclnt.dll
0x00007ff86aa70000 - 0x00007ff86aa8b000 	C:\WINDOWS\SYSTEM32\CRYPTSP.dll
0x00007ff86a310000 - 0x00007ff86a345000 	C:\WINDOWS\system32\rsaenh.dll
0x00007ff86a910000 - 0x00007ff86a938000 	C:\WINDOWS\SYSTEM32\USERENV.dll
0x00007ff86ac30000 - 0x00007ff86ac58000 	C:\WINDOWS\SYSTEM32\bcrypt.dll
0x00007ff86aa90000 - 0x00007ff86aa9c000 	C:\WINDOWS\SYSTEM32\CRYPTBASE.dll
0x00007ff8652c0000 - 0x00007ff8652d9000 	C:\WINDOWS\SYSTEM32\dhcpcsvc6.DLL
0x00007ff8652a0000 - 0x00007ff8652bf000 	C:\WINDOWS\SYSTEM32\dhcpcsvc.DLL
0x00007ff856710000 - 0x00007ff856750000 	C:\Users\Brian O\AppData\Local\Temp\jna-1809390229\jna16507114450791251202.dll
0x00007ff86d110000 - 0x00007ff86d2ac000 	C:\WINDOWS\System32\Ole32.dll
0x00007ff86d4c0000 - 0x00007ff86d570000 	C:\WINDOWS\System32\clbcatq.dll
0x00007ff84c500000 - 0x00007ff84c51d000 	C:\WINDOWS\SYSTEM32\amsi.dll
0x00007ff8587a0000 - 0x00007ff85881b000 	C:\ProgramData\Microsoft\Windows Defender\Platform\4.18.23050.3-0\MpOav.dll
0x00007ff856a90000 - 0x00007ff856ae0000 	C:\WINDOWS\SYSTEM32\Pdh.dll
0x00007ff8454f0000 - 0x00007ff845500000 	C:\WINDOWS\System32\perfos.dll
0x00007ff8669c0000 - 0x00007ff8669d0000 	C:\WINDOWS\SYSTEM32\pfclient.dll
0x00007ff852b30000 - 0x00007ff852ba5000 	C:\Users\Brian O\AppData\Local\Temp\lwjglBrian O\3.3.1-build-7\lwjgl.dll
0x00007ff8217f0000 - 0x00007ff821a49000 	C:\Users\BRIANO~1\AppData\Local\Temp\lwjglBrian O\3.3.1-build-7\jemalloc.dll
0x00007ff852510000 - 0x00007ff852571000 	C:\Users\BRIANO~1\AppData\Local\Temp\lwjglBrian O\3.3.1-build-7\glfw.dll
0x00007ff8512b0000 - 0x00007ff8512f6000 	C:\WINDOWS\SYSTEM32\dinput8.dll
0x00007ff860cb0000 - 0x00007ff860cc1000 	C:\WINDOWS\SYSTEM32\xinput1_4.dll
0x00007ff86af50000 - 0x00007ff86af9e000 	C:\WINDOWS\SYSTEM32\cfgmgr32.dll
0x00007ff86af20000 - 0x00007ff86af4c000 	C:\WINDOWS\SYSTEM32\DEVOBJ.dll
0x00007ff856160000 - 0x00007ff856361000 	C:\WINDOWS\SYSTEM32\inputhost.dll
0x00007ff867ee0000 - 0x00007ff868013000 	C:\WINDOWS\SYSTEM32\CoreMessaging.dll
0x00007ff868930000 - 0x00007ff86895b000 	C:\WINDOWS\SYSTEM32\dwmapi.dll
0x00007ff868450000 - 0x00007ff8684fb000 	C:\WINDOWS\system32\uxtheme.dll
0x00007ff82a860000 - 0x00007ff82a999000 	C:\ProgramData\A-Volute\A-Volute.Nahimic\Modules\Scheduled\x64\AudioDevProps2.dll
0x00007ff86ccd0000 - 0x00007ff86cdee000 	C:\WINDOWS\System32\MSCTF.dll
0x00007fffe1080000 - 0x00007fffe1180000 	C:\WINDOWS\SYSTEM32\opengl32.dll
0x00007fffd8f80000 - 0x00007fffd8fad000 	C:\WINDOWS\SYSTEM32\GLU32.dll
0x00007ff868530000 - 0x00007ff868566000 	C:\WINDOWS\SYSTEM32\dxcore.dll
0x00007ff8609a0000 - 0x00007ff8609e8000 	C:\WINDOWS\SYSTEM32\directxdatabasehelper.dll
0x00007fffd1690000 - 0x00007fffd16bd000 	C:\WINDOWS\System32\DriverStore\FileRepository\u0383722.inf_amd64_5cbaacf42cbd3812\B383240\atig6pxx.dll
0x00007fffb4110000 - 0x00007fffb7d45000 	C:\WINDOWS\System32\DriverStore\FileRepository\u0383722.inf_amd64_5cbaacf42cbd3812\B383240\atio6axx.dll
0x00007ff86c7a0000 - 0x00007ff86cc14000 	C:\WINDOWS\System32\SETUPAPI.dll
0x00007ff86b8c0000 - 0x00007ff86b92b000 	C:\WINDOWS\System32\WINTRUST.dll
0x00007ff86bb90000 - 0x00007ff86bcf7000 	C:\WINDOWS\System32\CRYPT32.dll
0x00007ff86aad0000 - 0x00007ff86aae2000 	C:\WINDOWS\SYSTEM32\MSASN1.dll

dbghelp: loaded successfully - version: 4.0.5 - missing functions: none
symbol engine: initialized successfully - sym options: 0x614 - pdb path: .;C:\Program Files\Java\jdk-17.0.2\bin;C:\WINDOWS\SYSTEM32;C:\WINDOWS\WinSxS\amd64_microsoft.windows.common-controls_6595b64144ccf1df_6.0.22621.1635_none_270f70857386168e;C:\Program Files\Java\jdk-17.0.2\bin\server;C:\Users\Brian O\AppData\Local\Temp\jna-1809390229;C:\ProgramData\Microsoft\Windows Defender\Platform\4.18.23050.3-0;C:\Users\Brian O\AppData\Local\Temp\lwjglBrian O\3.3.1-build-7;C:\Users\BRIANO~1\AppData\Local\Temp\lwjglBrian O\3.3.1-build-7;C:\ProgramData\A-Volute\A-Volute.Nahimic\Modules\Scheduled\x64;C:\WINDOWS\System32\DriverStore\FileRepository\u0383722.inf_amd64_5cbaacf42cbd3812\B383240

VM Arguments:
jvm_args: -Dforge.enableGameTest=true -Dforge.enabledGameTestNamespaces=celestial_conquest -Dforge.logging.console.level=debug -Dforge.logging.markers=REGISTRIES -DignoreList=bootstraplauncher,securejarhandler,asm-commons,asm-util,asm-analysis,asm-tree,asm,JarJarFileSystems,client-extra,fmlcore,javafmllanguage,lowcodelanguage,mclanguage,forge- -Djava.net.preferIPv6Addresses=system -DlegacyClassPath.file=C:\Users\Brian O\OneDrive\Desktop\Forge\build\classpath\runClient_minecraftClasspath.txt -DmergeModules=jna-5.10.0.jar,jna-platform-5.10.0.jar -Dos.version=10.0 --module-path=C:\Users\Brian O\.gradle\caches\modules-2\files-2.1\cpw.mods\bootstraplauncher\1.1.2\c546e00443d8432cda6baa1c860346980742628\bootstraplauncher-1.1.2.jar;C:\Users\Brian O\.gradle\caches\modules-2\files-2.1\cpw.mods\securejarhandler\2.1.6\66c15fc1f522b586476e9e4cccd0cbe192554e8a\securejarhandler-2.1.6.jar;C:\Users\Brian O\.gradle\caches\modules-2\files-2.1\org.ow2.asm\asm-commons\9.3\1f2a432d1212f5c352ae607d7b61dcae20c20af5\asm-commons-9.3.jar;C:\Users\Brian O\.gradle\caches\modules-2\files-2.1\org.ow2.asm\asm-util\9.3\9595bc05510d0bd4b610188b77333fe4851a1975\asm-util-9.3.jar;C:\Users\Brian O\.gradle\caches\modules-2\files-2.1\org.ow2.asm\asm-analysis\9.3\4b071f211b37c38e0e9f5998550197c8593f6ad8\asm-analysis-9.3.jar;C:\Users\Brian O\.gradle\caches\modules-2\files-2.1\org.ow2.asm\asm-tree\9.3\78d2ecd61318b5a58cd04fb237636c0e86b77d97\asm-tree-9.3.jar;C:\Users\Brian O\.gradle\caches\modules-2\files-2.1\org.ow2.asm\asm\9.3\8e6300ef51c1d801a7ed62d07cd221aca3a90640\asm-9.3.jar;C:\Users\Brian O\.gradle\caches\modules-2\files-2.1\net.minecraftforge\JarJarFileSystems\0.3.19\2464eb7d6b9ddb9db36a82cf8a95193e5c6fe020\JarJarFileSystems-0.3.19.jar --add-modules=ALL-MODULE-PATH --add-opens=java.base/java.util.jar=cpw.mods.securejarhandler --add-opens=java.base/java.lang.invoke=cpw.mods.securejarhandler --add-exports=java.base/sun.security.util=cpw.mods.securejarhandler --add-exports=jdk.naming.dns/com.sun.jndi.dns=java.naming -XX:HeapDumpPath=MojangTricksIntelDriversForPerformance_javaw.exe_minecraft.exe.heapdump -Dos.name=Windows 10 -Dfile.encoding=windows-1252 -Duser.country=US -Duser.language=en -Duser.variant 
java_command: cpw.mods.bootstraplauncher.BootstrapLauncher --launchTarget forgeclientuserdev --version MOD_DEV --assetIndex 2 --assetsDir C:\Users\Brian O\.gradle\caches\forge_gradle\assets --gameDir . --fml.forgeVersion 44.1.23 --fml.mcVersion 1.19.3 --fml.forgeGroup net.minecraftforge --fml.mcpVersion 20221207.122022
java_class_path (initial): C:\Users\Brian O\OneDrive\Desktop\Forge\build\classes\java\main;C:\Users\Brian O\OneDrive\Desktop\Forge\build\resources\main;C:\Users\Brian O\.gradle\caches\forge_gradle\minecraft_user_repo\net\minecraftforge\forge\1.19.3-44.1.23_mapped_official_1.19.3\forge-1.19.3-44.1.23_mapped_official_1.19.3-recomp.jar;C:\Users\Brian O\.gradle\caches\forge_gradle\minecraft_repo\versions\1.19.3\client-extra.jar;C:\Users\Brian O\.gradle\caches\modules-2\files-2.1\net.minecraftforge\javafmllanguage\1.19.3-44.1.23\ac585cc0fe2420f32049f8b7e858f07db3ec3577\javafmllanguage-1.19.3-44.1.23.jar;C:\Users\Brian O\.gradle\caches\modules-2\files-2.1\net.minecraftforge\lowcodelanguage\1.19.3-44.1.23\f89f4203fa34e87de5079632b95784b8154398f7\lowcodelanguage-1.19.3-44.1.23.jar;C:\Users\Brian O\.gradle\caches\modules-2\files-2.1\net.minecraftforge\mclanguage\1.19.3-44.1.23\1ead2474e45d40ec5e0e75ef4b0df599a805d643\mclanguage-1.19.3-44.1.23.jar;C:\Users\Brian O\.gradle\caches\modules-2\files-2.1\net.minecraftforge\fmlcore\1.19.3-44.1.23\b92192d083cf0057121f487d00940be7111fbcbb\fmlcore-1.19.3-44.1.23.jar;C:\Users\Brian O\.gradle\caches\modules-2\files-2.1\net.minecraftforge\fmlloader\1.19.3-44.1.23\1b70943fdc7159418f2f801513f33ad740785cb\fmlloader-1.19.3-44.1.23.jar;C:\Users\Brian O\.gradle\caches\modules-2\files-2.1\net.minecraftforge\JarJarSelector\0.3.19\376cc9c8ea60720cf027c01fc033de915699801c\JarJarSelector-0.3.19.jar;C:\Users\Brian O\.gradle\caches\modules-2\files-2.1\net.minecraftforge\JarJarMetadata\0.3.19\83feaa9b770e6ac0e96ee4fc23fa89325c5fe2\JarJarMetadata-0.3.19.jar;C:\Users\Brian O\.gradle\caches\modules-2\files-2.1\com.google.guava\guava\31.1-jre\60458f877d055d0c9114d9e1a2efb737b4bc282c\guava-31.1-jre.jar;C:\Users\Brian O\.gradle\caches\modules-2\files-2.1\com.google.code.findbugs\jsr305\3.0.2\25ea2e8b0c338a877313bd4672d3fe056ea78f0d\jsr305-3.0.2.jar;C:\Users\Brian O\.gradle\caches\modules-2\files-2.1\ca.weblite\java-objc-bridge\1.1\1227f9e0666314f9de41477e3
Launcher Type: SUN_STANDARD

[Global flags]
     intx CICompilerCount                          = 12                                        {product} {ergonomic}
     uint ConcGCThreads                            = 3                                         {product} {ergonomic}
     uint G1ConcRefinementThreads                  = 13                                        {product} {ergonomic}
   size_t G1HeapRegionSize                         = 2097152                                   {product} {ergonomic}
    uintx GCDrainStackTargetSize                   = 64                                        {product} {ergonomic}
    ccstr HeapDumpPath                             = MojangTricksIntelDriversForPerformance_javaw.exe_minecraft.exe.heapdump         {manageable} {command line}
   size_t InitialHeapSize                          = 232783872                                 {product} {ergonomic}
   size_t MarkStackSize                            = 4194304                                   {product} {ergonomic}
   size_t MaxHeapSize                              = 3720347648                                {product} {ergonomic}
   size_t MaxNewSize                               = 2231369728                                {product} {ergonomic}
   size_t MinHeapDeltaBytes                        = 2097152                                   {product} {ergonomic}
   size_t MinHeapSize                              = 8388608                                   {product} {ergonomic}
    uintx NonNMethodCodeHeapSize                   = 7602480                                {pd product} {ergonomic}
    uintx NonProfiledCodeHeapSize                  = 122027880                              {pd product} {ergonomic}
    uintx ProfiledCodeHeapSize                     = 122027880                              {pd product} {ergonomic}
    uintx ReservedCodeCacheSize                    = 251658240                              {pd product} {ergonomic}
     bool SegmentedCodeCache                       = true                                      {product} {ergonomic}
   size_t SoftMaxHeapSize                          = 3720347648                             {manageable} {ergonomic}
     bool UseCompressedClassPointers               = true                           {product lp64_product} {ergonomic}
     bool UseCompressedOops                        = true                           {product lp64_product} {ergonomic}
     bool UseG1GC                                  = true                                      {product} {ergonomic}
     bool UseLargePagesIndividualAllocation        = false                                  {pd product} {ergonomic}

Logging:
Log output configuration:
 #0: stdout all=warning uptime,level,tags
 #1: stderr all=off uptime,level,tags

Environment Variables:
PATH=C:\Program Files\Common Files\Oracle\Java\javapath;C:\Windows\system32;C:\Windows;C:\Windows\System32\Wbem;C:\Windows\System32\WindowsPowerShell\v1.0\;C:\Windows\System32\OpenSSH\;C:\Program Files (x86)\NVIDIA Corporation\PhysX\Common;C:\Program Files\MATLAB\R2022b\bin;C:\Program Files\MATLAB\R2021b\bin;C:\WINDOWS\system32;C:\WINDOWS;C:\WINDOWS\System32\Wbem;C:\WINDOWS\System32\WindowsPowerShell\v1.0\;C:\WINDOWS\System32\OpenSSH\;C:\Program Files\NVIDIA Corporation\NVIDIA NvDLISR;C:\Program Files\nodejs\;C:\Program Files\Git\cmd;C:\Program Files\Meld\;C:\msys64\mingw64\bin;;C:\WINDOWS\system32;C:\WINDOWS;C:\WINDOWS\System32\Wbem;C:\WINDOWS\System32\WindowsPowerShell\v1.0\;C:\WINDOWS\System32\OpenSSH\;C:\Program Files\dotnet\;C:\Program Files\Siemens\NX1980\CAPITALINTEGRATION\capitalnxremote\;C:\Users\Brian O\AppData\Local\Programs\Python\Python39-32\Scripts\;C:\Users\Brian O\AppData\Local\Programs\Python\Python39-32\;C:\Users\Brian O\AppData\Local\Programs\Python\Python311\Scripts\;C:\Users\Brian O\AppData\Local\Programs\Python\Python311\;C:\Users\Brian O\AppData\Local\Microsoft\WindowsApps;C:\Users\Brian O\AppData\Local\GitHubDesktop\bin;C:\Users\Brian O\AppData\Local\Programs\PROS\cli;C:\Users\Brian O\AppData\Local\Programs\PROS\toolchain\usr\bin;C:\Users\Brian O\AppData\Local\Programs\PROS\cquery;C:\Users\Brian O\AppData\Local\Programs\Microsoft VS Code\bin;C:\Users\Brian O\AppData\Roaming\npm;C:\Users\Brian O\AppData\Local\Programs\Python\Python39\Scripts;
USERNAME=Brian O
OS=Windows_NT
PROCESSOR_IDENTIFIER=AMD64 Family 25 Model 80 Stepping 0, AuthenticAMD



---------------  S Y S T E M  ---------------

OS:
 Windows 11 , 64 bit Build 22621 (10.0.22621.1635)
OS uptime: 24 days 8:59 hours

CPU: total 16 (initial active 16) (16 cores per cpu, 2 threads per core) family 25 model 80 stepping 0 microcode 0x0, cx8, cmov, fxsr, ht, mmx, 3dnowpref, sse, sse2, sse3, ssse3, sse4a, sse4.1, sse4.2, popcnt, lzcnt, tsc, tscinvbit, avx, avx2, aes, erms, clmul, bmi1, bmi2, adx, sha, fma, vzeroupper, clflush, clflushopt

Memory: 4k page, system-wide physical 14188M (3364M free)
TotalPageFile size 25452M (AvailPageFile size 3045M)
current process WorkingSet (physical memory assigned to process): 530M, peak: 565M
current process commit charge ("private bytes"): 615M, peak: 654M

vm_info: Java HotSpot(TM) 64-Bit Server VM (17.0.2+8-LTS-86) for windows-amd64 JRE (17.0.2+8-LTS-86), built on Dec  7 2021 21:51:03 by "mach5one" with MS VC++ 16.8 / 16.9 (VS2019)

END.
