#
# A fatal error has been detected by the Java Runtime Environment:
#
#  EXCEPTION_ACCESS_VIOLATION (0xc0000005) at pc=0x00007fffb42a2b60, pid=49744, tid=45392
#
# JRE version: Java(TM) SE Runtime Environment (17.0.2+8) (build 17.0.2+8-LTS-86)
# Java VM: Java HotSpot(TM) 64-Bit Server VM (17.0.2+8-LTS-86, mixed mode, sharing, tiered, compressed oops, compressed class ptrs, g1 gc, windows-amd64)
# Problematic frame:
# C  [atio6axx.dll+0x192b60]
#
# No core dump will be written. Minidumps are not enabled by default on client versions of Windows
#
# If you would like to submit a bug report, please visit:
#   https://bugreport.java.com/bugreport/crash.jsp
# The crash happened outside the Java Virtual Machine in native code.
# See problematic frame for where to report the bug.
#

---------------  S U M M A R Y ------------

Command Line: -Dforge.enableGameTest=true -Dforge.enabledGameTestNamespaces=celestial_conquest -Dforge.logging.console.level=debug -Dforge.logging.markers=REGISTRIES -DignoreList=bootstraplauncher,securejarhandler,asm-commons,asm-util,asm-analysis,asm-tree,asm,JarJarFileSystems,client-extra,fmlcore,javafmllanguage,lowcodelanguage,mclanguage,forge- -Djava.net.preferIPv6Addresses=system -DlegacyClassPath.file=C:\Users\Brian O\OneDrive\Desktop\Forge\build\classpath\runClient_minecraftClasspath.txt -DmergeModules=jna-5.10.0.jar,jna-platform-5.10.0.jar -Dos.version=10.0 --module-path=C:\Users\Brian O\.gradle\caches\modules-2\files-2.1\cpw.mods\bootstraplauncher\1.1.2\c546e00443d8432cda6baa1c860346980742628\bootstraplauncher-1.1.2.jar;C:\Users\Brian O\.gradle\caches\modules-2\files-2.1\cpw.mods\securejarhandler\2.1.6\66c15fc1f522b586476e9e4cccd0cbe192554e8a\securejarhandler-2.1.6.jar;C:\Users\Brian O\.gradle\caches\modules-2\files-2.1\org.ow2.asm\asm-commons\9.3\1f2a432d1212f5c352ae607d7b61dcae20c20af5\asm-commons-9.3.jar;C:\Users\Brian O\.gradle\caches\modules-2\files-2.1\org.ow2.asm\asm-util\9.3\9595bc05510d0bd4b610188b77333fe4851a1975\asm-util-9.3.jar;C:\Users\Brian O\.gradle\caches\modules-2\files-2.1\org.ow2.asm\asm-analysis\9.3\4b071f211b37c38e0e9f5998550197c8593f6ad8\asm-analysis-9.3.jar;C:\Users\Brian O\.gradle\caches\modules-2\files-2.1\org.ow2.asm\asm-tree\9.3\78d2ecd61318b5a58cd04fb237636c0e86b77d97\asm-tree-9.3.jar;C:\Users\Brian O\.gradle\caches\modules-2\files-2.1\org.ow2.asm\asm\9.3\8e6300ef51c1d801a7ed62d07cd221aca3a90640\asm-9.3.jar;C:\Users\Brian O\.gradle\caches\modules-2\files-2.1\net.minecraftforge\JarJarFileSystems\0.3.19\2464eb7d6b9ddb9db36a82cf8a95193e5c6fe020\JarJarFileSystems-0.3.19.jar --add-modules=ALL-MODULE-PATH --add-opens=java.base/java.util.jar=cpw.mods.securejarhandler --add-opens=java.base/java.lang.invoke=cpw.mods.securejarhandler --add-exports=java.base/sun.security.util=cpw.mods.securejarhandler --add-exports=jdk.naming.dns/com.sun.jndi.dns=java.naming -XX:HeapDumpPath=MojangTricksIntelDriversForPerformance_javaw.exe_minecraft.exe.heapdump -Dos.name=Windows 10 -Dfile.encoding=windows-1252 -Duser.country=US -Duser.language=en -Duser.variant cpw.mods.bootstraplauncher.BootstrapLauncher --launchTarget forgeclientuserdev --version MOD_DEV --assetIndex 2 --assetsDir C:\Users\Brian O\.gradle\caches\forge_gradle\assets --gameDir . --fml.forgeVersion 44.1.23 --fml.mcVersion 1.19.3 --fml.forgeGroup net.minecraftforge --fml.mcpVersion 20221207.122022

Host: AMD Ryzen 7 5800H with Radeon Graphics         , 16 cores, 13G,  Windows 11 , 64 bit Build 22621 (10.0.22621.1635)
Time: Tue Jun  6 23:46:09 2023 Eastern Daylight Time elapsed time: 15.009803 seconds (0d 0h 0m 15s)

---------------  T H R E A D  ---------------

Current thread (0x0000020ad8031ad0):  JavaThread "Render thread" [_thread_in_native, id=45392, stack(0x0000001949900000,0x0000001949a00000)]

Stack: [0x0000001949900000,0x0000001949a00000],  sp=0x00000019499fad98,  free space=1003k
Native frames: (J=compiled Java code, j=interpreted, Vv=VM code, C=native code)
C  [atio6axx.dll+0x192b60]

Java frames: (J=compiled Java code, j=interpreted, Vv=VM code)
j  org.lwjgl.system.JNI.invokePPPP(IIJJJJ)J+0 org.lwjgl@3.3.1+7
j  org.lwjgl.glfw.GLFW.nglfwCreateWindow(IIJJJ)J+14 org.lwjgl.glfw@3.3.1+7
j  org.lwjgl.glfw.GLFW.glfwCreateWindow(IILjava/lang/CharSequence;JJ)J+34 org.lwjgl.glfw@3.3.1+7
j  net.minecraftforge.client.loading.NoVizFallback.lambda$fallback$0(Ljava/util/function/IntSupplier;Ljava/util/function/IntSupplier;Ljava/util/function/Supplier;Ljava/util/function/LongSupplier;)J+28 forge@44.1.23
j  net.minecraftforge.client.loading.NoVizFallback$$Lambda$4068+0x000000080160da00.getAsLong()J+16 forge@44.1.23
j  net.minecraftforge.fml.loading.progress.EarlyProgressVisualization$Visualization$$Lambda$4069+0x000000080160ee58.apply(Ljava/lang/Object;)Ljava/lang/Object;+4 fmlloader@1.19.3-44.1.23
J 2937 c2 java.util.Optional.map(Ljava/util/function/Function;)Ljava/util/Optional; java.base@17.0.2 (30 bytes) @ 0x0000020ae8db3a7c [0x0000020ae8db3a20+0x000000000000005c]
j  net.minecraftforge.fml.loading.progress.EarlyProgressVisualization$Visualization.handOffWindow(Ljava/util/function/IntSupplier;Ljava/util/function/IntSupplier;Ljava/util/function/Supplier;Ljava/util/function/LongSupplier;)J+48 fmlloader@1.19.3-44.1.23
j  net.minecraftforge.fml.loading.progress.EarlyProgressVisualization.handOffWindow(Ljava/util/function/IntSupplier;Ljava/util/function/IntSupplier;Ljava/util/function/Supplier;Ljava/util/function/LongSupplier;)J+9 fmlloader@1.19.3-44.1.23
j  com.mojang.blaze3d.platform.Window.<init>(Lcom/mojang/blaze3d/platform/WindowEventHandler;Lcom/mojang/blaze3d/platform/ScreenManager;Lcom/mojang/blaze3d/platform/DisplayData;Ljava/lang/String;Ljava/lang/String;)V+279 minecraft@1.19.3
j  net.minecraft.client.renderer.VirtualScreen.newWindow(Lcom/mojang/blaze3d/platform/DisplayData;Ljava/lang/String;Ljava/lang/String;)Lcom/mojang/blaze3d/platform/Window;+15 minecraft@1.19.3
j  net.minecraft.client.Minecraft.<init>(Lnet/minecraft/client/main/GameConfig;)V+743 minecraft@1.19.3
j  net.minecraft.client.main.Main.run([Ljava/lang/String;Z)V+1356 minecraft@1.19.3
j  net.minecraft.client.main.Main.main([Ljava/lang/String;)V+12 minecraft@1.19.3
v  ~StubRoutines::call_stub
j  jdk.internal.reflect.NativeMethodAccessorImpl.invoke0(Ljava/lang/reflect/Method;Ljava/lang/Object;[Ljava/lang/Object;)Ljava/lang/Object;+0 java.base@17.0.2
j  jdk.internal.reflect.NativeMethodAccessorImpl.invoke(Ljava/lang/Object;[Ljava/lang/Object;)Ljava/lang/Object;+133 java.base@17.0.2
j  jdk.internal.reflect.DelegatingMethodAccessorImpl.invoke(Ljava/lang/Object;[Ljava/lang/Object;)Ljava/lang/Object;+6 java.base@17.0.2
j  java.lang.reflect.Method.invoke(Ljava/lang/Object;[Ljava/lang/Object;)Ljava/lang/Object;+59 java.base@17.0.2
j  net.minecraftforge.fml.loading.targets.ForgeClientUserdevLaunchHandler.lambda$launchService$0([Ljava/lang/String;Ljava/lang/ModuleLayer;)V+47 fmlloader@1.19.3-44.1.23
j  net.minecraftforge.fml.loading.targets.ForgeClientUserdevLaunchHandler$$Lambda$874+0x0000000800fce9e0.run()V+12 fmlloader@1.19.3-44.1.23
j  cpw.mods.modlauncher.LaunchServiceHandlerDecorator.launch([Ljava/lang/String;Ljava/lang/ModuleLayer;)V+11 cpw.mods.modlauncher@10.0.8
j  cpw.mods.modlauncher.LaunchServiceHandler.launch(Ljava/lang/String;[Ljava/lang/String;Ljava/lang/ModuleLayer;Lcpw/mods/modlauncher/TransformingClassLoader;Lcpw/mods/modlauncher/LaunchPluginHandler;)V+58 cpw.mods.modlauncher@10.0.8
j  cpw.mods.modlauncher.LaunchServiceHandler.launch(Lcpw/mods/modlauncher/ArgumentHandler;Ljava/lang/ModuleLayer;Lcpw/mods/modlauncher/TransformingClassLoader;Lcpw/mods/modlauncher/LaunchPluginHandler;)V+21 cpw.mods.modlauncher@10.0.8
j  cpw.mods.modlauncher.Launcher.run([Ljava/lang/String;)V+310 cpw.mods.modlauncher@10.0.8
j  cpw.mods.modlauncher.Launcher.main([Ljava/lang/String;)V+78 cpw.mods.modlauncher@10.0.8
j  cpw.mods.modlauncher.BootstrapLaunchConsumer.accept([Ljava/lang/String;)V+1 cpw.mods.modlauncher@10.0.8
j  cpw.mods.modlauncher.BootstrapLaunchConsumer.accept(Ljava/lang/Object;)V+5 cpw.mods.modlauncher@10.0.8
j  cpw.mods.bootstraplauncher.BootstrapLauncher.main([Ljava/lang/String;)V+515 cpw.mods.bootstraplauncher@1.1.2
v  ~StubRoutines::call_stub

siginfo: EXCEPTION_ACCESS_VIOLATION (0xc0000005), reading address 0xffffffffffffffff


Register to memory mapping:

RIP=0x00007fffb42a2b60 atio6axx.dll
RAX=0x0 is NULL
RBX=0x00007fffb7ae33c0 atio6axx.dll
RCX=0x3536313262363935 is an unknown value
RDX=0x00000000000000d0 is an unknown value
RSP=0x00000019499fad98 is pointing into the stack for thread: 0x0000020ad8031ad0
RBP=0x00000019499faf00 is pointing into the stack for thread: 0x0000020ad8031ad0
RSI=0x00007fffb79f2d40 atio6axx.dll
RDI=0x00000019499fb1f0 is pointing into the stack for thread: 0x0000020ad8031ad0
R8 =0x00000000000001a5 is an unknown value
R9 =0x3536313262363935 is an unknown value
R10=0x0 is NULL
R11=0x0000000000000200 is an unknown value
R12=0x00007fffb7ae3418 atio6axx.dll
R13=0x00007fffb7ae5c18 atio6axx.dll
R14=0x00007fffb7ae33c0 atio6axx.dll
R15=0x0 is NULL


Registers:
RAX=0x0000000000000000, RBX=0x00007fffb7ae33c0, RCX=0x3536313262363935, RDX=0x00000000000000d0
RSP=0x00000019499fad98, RBP=0x00000019499faf00, RSI=0x00007fffb79f2d40, RDI=0x00000019499fb1f0
R8 =0x00000000000001a5, R9 =0x3536313262363935, R10=0x0000000000000000, R11=0x0000000000000200
R12=0x00007fffb7ae3418, R13=0x00007fffb7ae5c18, R14=0x00007fffb7ae33c0, R15=0x0000000000000000
RIP=0x00007fffb42a2b60, EFLAGS=0x0000000000010206

Top of Stack: (sp=0x00000019499fad98)
0x00000019499fad98:   00007fffb42a2e7c 00007fffb7ae6030
0x00000019499fada8:   0000020a854a94e8 0000000000000000
0x00000019499fadb8:   00007fffb42a3e8d 00000019499fb1f0
0x00000019499fadc8:   00007fffb425f484 00007fffb7ae33c0
0x00000019499fadd8:   00007fffb79f2d40 0000652e6176616a
0x00000019499fade8:   0000a6cb0886610f 00000019499fb1f0
0x00000019499fadf8:   00007fffb4260457 00007fffb7ae33c8
0x00000019499fae08:   00007fffb79f2d40 00007fffb79f2d40
0x00000019499fae18:   0000000000000000 00007fffb7ae33c0
0x00000019499fae28:   00007ff800000000 0000000000000009
0x00000019499fae38:   0000020a819c581c 0000020a819c5984
0x00000019499fae48:   00007fffb7ae33c8 00000019499fb1f0
0x00000019499fae58:   00000019499fafa5 00007f006176616a
0x00000019499fae68:   00007f006176616a 46676e697274535c
0x00000019499fae78:   5c6f666e49656c69 3062343039303430
0x00000019499fae88:   726556656c69465c 000000006e6f6973 

Instructions: (pc=0x00007fffb42a2b60)
0x00007fffb42a2a60:   74 09 33 c9 ff 15 e6 89 66 03 90 48 8b c3 48 83
0x00007fffb42a2a70:   c4 20 5b c3 cc cc cc cc cc cc cc cc cc cc cc cc
0x00007fffb42a2a80:   48 83 ec 28 48 8b 51 08 48 85 d2 74 09 33 c9 ff
0x00007fffb42a2a90:   15 bb 89 66 03 90 48 83 c4 28 c3 cc cc cc cc cc
0x00007fffb42a2aa0:   48 89 11 c3 cc cc cc cc cc cc cc cc cc cc cc cc
0x00007fffb42a2ab0:   48 8b c1 c3 cc cc cc cc cc cc cc cc cc cc cc cc
0x00007fffb42a2ac0:   48 3b ca 74 10 41 8b 00 39 01 74 09 48 83 c1 04
0x00007fffb42a2ad0:   48 3b ca 75 f3 48 8b c1 c3 cc cc cc cc cc cc cc
0x00007fffb42a2ae0:   48 8b c1 c3 cc cc cc cc cc cc cc cc cc cc cc cc
0x00007fffb42a2af0:   48 83 39 00 0f 94 c0 c3 cc cc cc cc cc cc cc cc
0x00007fffb42a2b00:   4c 8d 04 d5 00 00 00 00 33 d2 e9 c1 d0 dd 01 cc
0x00007fffb42a2b10:   4c 8b 41 08 48 8b 02 49 89 00 48 83 41 08 08 c3
0x00007fffb42a2b20:   48 8b c1 c3 cc cc cc cc cc cc cc cc cc cc cc cc
0x00007fffb42a2b30:   48 8b c1 c3 cc cc cc cc cc cc cc cc cc cc cc cc
0x00007fffb42a2b40:   49 8b 00 48 89 02 c3 cc cc cc cc cc cc cc cc cc
0x00007fffb42a2b50:   8b 81 40 39 00 00 c3 cc cc cc cc cc cc cc cc cc
0x00007fffb42a2b60:   8b 81 40 39 00 00 83 c0 f0 83 f8 67 0f 87 5a 01
0x00007fffb42a2b70:   00 00 48 8d 15 87 d4 e6 ff 0f b6 84 02 f0 2c 19
0x00007fffb42a2b80:   00 8b 8c 82 d0 2c 19 00 48 03 ca ff e1 48 8b 0d
0x00007fffb42a2b90:   7c 6f 7e 03 83 b9 b4 34 00 00 02 0f 87 2b 01 00
0x00007fffb42a2ba0:   00 48 8d 91 0c 29 00 00 c7 02 e1 00 00 00 e9 ce
0x00007fffb42a2bb0:   00 00 00 48 8b 0d 56 6f 7e 03 83 b9 b4 34 00 00
0x00007fffb42a2bc0:   02 0f 87 05 01 00 00 48 8d 91 0c 29 00 00 c7 02
0x00007fffb42a2bd0:   f0 00 00 00 e9 a8 00 00 00 48 8b 0d 30 6f 7e 03
0x00007fffb42a2be0:   83 b9 b4 34 00 00 02 0f 87 df 00 00 00 48 8d 91
0x00007fffb42a2bf0:   0c 29 00 00 c7 02 00 04 00 00 e9 82 00 00 00 48
0x00007fffb42a2c00:   8b 0d 0a 6f 7e 03 83 b9 b4 34 00 00 02 0f 87 b9
0x00007fffb42a2c10:   00 00 00 48 8d 91 0c 29 00 00 c7 02 00 08 00 00
0x00007fffb42a2c20:   eb 5f 48 8b 0d e7 6e 7e 03 83 b9 b4 34 00 00 02
0x00007fffb42a2c30:   0f 87 96 00 00 00 48 8d 91 0c 29 00 00 c7 02 00
0x00007fffb42a2c40:   09 00 00 eb 3c 48 8b 0d c4 6e 7e 03 83 b9 b4 34
0x00007fffb42a2c50:   00 00 02 77 77 48 8d 91 0c 29 00 00 c7 02 3c 0f 


Stack slot to memory mapping:
stack at sp + 0 slots: 0x00007fffb42a2e7c atio6axx.dll
stack at sp + 1 slots: 0x00007fffb7ae6030 atio6axx.dll
stack at sp + 2 slots: 0x0000020a854a94e8 points into unknown readable memory: 0x00007fffb72ef5b0 | b0 f5 2e b7 ff 7f 00 00
stack at sp + 3 slots: 0x0 is NULL
stack at sp + 4 slots: 0x00007fffb42a3e8d atio6axx.dll
stack at sp + 5 slots: 0x00000019499fb1f0 is pointing into the stack for thread: 0x0000020ad8031ad0
stack at sp + 6 slots: 0x00007fffb425f484 atio6axx.dll
stack at sp + 7 slots: 0x00007fffb7ae33c0 atio6axx.dll


---------------  P R O C E S S  ---------------

Threads class SMR info:
_java_thread_list=0x0000020a85a83c00, length=21, elements={
0x0000020ad8031ad0, 0x0000020afc4251b0, 0x0000020afc425c70, 0x0000020afc43c670,
0x0000020afc43d130, 0x0000020afc43dbf0, 0x0000020afc4468e0, 0x0000020afc44e890,
0x0000020afc456db0, 0x0000020afd008070, 0x0000020afc45e3a0, 0x0000020afc413800,
0x0000020afd13aec0, 0x0000020afd13b7e0, 0x0000020afd2d2950, 0x0000020afd61c0b0,
0x0000020a81f83080, 0x0000020a81f83550, 0x0000020a81ef52d0, 0x0000020a82633f80,
0x0000020a857e3e70
}

Java Threads: ( => current thread )
=>0x0000020ad8031ad0 JavaThread "Render thread" [_thread_in_native, id=45392, stack(0x0000001949900000,0x0000001949a00000)]
  0x0000020afc4251b0 JavaThread "Reference Handler" daemon [_thread_blocked, id=47344, stack(0x000000194a000000,0x000000194a100000)]
  0x0000020afc425c70 JavaThread "Finalizer" daemon [_thread_blocked, id=15520, stack(0x000000194a100000,0x000000194a200000)]
  0x0000020afc43c670 JavaThread "Signal Dispatcher" daemon [_thread_blocked, id=20128, stack(0x000000194a200000,0x000000194a300000)]
  0x0000020afc43d130 JavaThread "Attach Listener" daemon [_thread_blocked, id=27516, stack(0x000000194a300000,0x000000194a400000)]
  0x0000020afc43dbf0 JavaThread "Service Thread" daemon [_thread_blocked, id=18428, stack(0x000000194a400000,0x000000194a500000)]
  0x0000020afc4468e0 JavaThread "Monitor Deflation Thread" daemon [_thread_blocked, id=16544, stack(0x000000194a500000,0x000000194a600000)]
  0x0000020afc44e890 JavaThread "C2 CompilerThread0" daemon [_thread_blocked, id=29340, stack(0x000000194a600000,0x000000194a700000)]
  0x0000020afc456db0 JavaThread "C1 CompilerThread0" daemon [_thread_blocked, id=5540, stack(0x000000194a700000,0x000000194a800000)]
  0x0000020afd008070 JavaThread "Sweeper thread" daemon [_thread_blocked, id=10276, stack(0x000000194a800000,0x000000194a900000)]
  0x0000020afc45e3a0 JavaThread "C1 CompilerThread1" daemon [_thread_blocked, id=40852, stack(0x000000194a900000,0x000000194aa00000)]
  0x0000020afc413800 JavaThread "Common-Cleaner" daemon [_thread_blocked, id=21376, stack(0x000000194aa00000,0x000000194ab00000)]
  0x0000020afd13aec0 JavaThread "C1 CompilerThread2" daemon [_thread_blocked, id=22228, stack(0x000000194ab00000,0x000000194ac00000)]
  0x0000020afd13b7e0 JavaThread "C2 CompilerThread1" daemon [_thread_blocked, id=44664, stack(0x000000194ac00000,0x000000194ad00000)]
  0x0000020afd2d2950 JavaThread "Notification Thread" daemon [_thread_blocked, id=4732, stack(0x000000194ad00000,0x000000194ae00000)]
  0x0000020afd61c0b0 JavaThread "C1 CompilerThread3" daemon [_thread_blocked, id=44424, stack(0x000000194b000000,0x000000194b100000)]
  0x0000020a81f83080 JavaThread "Thread-0" daemon [_thread_blocked, id=44192, stack(0x000000194b100000,0x000000194b200000)]
  0x0000020a81f83550 JavaThread "FileSystemWatchService" daemon [_thread_in_native, id=11300, stack(0x000000194bd00000,0x000000194be00000)]
  0x0000020a81ef52d0 JavaThread "pool-2-thread-1" daemon [_thread_blocked, id=21900, stack(0x000000194c400000,0x000000194c500000)]
  0x0000020a82633f80 JavaThread "JNA Cleaner" daemon [_thread_blocked, id=27024, stack(0x000000194c500000,0x000000194c600000)]
  0x0000020a857e3e70 JavaThread "Timer hack thread" daemon [_thread_blocked, id=5744, stack(0x000000194c900000,0x000000194ca00000)]

Other Threads:
  0x0000020afc422810 VMThread "VM Thread" [stack: 0x0000001949f00000,0x000000194a000000] [id=30480]
  0x0000020ad8032490 WatcherThread [stack: 0x000000194ae00000,0x000000194af00000] [id=39868]
  0x0000020ad807ddb0 GCTaskThread "GC Thread#0" [stack: 0x0000001949a00000,0x0000001949b00000] [id=34576]
  0x0000020afd469e00 GCTaskThread "GC Thread#1" [stack: 0x000000194b300000,0x000000194b400000] [id=10492]
  0x0000020afd808ab0 GCTaskThread "GC Thread#2" [stack: 0x000000194b400000,0x000000194b500000] [id=11056]
  0x0000020afd975140 GCTaskThread "GC Thread#3" [stack: 0x000000194b500000,0x000000194b600000] [id=44288]
  0x0000020afd9753f0 GCTaskThread "GC Thread#4" [stack: 0x000000194b600000,0x000000194b700000] [id=20944]
  0x0000020a803419a0 GCTaskThread "GC Thread#5" [stack: 0x000000194b700000,0x000000194b800000] [id=9164]
  0x0000020a802eb070 GCTaskThread "GC Thread#6" [stack: 0x000000194b200000,0x000000194b300000] [id=10564]
  0x0000020a81e92020 GCTaskThread "GC Thread#7" [stack: 0x000000194b800000,0x000000194b900000] [id=11052]
  0x0000020a80460970 GCTaskThread "GC Thread#8" [stack: 0x000000194b900000,0x000000194ba00000] [id=21308]
  0x0000020affa48b70 GCTaskThread "GC Thread#9" [stack: 0x000000194ba00000,0x000000194bb00000] [id=35776]
  0x0000020affa48e20 GCTaskThread "GC Thread#10" [stack: 0x000000194bb00000,0x000000194bc00000] [id=46204]
  0x0000020a802c2d70 GCTaskThread "GC Thread#11" [stack: 0x000000194bc00000,0x000000194bd00000] [id=15880]
  0x0000020a81f6e0a0 GCTaskThread "GC Thread#12" [stack: 0x000000194be00000,0x000000194bf00000] [id=13516]
  0x0000020ad808c950 ConcurrentGCThread "G1 Main Marker" [stack: 0x0000001949b00000,0x0000001949c00000] [id=16736]
  0x0000020ad808d200 ConcurrentGCThread "G1 Conc#0" [stack: 0x0000001949c00000,0x0000001949d00000] [id=15144]
  0x0000020a81f6e350 ConcurrentGCThread "G1 Conc#1" [stack: 0x000000194bf00000,0x000000194c000000] [id=48228]
  0x0000020a81f6e600 ConcurrentGCThread "G1 Conc#2" [stack: 0x000000194c100000,0x000000194c200000] [id=51320]
  0x0000020ad80dd800 ConcurrentGCThread "G1 Refine#0" [stack: 0x0000001949d00000,0x0000001949e00000] [id=9620]
  0x0000020a801a0580 ConcurrentGCThread "G1 Refine#1" [stack: 0x000000194c000000,0x000000194c100000] [id=40772]
  0x0000020a801a0e20 ConcurrentGCThread "G1 Refine#2" [stack: 0x000000194c200000,0x000000194c300000] [id=50156]
  0x0000020a813f6620 ConcurrentGCThread "G1 Refine#3" [stack: 0x000000194ca00000,0x000000194cb00000] [id=11956]
  0x0000020a813f6900 ConcurrentGCThread "G1 Refine#4" [stack: 0x000000194c300000,0x000000194c400000] [id=13780]
  0x0000020ad80de0c0 ConcurrentGCThread "G1 Service" [stack: 0x0000001949e00000,0x0000001949f00000] [id=46988]

Threads with active compile tasks:

VM state: not at safepoint (normal execution)

VM Mutex/Monitor currently owned by a thread: None

Heap address: 0x0000000722400000, size: 3548 MB, Compressed Oops mode: Zero based, Oop shift amount: 3

CDS archive(s) mapped at: [0x0000000800000000-0x0000000800bc0000-0x0000000800bc0000), size 12320768, SharedBaseAddress: 0x0000000800000000, ArchiveRelocationMode: 0.
Compressed class space mapped at: 0x0000000800c00000-0x0000000840c00000, reserved size: 1073741824
Narrow klass base: 0x0000000800000000, Narrow klass shift: 0, Narrow klass range: 0x100000000

GC Precious Log:
 CPUs: 16 total, 16 available
 Memory: 14188M
 Large Page Support: Disabled
 NUMA Support: Disabled
 Compressed Oops: Enabled (Zero based)
 Heap Region Size: 2M
 Heap Min Capacity: 8M
 Heap Initial Capacity: 222M
 Heap Max Capacity: 3548M
 Pre-touch: Disabled
 Parallel Workers: 13
 Concurrent Workers: 3
 Concurrent Refinement Workers: 13
 Periodic GC: Disabled

Heap:
 garbage-first heap   total 444416K, used 259494K [0x0000000722400000, 0x0000000800000000)
  region size 2048K, 50 young (102400K), 3 survivors (6144K)
 Metaspace       used 66134K, committed 67264K, reserved 1114112K
  class space    used 9753K, committed 10240K, reserved 1048576K

Heap Regions: E=young(eden), S=young(survivor), O=old, HS=humongous(starts), HC=humongous(continues), CS=collection set, F=free, OA=open archive, CA=closed archive, TAMS=top-at-mark-start (previous, next)
|   0|0x0000000722400000, 0x0000000722600000, 0x0000000722600000|100%|HS|  |TAMS 0x0000000722600000, 0x0000000722400000| Complete 
|   1|0x0000000722600000, 0x0000000722800000, 0x0000000722800000|100%| O|  |TAMS 0x0000000722800000, 0x0000000722600000| Untracked 
|   2|0x0000000722800000, 0x0000000722a00000, 0x0000000722a00000|100%| O|  |TAMS 0x0000000722a00000, 0x0000000722800000| Untracked 
|   3|0x0000000722a00000, 0x0000000722c00000, 0x0000000722c00000|100%|HS|  |TAMS 0x0000000722c00000, 0x0000000722a00000| Complete 
|   4|0x0000000722c00000, 0x0000000722e00000, 0x0000000722e00000|100%| O|  |TAMS 0x0000000722e00000, 0x0000000722c00000| Untracked 
|   5|0x0000000722e00000, 0x0000000723000000, 0x0000000723000000|100%| O|  |TAMS 0x0000000723000000, 0x0000000722e00000| Untracked 
|   6|0x0000000723000000, 0x0000000723200000, 0x0000000723200000|100%|HS|  |TAMS 0x0000000723200000, 0x0000000723000000| Complete 
|   7|0x0000000723200000, 0x0000000723400000, 0x0000000723400000|100%|HS|  |TAMS 0x0000000723400000, 0x0000000723200000| Complete 
|   8|0x0000000723400000, 0x0000000723600000, 0x0000000723600000|100%| O|  |TAMS 0x0000000723600000, 0x0000000723400000| Untracked 
|   9|0x0000000723600000, 0x0000000723800000, 0x0000000723800000|100%| O|  |TAMS 0x0000000723800000, 0x0000000723600000| Untracked 
|  10|0x0000000723800000, 0x0000000723a00000, 0x0000000723a00000|100%| O|  |TAMS 0x0000000723a00000, 0x0000000723800000| Untracked 
|  11|0x0000000723a00000, 0x0000000723c00000, 0x0000000723c00000|100%| O|  |TAMS 0x0000000723c00000, 0x0000000723a00000| Untracked 
|  12|0x0000000723c00000, 0x0000000723e00000, 0x0000000723e00000|100%| O|  |TAMS 0x0000000723e00000, 0x0000000723c00000| Untracked 
|  13|0x0000000723e00000, 0x0000000724000000, 0x0000000724000000|100%| O|  |TAMS 0x0000000724000000, 0x0000000723e00000| Untracked 
|  14|0x0000000724000000, 0x0000000724200000, 0x0000000724200000|100%| O|  |TAMS 0x0000000724200000, 0x0000000724000000| Untracked 
|  15|0x0000000724200000, 0x0000000724400000, 0x0000000724400000|100%|HS|  |TAMS 0x0000000724400000, 0x0000000724200000| Complete 
|  16|0x0000000724400000, 0x0000000724600000, 0x0000000724600000|100%| O|  |TAMS 0x0000000724600000, 0x0000000724400000| Untracked 
|  17|0x0000000724600000, 0x0000000724800000, 0x0000000724800000|100%| O|  |TAMS 0x0000000724800000, 0x0000000724600000| Untracked 
|  18|0x0000000724800000, 0x0000000724a00000, 0x0000000724a00000|100%| O|  |TAMS 0x0000000724a00000, 0x0000000724800000| Untracked 
|  19|0x0000000724a00000, 0x0000000724c00000, 0x0000000724c00000|100%| O|  |TAMS 0x0000000724c00000, 0x0000000724a00000| Untracked 
|  20|0x0000000724c00000, 0x0000000724e00000, 0x0000000724e00000|100%| O|  |TAMS 0x0000000724e00000, 0x0000000724c00000| Untracked 
|  21|0x0000000724e00000, 0x0000000725000000, 0x0000000725000000|100%| O|  |TAMS 0x0000000725000000, 0x0000000724e00000| Untracked 
|  22|0x0000000725000000, 0x0000000725200000, 0x0000000725200000|100%| O|  |TAMS 0x0000000725200000, 0x0000000725000000| Untracked 
|  23|0x0000000725200000, 0x0000000725400000, 0x0000000725400000|100%| O|  |TAMS 0x0000000725400000, 0x0000000725200000| Untracked 
|  24|0x0000000725400000, 0x0000000725600000, 0x0000000725600000|100%| O|  |TAMS 0x0000000725600000, 0x0000000725400000| Untracked 
|  25|0x0000000725600000, 0x0000000725800000, 0x0000000725800000|100%| O|  |TAMS 0x0000000725800000, 0x0000000725600000| Untracked 
|  26|0x0000000725800000, 0x0000000725a00000, 0x0000000725a00000|100%| O|  |TAMS 0x0000000725a00000, 0x0000000725800000| Untracked 
|  27|0x0000000725a00000, 0x0000000725c00000, 0x0000000725c00000|100%| O|  |TAMS 0x0000000725c00000, 0x0000000725a00000| Untracked 
|  28|0x0000000725c00000, 0x0000000725e00000, 0x0000000725e00000|100%| O|  |TAMS 0x0000000725e00000, 0x0000000725c00000| Untracked 
|  29|0x0000000725e00000, 0x0000000725ea3e00, 0x0000000726000000| 32%| O|  |TAMS 0x0000000725ea3e00, 0x0000000725e00000| Complete 
|  30|0x0000000726000000, 0x0000000726200000, 0x0000000726200000|100%| O|  |TAMS 0x0000000726200000, 0x0000000726000000| Untracked 
|  31|0x0000000726200000, 0x0000000726400000, 0x0000000726400000|100%| O|  |TAMS 0x0000000726400000, 0x0000000726200000| Untracked 
|  32|0x0000000726400000, 0x0000000726600000, 0x0000000726600000|100%| O|  |TAMS 0x0000000726600000, 0x0000000726400000| Untracked 
|  33|0x0000000726600000, 0x0000000726800000, 0x0000000726800000|100%| O|  |TAMS 0x0000000726800000, 0x0000000726600000| Untracked 
|  34|0x0000000726800000, 0x0000000726a00000, 0x0000000726a00000|100%| O|  |TAMS 0x0000000726a00000, 0x0000000726800000| Untracked 
|  35|0x0000000726a00000, 0x0000000726c00000, 0x0000000726c00000|100%|HS|  |TAMS 0x0000000726c00000, 0x0000000726a00000| Complete 
|  36|0x0000000726c00000, 0x0000000726e00000, 0x0000000726e00000|100%|HC|  |TAMS 0x0000000726e00000, 0x0000000726c00000| Complete 
|  37|0x0000000726e00000, 0x0000000727000000, 0x0000000727000000|100%|HC|  |TAMS 0x0000000727000000, 0x0000000726e00000| Complete 
|  38|0x0000000727000000, 0x0000000727200000, 0x0000000727200000|100%|HC|  |TAMS 0x0000000727200000, 0x0000000727000000| Complete 
|  39|0x0000000727200000, 0x0000000727400000, 0x0000000727400000|100%|HC|  |TAMS 0x0000000727400000, 0x0000000727200000| Complete 
|  40|0x0000000727400000, 0x0000000727600000, 0x0000000727600000|100%|HC|  |TAMS 0x0000000727600000, 0x0000000727400000| Complete 
|  41|0x0000000727600000, 0x0000000727800000, 0x0000000727800000|100%| O|  |TAMS 0x0000000727800000, 0x0000000727600000| Untracked 
|  42|0x0000000727800000, 0x0000000727a00000, 0x0000000727a00000|100%| O|  |TAMS 0x0000000727a00000, 0x0000000727800000| Untracked 
|  43|0x0000000727a00000, 0x0000000727c00000, 0x0000000727c00000|100%| O|  |TAMS 0x0000000727c00000, 0x0000000727a00000| Untracked 
|  44|0x0000000727c00000, 0x0000000727e00000, 0x0000000727e00000|100%| O|  |TAMS 0x0000000727e00000, 0x0000000727c00000| Untracked 
|  45|0x0000000727e00000, 0x0000000728000000, 0x0000000728000000|100%| O|  |TAMS 0x0000000728000000, 0x0000000727e00000| Untracked 
|  46|0x0000000728000000, 0x0000000728200000, 0x0000000728200000|100%| O|  |TAMS 0x0000000728200000, 0x0000000728000000| Untracked 
|  47|0x0000000728200000, 0x0000000728400000, 0x0000000728400000|100%| O|  |TAMS 0x0000000728400000, 0x0000000728200000| Untracked 
|  48|0x0000000728400000, 0x0000000728600000, 0x0000000728600000|100%| O|  |TAMS 0x0000000728600000, 0x0000000728400000| Untracked 
|  49|0x0000000728600000, 0x0000000728800000, 0x0000000728800000|100%| O|  |TAMS 0x0000000728800000, 0x0000000728600000| Untracked 
|  50|0x0000000728800000, 0x0000000728a00000, 0x0000000728a00000|100%| O|  |TAMS 0x0000000728a00000, 0x0000000728800000| Untracked 
|  51|0x0000000728a00000, 0x0000000728c00000, 0x0000000728c00000|100%| O|  |TAMS 0x0000000728c00000, 0x0000000728a00000| Untracked 
|  52|0x0000000728c00000, 0x0000000728e00000, 0x0000000728e00000|100%| O|  |TAMS 0x0000000728e00000, 0x0000000728c00000| Untracked 
|  53|0x0000000728e00000, 0x0000000729000000, 0x0000000729000000|100%| O|  |TAMS 0x0000000729000000, 0x0000000728e00000| Untracked 
|  54|0x0000000729000000, 0x0000000729200000, 0x0000000729200000|100%| O|  |TAMS 0x0000000729200000, 0x0000000729000000| Untracked 
|  55|0x0000000729200000, 0x0000000729400000, 0x0000000729400000|100%| O|  |TAMS 0x0000000729400000, 0x0000000729200000| Untracked 
|  56|0x0000000729400000, 0x0000000729600000, 0x0000000729600000|100%| O|  |TAMS 0x0000000729600000, 0x0000000729400000| Untracked 
|  57|0x0000000729600000, 0x0000000729800000, 0x0000000729800000|100%| O|  |TAMS 0x0000000729800000, 0x0000000729600000| Untracked 
|  58|0x0000000729800000, 0x0000000729a00000, 0x0000000729a00000|100%| O|  |TAMS 0x0000000729a00000, 0x0000000729800000| Untracked 
|  59|0x0000000729a00000, 0x0000000729c00000, 0x0000000729c00000|100%| O|  |TAMS 0x0000000729c00000, 0x0000000729a00000| Untracked 
|  60|0x0000000729c00000, 0x0000000729e00000, 0x0000000729e00000|100%| O|  |TAMS 0x0000000729e00000, 0x0000000729c00000| Untracked 
|  61|0x0000000729e00000, 0x000000072a000000, 0x000000072a000000|100%| O|  |TAMS 0x000000072a000000, 0x0000000729e00000| Untracked 
|  62|0x000000072a000000, 0x000000072a200000, 0x000000072a200000|100%| O|  |TAMS 0x000000072a200000, 0x000000072a000000| Untracked 
|  63|0x000000072a200000, 0x000000072a400000, 0x000000072a400000|100%| O|  |TAMS 0x000000072a400000, 0x000000072a200000| Untracked 
|  64|0x000000072a400000, 0x000000072a600000, 0x000000072a600000|100%| O|  |TAMS 0x000000072a600000, 0x000000072a400000| Untracked 
|  65|0x000000072a600000, 0x000000072a800000, 0x000000072a800000|100%| O|  |TAMS 0x000000072a800000, 0x000000072a600000| Untracked 
|  66|0x000000072a800000, 0x000000072aa00000, 0x000000072aa00000|100%| O|  |TAMS 0x000000072aa00000, 0x000000072a800000| Untracked 
|  67|0x000000072aa00000, 0x000000072ac00000, 0x000000072ac00000|100%| O|  |TAMS 0x000000072ac00000, 0x000000072aa00000| Untracked 
|  68|0x000000072ac00000, 0x000000072ae00000, 0x000000072ae00000|100%| O|  |TAMS 0x000000072ae00000, 0x000000072ac00000| Untracked 
|  69|0x000000072ae00000, 0x000000072b000000, 0x000000072b000000|100%| O|  |TAMS 0x000000072b000000, 0x000000072ae00000| Untracked 
|  70|0x000000072b000000, 0x000000072b200000, 0x000000072b200000|100%| O|  |TAMS 0x000000072b193e00, 0x000000072b000000| Untracked 
|  71|0x000000072b200000, 0x000000072b400000, 0x000000072b400000|100%| O|  |TAMS 0x000000072b200000, 0x000000072b200000| Untracked 
|  72|0x000000072b400000, 0x000000072b600000, 0x000000072b600000|100%| O|  |TAMS 0x000000072b400000, 0x000000072b400000| Untracked 
|  73|0x000000072b600000, 0x000000072b800000, 0x000000072b800000|100%| O|  |TAMS 0x000000072b600000, 0x000000072b600000| Untracked 
|  74|0x000000072b800000, 0x000000072ba00000, 0x000000072ba00000|100%| O|  |TAMS 0x000000072b800000, 0x000000072b800000| Untracked 
|  75|0x000000072ba00000, 0x000000072bc00000, 0x000000072bc00000|100%| O|  |TAMS 0x000000072ba00000, 0x000000072ba00000| Untracked 
|  76|0x000000072bc00000, 0x000000072be00000, 0x000000072be00000|100%| O|  |TAMS 0x000000072bc00000, 0x000000072bc00000| Untracked 
|  77|0x000000072be00000, 0x000000072c000000, 0x000000072c000000|100%| O|  |TAMS 0x000000072be00000, 0x000000072be00000| Untracked 
|  78|0x000000072c000000, 0x000000072c200000, 0x000000072c200000|100%| O|  |TAMS 0x000000072c000000, 0x000000072c000000| Untracked 
|  79|0x000000072c200000, 0x000000072c25b800, 0x000000072c400000| 17%| O|  |TAMS 0x000000072c200000, 0x000000072c200000| Untracked 
|  80|0x000000072c400000, 0x000000072c400000, 0x000000072c600000|  0%| F|  |TAMS 0x000000072c400000, 0x000000072c400000| Untracked 
|  81|0x000000072c600000, 0x000000072c600000, 0x000000072c800000|  0%| F|  |TAMS 0x000000072c600000, 0x000000072c600000| Untracked 
|  82|0x000000072c800000, 0x000000072c800000, 0x000000072ca00000|  0%| F|  |TAMS 0x000000072c800000, 0x000000072c800000| Untracked 
|  83|0x000000072ca00000, 0x000000072ca00000, 0x000000072cc00000|  0%| F|  |TAMS 0x000000072ca00000, 0x000000072ca00000| Untracked 
|  84|0x000000072cc00000, 0x000000072cc00000, 0x000000072ce00000|  0%| F|  |TAMS 0x000000072cc00000, 0x000000072cc00000| Untracked 
|  85|0x000000072ce00000, 0x000000072ce00000, 0x000000072d000000|  0%| F|  |TAMS 0x000000072ce00000, 0x000000072ce00000| Untracked 
|  86|0x000000072d000000, 0x000000072d000000, 0x000000072d200000|  0%| F|  |TAMS 0x000000072d000000, 0x000000072d000000| Untracked 
|  87|0x000000072d200000, 0x000000072d200000, 0x000000072d400000|  0%| F|  |TAMS 0x000000072d200000, 0x000000072d200000| Untracked 
|  88|0x000000072d400000, 0x000000072d400000, 0x000000072d600000|  0%| F|  |TAMS 0x000000072d400000, 0x000000072d400000| Untracked 
|  89|0x000000072d600000, 0x000000072d600000, 0x000000072d800000|  0%| F|  |TAMS 0x000000072d600000, 0x000000072d600000| Untracked 
|  90|0x000000072d800000, 0x000000072d800000, 0x000000072da00000|  0%| F|  |TAMS 0x000000072d800000, 0x000000072d800000| Untracked 
|  91|0x000000072da00000, 0x000000072da00000, 0x000000072dc00000|  0%| F|  |TAMS 0x000000072da00000, 0x000000072da00000| Untracked 
|  92|0x000000072dc00000, 0x000000072dc00000, 0x000000072de00000|  0%| F|  |TAMS 0x000000072dc00000, 0x000000072dc00000| Untracked 
|  93|0x000000072de00000, 0x000000072de00000, 0x000000072e000000|  0%| F|  |TAMS 0x000000072de00000, 0x000000072de00000| Untracked 
|  94|0x000000072e000000, 0x000000072e000000, 0x000000072e200000|  0%| F|  |TAMS 0x000000072e000000, 0x000000072e000000| Untracked 
|  95|0x000000072e200000, 0x000000072e200000, 0x000000072e400000|  0%| F|  |TAMS 0x000000072e200000, 0x000000072e200000| Untracked 
|  96|0x000000072e400000, 0x000000072e400000, 0x000000072e600000|  0%| F|  |TAMS 0x000000072e400000, 0x000000072e400000| Untracked 
|  97|0x000000072e600000, 0x000000072e600000, 0x000000072e800000|  0%| F|  |TAMS 0x000000072e600000, 0x000000072e600000| Untracked 
|  98|0x000000072e800000, 0x000000072e800000, 0x000000072ea00000|  0%| F|  |TAMS 0x000000072e800000, 0x000000072e800000| Untracked 
|  99|0x000000072ea00000, 0x000000072ea00000, 0x000000072ec00000|  0%| F|  |TAMS 0x000000072ea00000, 0x000000072ea00000| Untracked 
| 100|0x000000072ec00000, 0x000000072ec00000, 0x000000072ee00000|  0%| F|  |TAMS 0x000000072ec00000, 0x000000072ec00000| Untracked 
| 101|0x000000072ee00000, 0x000000072ee00000, 0x000000072f000000|  0%| F|  |TAMS 0x000000072ee00000, 0x000000072ee00000| Untracked 
| 102|0x000000072f000000, 0x000000072f000000, 0x000000072f200000|  0%| F|  |TAMS 0x000000072f000000, 0x000000072f000000| Untracked 
| 103|0x000000072f200000, 0x000000072f200000, 0x000000072f400000|  0%| F|  |TAMS 0x000000072f200000, 0x000000072f200000| Untracked 
| 104|0x000000072f400000, 0x000000072f400000, 0x000000072f600000|  0%| F|  |TAMS 0x000000072f400000, 0x000000072f400000| Untracked 
| 105|0x000000072f600000, 0x000000072f66a2f0, 0x000000072f800000| 20%| S|CS|TAMS 0x000000072f600000, 0x000000072f600000| Complete 
| 106|0x000000072f800000, 0x000000072fa00000, 0x000000072fa00000|100%| S|CS|TAMS 0x000000072f800000, 0x000000072f800000| Complete 
| 107|0x000000072fa00000, 0x000000072fc00000, 0x000000072fc00000|100%| S|CS|TAMS 0x000000072fa00000, 0x000000072fa00000| Complete 
| 108|0x000000072fc00000, 0x000000072fc00000, 0x000000072fe00000|  0%| F|  |TAMS 0x000000072fc00000, 0x000000072fc00000| Untracked 
| 109|0x000000072fe00000, 0x000000072fe00000, 0x0000000730000000|  0%| F|  |TAMS 0x000000072fe00000, 0x000000072fe00000| Untracked 
| 110|0x0000000730000000, 0x0000000730000000, 0x0000000730200000|  0%| F|  |TAMS 0x0000000730000000, 0x0000000730000000| Untracked 
| 111|0x0000000730200000, 0x0000000730200000, 0x0000000730400000|  0%| F|  |TAMS 0x0000000730200000, 0x0000000730200000| Untracked 
| 112|0x0000000730400000, 0x0000000730400000, 0x0000000730600000|  0%| F|  |TAMS 0x0000000730400000, 0x0000000730400000| Untracked 
| 113|0x0000000730600000, 0x0000000730600000, 0x0000000730800000|  0%| F|  |TAMS 0x0000000730600000, 0x0000000730600000| Untracked 
| 114|0x0000000730800000, 0x0000000730800000, 0x0000000730a00000|  0%| F|  |TAMS 0x0000000730800000, 0x0000000730800000| Untracked 
| 115|0x0000000730a00000, 0x0000000730a00000, 0x0000000730c00000|  0%| F|  |TAMS 0x0000000730a00000, 0x0000000730a00000| Untracked 
| 116|0x0000000730c00000, 0x0000000730c00000, 0x0000000730e00000|  0%| F|  |TAMS 0x0000000730c00000, 0x0000000730c00000| Untracked 
| 117|0x0000000730e00000, 0x0000000730e00000, 0x0000000731000000|  0%| F|  |TAMS 0x0000000730e00000, 0x0000000730e00000| Untracked 
| 118|0x0000000731000000, 0x0000000731000000, 0x0000000731200000|  0%| F|  |TAMS 0x0000000731000000, 0x0000000731000000| Untracked 
| 119|0x0000000731200000, 0x0000000731200000, 0x0000000731400000|  0%| F|  |TAMS 0x0000000731200000, 0x0000000731200000| Untracked 
| 120|0x0000000731400000, 0x0000000731400000, 0x0000000731600000|  0%| F|  |TAMS 0x0000000731400000, 0x0000000731400000| Untracked 
| 121|0x0000000731600000, 0x0000000731600000, 0x0000000731800000|  0%| F|  |TAMS 0x0000000731600000, 0x0000000731600000| Untracked 
| 122|0x0000000731800000, 0x0000000731800000, 0x0000000731a00000|  0%| F|  |TAMS 0x0000000731800000, 0x0000000731800000| Untracked 
| 123|0x0000000731a00000, 0x0000000731a00000, 0x0000000731c00000|  0%| F|  |TAMS 0x0000000731a00000, 0x0000000731a00000| Untracked 
| 124|0x0000000731c00000, 0x0000000731c00000, 0x0000000731e00000|  0%| F|  |TAMS 0x0000000731c00000, 0x0000000731c00000| Untracked 
| 125|0x0000000731e00000, 0x0000000731e00000, 0x0000000732000000|  0%| F|  |TAMS 0x0000000731e00000, 0x0000000731e00000| Untracked 
| 126|0x0000000732000000, 0x0000000732000000, 0x0000000732200000|  0%| F|  |TAMS 0x0000000732000000, 0x0000000732000000| Untracked 
| 127|0x0000000732200000, 0x0000000732200000, 0x0000000732400000|  0%| F|  |TAMS 0x0000000732200000, 0x0000000732200000| Untracked 
| 128|0x0000000732400000, 0x0000000732400000, 0x0000000732600000|  0%| F|  |TAMS 0x0000000732400000, 0x0000000732400000| Untracked 
| 129|0x0000000732600000, 0x0000000732600000, 0x0000000732800000|  0%| F|  |TAMS 0x0000000732600000, 0x0000000732600000| Untracked 
| 130|0x0000000732800000, 0x0000000732800000, 0x0000000732a00000|  0%| F|  |TAMS 0x0000000732800000, 0x0000000732800000| Untracked 
| 131|0x0000000732a00000, 0x0000000732a00000, 0x0000000732c00000|  0%| F|  |TAMS 0x0000000732a00000, 0x0000000732a00000| Untracked 
| 132|0x0000000732c00000, 0x0000000732c00000, 0x0000000732e00000|  0%| F|  |TAMS 0x0000000732c00000, 0x0000000732c00000| Untracked 
| 133|0x0000000732e00000, 0x0000000732e00000, 0x0000000733000000|  0%| F|  |TAMS 0x0000000732e00000, 0x0000000732e00000| Untracked 
| 134|0x0000000733000000, 0x0000000733000000, 0x0000000733200000|  0%| F|  |TAMS 0x0000000733000000, 0x0000000733000000| Untracked 
| 135|0x0000000733200000, 0x0000000733200000, 0x0000000733400000|  0%| F|  |TAMS 0x0000000733200000, 0x0000000733200000| Untracked 
| 136|0x0000000733400000, 0x0000000733400000, 0x0000000733600000|  0%| F|  |TAMS 0x0000000733400000, 0x0000000733400000| Untracked 
| 137|0x0000000733600000, 0x0000000733600000, 0x0000000733800000|  0%| F|  |TAMS 0x0000000733600000, 0x0000000733600000| Untracked 
| 138|0x0000000733800000, 0x0000000733800000, 0x0000000733a00000|  0%| F|  |TAMS 0x0000000733800000, 0x0000000733800000| Untracked 
| 139|0x0000000733a00000, 0x0000000733a00000, 0x0000000733c00000|  0%| F|  |TAMS 0x0000000733a00000, 0x0000000733a00000| Untracked 
| 140|0x0000000733c00000, 0x0000000733c00000, 0x0000000733e00000|  0%| F|  |TAMS 0x0000000733c00000, 0x0000000733c00000| Untracked 
| 141|0x0000000733e00000, 0x0000000733e00000, 0x0000000734000000|  0%| F|  |TAMS 0x0000000733e00000, 0x0000000733e00000| Untracked 
| 142|0x0000000734000000, 0x0000000734000000, 0x0000000734200000|  0%| F|  |TAMS 0x0000000734000000, 0x0000000734000000| Untracked 
| 143|0x0000000734200000, 0x0000000734200000, 0x0000000734400000|  0%| F|  |TAMS 0x0000000734200000, 0x0000000734200000| Untracked 
| 144|0x0000000734400000, 0x0000000734400000, 0x0000000734600000|  0%| F|  |TAMS 0x0000000734400000, 0x0000000734400000| Untracked 
| 145|0x0000000734600000, 0x0000000734600000, 0x0000000734800000|  0%| F|  |TAMS 0x0000000734600000, 0x0000000734600000| Untracked 
| 146|0x0000000734800000, 0x0000000734800000, 0x0000000734a00000|  0%| F|  |TAMS 0x0000000734800000, 0x0000000734800000| Untracked 
| 147|0x0000000734a00000, 0x0000000734a00000, 0x0000000734c00000|  0%| F|  |TAMS 0x0000000734a00000, 0x0000000734a00000| Untracked 
| 148|0x0000000734c00000, 0x0000000734c00000, 0x0000000734e00000|  0%| F|  |TAMS 0x0000000734c00000, 0x0000000734c00000| Untracked 
| 149|0x0000000734e00000, 0x0000000734e00000, 0x0000000735000000|  0%| F|  |TAMS 0x0000000734e00000, 0x0000000734e00000| Untracked 
| 150|0x0000000735000000, 0x0000000735000000, 0x0000000735200000|  0%| F|  |TAMS 0x0000000735000000, 0x0000000735000000| Untracked 
| 151|0x0000000735200000, 0x0000000735200000, 0x0000000735400000|  0%| F|  |TAMS 0x0000000735200000, 0x0000000735200000| Untracked 
| 152|0x0000000735400000, 0x0000000735400000, 0x0000000735600000|  0%| F|  |TAMS 0x0000000735400000, 0x0000000735400000| Untracked 
| 153|0x0000000735600000, 0x0000000735600000, 0x0000000735800000|  0%| F|  |TAMS 0x0000000735600000, 0x0000000735600000| Untracked 
| 154|0x0000000735800000, 0x0000000735800000, 0x0000000735a00000|  0%| F|  |TAMS 0x0000000735800000, 0x0000000735800000| Untracked 
| 155|0x0000000735a00000, 0x0000000735a00000, 0x0000000735c00000|  0%| F|  |TAMS 0x0000000735a00000, 0x0000000735a00000| Untracked 
| 156|0x0000000735c00000, 0x0000000735c00000, 0x0000000735e00000|  0%| F|  |TAMS 0x0000000735c00000, 0x0000000735c00000| Untracked 
| 157|0x0000000735e00000, 0x0000000735e00000, 0x0000000736000000|  0%| F|  |TAMS 0x0000000735e00000, 0x0000000735e00000| Untracked 
| 158|0x0000000736000000, 0x0000000736000000, 0x0000000736200000|  0%| F|  |TAMS 0x0000000736000000, 0x0000000736000000| Untracked 
| 159|0x0000000736200000, 0x0000000736200000, 0x0000000736400000|  0%| F|  |TAMS 0x0000000736200000, 0x0000000736200000| Untracked 
| 160|0x0000000736400000, 0x0000000736400000, 0x0000000736600000|  0%| F|  |TAMS 0x0000000736400000, 0x0000000736400000| Untracked 
| 161|0x0000000736600000, 0x0000000736600000, 0x0000000736800000|  0%| F|  |TAMS 0x0000000736600000, 0x0000000736600000| Untracked 
| 162|0x0000000736800000, 0x0000000736800000, 0x0000000736a00000|  0%| F|  |TAMS 0x0000000736800000, 0x0000000736800000| Untracked 
| 163|0x0000000736a00000, 0x0000000736a00000, 0x0000000736c00000|  0%| F|  |TAMS 0x0000000736a00000, 0x0000000736a00000| Untracked 
| 164|0x0000000736c00000, 0x0000000736c00000, 0x0000000736e00000|  0%| F|  |TAMS 0x0000000736c00000, 0x0000000736c00000| Untracked 
| 165|0x0000000736e00000, 0x0000000736e00000, 0x0000000737000000|  0%| F|  |TAMS 0x0000000736e00000, 0x0000000736e00000| Untracked 
| 166|0x0000000737000000, 0x0000000737000000, 0x0000000737200000|  0%| F|  |TAMS 0x0000000737000000, 0x0000000737000000| Untracked 
| 167|0x0000000737200000, 0x0000000737200000, 0x0000000737400000|  0%| F|  |TAMS 0x0000000737200000, 0x0000000737200000| Untracked 
| 168|0x0000000737400000, 0x0000000737400000, 0x0000000737600000|  0%| F|  |TAMS 0x0000000737400000, 0x0000000737400000| Untracked 
| 169|0x0000000737600000, 0x0000000737600000, 0x0000000737800000|  0%| F|  |TAMS 0x0000000737600000, 0x0000000737600000| Untracked 
| 170|0x0000000737800000, 0x00000007378caed8, 0x0000000737a00000| 39%| E|  |TAMS 0x0000000737800000, 0x0000000737800000| Complete 
| 171|0x0000000737a00000, 0x0000000737c00000, 0x0000000737c00000|100%| E|CS|TAMS 0x0000000737a00000, 0x0000000737a00000| Complete 
| 172|0x0000000737c00000, 0x0000000737e00000, 0x0000000737e00000|100%| E|CS|TAMS 0x0000000737c00000, 0x0000000737c00000| Complete 
| 173|0x0000000737e00000, 0x0000000738000000, 0x0000000738000000|100%| E|CS|TAMS 0x0000000737e00000, 0x0000000737e00000| Complete 
| 174|0x0000000738000000, 0x0000000738200000, 0x0000000738200000|100%| E|CS|TAMS 0x0000000738000000, 0x0000000738000000| Complete 
| 175|0x0000000738200000, 0x0000000738400000, 0x0000000738400000|100%| E|CS|TAMS 0x0000000738200000, 0x0000000738200000| Complete 
| 176|0x0000000738400000, 0x0000000738600000, 0x0000000738600000|100%| E|CS|TAMS 0x0000000738400000, 0x0000000738400000| Complete 
| 177|0x0000000738600000, 0x0000000738800000, 0x0000000738800000|100%| E|CS|TAMS 0x0000000738600000, 0x0000000738600000| Complete 
| 178|0x0000000738800000, 0x0000000738a00000, 0x0000000738a00000|100%| E|CS|TAMS 0x0000000738800000, 0x0000000738800000| Complete 
| 179|0x0000000738a00000, 0x0000000738c00000, 0x0000000738c00000|100%| E|CS|TAMS 0x0000000738a00000, 0x0000000738a00000| Complete 
| 180|0x0000000738c00000, 0x0000000738e00000, 0x0000000738e00000|100%| E|CS|TAMS 0x0000000738c00000, 0x0000000738c00000| Complete 
| 181|0x0000000738e00000, 0x0000000739000000, 0x0000000739000000|100%| E|CS|TAMS 0x0000000738e00000, 0x0000000738e00000| Complete 
| 182|0x0000000739000000, 0x0000000739200000, 0x0000000739200000|100%| E|CS|TAMS 0x0000000739000000, 0x0000000739000000| Complete 
| 183|0x0000000739200000, 0x0000000739400000, 0x0000000739400000|100%| E|CS|TAMS 0x0000000739200000, 0x0000000739200000| Complete 
| 184|0x0000000739400000, 0x0000000739600000, 0x0000000739600000|100%| E|CS|TAMS 0x0000000739400000, 0x0000000739400000| Complete 
| 185|0x0000000739600000, 0x0000000739800000, 0x0000000739800000|100%| E|CS|TAMS 0x0000000739600000, 0x0000000739600000| Complete 
| 186|0x0000000739800000, 0x0000000739a00000, 0x0000000739a00000|100%| E|CS|TAMS 0x0000000739800000, 0x0000000739800000| Complete 
| 187|0x0000000739a00000, 0x0000000739c00000, 0x0000000739c00000|100%| E|CS|TAMS 0x0000000739a00000, 0x0000000739a00000| Complete 
| 188|0x0000000739c00000, 0x0000000739e00000, 0x0000000739e00000|100%| E|CS|TAMS 0x0000000739c00000, 0x0000000739c00000| Complete 
| 189|0x0000000739e00000, 0x000000073a000000, 0x000000073a000000|100%| E|CS|TAMS 0x0000000739e00000, 0x0000000739e00000| Complete 
| 190|0x000000073a000000, 0x000000073a200000, 0x000000073a200000|100%| E|CS|TAMS 0x000000073a000000, 0x000000073a000000| Complete 
| 191|0x000000073a200000, 0x000000073a400000, 0x000000073a400000|100%| E|CS|TAMS 0x000000073a200000, 0x000000073a200000| Complete 
| 192|0x000000073a400000, 0x000000073a600000, 0x000000073a600000|100%| E|CS|TAMS 0x000000073a400000, 0x000000073a400000| Complete 
| 193|0x000000073a600000, 0x000000073a800000, 0x000000073a800000|100%| E|CS|TAMS 0x000000073a600000, 0x000000073a600000| Complete 
| 194|0x000000073a800000, 0x000000073aa00000, 0x000000073aa00000|100%| E|CS|TAMS 0x000000073a800000, 0x000000073a800000| Complete 
| 195|0x000000073aa00000, 0x000000073ac00000, 0x000000073ac00000|100%| E|CS|TAMS 0x000000073aa00000, 0x000000073aa00000| Complete 
| 196|0x000000073ac00000, 0x000000073ae00000, 0x000000073ae00000|100%| E|CS|TAMS 0x000000073ac00000, 0x000000073ac00000| Complete 
| 197|0x000000073ae00000, 0x000000073b000000, 0x000000073b000000|100%| E|CS|TAMS 0x000000073ae00000, 0x000000073ae00000| Complete 
| 198|0x000000073b000000, 0x000000073b200000, 0x000000073b200000|100%| E|CS|TAMS 0x000000073b000000, 0x000000073b000000| Complete 
| 199|0x000000073b200000, 0x000000073b400000, 0x000000073b400000|100%| E|CS|TAMS 0x000000073b200000, 0x000000073b200000| Complete 
| 200|0x000000073b400000, 0x000000073b600000, 0x000000073b600000|100%| E|CS|TAMS 0x000000073b400000, 0x000000073b400000| Complete 
| 201|0x000000073b600000, 0x000000073b800000, 0x000000073b800000|100%| E|CS|TAMS 0x000000073b600000, 0x000000073b600000| Complete 
| 202|0x000000073b800000, 0x000000073ba00000, 0x000000073ba00000|100%| E|CS|TAMS 0x000000073b800000, 0x000000073b800000| Complete 
| 203|0x000000073ba00000, 0x000000073bc00000, 0x000000073bc00000|100%| E|CS|TAMS 0x000000073ba00000, 0x000000073ba00000| Complete 
| 204|0x000000073bc00000, 0x000000073be00000, 0x000000073be00000|100%| E|CS|TAMS 0x000000073bc00000, 0x000000073bc00000| Complete 
| 205|0x000000073be00000, 0x000000073c000000, 0x000000073c000000|100%| E|CS|TAMS 0x000000073be00000, 0x000000073be00000| Complete 
| 206|0x000000073c000000, 0x000000073c200000, 0x000000073c200000|100%| E|CS|TAMS 0x000000073c000000, 0x000000073c000000| Complete 
| 207|0x000000073c200000, 0x000000073c400000, 0x000000073c400000|100%| E|CS|TAMS 0x000000073c200000, 0x000000073c200000| Complete 
| 208|0x000000073c400000, 0x000000073c600000, 0x000000073c600000|100%| E|CS|TAMS 0x000000073c400000, 0x000000073c400000| Complete 
| 209|0x000000073c600000, 0x000000073c800000, 0x000000073c800000|100%| E|CS|TAMS 0x000000073c600000, 0x000000073c600000| Complete 
| 210|0x000000073c800000, 0x000000073ca00000, 0x000000073ca00000|100%| E|CS|TAMS 0x000000073c800000, 0x000000073c800000| Complete 
| 211|0x000000073ca00000, 0x000000073cc00000, 0x000000073cc00000|100%| E|CS|TAMS 0x000000073ca00000, 0x000000073ca00000| Complete 
| 212|0x000000073cc00000, 0x000000073ce00000, 0x000000073ce00000|100%| E|CS|TAMS 0x000000073cc00000, 0x000000073cc00000| Complete 
| 213|0x000000073ce00000, 0x000000073d000000, 0x000000073d000000|100%| E|CS|TAMS 0x000000073ce00000, 0x000000073ce00000| Complete 
| 214|0x000000073d000000, 0x000000073d200000, 0x000000073d200000|100%| E|CS|TAMS 0x000000073d000000, 0x000000073d000000| Complete 
| 215|0x000000073d200000, 0x000000073d400000, 0x000000073d400000|100%| E|CS|TAMS 0x000000073d200000, 0x000000073d200000| Complete 
| 216|0x000000073d400000, 0x000000073d600000, 0x000000073d600000|100%| E|CS|TAMS 0x000000073d400000, 0x000000073d400000| Complete 

Card table byte_map: [0x0000020af1700000,0x0000020af1df0000] _byte_map_base: 0x0000020aeddee000

Marking Bits (Prev, Next): (CMBitMap*) 0x0000020ad807e2a0, (CMBitMap*) 0x0000020ad807e260
 Prev Bits: [0x0000020af5c50000, 0x0000020af93c0000)
 Next Bits: [0x0000020af24e0000, 0x0000020af5c50000)

Polling page: 0x0000020ad80e0000

Metaspace:

Usage:
  Non-class:     55.06 MB used.
      Class:      9.53 MB used.
       Both:     64.58 MB used.

Virtual space:
  Non-class space:       64.00 MB reserved,      55.69 MB ( 87%) committed,  8 nodes.
      Class space:        1.00 GB reserved,      10.00 MB ( <1%) committed,  1 nodes.
             Both:        1.06 GB reserved,      65.69 MB (  6%) committed. 

Chunk freelists:
   Non-Class:  3.98 MB
       Class:  1.94 MB
        Both:  5.92 MB

MaxMetaspaceSize: unlimited
CompressedClassSpaceSize: 1.00 GB
Initial GC threshold: 21.00 MB
Current GC threshold: 98.69 MB
CDS: on
MetaspaceReclaimPolicy: balanced
 - commit_granule_bytes: 65536.
 - commit_granule_words: 8192.
 - virtual_space_node_default_size: 1048576.
 - enlarge_chunks_in_place: 1.
 - new_chunks_are_fully_committed: 0.
 - uncommit_free_chunks: 1.
 - use_allocation_guard: 0.
 - handle_deallocations: 1.


Internal statistics:

num_allocs_failed_limit: 6.
num_arena_births: 1738.
num_arena_deaths: 0.
num_vsnodes_births: 9.
num_vsnodes_deaths: 0.
num_space_committed: 1048.
num_space_uncommitted: 0.
num_chunks_returned_to_freelist: 6.
num_chunks_taken_from_freelist: 4453.
num_chunk_merges: 6.
num_chunk_splits: 2890.
num_chunks_enlarged: 1942.
num_purges: 0.
num_inconsistent_stats: 0.

CodeHeap 'non-profiled nmethods': size=119168Kb used=6547Kb max_used=6547Kb free=112620Kb
 bounds [0x0000020ae8bd0000, 0x0000020ae9240000, 0x0000020af0030000]
CodeHeap 'profiled nmethods': size=119104Kb used=15381Kb max_used=15381Kb free=103722Kb
 bounds [0x0000020ae1780000, 0x0000020ae2690000, 0x0000020ae8bd0000]
CodeHeap 'non-nmethods': size=7488Kb used=3666Kb max_used=3728Kb free=3821Kb
 bounds [0x0000020ae1030000, 0x0000020ae13e0000, 0x0000020ae1780000]
 total_blobs=9993 nmethods=8482 adapters=1420
 compilation: enabled
              stopped_count=0, restarted_count=0
 full_count=0

Compilation events (20 events):
Event: 14.751 Thread 0x0000020afd13b7e0 10034       4       org.objectweb.asm.tree.FrameNode::accept (184 bytes)
Event: 14.825 Thread 0x0000020afd13b7e0 nmethod 10034 0x0000020ae921f490 code [0x0000020ae921f720, 0x0000020ae9221340]
Event: 14.825 Thread 0x0000020afd13b7e0 10046       4       java.net.URL::fromURI (143 bytes)
Event: 14.832 Thread 0x0000020afd13b7e0 nmethod 10046 0x0000020ae9222110 code [0x0000020ae92222c0, 0x0000020ae9222678]
Event: 14.832 Thread 0x0000020afd13b7e0 10029       4       org.objectweb.asm.tree.LabelNode::getLabel (23 bytes)
Event: 14.835 Thread 0x0000020afd13b7e0 nmethod 10029 0x0000020ae9222910 code [0x0000020ae9222aa0, 0x0000020ae9222c78]
Event: 14.835 Thread 0x0000020afd13b7e0 10050       4       java.io.UncheckedIOException::getCause (8 bytes)
Event: 14.837 Thread 0x0000020afd13b7e0 nmethod 10050 0x0000020ae9222d10 code [0x0000020ae9222ea0, 0x0000020ae9223078]
Event: 14.850 Thread 0x0000020afd13b7e0 10071       4       java.util.concurrent.locks.ReentrantLock$NonfairSync::initialTryLock (58 bytes)
Event: 14.853 Thread 0x0000020afd13b7e0 nmethod 10071 0x0000020ae9223490 code [0x0000020ae9223600, 0x0000020ae92237b8]
Event: 14.855 Thread 0x0000020afd13b7e0 10072       4       org.apache.logging.log4j.core.filter.MarkerFilter::filter (6 bytes)
Event: 14.855 Thread 0x0000020afd13b7e0 nmethod 10072 0x0000020ae9223b90 code [0x0000020ae9223d20, 0x0000020ae9223dc8]
Event: 14.863 Thread 0x0000020afd13b7e0 10075       4       java.lang.String::codePointAt (50 bytes)
Event: 14.864 Thread 0x0000020afd13b7e0 nmethod 10075 0x0000020ae9224190 code [0x0000020ae9224300, 0x0000020ae92243d8]
Event: 14.870 Thread 0x0000020afd13aec0 10078       3       java.util.EnumMap::isValidKey (36 bytes)
Event: 14.870 Thread 0x0000020afd13b7e0 10079       4       java.util.stream.AbstractPipeline::<init> (91 bytes)
Event: 14.871 Thread 0x0000020afd13aec0 nmethod 10078 0x0000020ae2680310 code [0x0000020ae26804c0, 0x0000020ae2680748]
Event: 14.872 Thread 0x0000020afd61c0b0 10080       3       java.lang.invoke.TypeConvertingMethodAdapter::convertType (299 bytes)
Event: 14.875 Thread 0x0000020afd13b7e0 nmethod 10079 0x0000020ae9224e10 code [0x0000020ae9224fa0, 0x0000020ae9225398]
Event: 14.876 Thread 0x0000020afd61c0b0 nmethod 10080 0x0000020ae2680810 code [0x0000020ae2680e20, 0x0000020ae26843e8]

GC Heap History (20 events):
Event: 7.822 GC heap before
{Heap before GC invocations=13 (full 0):
 garbage-first heap   total 256000K, used 219547K [0x0000000722400000, 0x0000000800000000)
  region size 2048K, 66 young (135168K), 2 survivors (4096K)
 Metaspace       used 31912K, committed 32768K, reserved 1081344K
  class space    used 3965K, committed 4352K, reserved 1048576K
}
Event: 7.828 GC heap after
{Heap after GC invocations=14 (full 0):
 garbage-first heap   total 256000K, used 90936K [0x0000000722400000, 0x0000000800000000)
  region size 2048K, 3 young (6144K), 3 survivors (6144K)
 Metaspace       used 31912K, committed 32768K, reserved 1081344K
  class space    used 3965K, committed 4352K, reserved 1048576K
}
Event: 8.317 GC heap before
{Heap before GC invocations=14 (full 0):
 garbage-first heap   total 256000K, used 209720K [0x0000000722400000, 0x0000000800000000)
  region size 2048K, 61 young (124928K), 3 survivors (6144K)
 Metaspace       used 32585K, committed 33472K, reserved 1081344K
  class space    used 4066K, committed 4480K, reserved 1048576K
}
Event: 8.324 GC heap after
{Heap after GC invocations=15 (full 0):
 garbage-first heap   total 256000K, used 93532K [0x0000000722400000, 0x0000000800000000)
  region size 2048K, 5 young (10240K), 5 survivors (10240K)
 Metaspace       used 32585K, committed 33472K, reserved 1081344K
  class space    used 4066K, committed 4480K, reserved 1048576K
}
Event: 8.709 GC heap before
{Heap before GC invocations=15 (full 0):
 garbage-first heap   total 256000K, used 210268K [0x0000000722400000, 0x0000000800000000)
  region size 2048K, 62 young (126976K), 5 survivors (10240K)
 Metaspace       used 34208K, committed 35136K, reserved 1081344K
  class space    used 4225K, committed 4608K, reserved 1048576K
}
Event: 8.716 GC heap after
{Heap after GC invocations=16 (full 0):
 garbage-first heap   total 256000K, used 95884K [0x0000000722400000, 0x0000000800000000)
  region size 2048K, 6 young (12288K), 6 survivors (12288K)
 Metaspace       used 34208K, committed 35136K, reserved 1081344K
  class space    used 4225K, committed 4608K, reserved 1048576K
}
Event: 8.849 GC heap before
{Heap before GC invocations=16 (full 0):
 garbage-first heap   total 256000K, used 116364K [0x0000000722400000, 0x0000000800000000)
  region size 2048K, 17 young (34816K), 6 survivors (12288K)
 Metaspace       used 35249K, committed 36160K, reserved 1081344K
  class space    used 4330K, committed 4736K, reserved 1048576K
}
Event: 8.856 GC heap after
{Heap after GC invocations=17 (full 0):
 garbage-first heap   total 256000K, used 95795K [0x0000000722400000, 0x0000000800000000)
  region size 2048K, 5 young (10240K), 5 survivors (10240K)
 Metaspace       used 35249K, committed 36160K, reserved 1081344K
  class space    used 4330K, committed 4736K, reserved 1048576K
}
Event: 9.867 GC heap before
{Heap before GC invocations=18 (full 0):
 garbage-first heap   total 256000K, used 212531K [0x0000000722400000, 0x0000000800000000)
  region size 2048K, 63 young (129024K), 5 survivors (10240K)
 Metaspace       used 41050K, committed 41984K, reserved 1089536K
  class space    used 5292K, committed 5696K, reserved 1048576K
}
Event: 9.879 GC heap after
{Heap after GC invocations=19 (full 0):
 garbage-first heap   total 256000K, used 102369K [0x0000000722400000, 0x0000000800000000)
  region size 2048K, 7 young (14336K), 7 survivors (14336K)
 Metaspace       used 41050K, committed 41984K, reserved 1089536K
  class space    used 5292K, committed 5696K, reserved 1048576K
}
Event: 10.443 GC heap before
{Heap before GC invocations=19 (full 0):
 garbage-first heap   total 256000K, used 212961K [0x0000000722400000, 0x0000000800000000)
  region size 2048K, 61 young (124928K), 7 survivors (14336K)
 Metaspace       used 42759K, committed 43648K, reserved 1089536K
  class space    used 5578K, committed 5952K, reserved 1048576K
}
Event: 10.489 GC heap after
{Heap after GC invocations=20 (full 0):
 garbage-first heap   total 307200K, used 113102K [0x0000000722400000, 0x0000000800000000)
  region size 2048K, 8 young (16384K), 8 survivors (16384K)
 Metaspace       used 42759K, committed 43648K, reserved 1089536K
  class space    used 5578K, committed 5952K, reserved 1048576K
}
Event: 10.930 GC heap before
{Heap before GC invocations=20 (full 0):
 garbage-first heap   total 307200K, used 250318K [0x0000000722400000, 0x0000000800000000)
  region size 2048K, 75 young (153600K), 8 survivors (16384K)
 Metaspace       used 43224K, committed 44160K, reserved 1089536K
  class space    used 5653K, committed 6080K, reserved 1048576K
}
Event: 10.957 GC heap after
{Heap after GC invocations=21 (full 0):
 garbage-first heap   total 307200K, used 129302K [0x0000000722400000, 0x0000000800000000)
  region size 2048K, 8 young (16384K), 8 survivors (16384K)
 Metaspace       used 43224K, committed 44160K, reserved 1089536K
  class space    used 5653K, committed 6080K, reserved 1048576K
}
Event: 11.509 GC heap before
{Heap before GC invocations=21 (full 0):
 garbage-first heap   total 307200K, used 246038K [0x0000000722400000, 0x0000000800000000)
  region size 2048K, 65 young (133120K), 8 survivors (16384K)
 Metaspace       used 46427K, committed 47424K, reserved 1089536K
  class space    used 6170K, committed 6656K, reserved 1048576K
}
Event: 11.529 GC heap after
{Heap after GC invocations=22 (full 0):
 garbage-first heap   total 307200K, used 140333K [0x0000000722400000, 0x0000000800000000)
  region size 2048K, 6 young (12288K), 6 survivors (12288K)
 Metaspace       used 46427K, committed 47424K, reserved 1089536K
  class space    used 6170K, committed 6656K, reserved 1048576K
}
Event: 12.583 GC heap before
{Heap before GC invocations=22 (full 0):
 garbage-first heap   total 307200K, used 248877K [0x0000000722400000, 0x0000000800000000)
  region size 2048K, 59 young (120832K), 6 survivors (12288K)
 Metaspace       used 52802K, committed 53824K, reserved 1097728K
  class space    used 7500K, committed 8000K, reserved 1048576K
}
Event: 12.604 GC heap after
{Heap after GC invocations=23 (full 0):
 garbage-first heap   total 307200K, used 159967K [0x0000000722400000, 0x0000000800000000)
  region size 2048K, 8 young (16384K), 8 survivors (16384K)
 Metaspace       used 52802K, committed 53824K, reserved 1097728K
  class space    used 7500K, committed 8000K, reserved 1048576K
}
Event: 13.537 GC heap before
{Heap before GC invocations=23 (full 0):
 garbage-first heap   total 307200K, used 245983K [0x0000000722400000, 0x0000000800000000)
  region size 2048K, 50 young (102400K), 8 survivors (16384K)
 Metaspace       used 58887K, committed 59968K, reserved 1105920K
  class space    used 8707K, committed 9216K, reserved 1048576K
}
Event: 13.553 GC heap after
{Heap after GC invocations=24 (full 0):
 garbage-first heap   total 444416K, used 165286K [0x0000000722400000, 0x0000000800000000)
  region size 2048K, 3 young (6144K), 3 survivors (6144K)
 Metaspace       used 58887K, committed 59968K, reserved 1105920K
  class space    used 8707K, committed 9216K, reserved 1048576K
}

Deoptimization events (20 events):
Event: 14.539 Thread 0x0000020ad8031ad0 Uncommon trap: trap_request=0xffffffc6 fr.pc=0x0000020ae8e75c20 relative=0x00000000000001c0
Event: 14.539 Thread 0x0000020ad8031ad0 Uncommon trap: reason=bimorphic_or_optimized_type_check action=maybe_recompile pc=0x0000020ae8e75c20 method=java.nio.file.Files.isDirectory(Ljava/nio/file/Path;[Ljava/nio/file/LinkOption;)Z @ 34 c2
Event: 14.539 Thread 0x0000020ad8031ad0 DEOPT PACKING pc=0x0000020ae8e75c20 sp=0x00000019499fe350
Event: 14.539 Thread 0x0000020ad8031ad0 DEOPT UNPACKING pc=0x0000020ae10823a3 sp=0x00000019499fe2e8 mode 2
Event: 14.646 Thread 0x0000020ad8031ad0 Uncommon trap: trap_request=0xffffff45 fr.pc=0x0000020ae90d9300 relative=0x00000000000000e0
Event: 14.646 Thread 0x0000020ad8031ad0 Uncommon trap: reason=unstable_if action=reinterpret pc=0x0000020ae90d9300 method=java.util.EnumMap.isValidKey(Ljava/lang/Object;)Z @ 16 c2
Event: 14.646 Thread 0x0000020ad8031ad0 DEOPT PACKING pc=0x0000020ae90d9300 sp=0x00000019499fe340
Event: 14.646 Thread 0x0000020ad8031ad0 DEOPT UNPACKING pc=0x0000020ae10823a3 sp=0x00000019499fe278 mode 2
Event: 14.646 Thread 0x0000020ad8031ad0 Uncommon trap: trap_request=0xffffff45 fr.pc=0x0000020ae8e7a480 relative=0x0000000000000080
Event: 14.646 Thread 0x0000020ad8031ad0 Uncommon trap: reason=unstable_if action=reinterpret pc=0x0000020ae8e7a480 method=java.util.EnumMap.isValidKey(Ljava/lang/Object;)Z @ 16 c2
Event: 14.646 Thread 0x0000020ad8031ad0 DEOPT PACKING pc=0x0000020ae8e7a480 sp=0x00000019499fe2f0
Event: 14.646 Thread 0x0000020ad8031ad0 DEOPT UNPACKING pc=0x0000020ae10823a3 sp=0x00000019499fe280 mode 2
Event: 14.646 Thread 0x0000020ad8031ad0 Uncommon trap: trap_request=0xffffff45 fr.pc=0x0000020ae90c7b84 relative=0x00000000000002e4
Event: 14.646 Thread 0x0000020ad8031ad0 Uncommon trap: reason=unstable_if action=reinterpret pc=0x0000020ae90c7b84 method=java.lang.invoke.AbstractValidatingLambdaMetafactory.isAdaptableTo(Ljava/lang/Class;Ljava/lang/Class;Z)Z @ 81 c2
Event: 14.646 Thread 0x0000020ad8031ad0 DEOPT PACKING pc=0x0000020ae90c7b84 sp=0x00000019499fd370
Event: 14.646 Thread 0x0000020ad8031ad0 DEOPT UNPACKING pc=0x0000020ae10823a3 sp=0x00000019499fd300 mode 2
Event: 14.646 Thread 0x0000020ad8031ad0 Uncommon trap: trap_request=0xffffff45 fr.pc=0x0000020ae9198868 relative=0x0000000000001868
Event: 14.646 Thread 0x0000020ad8031ad0 Uncommon trap: reason=unstable_if action=reinterpret pc=0x0000020ae9198868 method=java.lang.invoke.TypeConvertingMethodAdapter.convertType(Ljava/lang/Class;Ljava/lang/Class;Ljava/lang/Class;)V @ 186 c2
Event: 14.646 Thread 0x0000020ad8031ad0 DEOPT PACKING pc=0x0000020ae9198868 sp=0x00000019499fd130
Event: 14.646 Thread 0x0000020ad8031ad0 DEOPT UNPACKING pc=0x0000020ae10823a3 sp=0x00000019499fd0e0 mode 2

Classes unloaded (0 events):
No events

Classes redefined (0 events):
No events

Internal exceptions (20 events):
Event: 14.130 Thread 0x0000020ad8031ad0 Exception <a 'sun/nio/fs/WindowsException'{0x000000073acb3c68}> (0x000000073acb3c68) 
thrown [t:\workspace\open\src\hotspot\share\prims\jni.cpp, line 516]
Event: 14.159 Thread 0x0000020ad8031ad0 Exception <a 'java/lang/NoSuchMethodError'{0x000000073aa29428}: 'void java.lang.invoke.DirectMethodHandle$Holder.invokeInterface(java.lang.Object, java.lang.Object, int)'> (0x000000073aa29428) 
thrown [t:\workspace\open\src\hotspot\share\interpreter\linkResolver.cpp, line 766]
Event: 14.160 Thread 0x0000020ad8031ad0 Exception <a 'java/lang/NoSuchMethodError'{0x000000073aa43af8}: 'void java.lang.invoke.DirectMethodHandle$Holder.invokeStatic(java.lang.Object, java.lang.Object, int)'> (0x000000073aa43af8) 
thrown [t:\workspace\open\src\hotspot\share\interpreter\linkResolver.cpp, line 766]
Event: 14.161 Thread 0x0000020ad8031ad0 Exception <a 'java/lang/NoSuchMethodError'{0x000000073aa47178}: 'void java.lang.invoke.DirectMethodHandle$Holder.invokeStaticInit(java.lang.Object, java.lang.Object, int)'> (0x000000073aa47178) 
thrown [t:\workspace\open\src\hotspot\share\interpreter\linkResolver.cpp, line 766]
Event: 14.419 Thread 0x0000020ad8031ad0 Exception <a 'java/lang/NoSuchMethodError'{0x00000007397717e0}: 'long java.lang.invoke.DirectMethodHandle$Holder.invokeSpecial(java.lang.Object, java.lang.Object)'> (0x00000007397717e0) 
thrown [t:\workspace\open\src\hotspot\share\interpreter\linkResolver.cpp, line 766]
Event: 14.425 Thread 0x0000020ad8031ad0 Exception <a 'sun/nio/fs/WindowsException'{0x0000000739412968}> (0x0000000739412968) 
thrown [t:\workspace\open\src\hotspot\share\prims\jni.cpp, line 516]
Event: 14.425 Thread 0x0000020ad8031ad0 Exception <a 'sun/nio/fs/WindowsException'{0x0000000739414238}> (0x0000000739414238) 
thrown [t:\workspace\open\src\hotspot\share\prims\jni.cpp, line 516]
Event: 14.606 Thread 0x0000020ad8031ad0 Exception <a 'java/lang/NoSuchMethodError'{0x000000073820ab08}: 'int java.lang.invoke.DirectMethodHandle$Holder.invokeStatic(java.lang.Object)'> (0x000000073820ab08) 
thrown [t:\workspace\open\src\hotspot\share\interpreter\linkResolver.cpp, line 766]
Event: 14.643 Thread 0x0000020ad8031ad0 Exception <a 'java/lang/NoSuchMethodError'{0x00000007381e4c10}: 'java.lang.Object java.lang.invoke.Invokers$Holder.linkToTargetMethod(java.lang.Object, int, java.lang.Object, java.lang.Object)'> (0x00000007381e4c10) 
thrown [t:\workspace\open\src\hotspot\share\interpreter\linkResolver.cpp, line 766]
Event: 14.646 Thread 0x0000020ad8031ad0 Implicit null exception at 0x0000020ae91973a6 to 0x0000020ae919884f
Event: 14.652 Thread 0x0000020ad8031ad0 Exception <a 'java/lang/NoSuchMethodError'{0x0000000737e9b4c0}: 'int java.lang.invoke.DirectMethodHandle$Holder.invokeStaticInit(java.lang.Object)'> (0x0000000737e9b4c0) 
thrown [t:\workspace\open\src\hotspot\share\interpreter\linkResolver.cpp, line 766]
Event: 14.653 Thread 0x0000020ad8031ad0 Exception <a 'java/lang/NoSuchMethodError'{0x0000000737ea28a8}: 'int java.lang.invoke.Invokers$Holder.invokeExact_MT(java.lang.Object, java.lang.Object)'> (0x0000000737ea28a8) 
thrown [t:\workspace\open\src\hotspot\share\interpreter\linkResolver.cpp, line 766]
Event: 14.662 Thread 0x0000020ad8031ad0 Exception <a 'sun/nio/fs/WindowsException'{0x0000000737f68100}> (0x0000000737f68100) 
thrown [t:\workspace\open\src\hotspot\share\prims\jni.cpp, line 516]
Event: 14.663 Thread 0x0000020ad8031ad0 Exception <a 'sun/nio/fs/WindowsException'{0x0000000737f68488}> (0x0000000737f68488) 
thrown [t:\workspace\open\src\hotspot\share\prims\jni.cpp, line 516]
Event: 14.673 Thread 0x0000020ad8031ad0 Exception <a 'java/lang/NoSuchMethodError'{0x0000000737c55f68}: 'java.lang.Object java.lang.invoke.DirectMethodHandle$Holder.invokeInterface(java.lang.Object, java.lang.Object, double)'> (0x0000000737c55f68) 
thrown [t:\workspace\open\src\hotspot\share\interpreter\linkResolver.cpp, line 766]
Event: 14.674 Thread 0x0000020ad8031ad0 Exception <a 'java/lang/NoSuchMethodError'{0x0000000737c74900}: 'double java.lang.invoke.DirectMethodHandle$Holder.invokeInterface(java.lang.Object, java.lang.Object, java.lang.Object)'> (0x0000000737c74900) 
thrown [t:\workspace\open\src\hotspot\share\interpreter\linkResolver.cpp, line 766]
Event: 14.851 Thread 0x0000020ad8031ad0 Exception <a 'java/lang/NoSuchMethodError'{0x0000000737b4fca8}: 'long java.lang.invoke.DirectMethodHandle$Holder.invokeInterface(java.lang.Object, java.lang.Object)'> (0x0000000737b4fca8) 
thrown [t:\workspace\open\src\hotspot\share\interpreter\linkResolver.cpp, line 766]
Event: 14.855 Thread 0x0000020ad8031ad0 Exception <a 'java/lang/NoSuchMethodError'{0x0000000737bbd6d8}: 'java.lang.Object java.lang.invoke.DirectMethodHandle$Holder.newInvokeSpecial(java.lang.Object, long)'> (0x0000000737bbd6d8) 
thrown [t:\workspace\open\src\hotspot\share\interpreter\linkResolver.cpp, line 766]
Event: 14.868 Thread 0x0000020ad8031ad0 Exception <a 'java/lang/NoSuchMethodError'{0x0000000737874eb0}: 'void java.lang.invoke.DirectMethodHandle$Holder.invokeSpecial(java.lang.Object, java.lang.Object, int, long)'> (0x0000000737874eb0) 
thrown [t:\workspace\open\src\hotspot\share\interpreter\linkResolver.cpp, line 766]
Event: 14.868 Thread 0x0000020ad8031ad0 Exception <a 'java/lang/NoSuchMethodError'{0x000000073787ae28}: 'void java.lang.invoke.DirectMethodHandle$Holder.invokeStatic(java.lang.Object, int, long)'> (0x000000073787ae28) 
thrown [t:\workspace\open\src\hotspot\share\interpreter\linkResolver.cpp, line 766]

VM Operations (20 events):
Event: 12.048 Executing VM operation: ICBufferFull
Event: 12.048 Executing VM operation: ICBufferFull done
Event: 12.059 Executing VM operation: HandshakeAllThreads
Event: 12.059 Executing VM operation: HandshakeAllThreads done
Event: 12.199 Executing VM operation: ICBufferFull
Event: 12.200 Executing VM operation: ICBufferFull done
Event: 12.583 Executing VM operation: G1CollectForAllocation
Event: 12.604 Executing VM operation: G1CollectForAllocation done
Event: 13.536 Executing VM operation: G1CollectForAllocation
Event: 13.554 Executing VM operation: G1CollectForAllocation done
Event: 13.598 Executing VM operation: HandshakeAllThreads
Event: 13.598 Executing VM operation: HandshakeAllThreads done
Event: 13.665 Executing VM operation: G1Concurrent
Event: 13.669 Executing VM operation: G1Concurrent done
Event: 13.728 Executing VM operation: G1Concurrent
Event: 13.729 Executing VM operation: G1Concurrent done
Event: 13.811 Executing VM operation: HandshakeAllThreads
Event: 13.811 Executing VM operation: HandshakeAllThreads done
Event: 14.824 Executing VM operation: Cleanup
Event: 14.825 Executing VM operation: Cleanup done

Events (20 events):
Event: 14.109 Loaded shared library C:\Users\Brian O\AppData\Local\Temp\lwjglBrian O\3.3.1-build-7\lwjgl.dll
Event: 14.111 loading class java/nio/DirectShortBufferU
Event: 14.112 loading class java/nio/DirectShortBufferU done
Event: 14.112 loading class java/nio/DirectCharBufferU
Event: 14.112 loading class java/nio/DirectCharBufferU done
Event: 14.112 loading class java/nio/DirectFloatBufferU
Event: 14.112 loading class java/nio/DirectFloatBufferU done
Event: 14.113 loading class java/nio/DirectDoubleBufferU
Event: 14.113 loading class java/nio/DirectDoubleBufferU done
Event: 14.133 loading class java/nio/InvalidMarkException
Event: 14.133 loading class java/nio/InvalidMarkException done
Event: 14.133 loading class java/nio/BufferUnderflowException
Event: 14.133 loading class java/nio/BufferUnderflowException done
Event: 14.314 Thread 0x0000020afd61e930 Thread exited: 0x0000020afd61e930
Event: 14.427 loading class java/util/function/IntSupplier
Event: 14.427 loading class java/util/function/IntSupplier done
Event: 14.653 loading class java/lang/invoke/DirectMethodHandle$StaticAccessor
Event: 14.653 loading class java/lang/invoke/DirectMethodHandle$StaticAccessor done
Event: 14.670 loading class java/util/function/DoubleFunction
Event: 14.670 loading class java/util/function/DoubleFunction done


Dynamic libraries:
0x00007ff6ec9f0000 - 0x00007ff6eca00000 	C:\Program Files\Java\jdk-17.0.2\bin\java.exe
0x00007ff86df30000 - 0x00007ff86e144000 	C:\WINDOWS\SYSTEM32\ntdll.dll
0x00007ff86d2b0000 - 0x00007ff86d372000 	C:\WINDOWS\System32\KERNEL32.DLL
0x00007ff86b470000 - 0x00007ff86b813000 	C:\WINDOWS\System32\KERNELBASE.dll
0x00007ff86ba70000 - 0x00007ff86bb81000 	C:\WINDOWS\System32\ucrtbase.dll
0x00007ff859710000 - 0x00007ff859728000 	C:\Program Files\Java\jdk-17.0.2\bin\jli.dll
0x00007ff858a70000 - 0x00007ff858a8a000 	C:\Program Files\Java\jdk-17.0.2\bin\VCRUNTIME140.dll
0x00007ff86cc20000 - 0x00007ff86ccce000 	C:\WINDOWS\System32\ADVAPI32.dll
0x00007ff86dae0000 - 0x00007ff86db87000 	C:\WINDOWS\System32\msvcrt.dll
0x00007ff86de40000 - 0x00007ff86dee4000 	C:\WINDOWS\System32\sechost.dll
0x00007ff86d990000 - 0x00007ff86daa7000 	C:\WINDOWS\System32\RPCRT4.dll
0x00007ff86bd30000 - 0x00007ff86bedb000 	C:\WINDOWS\System32\USER32.dll
0x00007ff86bd00000 - 0x00007ff86bd26000 	C:\WINDOWS\System32\win32u.dll
0x00007ff851eb0000 - 0x00007ff85213e000 	C:\WINDOWS\WinSxS\amd64_microsoft.windows.common-controls_6595b64144ccf1df_6.0.22621.1635_none_270f70857386168e\COMCTL32.dll
0x00007ff86ce90000 - 0x00007ff86ceb9000 	C:\WINDOWS\System32\GDI32.dll
0x00007ff86b350000 - 0x00007ff86b468000 	C:\WINDOWS\System32\gdi32full.dll
0x00007ff86b820000 - 0x00007ff86b8ba000 	C:\WINDOWS\System32\msvcp_win.dll
0x00007ff864fe0000 - 0x00007ff864fea000 	C:\WINDOWS\SYSTEM32\VERSION.dll
0x00007ff86d380000 - 0x00007ff86d3b1000 	C:\WINDOWS\System32\IMM32.DLL
0x00007ff85c280000 - 0x00007ff85c28c000 	C:\Program Files\Java\jdk-17.0.2\bin\vcruntime140_1.dll
0x00007ff857ca0000 - 0x00007ff857d2d000 	C:\Program Files\Java\jdk-17.0.2\bin\msvcp140.dll
0x00007ffff6a90000 - 0x00007ffff7651000 	C:\Program Files\Java\jdk-17.0.2\bin\server\jvm.dll
0x00007ff86d570000 - 0x00007ff86d578000 	C:\WINDOWS\System32\PSAPI.DLL
0x00007ff8657a0000 - 0x00007ff8657a9000 	C:\WINDOWS\SYSTEM32\WSOCK32.dll
0x00007ff865680000 - 0x00007ff8656b4000 	C:\WINDOWS\SYSTEM32\WINMM.dll
0x00007ff86d580000 - 0x00007ff86d5f1000 	C:\WINDOWS\System32\WS2_32.dll
0x00007ff86a3a0000 - 0x00007ff86a3b8000 	C:\WINDOWS\SYSTEM32\kernel.appcore.dll
0x00007ff859860000 - 0x00007ff85986a000 	C:\Program Files\Java\jdk-17.0.2\bin\jimage.dll
0x00007ff868e50000 - 0x00007ff86907e000 	C:\WINDOWS\SYSTEM32\DBGHELP.DLL
0x00007ff86d600000 - 0x00007ff86d989000 	C:\WINDOWS\System32\combase.dll
0x00007ff86cec0000 - 0x00007ff86cf97000 	C:\WINDOWS\System32\OLEAUT32.dll
0x00007ff8626c0000 - 0x00007ff8626f2000 	C:\WINDOWS\SYSTEM32\dbgcore.DLL
0x00007ff86b930000 - 0x00007ff86b9ab000 	C:\WINDOWS\System32\bcryptPrimitives.dll
0x00007ff858730000 - 0x00007ff858755000 	C:\Program Files\Java\jdk-17.0.2\bin\java.dll
0x00007ff857bc0000 - 0x00007ff857c96000 	C:\Program Files\Java\jdk-17.0.2\bin\jsvml.dll
0x00007ff86bfa0000 - 0x00007ff86c79a000 	C:\WINDOWS\System32\SHELL32.dll
0x00007ff869350000 - 0x00007ff869c1e000 	C:\WINDOWS\SYSTEM32\windows.storage.dll
0x00007ff869210000 - 0x00007ff86934e000 	C:\WINDOWS\SYSTEM32\wintypes.dll
0x00007ff86d3c0000 - 0x00007ff86d4b1000 	C:\WINDOWS\System32\SHCORE.dll
0x00007ff86dde0000 - 0x00007ff86de3e000 	C:\WINDOWS\System32\shlwapi.dll
0x00007ff86b280000 - 0x00007ff86b2a1000 	C:\WINDOWS\SYSTEM32\profapi.dll
0x00007ff858930000 - 0x00007ff858949000 	C:\Program Files\Java\jdk-17.0.2\bin\net.dll
0x00007ff8652e0000 - 0x00007ff865417000 	C:\WINDOWS\SYSTEM32\WINHTTP.dll
0x00007ff86a810000 - 0x00007ff86a879000 	C:\WINDOWS\system32\mswsock.dll
0x00007ff8586d0000 - 0x00007ff8586e6000 	C:\Program Files\Java\jdk-17.0.2\bin\nio.dll
0x00007ff857ba0000 - 0x00007ff857bb8000 	C:\Program Files\Java\jdk-17.0.2\bin\zip.dll
0x00007ff857b90000 - 0x00007ff857ba0000 	C:\Program Files\Java\jdk-17.0.2\bin\verify.dll
0x00007ff857b80000 - 0x00007ff857b89000 	C:\Program Files\Java\jdk-17.0.2\bin\management.dll
0x00007ff857b70000 - 0x00007ff857b7b000 	C:\Program Files\Java\jdk-17.0.2\bin\management_ext.dll
0x00007ff8409a0000 - 0x00007ff8409b7000 	C:\WINDOWS\system32\napinsp.dll
0x00007ff840910000 - 0x00007ff84092b000 	C:\WINDOWS\system32\pnrpnsp.dll
0x00007ff869f40000 - 0x00007ff86a033000 	C:\WINDOWS\SYSTEM32\DNSAPI.dll
0x00007ff869ec0000 - 0x00007ff869eed000 	C:\WINDOWS\SYSTEM32\IPHLPAPI.DLL
0x00007ff86cfa0000 - 0x00007ff86cfa9000 	C:\WINDOWS\System32\NSI.dll
0x00007ff8408f0000 - 0x00007ff840901000 	C:\WINDOWS\System32\winrnr.dll
0x00007ff84bb10000 - 0x00007ff84bb25000 	C:\WINDOWS\system32\wshbth.dll
0x00007ff8408c0000 - 0x00007ff8408e1000 	C:\WINDOWS\system32\nlansp_c.dll
0x00007ff863920000 - 0x00007ff86392a000 	C:\Windows\System32\rasadhlp.dll
0x00007ff8642c0000 - 0x00007ff864344000 	C:\WINDOWS\System32\fwpuclnt.dll
0x00007ff86aa70000 - 0x00007ff86aa8b000 	C:\WINDOWS\SYSTEM32\CRYPTSP.dll
0x00007ff86a310000 - 0x00007ff86a345000 	C:\WINDOWS\system32\rsaenh.dll
0x00007ff86a910000 - 0x00007ff86a938000 	C:\WINDOWS\SYSTEM32\USERENV.dll
0x00007ff86ac30000 - 0x00007ff86ac58000 	C:\WINDOWS\SYSTEM32\bcrypt.dll
0x00007ff86aa90000 - 0x00007ff86aa9c000 	C:\WINDOWS\SYSTEM32\CRYPTBASE.dll
0x00007ff8652c0000 - 0x00007ff8652d9000 	C:\WINDOWS\SYSTEM32\dhcpcsvc6.DLL
0x00007ff8652a0000 - 0x00007ff8652bf000 	C:\WINDOWS\SYSTEM32\dhcpcsvc.DLL
0x00007ff857af0000 - 0x00007ff857b30000 	C:\Users\Brian O\AppData\Local\Temp\jna-1809390229\jna8573735859981283516.dll
0x00007ff86d110000 - 0x00007ff86d2ac000 	C:\WINDOWS\System32\Ole32.dll
0x00007ff86d4c0000 - 0x00007ff86d570000 	C:\WINDOWS\System32\clbcatq.dll
0x00007ff84c500000 - 0x00007ff84c51d000 	C:\WINDOWS\SYSTEM32\amsi.dll
0x00007ff8587a0000 - 0x00007ff85881b000 	C:\ProgramData\Microsoft\Windows Defender\Platform\4.18.23050.3-0\MpOav.dll
0x00007ff856a90000 - 0x00007ff856ae0000 	C:\WINDOWS\SYSTEM32\Pdh.dll
0x00007ff8454f0000 - 0x00007ff845500000 	C:\WINDOWS\System32\perfos.dll
0x00007ff8669c0000 - 0x00007ff8669d0000 	C:\WINDOWS\SYSTEM32\pfclient.dll
0x00007ff857820000 - 0x00007ff857895000 	C:\Users\Brian O\AppData\Local\Temp\lwjglBrian O\3.3.1-build-7\lwjgl.dll
0x00007ff8217f0000 - 0x00007ff821a49000 	C:\Users\BRIANO~1\AppData\Local\Temp\lwjglBrian O\3.3.1-build-7\jemalloc.dll
0x00007ff856af0000 - 0x00007ff856b51000 	C:\Users\BRIANO~1\AppData\Local\Temp\lwjglBrian O\3.3.1-build-7\glfw.dll
0x00007ff857910000 - 0x00007ff857956000 	C:\WINDOWS\SYSTEM32\dinput8.dll
0x00007ff860cb0000 - 0x00007ff860cc1000 	C:\WINDOWS\SYSTEM32\xinput1_4.dll
0x00007ff86af20000 - 0x00007ff86af4c000 	C:\WINDOWS\SYSTEM32\DEVOBJ.dll
0x00007ff86af50000 - 0x00007ff86af9e000 	C:\WINDOWS\SYSTEM32\cfgmgr32.dll
0x00007ff856160000 - 0x00007ff856361000 	C:\WINDOWS\SYSTEM32\inputhost.dll
0x00007ff867ee0000 - 0x00007ff868013000 	C:\WINDOWS\SYSTEM32\CoreMessaging.dll
0x00007ff868930000 - 0x00007ff86895b000 	C:\WINDOWS\SYSTEM32\dwmapi.dll
0x00007ff868450000 - 0x00007ff8684fb000 	C:\WINDOWS\system32\uxtheme.dll
0x00007ff82a860000 - 0x00007ff82a999000 	C:\ProgramData\A-Volute\A-Volute.Nahimic\Modules\Scheduled\x64\AudioDevProps2.dll
0x00007ff86ccd0000 - 0x00007ff86cdee000 	C:\WINDOWS\System32\MSCTF.dll
0x00007fffe1080000 - 0x00007fffe1180000 	C:\WINDOWS\SYSTEM32\opengl32.dll
0x00007fffd8f80000 - 0x00007fffd8fad000 	C:\WINDOWS\SYSTEM32\GLU32.dll
0x00007ff868530000 - 0x00007ff868566000 	C:\WINDOWS\SYSTEM32\dxcore.dll
0x00007ff8609a0000 - 0x00007ff8609e8000 	C:\WINDOWS\SYSTEM32\directxdatabasehelper.dll
0x00007fffd1690000 - 0x00007fffd16bd000 	C:\WINDOWS\System32\DriverStore\FileRepository\u0383722.inf_amd64_5cbaacf42cbd3812\B383240\atig6pxx.dll
0x00007fffb4110000 - 0x00007fffb7d45000 	C:\WINDOWS\System32\DriverStore\FileRepository\u0383722.inf_amd64_5cbaacf42cbd3812\B383240\atio6axx.dll
0x00007ff86c7a0000 - 0x00007ff86cc14000 	C:\WINDOWS\System32\SETUPAPI.dll
0x00007ff86b8c0000 - 0x00007ff86b92b000 	C:\WINDOWS\System32\WINTRUST.dll
0x00007ff86bb90000 - 0x00007ff86bcf7000 	C:\WINDOWS\System32\CRYPT32.dll
0x00007ff86aad0000 - 0x00007ff86aae2000 	C:\WINDOWS\SYSTEM32\MSASN1.dll

dbghelp: loaded successfully - version: 4.0.5 - missing functions: none
symbol engine: initialized successfully - sym options: 0x614 - pdb path: .;C:\Program Files\Java\jdk-17.0.2\bin;C:\WINDOWS\SYSTEM32;C:\WINDOWS\WinSxS\amd64_microsoft.windows.common-controls_6595b64144ccf1df_6.0.22621.1635_none_270f70857386168e;C:\Program Files\Java\jdk-17.0.2\bin\server;C:\Users\Brian O\AppData\Local\Temp\jna-1809390229;C:\ProgramData\Microsoft\Windows Defender\Platform\4.18.23050.3-0;C:\Users\Brian O\AppData\Local\Temp\lwjglBrian O\3.3.1-build-7;C:\Users\BRIANO~1\AppData\Local\Temp\lwjglBrian O\3.3.1-build-7;C:\ProgramData\A-Volute\A-Volute.Nahimic\Modules\Scheduled\x64;C:\WINDOWS\System32\DriverStore\FileRepository\u0383722.inf_amd64_5cbaacf42cbd3812\B383240

VM Arguments:
jvm_args: -Dforge.enableGameTest=true -Dforge.enabledGameTestNamespaces=celestial_conquest -Dforge.logging.console.level=debug -Dforge.logging.markers=REGISTRIES -DignoreList=bootstraplauncher,securejarhandler,asm-commons,asm-util,asm-analysis,asm-tree,asm,JarJarFileSystems,client-extra,fmlcore,javafmllanguage,lowcodelanguage,mclanguage,forge- -Djava.net.preferIPv6Addresses=system -DlegacyClassPath.file=C:\Users\Brian O\OneDrive\Desktop\Forge\build\classpath\runClient_minecraftClasspath.txt -DmergeModules=jna-5.10.0.jar,jna-platform-5.10.0.jar -Dos.version=10.0 --module-path=C:\Users\Brian O\.gradle\caches\modules-2\files-2.1\cpw.mods\bootstraplauncher\1.1.2\c546e00443d8432cda6baa1c860346980742628\bootstraplauncher-1.1.2.jar;C:\Users\Brian O\.gradle\caches\modules-2\files-2.1\cpw.mods\securejarhandler\2.1.6\66c15fc1f522b586476e9e4cccd0cbe192554e8a\securejarhandler-2.1.6.jar;C:\Users\Brian O\.gradle\caches\modules-2\files-2.1\org.ow2.asm\asm-commons\9.3\1f2a432d1212f5c352ae607d7b61dcae20c20af5\asm-commons-9.3.jar;C:\Users\Brian O\.gradle\caches\modules-2\files-2.1\org.ow2.asm\asm-util\9.3\9595bc05510d0bd4b610188b77333fe4851a1975\asm-util-9.3.jar;C:\Users\Brian O\.gradle\caches\modules-2\files-2.1\org.ow2.asm\asm-analysis\9.3\4b071f211b37c38e0e9f5998550197c8593f6ad8\asm-analysis-9.3.jar;C:\Users\Brian O\.gradle\caches\modules-2\files-2.1\org.ow2.asm\asm-tree\9.3\78d2ecd61318b5a58cd04fb237636c0e86b77d97\asm-tree-9.3.jar;C:\Users\Brian O\.gradle\caches\modules-2\files-2.1\org.ow2.asm\asm\9.3\8e6300ef51c1d801a7ed62d07cd221aca3a90640\asm-9.3.jar;C:\Users\Brian O\.gradle\caches\modules-2\files-2.1\net.minecraftforge\JarJarFileSystems\0.3.19\2464eb7d6b9ddb9db36a82cf8a95193e5c6fe020\JarJarFileSystems-0.3.19.jar --add-modules=ALL-MODULE-PATH --add-opens=java.base/java.util.jar=cpw.mods.securejarhandler --add-opens=java.base/java.lang.invoke=cpw.mods.securejarhandler --add-exports=java.base/sun.security.util=cpw.mods.securejarhandler --add-exports=jdk.naming.dns/com.sun.jndi.dns=java.naming -XX:HeapDumpPath=MojangTricksIntelDriversForPerformance_javaw.exe_minecraft.exe.heapdump -Dos.name=Windows 10 -Dfile.encoding=windows-1252 -Duser.country=US -Duser.language=en -Duser.variant 
java_command: cpw.mods.bootstraplauncher.BootstrapLauncher --launchTarget forgeclientuserdev --version MOD_DEV --assetIndex 2 --assetsDir C:\Users\Brian O\.gradle\caches\forge_gradle\assets --gameDir . --fml.forgeVersion 44.1.23 --fml.mcVersion 1.19.3 --fml.forgeGroup net.minecraftforge --fml.mcpVersion 20221207.122022
java_class_path (initial): C:\Users\Brian O\OneDrive\Desktop\Forge\build\classes\java\main;C:\Users\Brian O\OneDrive\Desktop\Forge\build\resources\main;C:\Users\Brian O\.gradle\caches\forge_gradle\minecraft_user_repo\net\minecraftforge\forge\1.19.3-44.1.23_mapped_official_1.19.3\forge-1.19.3-44.1.23_mapped_official_1.19.3-recomp.jar;C:\Users\Brian O\.gradle\caches\forge_gradle\minecraft_repo\versions\1.19.3\client-extra.jar;C:\Users\Brian O\.gradle\caches\modules-2\files-2.1\net.minecraftforge\javafmllanguage\1.19.3-44.1.23\ac585cc0fe2420f32049f8b7e858f07db3ec3577\javafmllanguage-1.19.3-44.1.23.jar;C:\Users\Brian O\.gradle\caches\modules-2\files-2.1\net.minecraftforge\lowcodelanguage\1.19.3-44.1.23\f89f4203fa34e87de5079632b95784b8154398f7\lowcodelanguage-1.19.3-44.1.23.jar;C:\Users\Brian O\.gradle\caches\modules-2\files-2.1\net.minecraftforge\mclanguage\1.19.3-44.1.23\1ead2474e45d40ec5e0e75ef4b0df599a805d643\mclanguage-1.19.3-44.1.23.jar;C:\Users\Brian O\.gradle\caches\modules-2\files-2.1\net.minecraftforge\fmlcore\1.19.3-44.1.23\b92192d083cf0057121f487d00940be7111fbcbb\fmlcore-1.19.3-44.1.23.jar;C:\Users\Brian O\.gradle\caches\modules-2\files-2.1\net.minecraftforge\fmlloader\1.19.3-44.1.23\1b70943fdc7159418f2f801513f33ad740785cb\fmlloader-1.19.3-44.1.23.jar;C:\Users\Brian O\.gradle\caches\modules-2\files-2.1\net.minecraftforge\JarJarSelector\0.3.19\376cc9c8ea60720cf027c01fc033de915699801c\JarJarSelector-0.3.19.jar;C:\Users\Brian O\.gradle\caches\modules-2\files-2.1\net.minecraftforge\JarJarMetadata\0.3.19\83feaa9b770e6ac0e96ee4fc23fa89325c5fe2\JarJarMetadata-0.3.19.jar;C:\Users\Brian O\.gradle\caches\modules-2\files-2.1\com.google.guava\guava\31.1-jre\60458f877d055d0c9114d9e1a2efb737b4bc282c\guava-31.1-jre.jar;C:\Users\Brian O\.gradle\caches\modules-2\files-2.1\com.google.code.findbugs\jsr305\3.0.2\25ea2e8b0c338a877313bd4672d3fe056ea78f0d\jsr305-3.0.2.jar;C:\Users\Brian O\.gradle\caches\modules-2\files-2.1\ca.weblite\java-objc-bridge\1.1\1227f9e0666314f9de41477e3
Launcher Type: SUN_STANDARD

[Global flags]
     intx CICompilerCount                          = 12                                        {product} {ergonomic}
     uint ConcGCThreads                            = 3                                         {product} {ergonomic}
     uint G1ConcRefinementThreads                  = 13                                        {product} {ergonomic}
   size_t G1HeapRegionSize                         = 2097152                                   {product} {ergonomic}
    uintx GCDrainStackTargetSize                   = 64                                        {product} {ergonomic}
    ccstr HeapDumpPath                             = MojangTricksIntelDriversForPerformance_javaw.exe_minecraft.exe.heapdump         {manageable} {command line}
   size_t InitialHeapSize                          = 232783872                                 {product} {ergonomic}
   size_t MarkStackSize                            = 4194304                                   {product} {ergonomic}
   size_t MaxHeapSize                              = 3720347648                                {product} {ergonomic}
   size_t MaxNewSize                               = 2231369728                                {product} {ergonomic}
   size_t MinHeapDeltaBytes                        = 2097152                                   {product} {ergonomic}
   size_t MinHeapSize                              = 8388608                                   {product} {ergonomic}
    uintx NonNMethodCodeHeapSize                   = 7602480                                {pd product} {ergonomic}
    uintx NonProfiledCodeHeapSize                  = 122027880                              {pd product} {ergonomic}
    uintx ProfiledCodeHeapSize                     = 122027880                              {pd product} {ergonomic}
    uintx ReservedCodeCacheSize                    = 251658240                              {pd product} {ergonomic}
     bool SegmentedCodeCache                       = true                                      {product} {ergonomic}
   size_t SoftMaxHeapSize                          = 3720347648                             {manageable} {ergonomic}
     bool UseCompressedClassPointers               = true                           {product lp64_product} {ergonomic}
     bool UseCompressedOops                        = true                           {product lp64_product} {ergonomic}
     bool UseG1GC                                  = true                                      {product} {ergonomic}
     bool UseLargePagesIndividualAllocation        = false                                  {pd product} {ergonomic}

Logging:
Log output configuration:
 #0: stdout all=warning uptime,level,tags
 #1: stderr all=off uptime,level,tags

Environment Variables:
PATH=C:\Program Files\Common Files\Oracle\Java\javapath;C:\Windows\system32;C:\Windows;C:\Windows\System32\Wbem;C:\Windows\System32\WindowsPowerShell\v1.0\;C:\Windows\System32\OpenSSH\;C:\Program Files (x86)\NVIDIA Corporation\PhysX\Common;C:\Program Files\MATLAB\R2022b\bin;C:\Program Files\MATLAB\R2021b\bin;C:\WINDOWS\system32;C:\WINDOWS;C:\WINDOWS\System32\Wbem;C:\WINDOWS\System32\WindowsPowerShell\v1.0\;C:\WINDOWS\System32\OpenSSH\;C:\Program Files\NVIDIA Corporation\NVIDIA NvDLISR;C:\Program Files\nodejs\;C:\Program Files\Git\cmd;C:\Program Files\Meld\;C:\msys64\mingw64\bin;;C:\WINDOWS\system32;C:\WINDOWS;C:\WINDOWS\System32\Wbem;C:\WINDOWS\System32\WindowsPowerShell\v1.0\;C:\WINDOWS\System32\OpenSSH\;C:\Program Files\dotnet\;C:\Program Files\Siemens\NX1980\CAPITALINTEGRATION\capitalnxremote\;C:\Users\Brian O\AppData\Local\Programs\Python\Python39-32\Scripts\;C:\Users\Brian O\AppData\Local\Programs\Python\Python39-32\;C:\Users\Brian O\AppData\Local\Programs\Python\Python311\Scripts\;C:\Users\Brian O\AppData\Local\Programs\Python\Python311\;C:\Users\Brian O\AppData\Local\Microsoft\WindowsApps;C:\Users\Brian O\AppData\Local\GitHubDesktop\bin;C:\Users\Brian O\AppData\Local\Programs\PROS\cli;C:\Users\Brian O\AppData\Local\Programs\PROS\toolchain\usr\bin;C:\Users\Brian O\AppData\Local\Programs\PROS\cquery;C:\Users\Brian O\AppData\Local\Programs\Microsoft VS Code\bin;C:\Users\Brian O\AppData\Roaming\npm;C:\Users\Brian O\AppData\Local\Programs\Python\Python39\Scripts;
USERNAME=Brian O
OS=Windows_NT
PROCESSOR_IDENTIFIER=AMD64 Family 25 Model 80 Stepping 0, AuthenticAMD



---------------  S Y S T E M  ---------------

OS:
 Windows 11 , 64 bit Build 22621 (10.0.22621.1635)
OS uptime: 24 days 8:43 hours

CPU: total 16 (initial active 16) (16 cores per cpu, 2 threads per core) family 25 model 80 stepping 0 microcode 0x0, cx8, cmov, fxsr, ht, mmx, 3dnowpref, sse, sse2, sse3, ssse3, sse4a, sse4.1, sse4.2, popcnt, lzcnt, tsc, tscinvbit, avx, avx2, aes, erms, clmul, bmi1, bmi2, adx, sha, fma, vzeroupper, clflush, clflushopt

Memory: 4k page, system-wide physical 14188M (536M free)
TotalPageFile size 28529M (AvailPageFile size 3502M)
current process WorkingSet (physical memory assigned to process): 647M, peak: 651M
current process commit charge ("private bytes"): 776M, peak: 781M

vm_info: Java HotSpot(TM) 64-Bit Server VM (17.0.2+8-LTS-86) for windows-amd64 JRE (17.0.2+8-LTS-86), built on Dec  7 2021 21:51:03 by "mach5one" with MS VC++ 16.8 / 16.9 (VS2019)

END.
